2025-05-04 16:44:25,289 : INFO : root : Loading config.
2025-05-04 16:44:25,291 : INFO : YamlMultifileConfigLoader : Machine config file #1: config.yaml
2025-05-04 16:44:25,291 : INFO : ConfigProcessor : Loading config from cache: C:\Users\bradl\AppData\Local\Temp\f86648965732716a774abe330a35567f.mpf_cache
2025-05-04 16:44:25,334 : WARNING : ConfigProcessor : Config file in cache changed: C:\pinball\shaw_pinball\modes\attract\config\attract.yaml
2025-05-04 16:44:25,334 : INFO : ConfigProcessor : Loading config from file C:\pinball\mpf\Lib\site-packages\mpf\modes\attract\config\attract.yaml.
2025-05-04 16:44:25,335 : INFO : ConfigProcessor : Loading config: C:\pinball\mpf\Lib\site-packages\mpf\modes\attract\config\attract.yaml
2025-05-04 16:44:25,336 : INFO : ConfigProcessor : Loading config from file C:\pinball\shaw_pinball\modes\attract\config\attract.yaml.
2025-05-04 16:44:25,336 : INFO : ConfigProcessor : Loading config: C:\pinball\shaw_pinball\modes\attract\config\attract.yaml
2025-05-04 16:44:25,337 : INFO : ConfigProcessor : Config file cache created: C:\Users\bradl\AppData\Local\Temp\d01143593fa4ea1d4f7571bb64036356.mpf_cache
2025-05-04 16:44:25,337 : INFO : ConfigProcessor : Loading config from cache: C:\Users\bradl\AppData\Local\Temp\14f8e91e6393da8cb7b325adfbe7ed92.mpf_cache
2025-05-04 16:44:25,337 : INFO : ConfigProcessor : Loading config from cache: C:\Users\bradl\AppData\Local\Temp\437cbc5b651d395d3b48baa33047334e.mpf_cache
2025-05-04 16:44:25,338 : INFO : ConfigProcessor : Loading config from cache: C:\Users\bradl\AppData\Local\Temp\d01143593fa4ea1d4f7571bb64036356.mpf_cache
2025-05-04 16:44:25,343 : INFO : Machine : Mission Pinball Framework Core Engine v0.80.0.dev7
2025-05-04 16:44:25,343 : INFO : Machine : Command line arguments: {'no_load_cache': False, 'create_config_cache': True, 'bcp': True, 'configfile': ['config.yaml'], 'force_assets_load': False, 'platform_integration_test': False, 'jsonlogging': False, 'logfile': 'logs\\2025-05-04-16-44-25-mpf-wintermute.log', 'pause': False, 'production': False, 'text_ui': False, 'loglevel': 15, 'consoleloglevel': 20, 'force_platform': 'virtual', 'syslog_address': None, 'full_logfile_path': 'C:\\pinball\\shaw_pinball\\logs\\2025-05-04-16-44-25-mpf-wintermute.log'}
2025-05-04 16:44:25,343 : INFO : Machine : MPF path: C:\pinball\mpf\Lib\site-packages\mpf
2025-05-04 16:44:25,343 : INFO : Machine : Machine path: C:\pinball\shaw_pinball
2025-05-04 16:44:25,343 : INFO : Machine : Platform: win32
2025-05-04 16:44:25,343 : INFO : Machine : Python executable location: C:\pinball\mpf\Scripts\python.exe
2025-05-04 16:44:25,343 : INFO : Machine : Python version: 3.12.8 (64-bit)
2025-05-04 16:44:25,345 : INFO : Machine : Initializing MPF...
2025-05-04 16:44:25,383 : INFO : EventManager : Event: ======'machine_var_credits_string'====== Args={'value': 'FREE PLAY', 'prev_value': None, 'change': True}
2025-05-04 16:44:25,394 : INFO : EventManager : Event: ======'machine_var_master_volume'====== Args={'value': 0.5, 'prev_value': None, 'change': True}
2025-05-04 16:44:25,394 : INFO : EventManager : Event: ======'machine_var_mpf_version'====== Args={'value': 'Mission Pinball Framework v0.80.0.dev7', 'prev_value': None, 'change': True}
2025-05-04 16:44:25,394 : INFO : EventManager : Event: ======'machine_var_mpf_extended_version'====== Args={'value': 'Mission Pinball Framework v0.80.0.dev7, Config version:6, Show version: 6, BCP version:1.1', 'prev_value': None, 'change': True}
2025-05-04 16:44:25,394 : INFO : EventManager : Event: ======'machine_var_python_version'====== Args={'value': '3.12.8', 'prev_value': None, 'change': True}
2025-05-04 16:44:25,463 : INFO : EventManager : Event: ======'machine_var_platform'====== Args={'value': 'Windows-11-10.0.26100-SP0', 'prev_value': None, 'change': True}
2025-05-04 16:44:25,463 : INFO : EventManager : Event: ======'machine_var_platform_system'====== Args={'value': 'Windows', 'prev_value': None, 'change': True}
2025-05-04 16:44:25,463 : INFO : EventManager : Event: ======'machine_var_platform_release'====== Args={'value': '11', 'prev_value': None, 'change': True}
2025-05-04 16:44:25,463 : INFO : EventManager : Event: ======'machine_var_platform_version'====== Args={'value': '10.0.26100', 'prev_value': None, 'change': True}
2025-05-04 16:44:25,463 : INFO : EventManager : Event: ======'machine_var_platform_machine'====== Args={'value': 'AMD64', 'prev_value': None, 'change': True}
2025-05-04 16:44:25,463 : INFO : EventManager : Event: ======'machine_var_log_file_path'====== Args={'value': 'C:\\pinball\\shaw_pinball\\logs\\2025-05-04-16-44-25-mpf-wintermute.log', 'prev_value': None, 'change': True}
2025-05-04 16:44:25,463 : INFO : EventManager : Event: ======'init_phase_1'====== Args={}
2025-05-04 16:44:25,472 : INFO : EventManager : Event: ======'init_phase_2'====== Args={}
2025-05-04 16:44:25,474 : INFO : EventManager : Event: ======'bcp_connection_attempt'====== Args={'name': 'local_display', 'host': 'localhost', 'port': 5050}
2025-05-04 16:44:25,474 : INFO : BCPClientSocket : Connecting BCP to 'local_display' at localhost:5050...
2025-05-04 16:44:25,479 : INFO : BCPClientSocket : Connected BCP to 'local_display' localhost:5050
2025-05-04 16:44:25,479 : INFO : EventManager : Event: ======'bcp_clients_connected'====== Args={}
2025-05-04 16:44:25,480 : INFO : ball_device.bd_trough : BCH: Initial count: 0
2025-05-04 16:44:25,480 : INFO : ball_device.bd_trough : State: idle
2025-05-04 16:44:25,480 : INFO : ball_device.bd_plunger : BCH: Initial count: 0
2025-05-04 16:44:25,480 : INFO : ball_device.bd_plunger : State: idle
2025-05-04 16:44:25,480 : INFO : ball_device.bd_scoop : BCH: Initial count: 0
2025-05-04 16:44:25,480 : INFO : ball_device.bd_scoop : State: idle
2025-05-04 16:44:25,483 : INFO : EventManager : Event: ======'init_phase_3'====== Args={}
2025-05-04 16:44:25,484 : INFO : EventManager : Event: ======'init_phase_4'====== Args={}
2025-05-04 16:44:25,484 : INFO : BallController : Initial balls found: 0
2025-05-04 16:44:25,485 : INFO : EventManager : Event: ======'machine_var_audits_switches_s_star_bumper_lower'====== Args={'value': 0, 'prev_value': None, 'change': True}
2025-05-04 16:44:25,485 : INFO : EventManager : Event: ======'machine_var_audits_switches_s_flipper_right_lidar'====== Args={'value': 0, 'prev_value': None, 'change': True}
2025-05-04 16:44:25,485 : INFO : EventManager : Event: ======'machine_var_audits_switches_s_scoop'====== Args={'value': 0, 'prev_value': None, 'change': True}
2025-05-04 16:44:25,485 : INFO : EventManager : Event: ======'machine_var_audits_switches_s_right_sling'====== Args={'value': 0, 'prev_value': None, 'change': True}
2025-05-04 16:44:25,485 : INFO : EventManager : Event: ======'machine_var_audits_switches_s_trough_ball_1'====== Args={'value': 0, 'prev_value': None, 'change': True}
2025-05-04 16:44:25,485 : INFO : EventManager : Event: ======'machine_var_audits_switches_s_flipper_left_lidar'====== Args={'value': 0, 'prev_value': None, 'change': True}
2025-05-04 16:44:25,485 : INFO : EventManager : Event: ======'machine_var_audits_switches_s_right_inner_lane'====== Args={'value': 0, 'prev_value': None, 'change': True}
2025-05-04 16:44:25,485 : INFO : EventManager : Event: ======'machine_var_audits_switches_s_third_flipper_eos'====== Args={'value': 0, 'prev_value': None, 'change': True}
2025-05-04 16:44:25,485 : INFO : EventManager : Event: ======'machine_var_audits_switches_s_pop_bumper'====== Args={'value': 0, 'prev_value': None, 'change': True}
2025-05-04 16:44:25,485 : INFO : EventManager : Event: ======'machine_var_audits_switches_s_trough_ball_4'====== Args={'value': 0, 'prev_value': None, 'change': True}
2025-05-04 16:44:25,485 : INFO : EventManager : Event: ======'machine_var_audits_switches_s_left_sling'====== Args={'value': 0, 'prev_value': None, 'change': True}
2025-05-04 16:44:25,485 : INFO : EventManager : Event: ======'machine_var_audits_switches_s_flipper_left'====== Args={'value': 0, 'prev_value': None, 'change': True}
2025-05-04 16:44:25,485 : INFO : EventManager : Event: ======'machine_var_audits_switches_s_trough_ball_3'====== Args={'value': 0, 'prev_value': None, 'change': True}
2025-05-04 16:44:25,485 : INFO : EventManager : Event: ======'machine_var_audits_switches_s_flipper_right_eos'====== Args={'value': 0, 'prev_value': None, 'change': True}
2025-05-04 16:44:25,485 : INFO : EventManager : Event: ======'machine_var_audits_switches_s_left_inner_lane'====== Args={'value': 0, 'prev_value': None, 'change': True}
2025-05-04 16:44:25,485 : INFO : EventManager : Event: ======'machine_var_audits_switches_s_star_bumper_upper'====== Args={'value': 0, 'prev_value': None, 'change': True}
2025-05-04 16:44:25,485 : INFO : EventManager : Event: ======'machine_var_audits_switches_s_trough_ball_jam'====== Args={'value': 0, 'prev_value': None, 'change': True}
2025-05-04 16:44:25,485 : INFO : EventManager : Event: ======'machine_var_audits_switches_s_start'====== Args={'value': 0, 'prev_value': None, 'change': True}
2025-05-04 16:44:25,485 : INFO : EventManager : Event: ======'machine_var_audits_switches_s_trough_ball_6'====== Args={'value': 0, 'prev_value': None, 'change': True}
2025-05-04 16:44:25,485 : INFO : EventManager : Event: ======'machine_var_audits_switches_s_flipper_right'====== Args={'value': 0, 'prev_value': None, 'change': True}
2025-05-04 16:44:25,485 : INFO : EventManager : Event: ======'machine_var_audits_switches_s_trough_ball_2'====== Args={'value': 0, 'prev_value': None, 'change': True}
2025-05-04 16:44:25,485 : INFO : EventManager : Event: ======'machine_var_audits_switches_s_trough_ball_5'====== Args={'value': 0, 'prev_value': None, 'change': True}
2025-05-04 16:44:25,485 : INFO : EventManager : Event: ======'machine_var_audits_switches_s_right_outer_lane'====== Args={'value': 0, 'prev_value': None, 'change': True}
2025-05-04 16:44:25,485 : INFO : EventManager : Event: ======'machine_var_audits_switches_s_left_outer_lane'====== Args={'value': 0, 'prev_value': None, 'change': True}
2025-05-04 16:44:25,485 : INFO : EventManager : Event: ======'machine_var_audits_switches_s_flipper_left_eos'====== Args={'value': 0, 'prev_value': None, 'change': True}
2025-05-04 16:44:25,485 : INFO : EventManager : Event: ======'machine_var_audits_switches_s_plunger'====== Args={'value': 0, 'prev_value': None, 'change': True}
2025-05-04 16:44:25,485 : INFO : EventManager : Event: ======'machine_var_audits_events_game_started'====== Args={'value': 0, 'prev_value': None, 'change': True}
2025-05-04 16:44:25,485 : INFO : EventManager : Event: ======'machine_var_audits_events_game_ended'====== Args={'value': 0, 'prev_value': None, 'change': True}
2025-05-04 16:44:25,485 : INFO : EventManager : Event: ======'machine_var_audits_player_score'====== Args={'value': {'top': [], 'average': 0, 'total': 0}, 'prev_value': None, 'change': True}
2025-05-04 16:44:25,485 : INFO : EventManager : Event: ======'init_phase_5'====== Args={}
2025-05-04 16:44:25,485 : INFO : EventManager : Event: ======'init_done'====== Args={}
2025-05-04 16:44:25,485 : INFO : EventManager : Event: ======'machine_reset_phase_1'====== Args={}
2025-05-04 16:44:25,487 : INFO : EventManager : Event: ======'machine_reset_phase_2'====== Args={}
2025-05-04 16:44:25,487 : INFO : EventManager : Event: ======'machine_reset_phase_3'====== Args={}
2025-05-04 16:44:25,487 : INFO : EventManager : Event: ======'reset_complete'====== Args={}
2025-05-04 16:44:25,487 : INFO : EventManager : Event: ======'mode_attract_will_start'====== Args={}
2025-05-04 16:44:25,488 : INFO : EventManager : Event: ======'mode_attract_starting'====== Args={}
2025-05-04 16:44:25,488 : INFO : Mode.attract : Started. Priority: 10
2025-05-04 16:44:25,488 : INFO : EventManager : Event: ======'modes_active_modes_changed'====== Args={}
2025-05-04 16:44:25,488 : INFO : EventManager : Event: ======'mode_attract_started'====== Args={}
2025-05-04 16:44:25,488 : INFO : EventManager : Event: ======'collecting_balls_complete'====== Args={}
2025-05-04 16:44:25,488 : INFO : EventManager : Event: ======'item_highlighted'====== Args={'carousel': 'attract', 'direction': None, 'item': 'title'}
2025-05-04 16:44:25,488 : INFO : Machine : Starting the main run loop with active modes: [<Mode.attract>]
2025-05-04 16:44:25,511 : INFO : EventManager : Event: ======'slide_attract_created'====== Args={'_from_bcp': True}
2025-05-04 16:44:25,511 : INFO : EventManager : Event: ======'slide__removed'====== Args={'_from_bcp': True}
2025-05-04 16:44:25,511 : INFO : EventManager : Event: ======'slide_attract_active'====== Args={'original_context': 'attract', 'original_calling_context': 'mode_attract_started', 'priority': 10.0, 'cmd': 'slides_play', '_from_bcp': True}
2025-05-04 16:44:29,355 : INFO : SwitchController : <<<<<<< 's_flipper_right' active >>>>>>>
2025-05-04 16:44:29,355 : INFO : EventManager : Event: ======'s_flipper_right_active'====== Args={}
2025-05-04 16:44:29,355 : INFO : EventManager : Event: ======'item_highlighted'====== Args={'carousel': 'attract', 'direction': 'forwards', 'item': 'credits'}
2025-05-04 16:44:29,518 : INFO : SwitchController : <<<<<<< 's_flipper_right' inactive >>>>>>>
2025-05-04 16:44:30,001 : INFO : SwitchController : <<<<<<< 's_flipper_right' active >>>>>>>
2025-05-04 16:44:30,001 : INFO : EventManager : Event: ======'s_flipper_right_active'====== Args={}
2025-05-04 16:44:30,001 : INFO : EventManager : Event: ======'item_highlighted'====== Args={'carousel': 'attract', 'direction': 'forwards', 'item': 'mpf_logo'}
2025-05-04 16:44:30,172 : INFO : SwitchController : <<<<<<< 's_flipper_right' inactive >>>>>>>
2025-05-04 16:44:30,552 : INFO : SwitchController : <<<<<<< 's_flipper_right' active >>>>>>>
2025-05-04 16:44:30,552 : INFO : EventManager : Event: ======'s_flipper_right_active'====== Args={}
2025-05-04 16:44:30,552 : INFO : EventManager : Event: ======'item_highlighted'====== Args={'carousel': 'attract', 'direction': 'forwards', 'item': 'title'}
2025-05-04 16:44:30,716 : INFO : SwitchController : <<<<<<< 's_flipper_right' inactive >>>>>>>
2025-05-04 16:44:31,000 : INFO : SwitchController : <<<<<<< 's_flipper_left' active >>>>>>>
2025-05-04 16:44:31,000 : INFO : EventManager : Event: ======'s_flipper_left_active'====== Args={}
2025-05-04 16:44:31,000 : INFO : EventManager : Event: ======'item_highlighted'====== Args={'carousel': 'attract', 'direction': 'backwards', 'item': 'mpf_logo'}
2025-05-04 16:44:31,129 : INFO : SwitchController : <<<<<<< 's_flipper_left' inactive >>>>>>>
2025-05-04 16:44:31,320 : INFO : SwitchController : <<<<<<< 's_flipper_left' active >>>>>>>
2025-05-04 16:44:31,320 : INFO : EventManager : Event: ======'s_flipper_left_active'====== Args={}
2025-05-04 16:44:31,320 : INFO : EventManager : Event: ======'item_highlighted'====== Args={'carousel': 'attract', 'direction': 'backwards', 'item': 'credits'}
2025-05-04 16:44:31,448 : INFO : SwitchController : <<<<<<< 's_flipper_left' inactive >>>>>>>
2025-05-04 16:44:31,534 : INFO : SwitchController : <<<<<<< 's_flipper_left' active >>>>>>>
2025-05-04 16:44:31,534 : INFO : EventManager : Event: ======'s_flipper_left_active'====== Args={}
2025-05-04 16:44:31,534 : INFO : EventManager : Event: ======'item_highlighted'====== Args={'carousel': 'attract', 'direction': 'backwards', 'item': 'title'}
2025-05-04 16:44:31,681 : INFO : SwitchController : <<<<<<< 's_flipper_left' inactive >>>>>>>
2025-05-04 16:44:31,716 : INFO : SwitchController : <<<<<<< 's_flipper_left' active >>>>>>>
2025-05-04 16:44:31,716 : INFO : EventManager : Event: ======'s_flipper_left_active'====== Args={}
2025-05-04 16:44:31,716 : INFO : EventManager : Event: ======'item_highlighted'====== Args={'carousel': 'attract', 'direction': 'backwards', 'item': 'mpf_logo'}
2025-05-04 16:44:31,896 : INFO : SwitchController : <<<<<<< 's_flipper_left' inactive >>>>>>>
2025-05-04 16:44:32,077 : INFO : SwitchController : <<<<<<< 's_flipper_left' active >>>>>>>
2025-05-04 16:44:32,077 : INFO : EventManager : Event: ======'s_flipper_left_active'====== Args={}
2025-05-04 16:44:32,077 : INFO : EventManager : Event: ======'item_highlighted'====== Args={'carousel': 'attract', 'direction': 'backwards', 'item': 'credits'}
2025-05-04 16:44:32,225 : INFO : SwitchController : <<<<<<< 's_flipper_left' inactive >>>>>>>
2025-05-04 16:44:32,499 : INFO : SwitchController : <<<<<<< 's_flipper_left' active >>>>>>>
2025-05-04 16:44:32,499 : INFO : EventManager : Event: ======'s_flipper_left_active'====== Args={}
2025-05-04 16:44:32,499 : INFO : EventManager : Event: ======'item_highlighted'====== Args={'carousel': 'attract', 'direction': 'backwards', 'item': 'title'}
2025-05-04 16:44:32,646 : INFO : SwitchController : <<<<<<< 's_flipper_left' inactive >>>>>>>
2025-05-04 16:44:32,913 : INFO : SwitchController : <<<<<<< 's_flipper_left' active >>>>>>>
2025-05-04 16:44:32,913 : INFO : EventManager : Event: ======'s_flipper_left_active'====== Args={}
2025-05-04 16:44:32,913 : INFO : EventManager : Event: ======'item_highlighted'====== Args={'carousel': 'attract', 'direction': 'backwards', 'item': 'mpf_logo'}
2025-05-04 16:44:33,059 : INFO : SwitchController : <<<<<<< 's_flipper_left' inactive >>>>>>>
2025-05-04 16:44:33,361 : INFO : SwitchController : <<<<<<< 's_flipper_left' active >>>>>>>
2025-05-04 16:44:33,361 : INFO : EventManager : Event: ======'s_flipper_left_active'====== Args={}
2025-05-04 16:44:33,361 : INFO : EventManager : Event: ======'item_highlighted'====== Args={'carousel': 'attract', 'direction': 'backwards', 'item': 'credits'}
2025-05-04 16:44:33,499 : INFO : SwitchController : <<<<<<< 's_flipper_left' inactive >>>>>>>
2025-05-04 16:44:36,238 : INFO : SwitchController : <<<<<<< 's_flipper_left' active >>>>>>>
2025-05-04 16:44:36,238 : INFO : EventManager : Event: ======'s_flipper_left_active'====== Args={}
2025-05-04 16:44:36,238 : INFO : EventManager : Event: ======'item_highlighted'====== Args={'carousel': 'attract', 'direction': 'backwards', 'item': 'title'}
2025-05-04 16:44:36,376 : INFO : SwitchController : <<<<<<< 's_flipper_left' inactive >>>>>>>
2025-05-04 16:44:36,927 : INFO : SwitchController : <<<<<<< 's_flipper_left' active >>>>>>>
2025-05-04 16:44:36,927 : INFO : EventManager : Event: ======'s_flipper_left_active'====== Args={}
2025-05-04 16:44:36,927 : INFO : EventManager : Event: ======'item_highlighted'====== Args={'carousel': 'attract', 'direction': 'backwards', 'item': 'mpf_logo'}
2025-05-04 16:44:37,100 : INFO : SwitchController : <<<<<<< 's_flipper_left' inactive >>>>>>>
2025-05-04 16:44:37,410 : INFO : SwitchController : <<<<<<< 's_flipper_left' active >>>>>>>
2025-05-04 16:44:37,410 : INFO : EventManager : Event: ======'s_flipper_left_active'====== Args={}
2025-05-04 16:44:37,410 : INFO : EventManager : Event: ======'item_highlighted'====== Args={'carousel': 'attract', 'direction': 'backwards', 'item': 'credits'}
2025-05-04 16:44:37,573 : INFO : SwitchController : <<<<<<< 's_flipper_left' inactive >>>>>>>
2025-05-04 16:44:38,049 : INFO : SwitchController : <<<<<<< 's_flipper_left' active >>>>>>>
2025-05-04 16:44:38,049 : INFO : EventManager : Event: ======'s_flipper_left_active'====== Args={}
2025-05-04 16:44:38,049 : INFO : EventManager : Event: ======'item_highlighted'====== Args={'carousel': 'attract', 'direction': 'backwards', 'item': 'title'}
2025-05-04 16:44:38,185 : INFO : SwitchController : <<<<<<< 's_flipper_left' inactive >>>>>>>
2025-05-04 16:44:40,080 : INFO : SwitchController : <<<<<<< 's_flipper_left' active >>>>>>>
2025-05-04 16:44:40,081 : INFO : EventManager : Event: ======'s_flipper_left_active'====== Args={}
2025-05-04 16:44:40,081 : INFO : EventManager : Event: ======'item_highlighted'====== Args={'carousel': 'attract', 'direction': 'backwards', 'item': 'mpf_logo'}
2025-05-04 16:44:40,235 : INFO : SwitchController : <<<<<<< 's_flipper_left' inactive >>>>>>>
2025-05-04 16:44:41,080 : INFO : SwitchController : <<<<<<< 's_flipper_left' active >>>>>>>
2025-05-04 16:44:41,080 : INFO : EventManager : Event: ======'s_flipper_left_active'====== Args={}
2025-05-04 16:44:41,080 : INFO : EventManager : Event: ======'item_highlighted'====== Args={'carousel': 'attract', 'direction': 'backwards', 'item': 'credits'}
2025-05-04 16:44:41,203 : INFO : SwitchController : <<<<<<< 's_flipper_left' inactive >>>>>>>
2025-05-04 16:44:41,570 : INFO : SwitchController : <<<<<<< 's_flipper_left' active >>>>>>>
2025-05-04 16:44:41,571 : INFO : EventManager : Event: ======'s_flipper_left_active'====== Args={}
2025-05-04 16:44:41,571 : INFO : EventManager : Event: ======'item_highlighted'====== Args={'carousel': 'attract', 'direction': 'backwards', 'item': 'title'}
2025-05-04 16:44:41,703 : INFO : SwitchController : <<<<<<< 's_flipper_left' inactive >>>>>>>
2025-05-04 16:44:41,984 : INFO : SwitchController : <<<<<<< 's_flipper_left' active >>>>>>>
2025-05-04 16:44:41,984 : INFO : EventManager : Event: ======'s_flipper_left_active'====== Args={}
2025-05-04 16:44:41,984 : INFO : EventManager : Event: ======'item_highlighted'====== Args={'carousel': 'attract', 'direction': 'backwards', 'item': 'mpf_logo'}
2025-05-04 16:44:42,122 : INFO : SwitchController : <<<<<<< 's_flipper_left' inactive >>>>>>>
2025-05-04 16:44:42,460 : INFO : SwitchController : <<<<<<< 's_flipper_left' active >>>>>>>
2025-05-04 16:44:42,461 : INFO : EventManager : Event: ======'s_flipper_left_active'====== Args={}
2025-05-04 16:44:42,461 : INFO : EventManager : Event: ======'item_highlighted'====== Args={'carousel': 'attract', 'direction': 'backwards', 'item': 'credits'}
2025-05-04 16:44:42,604 : INFO : SwitchController : <<<<<<< 's_flipper_left' inactive >>>>>>>
2025-05-04 16:44:42,804 : INFO : SwitchController : <<<<<<< 's_flipper_left' active >>>>>>>
2025-05-04 16:44:42,804 : INFO : EventManager : Event: ======'s_flipper_left_active'====== Args={}
2025-05-04 16:44:42,804 : INFO : EventManager : Event: ======'item_highlighted'====== Args={'carousel': 'attract', 'direction': 'backwards', 'item': 'title'}
2025-05-04 16:44:42,923 : INFO : SwitchController : <<<<<<< 's_flipper_left' inactive >>>>>>>
2025-05-04 16:44:42,983 : INFO : SwitchController : <<<<<<< 's_flipper_left' active >>>>>>>
2025-05-04 16:44:42,983 : INFO : EventManager : Event: ======'s_flipper_left_active'====== Args={}
2025-05-04 16:44:42,983 : INFO : EventManager : Event: ======'item_highlighted'====== Args={'carousel': 'attract', 'direction': 'backwards', 'item': 'mpf_logo'}
2025-05-04 16:44:43,122 : INFO : SwitchController : <<<<<<< 's_flipper_left' inactive >>>>>>>
2025-05-04 16:44:43,208 : INFO : SwitchController : <<<<<<< 's_flipper_left' active >>>>>>>
2025-05-04 16:44:43,208 : INFO : EventManager : Event: ======'s_flipper_left_active'====== Args={}
2025-05-04 16:44:43,208 : INFO : EventManager : Event: ======'item_highlighted'====== Args={'carousel': 'attract', 'direction': 'backwards', 'item': 'credits'}
2025-05-04 16:44:43,302 : INFO : SwitchController : <<<<<<< 's_flipper_left' inactive >>>>>>>
2025-05-04 16:44:43,638 : INFO : SwitchController : <<<<<<< 's_flipper_left' active >>>>>>>
2025-05-04 16:44:43,638 : INFO : EventManager : Event: ======'s_flipper_left_active'====== Args={}
2025-05-04 16:44:43,638 : INFO : EventManager : Event: ======'item_highlighted'====== Args={'carousel': 'attract', 'direction': 'backwards', 'item': 'title'}
2025-05-04 16:44:43,750 : INFO : SwitchController : <<<<<<< 's_flipper_left' inactive >>>>>>>
2025-05-04 16:44:43,828 : INFO : SwitchController : <<<<<<< 's_flipper_left' active >>>>>>>
2025-05-04 16:44:43,828 : INFO : EventManager : Event: ======'s_flipper_left_active'====== Args={}
2025-05-04 16:44:43,828 : INFO : EventManager : Event: ======'item_highlighted'====== Args={'carousel': 'attract', 'direction': 'backwards', 'item': 'mpf_logo'}
2025-05-04 16:44:43,942 : INFO : SwitchController : <<<<<<< 's_flipper_left' inactive >>>>>>>
2025-05-04 16:44:43,994 : INFO : SwitchController : <<<<<<< 's_flipper_left' active >>>>>>>
2025-05-04 16:44:43,994 : INFO : EventManager : Event: ======'s_flipper_left_active'====== Args={}
2025-05-04 16:44:43,994 : INFO : EventManager : Event: ======'item_highlighted'====== Args={'carousel': 'attract', 'direction': 'backwards', 'item': 'credits'}
2025-05-04 16:44:44,112 : INFO : SwitchController : <<<<<<< 's_flipper_left' inactive >>>>>>>
2025-05-04 16:44:44,190 : INFO : SwitchController : <<<<<<< 's_flipper_left' active >>>>>>>
2025-05-04 16:44:44,190 : INFO : EventManager : Event: ======'s_flipper_left_active'====== Args={}
2025-05-04 16:44:44,190 : INFO : EventManager : Event: ======'item_highlighted'====== Args={'carousel': 'attract', 'direction': 'backwards', 'item': 'title'}
2025-05-04 16:44:44,303 : INFO : SwitchController : <<<<<<< 's_flipper_left' inactive >>>>>>>
2025-05-04 16:44:46,702 : INFO : Machine : Shutting down...
2025-05-04 16:44:46,702 : INFO : EventManager : Event: ======'shutdown'====== Args={}
2025-05-04 16:44:46,702 : INFO : root : MPF run loop ended.
