2025-05-04 18:24:53,960 : INFO : root : Loading config.
2025-05-04 18:24:53,982 : INFO : ConfigProcessor : Config spec file cache created: C:\Users\bradl\AppData\Local\Temp\config_spec.mpf_cache
2025-05-04 18:24:53,982 : INFO : YamlMultifileConfigLoader : Machine config file #1: config.yaml
2025-05-04 18:24:53,982 : INFO : ConfigProcessor : Loading config from file C:\pinball\mpf\Lib\site-packages\mpf\mpfconfig.yaml.
2025-05-04 18:24:53,986 : INFO : ConfigProcessor : Loading config: C:\pinball\mpf\Lib\site-packages\mpf\mpfconfig.yaml
2025-05-04 18:24:53,986 : INFO : ConfigProcessor : Loading config from file C:\pinball\shaw_pinball\config\config.yaml.
2025-05-04 18:24:53,988 : INFO : ConfigProcessor : Loading config: C:\pinball\shaw_pinball\config\config.yaml
2025-05-04 18:24:53,988 : INFO : ConfigProcessor : Loading config: C:\pinball\shaw_pinball\config\coils.yaml
2025-05-04 18:24:53,989 : INFO : ConfigProcessor : Loading config: C:\pinball\shaw_pinball\config\switches.yaml
2025-05-04 18:24:53,990 : INFO : ConfigProcessor : Loading config: C:\pinball\shaw_pinball\config\keyboard.yaml
2025-05-04 18:24:53,990 : INFO : ConfigProcessor : Config file cache created: C:\Users\bradl\AppData\Local\Temp\f86648965732716a774abe330a35567f.mpf_cache
2025-05-04 18:24:54,032 : INFO : ConfigProcessor : Loading config from file C:\pinball\mpf\Lib\site-packages\mpf\modes\attract\config\attract.yaml.
2025-05-04 18:24:54,033 : INFO : ConfigProcessor : Loading config: C:\pinball\mpf\Lib\site-packages\mpf\modes\attract\config\attract.yaml
2025-05-04 18:24:54,033 : INFO : ConfigProcessor : Loading config from file C:\pinball\shaw_pinball\modes\attract\config\attract.yaml.
2025-05-04 18:24:54,033 : INFO : ConfigProcessor : Loading config: C:\pinball\shaw_pinball\modes\attract\config\attract.yaml
2025-05-04 18:24:54,034 : INFO : ConfigProcessor : Config file cache created: C:\Users\bradl\AppData\Local\Temp\d01143593fa4ea1d4f7571bb64036356.mpf_cache
2025-05-04 18:24:54,034 : INFO : ConfigProcessor : Loading config from file C:\pinball\mpf\Lib\site-packages\mpf\modes\game\config\game.yaml.
2025-05-04 18:24:54,034 : INFO : ConfigProcessor : Loading config: C:\pinball\mpf\Lib\site-packages\mpf\modes\game\config\game.yaml
2025-05-04 18:24:54,035 : INFO : ConfigProcessor : Config file cache created: C:\Users\bradl\AppData\Local\Temp\14f8e91e6393da8cb7b325adfbe7ed92.mpf_cache
2025-05-04 18:24:54,035 : INFO : ConfigProcessor : Loading config from file C:\pinball\shaw_pinball\modes\base\config\base.yaml.
2025-05-04 18:24:54,035 : INFO : ConfigProcessor : Loading config: C:\pinball\shaw_pinball\modes\base\config\base.yaml
2025-05-04 18:24:54,035 : INFO : ConfigProcessor : Config file cache created: C:\Users\bradl\AppData\Local\Temp\437cbc5b651d395d3b48baa33047334e.mpf_cache
2025-05-04 18:24:54,036 : INFO : ConfigProcessor : Loading config from file C:\pinball\mpf\Lib\site-packages\mpf\modes\attract\config\attract.yaml.
2025-05-04 18:24:54,036 : INFO : ConfigProcessor : Loading config: C:\pinball\mpf\Lib\site-packages\mpf\modes\attract\config\attract.yaml
2025-05-04 18:24:54,036 : INFO : ConfigProcessor : Loading config from file C:\pinball\shaw_pinball\modes\attract\config\attract.yaml.
2025-05-04 18:24:54,037 : INFO : ConfigProcessor : Loading config: C:\pinball\shaw_pinball\modes\attract\config\attract.yaml
2025-05-04 18:24:54,037 : INFO : ConfigProcessor : Config file cache created: C:\Users\bradl\AppData\Local\Temp\d01143593fa4ea1d4f7571bb64036356.mpf_cache
2025-05-04 18:24:54,037 : INFO : ConfigProcessor : Loading config from file C:\pinball\shaw_pinball\modes\bumpers\config\bumpers.yaml.
2025-05-04 18:24:54,038 : INFO : ConfigProcessor : Loading config: C:\pinball\shaw_pinball\modes\bumpers\config\bumpers.yaml
2025-05-04 18:24:54,038 : INFO : ConfigProcessor : Config file cache created: C:\Users\bradl\AppData\Local\Temp\a5d9331d5edf0819f14f654fc5b58f80.mpf_cache
2025-05-04 18:24:54,038 : INFO : Machine : Mission Pinball Framework Core Engine v0.80.0.dev7
2025-05-04 18:24:54,038 : INFO : Machine : Command line arguments: {'no_load_cache': True, 'create_config_cache': True, 'bcp': True, 'configfile': ['config.yaml'], 'force_assets_load': False, 'platform_integration_test': False, 'jsonlogging': False, 'logfile': 'logs\\2025-05-04-18-24-53-mpf-wintermute.log', 'pause': False, 'production': False, 'text_ui': False, 'loglevel': 15, 'consoleloglevel': 20, 'force_platform': 'virtual', 'syslog_address': None, 'full_logfile_path': 'C:\\pinball\\shaw_pinball\\logs\\2025-05-04-18-24-53-mpf-wintermute.log'}
2025-05-04 18:24:54,038 : INFO : Machine : MPF path: C:\pinball\mpf\Lib\site-packages\mpf
2025-05-04 18:24:54,038 : INFO : Machine : Machine path: C:\pinball\shaw_pinball
2025-05-04 18:24:54,038 : INFO : Machine : Platform: win32
2025-05-04 18:24:54,038 : INFO : Machine : Python executable location: C:\pinball\mpf\Scripts\python.exe
2025-05-04 18:24:54,038 : INFO : Machine : Python version: 3.12.8 (64-bit)
2025-05-04 18:24:54,040 : INFO : Machine : Initializing MPF...
2025-05-04 18:24:54,077 : INFO : EventManager : Event: ======'machine_var_credits_string'====== Args={'value': 'FREE PLAY', 'prev_value': None, 'change': True}
2025-05-04 18:24:54,088 : INFO : EventManager : Event: ======'machine_var_master_volume'====== Args={'value': 0.5, 'prev_value': None, 'change': True}
2025-05-04 18:24:54,088 : INFO : EventManager : Event: ======'machine_var_mpf_version'====== Args={'value': 'Mission Pinball Framework v0.80.0.dev7', 'prev_value': None, 'change': True}
2025-05-04 18:24:54,088 : INFO : EventManager : Event: ======'machine_var_mpf_extended_version'====== Args={'value': 'Mission Pinball Framework v0.80.0.dev7, Config version:6, Show version: 6, BCP version:1.1', 'prev_value': None, 'change': True}
2025-05-04 18:24:54,088 : INFO : EventManager : Event: ======'machine_var_python_version'====== Args={'value': '3.12.8', 'prev_value': None, 'change': True}
2025-05-04 18:24:54,190 : INFO : EventManager : Event: ======'machine_var_platform'====== Args={'value': 'Windows-11-10.0.26100-SP0', 'prev_value': None, 'change': True}
2025-05-04 18:24:54,190 : INFO : EventManager : Event: ======'machine_var_platform_system'====== Args={'value': 'Windows', 'prev_value': None, 'change': True}
2025-05-04 18:24:54,190 : INFO : EventManager : Event: ======'machine_var_platform_release'====== Args={'value': '11', 'prev_value': None, 'change': True}
2025-05-04 18:24:54,190 : INFO : EventManager : Event: ======'machine_var_platform_version'====== Args={'value': '10.0.26100', 'prev_value': None, 'change': True}
2025-05-04 18:24:54,191 : INFO : EventManager : Event: ======'machine_var_platform_machine'====== Args={'value': 'AMD64', 'prev_value': None, 'change': True}
2025-05-04 18:24:54,191 : INFO : EventManager : Event: ======'machine_var_log_file_path'====== Args={'value': 'C:\\pinball\\shaw_pinball\\logs\\2025-05-04-18-24-53-mpf-wintermute.log', 'prev_value': None, 'change': True}
2025-05-04 18:24:54,191 : INFO : EventManager : Event: ======'init_phase_1'====== Args={}
2025-05-04 18:24:54,206 : INFO : EventManager : Event: ======'init_phase_2'====== Args={}
2025-05-04 18:24:54,206 : INFO : SwitchController : Found active switch: ('3208-0', <Platform.Virtual>) <switch.s_trough_ball_1>
2025-05-04 18:24:54,206 : INFO : SwitchController : Found active switch: ('3208-1', <Platform.Virtual>) <switch.s_trough_ball_2>
2025-05-04 18:24:54,206 : INFO : SwitchController : Found active switch: ('3208-2', <Platform.Virtual>) <switch.s_trough_ball_3>
2025-05-04 18:24:54,207 : INFO : EventManager : Event: ======'bcp_connection_attempt'====== Args={'name': 'local_display', 'host': 'localhost', 'port': 5050}
2025-05-04 18:24:54,207 : INFO : BCPClientSocket : Connecting BCP to 'local_display' at localhost:5050...
2025-05-04 18:24:59,942 : INFO : BCPClientSocket : Connected BCP to 'local_display' localhost:5050
2025-05-04 18:24:59,942 : INFO : EventManager : Event: ======'bcp_clients_connected'====== Args={}
2025-05-04 18:24:59,943 : INFO : ball_device.bd_trough : BCH: Initial count: 3
2025-05-04 18:24:59,943 : INFO : ball_device.bd_trough : State: idle
2025-05-04 18:24:59,943 : INFO : ball_device.bd_plunger : BCH: Initial count: 0
2025-05-04 18:24:59,943 : INFO : ball_device.bd_plunger : State: idle
2025-05-04 18:24:59,943 : INFO : ball_device.bd_scoop : BCH: Initial count: 0
2025-05-04 18:24:59,943 : INFO : ball_device.bd_scoop : State: idle
2025-05-04 18:24:59,947 : INFO : EventManager : Event: ======'init_phase_3'====== Args={}
2025-05-04 18:24:59,948 : INFO : EventManager : Event: ======'init_phase_4'====== Args={}
2025-05-04 18:24:59,948 : INFO : BallController : Initial balls found: 3
2025-05-04 18:24:59,949 : INFO : EventManager : Event: ======'machine_var_audits_switches_s_trough_ball_4'====== Args={'value': 0, 'prev_value': None, 'change': True}
2025-05-04 18:24:59,949 : INFO : EventManager : Event: ======'machine_var_audits_switches_s_pop_bumper'====== Args={'value': 0, 'prev_value': None, 'change': True}
2025-05-04 18:24:59,949 : INFO : EventManager : Event: ======'machine_var_audits_switches_s_right_outer_lane'====== Args={'value': 0, 'prev_value': None, 'change': True}
2025-05-04 18:24:59,949 : INFO : EventManager : Event: ======'machine_var_audits_switches_s_left_inner_lane'====== Args={'value': 0, 'prev_value': None, 'change': True}
2025-05-04 18:24:59,949 : INFO : EventManager : Event: ======'machine_var_audits_switches_s_flipper_right_lidar'====== Args={'value': 0, 'prev_value': None, 'change': True}
2025-05-04 18:24:59,949 : INFO : EventManager : Event: ======'machine_var_audits_switches_s_flipper_left_lidar'====== Args={'value': 0, 'prev_value': None, 'change': True}
2025-05-04 18:24:59,949 : INFO : EventManager : Event: ======'machine_var_audits_switches_s_star_bumper_upper'====== Args={'value': 0, 'prev_value': None, 'change': True}
2025-05-04 18:24:59,949 : INFO : EventManager : Event: ======'machine_var_audits_switches_s_plunger'====== Args={'value': 0, 'prev_value': None, 'change': True}
2025-05-04 18:24:59,949 : INFO : EventManager : Event: ======'machine_var_audits_switches_s_flipper_right'====== Args={'value': 0, 'prev_value': None, 'change': True}
2025-05-04 18:24:59,949 : INFO : EventManager : Event: ======'machine_var_audits_switches_s_middle_bash'====== Args={'value': 0, 'prev_value': None, 'change': True}
2025-05-04 18:24:59,949 : INFO : EventManager : Event: ======'machine_var_audits_switches_s_start'====== Args={'value': 0, 'prev_value': None, 'change': True}
2025-05-04 18:24:59,949 : INFO : EventManager : Event: ======'machine_var_audits_switches_s_trough_ball_jam'====== Args={'value': 0, 'prev_value': None, 'change': True}
2025-05-04 18:24:59,949 : INFO : EventManager : Event: ======'machine_var_audits_switches_s_trough_ball_1'====== Args={'value': 0, 'prev_value': None, 'change': True}
2025-05-04 18:24:59,949 : INFO : EventManager : Event: ======'machine_var_audits_switches_s_right_inner_lane'====== Args={'value': 0, 'prev_value': None, 'change': True}
2025-05-04 18:24:59,949 : INFO : EventManager : Event: ======'machine_var_audits_switches_s_left_sling'====== Args={'value': 0, 'prev_value': None, 'change': True}
2025-05-04 18:24:59,949 : INFO : EventManager : Event: ======'machine_var_audits_switches_s_trough_ball_3'====== Args={'value': 0, 'prev_value': None, 'change': True}
2025-05-04 18:24:59,949 : INFO : EventManager : Event: ======'machine_var_audits_switches_s_flipper_left'====== Args={'value': 0, 'prev_value': None, 'change': True}
2025-05-04 18:24:59,949 : INFO : EventManager : Event: ======'machine_var_audits_switches_s_third_flipper_eos'====== Args={'value': 0, 'prev_value': None, 'change': True}
2025-05-04 18:24:59,949 : INFO : EventManager : Event: ======'machine_var_audits_switches_s_flipper_left_eos'====== Args={'value': 0, 'prev_value': None, 'change': True}
2025-05-04 18:24:59,949 : INFO : EventManager : Event: ======'machine_var_audits_switches_s_left_outer_lane'====== Args={'value': 0, 'prev_value': None, 'change': True}
2025-05-04 18:24:59,949 : INFO : EventManager : Event: ======'machine_var_audits_switches_s_right_sling'====== Args={'value': 0, 'prev_value': None, 'change': True}
2025-05-04 18:24:59,949 : INFO : EventManager : Event: ======'machine_var_audits_switches_s_trough_ball_6'====== Args={'value': 0, 'prev_value': None, 'change': True}
2025-05-04 18:24:59,949 : INFO : EventManager : Event: ======'machine_var_audits_switches_s_scoop'====== Args={'value': 0, 'prev_value': None, 'change': True}
2025-05-04 18:24:59,949 : INFO : EventManager : Event: ======'machine_var_audits_switches_s_star_bumper_lower'====== Args={'value': 0, 'prev_value': None, 'change': True}
2025-05-04 18:24:59,949 : INFO : EventManager : Event: ======'machine_var_audits_switches_s_trough_ball_5'====== Args={'value': 0, 'prev_value': None, 'change': True}
2025-05-04 18:24:59,949 : INFO : EventManager : Event: ======'machine_var_audits_switches_s_trough_ball_2'====== Args={'value': 0, 'prev_value': None, 'change': True}
2025-05-04 18:24:59,949 : INFO : EventManager : Event: ======'machine_var_audits_switches_s_flipper_right_eos'====== Args={'value': 0, 'prev_value': None, 'change': True}
2025-05-04 18:24:59,949 : INFO : EventManager : Event: ======'machine_var_audits_events_game_started'====== Args={'value': 0, 'prev_value': None, 'change': True}
2025-05-04 18:24:59,949 : INFO : EventManager : Event: ======'machine_var_audits_events_game_ended'====== Args={'value': 0, 'prev_value': None, 'change': True}
2025-05-04 18:24:59,949 : INFO : EventManager : Event: ======'machine_var_audits_player_score'====== Args={'value': {'top': [], 'average': 0, 'total': 0}, 'prev_value': None, 'change': True}
2025-05-04 18:24:59,949 : INFO : EventManager : Event: ======'init_phase_5'====== Args={}
2025-05-04 18:24:59,949 : INFO : EventManager : Event: ======'init_done'====== Args={}
2025-05-04 18:24:59,949 : INFO : EventManager : Event: ======'machine_reset_phase_1'====== Args={}
2025-05-04 18:24:59,957 : INFO : EventManager : Event: ======'machine_reset_phase_2'====== Args={}
2025-05-04 18:24:59,957 : INFO : EventManager : Event: ======'machine_reset_phase_3'====== Args={}
2025-05-04 18:24:59,957 : INFO : EventManager : Event: ======'reset_complete'====== Args={}
2025-05-04 18:24:59,957 : INFO : EventManager : Event: ======'mode_attract_will_start'====== Args={}
2025-05-04 18:24:59,957 : INFO : Timer.attract_carousel_timer : Starting Timer.
2025-05-04 18:24:59,957 : INFO : EventManager : Event: ======'timer_attract_carousel_timer_started'====== Args={'ticks': 0, 'ticks_remaining': 1}
2025-05-04 18:24:59,957 : INFO : EventManager : Event: ======'timer_attract_carousel_timer_tick'====== Args={'ticks': 0, 'ticks_remaining': 1}
2025-05-04 18:24:59,957 : INFO : EventManager : Event: ======'mode_attract_starting'====== Args={}
2025-05-04 18:24:59,957 : INFO : Mode.attract : Started. Priority: 10
2025-05-04 18:24:59,958 : INFO : EventManager : Event: ======'modes_active_modes_changed'====== Args={}
2025-05-04 18:24:59,958 : INFO : EventManager : Event: ======'mode_attract_started'====== Args={}
2025-05-04 18:24:59,958 : INFO : EventManager : Event: ======'collecting_balls_complete'====== Args={}
2025-05-04 18:24:59,958 : INFO : EventManager : Event: ======'item_highlighted'====== Args={'carousel': 'attract', 'direction': None, 'item': 'title'}
2025-05-04 18:24:59,958 : INFO : EventManager : Event: ======'timer_attract_carousel_timer_tick'====== Args={'ticks': 0, 'ticks_remaining': 1}
2025-05-04 18:24:59,958 : INFO : Machine : Starting the main run loop with active modes: [<Mode.attract>]
2025-05-04 18:24:59,982 : INFO : EventManager : Event: ======'slide_attract_created'====== Args={'_from_bcp': True}
2025-05-04 18:24:59,982 : INFO : EventManager : Event: ======'slide__removed'====== Args={'_from_bcp': True}
2025-05-04 18:24:59,982 : INFO : EventManager : Event: ======'slide_attract_active'====== Args={'original_context': 'attract', 'original_calling_context': 'mode_attract_started', 'priority': 10.0, 'cmd': 'slides_play', '_from_bcp': True}
2025-05-04 18:25:01,170 : INFO : SwitchController : <<<<<<< 's_start' active >>>>>>>
2025-05-04 18:25:01,265 : INFO : SwitchController : <<<<<<< 's_start' inactive >>>>>>>
2025-05-04 18:25:01,265 : INFO : EventManager : Event: ======'request_to_start_game'====== Args={}
2025-05-04 18:25:01,265 : INFO : EventManager : Event: ======'game_start'====== Args={'buttons': [], 'hold_time': 0.09400000001187436}
2025-05-04 18:25:01,265 : INFO : EventManager : Event: ======'mode_game_will_start'====== Args={'buttons': [], 'hold_time': 0.09400000001187436}
2025-05-04 18:25:01,265 : INFO : EventManager : Event: ======'mode_game_starting'====== Args={'buttons': [], 'hold_time': 0.09400000001187436}
2025-05-04 18:25:01,265 : INFO : EventManager : Event: ======'mode_attract_will_stop'====== Args={}
2025-05-04 18:25:01,265 : INFO : EventManager : Event: ======'mode_attract_stopping'====== Args={}
2025-05-04 18:25:01,266 : INFO : Mode.attract : Stopped.
2025-05-04 18:25:01,266 : INFO : EventManager : Event: ======'modes_active_modes_changed'====== Args={}
2025-05-04 18:25:01,266 : INFO : EventManager : Event: ======'mode_attract_stopped'====== Args={}
2025-05-04 18:25:01,266 : INFO : EventManager : Event: ======'clear'====== Args={'key': 'attract'}
2025-05-04 18:25:01,266 : INFO : Timer.attract_carousel_timer : Stopping Timer
2025-05-04 18:25:01,266 : INFO : EventManager : Event: ======'timer_attract_carousel_timer_stopped'====== Args={'ticks': 0, 'ticks_remaining': 1}
2025-05-04 18:25:01,266 : INFO : Mode.game : Started. Priority: 20
2025-05-04 18:25:01,266 : INFO : EventManager : Event: ======'modes_active_modes_changed'====== Args={}
2025-05-04 18:25:01,266 : INFO : EventManager : Event: ======'mode_game_started'====== Args={'buttons': [], 'hold_time': 0.09400000001187436}
2025-05-04 18:25:01,266 : INFO : EventManager : Event: ======'game_will_start'====== Args={}
2025-05-04 18:25:01,266 : INFO : EventManager : Event: ======'game_starting'====== Args={'game': <Mode.game>}
2025-05-04 18:25:01,266 : INFO : EventManager : Unordered handler for class <Auditor> on event game_ended with priority 1. Handlers: [RegisteredHandler(callback=<bound method Auditor.disable of <Auditor>>, priority=1, kwargs={}, key=UUID('21581917-0ee2-4d46-8395-600bdd46011a'), condition=None, blocking_facility=None), RegisteredHandler(callback=<bound method Auditor._save_audits of <Auditor>>, priority=1, kwargs={}, key=UUID('56c84ff0-e15f-439a-83f2-6cfe1fe29272'), condition=None, blocking_facility=None)]. The order of those handlers is not defined and they will be executed in random order. This might lead to race conditions and potential bugs.
2025-05-04 18:25:01,266 : INFO : EventManager : Event: ======'player_add_request'====== Args={}
2025-05-04 18:25:01,266 : INFO : EventManager : Event: ======'player_will_add'====== Args={'number': 1}
2025-05-04 18:25:01,266 : INFO : EventManager : Event: ======'player_adding'====== Args={'player': <Player 1>, 'number': 1}
2025-05-04 18:25:01,266 : INFO : EventManager : Event: ======'player_added'====== Args={'player': <Player 1>, 'num': 1}
2025-05-04 18:25:01,267 : INFO : Mode.game : Player added successfully. Total players: 1
2025-05-04 18:25:01,267 : INFO : EventManager : Event: ======'player_index'====== Args={'value': 0, 'prev_value': 0, 'change': 0, 'player_num': 1}
2025-05-04 18:25:01,267 : INFO : EventManager : Event: ======'player_number'====== Args={'value': 1, 'prev_value': 1, 'change': 0, 'player_num': 1}
2025-05-04 18:25:01,267 : INFO : EventManager : Event: ======'player_score'====== Args={'value': 0, 'prev_value': 0, 'change': 0, 'player_num': 1}
2025-05-04 18:25:01,267 : INFO : EventManager : Event: ======'game_started'====== Args={}
2025-05-04 18:25:01,267 : INFO : EventManager : Event: ======'player_turn_will_start'====== Args={'player': <Player 1>, 'number': 1}
2025-05-04 18:25:01,267 : INFO : EventManager : Event: ======'player_turn_starting'====== Args={'player': <Player 1>, 'number': 1}
2025-05-04 18:25:01,267 : INFO : EventManager : Event: ======'player_ball'====== Args={'value': 1, 'prev_value': 0, 'change': 1, 'player_num': 1}
2025-05-04 18:25:01,267 : INFO : EventManager : Event: ======'player_turn_started'====== Args={'player': <Player 1>, 'number': 1}
2025-05-04 18:25:01,267 : INFO : EventManager : Event: ======'ball_will_start'====== Args={'player': 1, 'ball': 1, 'balls_remaining': 2, 'is_extra_ball': False}
2025-05-04 18:25:01,267 : INFO : EventManager : Event: ======'ball_starting'====== Args={'player': 1, 'ball': 1, 'balls_remaining': 2, 'is_extra_ball': False}
2025-05-04 18:25:01,267 : INFO : EventManager : Event: ======'mode_base_will_start'====== Args={'queue': <QueuedEvent>, 'player': 1, 'ball': 1, 'balls_remaining': 2, 'is_extra_ball': False}
2025-05-04 18:25:01,268 : INFO : EventManager : Event: ======'mode_base_starting'====== Args={'queue': <QueuedEvent>, 'player': 1, 'ball': 1, 'balls_remaining': 2, 'is_extra_ball': False}
2025-05-04 18:25:01,268 : INFO : Mode.base : Started. Priority: 100
2025-05-04 18:25:01,268 : INFO : EventManager : Event: ======'modes_active_modes_changed'====== Args={}
2025-05-04 18:25:01,268 : INFO : EventManager : Event: ======'mode_base_started'====== Args={'queue': <QueuedEvent>, 'player': 1, 'ball': 1, 'balls_remaining': 2, 'is_extra_ball': False}
2025-05-04 18:25:01,269 : INFO : EventManager : Event: ======'start_mode_bumpers'====== Args={'priority': 0}
2025-05-04 18:25:01,269 : INFO : EventManager : Event: ======'mode_bumpers_will_start'====== Args={'priority': 0}
2025-05-04 18:25:01,269 : INFO : EventManager : Event: ======'player_shot_bumper_left_enabled'====== Args={'value': True, 'prev_value': 0, 'change': 1, 'player_num': 1}
2025-05-04 18:25:01,269 : INFO : EventManager : Event: ======'bumpers_complete'====== Args={'state': 'unlit'}
2025-05-04 18:25:01,269 : INFO : EventManager : Event: ======'bumpers_unlit_complete'====== Args={}
2025-05-04 18:25:01,269 : INFO : EventManager : Event: ======'mode_bumpers_starting'====== Args={'priority': 0}
2025-05-04 18:25:01,269 : INFO : Mode.bumpers : Started. Priority: 200
2025-05-04 18:25:01,269 : INFO : EventManager : Event: ======'modes_active_modes_changed'====== Args={}
2025-05-04 18:25:01,269 : INFO : EventManager : Event: ======'mode_bumpers_started'====== Args={'priority': 0}
2025-05-04 18:25:01,269 : INFO : EventManager : Event: ======'balls_in_play'====== Args={'balls': 1}
2025-05-04 18:25:01,269 : INFO : EventManager : Event: ======'ball_started'====== Args={'player': 1, 'ball': 1, 'balls_remaining': 2, 'is_extra_ball': False}
2025-05-04 18:25:01,270 : INFO : EventManager : Event: ======'single_player_ball_started'====== Args={}
2025-05-04 18:25:01,270 : INFO : EventManager : Event: ======'ball_start_target'====== Args={'target': 'playfield'}
2025-05-04 18:25:01,270 : INFO : ball_device.bd_plunger : Setting up player-controlled eject. Balls: 1, Target: <playfield.playfield>, player_controlled_eject_event: None
2025-05-04 18:25:01,270 : INFO : EventManager : Event: ======'balldevice_balls_available'====== Args={}
2025-05-04 18:25:01,270 : INFO : ball_device.bd_trough : State: waiting_for_target_ready
2025-05-04 18:25:01,270 : INFO : EventManager : Event: ======'balldevice_bd_trough_ball_eject_attempt'====== Args={'balls': 1, 'target': <ball_device.bd_plunger>, 'source': <ball_device.bd_trough>, 'mechanical_eject': True, 'num_attempts': 0}
2025-05-04 18:25:01,270 : INFO : ball_device.bd_plunger : State: waiting_for_ball
2025-05-04 18:25:01,270 : INFO : ball_device.bd_trough : State: ejecting
2025-05-04 18:25:01,270 : INFO : ball_device.bd_trough : Ejecting ball to <ball_device.bd_plunger>
2025-05-04 18:25:01,270 : INFO : EventManager : Event: ======'balldevice_bd_trough_ejecting_ball'====== Args={'balls': 1, 'target': <ball_device.bd_plunger>, 'source': <ball_device.bd_trough>, 'mechanical_eject': True, 'num_attempts': 0}
2025-05-04 18:25:01,270 : INFO : ball_device.bd_trough : Wait for ball to leave device
2025-05-04 18:25:01,270 : INFO : coil.c_trough_eject : Pulsing Driver for 15ms (1.0 pulse_power)
2025-05-04 18:25:01,274 : INFO : EventManager : Event: ======'slide_base_slide_created'====== Args={'_from_bcp': True}
2025-05-04 18:25:01,274 : INFO : EventManager : Event: ======'slide_attract_inactive'====== Args={'is_removing': True, '_from_bcp': True}
2025-05-04 18:25:01,274 : INFO : EventManager : Event: ======'slide_base_slide_active'====== Args={'original_context': 'base', 'original_calling_context': 'mode_base_started', 'priority': 100.0, 'queue': '<QueuedEvent>', 'player': 1.0, 'ball': 1.0, 'balls_remaining': 2.0, 'is_extra_ball': False, 'cmd': 'slides_play', '_from_bcp': True}
2025-05-04 18:25:01,274 : INFO : EventManager : Event: ======'slide_attract_removed'====== Args={'_from_bcp': True}
2025-05-04 18:25:03,161 : INFO : SwitchController : <<<<<<< 's_pop_bumper' active >>>>>>>
2025-05-04 18:25:03,161 : INFO : EventManager : Event: ======'playfield_active'====== Args={'source': 'bumper_left'}
2025-05-04 18:25:03,161 : INFO : EventManager : Event: ======'unexpected_ball_on_playfield'====== Args={}
2025-05-04 18:25:03,161 : INFO : EventManager : Event: ======'s_pop_bumper_active'====== Args={}
2025-05-04 18:25:03,161 : INFO : EventManager : Event: ======'playfield_active'====== Args={'source': 'ac_pop_bumper'}
2025-05-04 18:25:03,161 : INFO : EventManager : Event: ======'unexpected_ball_on_playfield'====== Args={}
2025-05-04 18:25:03,161 : INFO : EventManager : Event: ======'machine_var_audits_switches_s_pop_bumper'====== Args={'value': 1, 'prev_value': 0, 'change': 1}
2025-05-04 18:25:03,161 : INFO : EventManager : Event: ======'player_shot_bumper_left'====== Args={'value': 1, 'prev_value': 0, 'change': 1, 'player_num': 1}
2025-05-04 18:25:03,161 : INFO : EventManager : Event: ======'machine_var_audits_shots_bumper_left'====== Args={'value': 1, 'prev_value': None, 'change': True}
2025-05-04 18:25:03,161 : INFO : EventManager : Event: ======'bumper_left_hit'====== Args={'profile': 'default', 'state': 'unlit', 'advancing': True}
2025-05-04 18:25:03,161 : INFO : EventManager : Event: ======'bumper_left_default_hit'====== Args={'profile': 'default', 'state': 'unlit', 'advancing': True}
2025-05-04 18:25:03,161 : INFO : EventManager : Event: ======'bumper_left_default_unlit_hit'====== Args={'profile': 'default', 'state': 'unlit', 'advancing': True}
2025-05-04 18:25:03,161 : INFO : EventManager : Event: ======'bumper_left_unlit_hit'====== Args={'profile': 'default', 'state': 'unlit', 'advancing': True}
2025-05-04 18:25:03,161 : INFO : EventManager : Event: ======'bumpers_complete'====== Args={'state': 'lit'}
2025-05-04 18:25:03,161 : INFO : EventManager : Event: ======'bumpers_lit_complete'====== Args={}
2025-05-04 18:25:03,161 : INFO : EventManager : Event: ======'bumpers_hit'====== Args={'shot': 'bumper_left'}
2025-05-04 18:25:03,161 : INFO : EventManager : Event: ======'bumpers_unlit_hit'====== Args={'shot': 'bumper_left'}
2025-05-04 18:25:03,161 : INFO : EventManager : Event: ======'player_score'====== Args={'value': 1000, 'prev_value': 0, 'change': 1000, 'player_num': 1, 'source': 'bumpers'}
2025-05-04 18:25:03,279 : INFO : EventManager : Event: ======'balldevice_bd_trough_ball_eject_failed'====== Args={'target': <ball_device.bd_plunger>, 'balls': 1, 'retry': True, 'num_attempts': 1}
2025-05-04 18:25:03,279 : INFO : ball_device.bd_trough : State: waiting_for_target_ready
2025-05-04 18:25:03,279 : INFO : EventManager : Event: ======'balldevice_bd_trough_ball_eject_attempt'====== Args={'balls': 1, 'target': <ball_device.bd_plunger>, 'source': <ball_device.bd_trough>, 'mechanical_eject': True, 'num_attempts': 1}
2025-05-04 18:25:03,279 : INFO : ball_device.bd_trough : State: ejecting
2025-05-04 18:25:03,279 : INFO : ball_device.bd_trough : Ejecting ball to <ball_device.bd_plunger>
2025-05-04 18:25:03,279 : INFO : EventManager : Event: ======'balldevice_bd_trough_ejecting_ball'====== Args={'balls': 1, 'target': <ball_device.bd_plunger>, 'source': <ball_device.bd_trough>, 'mechanical_eject': True, 'num_attempts': 1}
2025-05-04 18:25:03,279 : INFO : ball_device.bd_trough : Wait for ball to leave device
2025-05-04 18:25:03,280 : INFO : coil.c_trough_eject : Pulsing Driver for 15ms (1.0 pulse_power)
2025-05-04 18:25:03,281 : INFO : SwitchController : <<<<<<< 's_pop_bumper' inactive >>>>>>>
2025-05-04 18:25:03,514 : INFO : SwitchController : <<<<<<< 's_pop_bumper' active >>>>>>>
2025-05-04 18:25:03,514 : INFO : EventManager : Event: ======'playfield_active'====== Args={'source': 'bumper_left'}
2025-05-04 18:25:03,514 : INFO : EventManager : Event: ======'unexpected_ball_on_playfield'====== Args={}
2025-05-04 18:25:03,514 : INFO : EventManager : Event: ======'s_pop_bumper_active'====== Args={}
2025-05-04 18:25:03,514 : INFO : EventManager : Event: ======'playfield_active'====== Args={'source': 'ac_pop_bumper'}
2025-05-04 18:25:03,514 : INFO : EventManager : Event: ======'unexpected_ball_on_playfield'====== Args={}
2025-05-04 18:25:03,514 : INFO : EventManager : Event: ======'machine_var_audits_switches_s_pop_bumper'====== Args={'value': 2, 'prev_value': 1, 'change': 1}
2025-05-04 18:25:03,514 : INFO : EventManager : Event: ======'machine_var_audits_shots_bumper_left'====== Args={'value': 2, 'prev_value': 1, 'change': 1}
2025-05-04 18:25:03,514 : INFO : EventManager : Event: ======'bumper_left_hit'====== Args={'profile': 'default', 'state': 'lit', 'advancing': False}
2025-05-04 18:25:03,515 : INFO : EventManager : Event: ======'bumper_left_default_hit'====== Args={'profile': 'default', 'state': 'lit', 'advancing': False}
2025-05-04 18:25:03,515 : INFO : EventManager : Event: ======'bumper_left_default_lit_hit'====== Args={'profile': 'default', 'state': 'lit', 'advancing': False}
2025-05-04 18:25:03,515 : INFO : EventManager : Event: ======'bumper_left_lit_hit'====== Args={'profile': 'default', 'state': 'lit', 'advancing': False}
2025-05-04 18:25:03,515 : INFO : EventManager : Event: ======'bumpers_hit'====== Args={'shot': 'bumper_left'}
2025-05-04 18:25:03,515 : INFO : EventManager : Event: ======'bumpers_lit_hit'====== Args={'shot': 'bumper_left'}
2025-05-04 18:25:03,515 : INFO : EventManager : Event: ======'player_score'====== Args={'value': 2000, 'prev_value': 1000, 'change': 1000, 'player_num': 1, 'source': 'bumpers'}
2025-05-04 18:25:03,617 : INFO : SwitchController : <<<<<<< 's_pop_bumper' inactive >>>>>>>
2025-05-04 18:25:03,704 : INFO : SwitchController : <<<<<<< 's_pop_bumper' active >>>>>>>
2025-05-04 18:25:03,704 : INFO : EventManager : Event: ======'playfield_active'====== Args={'source': 'bumper_left'}
2025-05-04 18:25:03,704 : INFO : EventManager : Event: ======'unexpected_ball_on_playfield'====== Args={}
2025-05-04 18:25:03,704 : INFO : EventManager : Event: ======'s_pop_bumper_active'====== Args={}
2025-05-04 18:25:03,704 : INFO : EventManager : Event: ======'playfield_active'====== Args={'source': 'ac_pop_bumper'}
2025-05-04 18:25:03,704 : INFO : EventManager : Event: ======'unexpected_ball_on_playfield'====== Args={}
2025-05-04 18:25:03,704 : INFO : EventManager : Event: ======'machine_var_audits_switches_s_pop_bumper'====== Args={'value': 3, 'prev_value': 2, 'change': 1}
2025-05-04 18:25:03,704 : INFO : EventManager : Event: ======'machine_var_audits_shots_bumper_left'====== Args={'value': 3, 'prev_value': 2, 'change': 1}
2025-05-04 18:25:03,704 : INFO : EventManager : Event: ======'bumper_left_hit'====== Args={'profile': 'default', 'state': 'lit', 'advancing': False}
2025-05-04 18:25:03,704 : INFO : EventManager : Event: ======'bumper_left_default_hit'====== Args={'profile': 'default', 'state': 'lit', 'advancing': False}
2025-05-04 18:25:03,704 : INFO : EventManager : Event: ======'bumper_left_default_lit_hit'====== Args={'profile': 'default', 'state': 'lit', 'advancing': False}
2025-05-04 18:25:03,704 : INFO : EventManager : Event: ======'bumper_left_lit_hit'====== Args={'profile': 'default', 'state': 'lit', 'advancing': False}
2025-05-04 18:25:03,704 : INFO : EventManager : Event: ======'bumpers_hit'====== Args={'shot': 'bumper_left'}
2025-05-04 18:25:03,704 : INFO : EventManager : Event: ======'bumpers_lit_hit'====== Args={'shot': 'bumper_left'}
2025-05-04 18:25:03,704 : INFO : EventManager : Event: ======'player_score'====== Args={'value': 3000, 'prev_value': 2000, 'change': 1000, 'player_num': 1, 'source': 'bumpers'}
2025-05-04 18:25:03,815 : INFO : SwitchController : <<<<<<< 's_pop_bumper' inactive >>>>>>>
2025-05-04 18:25:03,877 : INFO : SwitchController : <<<<<<< 's_pop_bumper' active >>>>>>>
2025-05-04 18:25:03,877 : INFO : EventManager : Event: ======'playfield_active'====== Args={'source': 'bumper_left'}
2025-05-04 18:25:03,877 : INFO : EventManager : Event: ======'unexpected_ball_on_playfield'====== Args={}
2025-05-04 18:25:03,877 : INFO : EventManager : Event: ======'s_pop_bumper_active'====== Args={}
2025-05-04 18:25:03,877 : INFO : EventManager : Event: ======'playfield_active'====== Args={'source': 'ac_pop_bumper'}
2025-05-04 18:25:03,877 : INFO : EventManager : Event: ======'unexpected_ball_on_playfield'====== Args={}
2025-05-04 18:25:03,877 : INFO : EventManager : Event: ======'machine_var_audits_switches_s_pop_bumper'====== Args={'value': 4, 'prev_value': 3, 'change': 1}
2025-05-04 18:25:03,877 : INFO : EventManager : Event: ======'machine_var_audits_shots_bumper_left'====== Args={'value': 4, 'prev_value': 3, 'change': 1}
2025-05-04 18:25:03,877 : INFO : EventManager : Event: ======'bumper_left_hit'====== Args={'profile': 'default', 'state': 'lit', 'advancing': False}
2025-05-04 18:25:03,877 : INFO : EventManager : Event: ======'bumper_left_default_hit'====== Args={'profile': 'default', 'state': 'lit', 'advancing': False}
2025-05-04 18:25:03,877 : INFO : EventManager : Event: ======'bumper_left_default_lit_hit'====== Args={'profile': 'default', 'state': 'lit', 'advancing': False}
2025-05-04 18:25:03,877 : INFO : EventManager : Event: ======'bumper_left_lit_hit'====== Args={'profile': 'default', 'state': 'lit', 'advancing': False}
2025-05-04 18:25:03,877 : INFO : EventManager : Event: ======'bumpers_hit'====== Args={'shot': 'bumper_left'}
2025-05-04 18:25:03,877 : INFO : EventManager : Event: ======'bumpers_lit_hit'====== Args={'shot': 'bumper_left'}
2025-05-04 18:25:03,877 : INFO : EventManager : Event: ======'player_score'====== Args={'value': 4000, 'prev_value': 3000, 'change': 1000, 'player_num': 1, 'source': 'bumpers'}
2025-05-04 18:25:04,034 : INFO : SwitchController : <<<<<<< 's_pop_bumper' inactive >>>>>>>
2025-05-04 18:25:04,095 : INFO : SwitchController : <<<<<<< 's_pop_bumper' active >>>>>>>
2025-05-04 18:25:04,095 : INFO : EventManager : Event: ======'playfield_active'====== Args={'source': 'bumper_left'}
2025-05-04 18:25:04,095 : INFO : EventManager : Event: ======'unexpected_ball_on_playfield'====== Args={}
2025-05-04 18:25:04,095 : INFO : EventManager : Event: ======'s_pop_bumper_active'====== Args={}
2025-05-04 18:25:04,095 : INFO : EventManager : Event: ======'playfield_active'====== Args={'source': 'ac_pop_bumper'}
2025-05-04 18:25:04,095 : INFO : EventManager : Event: ======'unexpected_ball_on_playfield'====== Args={}
2025-05-04 18:25:04,095 : INFO : EventManager : Event: ======'machine_var_audits_switches_s_pop_bumper'====== Args={'value': 5, 'prev_value': 4, 'change': 1}
2025-05-04 18:25:04,095 : INFO : EventManager : Event: ======'machine_var_audits_shots_bumper_left'====== Args={'value': 5, 'prev_value': 4, 'change': 1}
2025-05-04 18:25:04,095 : INFO : EventManager : Event: ======'bumper_left_hit'====== Args={'profile': 'default', 'state': 'lit', 'advancing': False}
2025-05-04 18:25:04,095 : INFO : EventManager : Event: ======'bumper_left_default_hit'====== Args={'profile': 'default', 'state': 'lit', 'advancing': False}
2025-05-04 18:25:04,095 : INFO : EventManager : Event: ======'bumper_left_default_lit_hit'====== Args={'profile': 'default', 'state': 'lit', 'advancing': False}
2025-05-04 18:25:04,096 : INFO : EventManager : Event: ======'bumper_left_lit_hit'====== Args={'profile': 'default', 'state': 'lit', 'advancing': False}
2025-05-04 18:25:04,096 : INFO : EventManager : Event: ======'bumpers_hit'====== Args={'shot': 'bumper_left'}
2025-05-04 18:25:04,096 : INFO : EventManager : Event: ======'bumpers_lit_hit'====== Args={'shot': 'bumper_left'}
2025-05-04 18:25:04,096 : INFO : EventManager : Event: ======'player_score'====== Args={'value': 5000, 'prev_value': 4000, 'change': 1000, 'player_num': 1, 'source': 'bumpers'}
2025-05-04 18:25:04,246 : INFO : SwitchController : <<<<<<< 's_pop_bumper' inactive >>>>>>>
2025-05-04 18:25:05,108 : INFO : SwitchController : <<<<<<< 's_pop_bumper' active >>>>>>>
2025-05-04 18:25:05,108 : INFO : EventManager : Event: ======'playfield_active'====== Args={'source': 'bumper_left'}
2025-05-04 18:25:05,108 : INFO : EventManager : Event: ======'unexpected_ball_on_playfield'====== Args={}
2025-05-04 18:25:05,108 : INFO : EventManager : Event: ======'s_pop_bumper_active'====== Args={}
2025-05-04 18:25:05,108 : INFO : EventManager : Event: ======'playfield_active'====== Args={'source': 'ac_pop_bumper'}
2025-05-04 18:25:05,108 : INFO : EventManager : Event: ======'unexpected_ball_on_playfield'====== Args={}
2025-05-04 18:25:05,108 : INFO : EventManager : Event: ======'machine_var_audits_switches_s_pop_bumper'====== Args={'value': 6, 'prev_value': 5, 'change': 1}
2025-05-04 18:25:05,108 : INFO : EventManager : Event: ======'machine_var_audits_shots_bumper_left'====== Args={'value': 6, 'prev_value': 5, 'change': 1}
2025-05-04 18:25:05,109 : INFO : EventManager : Event: ======'bumper_left_hit'====== Args={'profile': 'default', 'state': 'lit', 'advancing': False}
2025-05-04 18:25:05,109 : INFO : EventManager : Event: ======'bumper_left_default_hit'====== Args={'profile': 'default', 'state': 'lit', 'advancing': False}
2025-05-04 18:25:05,109 : INFO : EventManager : Event: ======'bumper_left_default_lit_hit'====== Args={'profile': 'default', 'state': 'lit', 'advancing': False}
2025-05-04 18:25:05,109 : INFO : EventManager : Event: ======'bumper_left_lit_hit'====== Args={'profile': 'default', 'state': 'lit', 'advancing': False}
2025-05-04 18:25:05,109 : INFO : EventManager : Event: ======'bumpers_hit'====== Args={'shot': 'bumper_left'}
2025-05-04 18:25:05,109 : INFO : EventManager : Event: ======'bumpers_lit_hit'====== Args={'shot': 'bumper_left'}
2025-05-04 18:25:05,109 : INFO : EventManager : Event: ======'player_score'====== Args={'value': 6000, 'prev_value': 5000, 'change': 1000, 'player_num': 1, 'source': 'bumpers'}
2025-05-04 18:25:05,229 : INFO : SwitchController : <<<<<<< 's_pop_bumper' inactive >>>>>>>
2025-05-04 18:25:05,279 : INFO : EventManager : Event: ======'balldevice_bd_trough_ball_eject_failed'====== Args={'target': <ball_device.bd_plunger>, 'balls': 1, 'retry': True, 'num_attempts': 2}
2025-05-04 18:25:05,279 : INFO : ball_device.bd_trough : State: waiting_for_target_ready
2025-05-04 18:25:05,279 : INFO : EventManager : Event: ======'balldevice_bd_trough_ball_eject_attempt'====== Args={'balls': 1, 'target': <ball_device.bd_plunger>, 'source': <ball_device.bd_trough>, 'mechanical_eject': True, 'num_attempts': 2}
2025-05-04 18:25:05,279 : INFO : ball_device.bd_trough : State: ejecting
2025-05-04 18:25:05,280 : INFO : ball_device.bd_trough : Ejecting ball to <ball_device.bd_plunger>
2025-05-04 18:25:05,280 : INFO : EventManager : Event: ======'balldevice_bd_trough_ejecting_ball'====== Args={'balls': 1, 'target': <ball_device.bd_plunger>, 'source': <ball_device.bd_trough>, 'mechanical_eject': True, 'num_attempts': 2}
2025-05-04 18:25:05,280 : INFO : ball_device.bd_trough : Wait for ball to leave device
2025-05-04 18:25:05,280 : INFO : coil.c_trough_eject : Pulsing Driver for 15ms (1.0 pulse_power)
2025-05-04 18:25:05,332 : INFO : SwitchController : <<<<<<< 's_pop_bumper' active >>>>>>>
2025-05-04 18:25:05,332 : INFO : EventManager : Event: ======'playfield_active'====== Args={'source': 'bumper_left'}
2025-05-04 18:25:05,332 : INFO : EventManager : Event: ======'unexpected_ball_on_playfield'====== Args={}
2025-05-04 18:25:05,332 : INFO : EventManager : Event: ======'s_pop_bumper_active'====== Args={}
2025-05-04 18:25:05,332 : INFO : EventManager : Event: ======'playfield_active'====== Args={'source': 'ac_pop_bumper'}
2025-05-04 18:25:05,332 : INFO : EventManager : Event: ======'unexpected_ball_on_playfield'====== Args={}
2025-05-04 18:25:05,332 : INFO : EventManager : Event: ======'machine_var_audits_switches_s_pop_bumper'====== Args={'value': 7, 'prev_value': 6, 'change': 1}
2025-05-04 18:25:05,332 : INFO : EventManager : Event: ======'machine_var_audits_shots_bumper_left'====== Args={'value': 7, 'prev_value': 6, 'change': 1}
2025-05-04 18:25:05,332 : INFO : EventManager : Event: ======'bumper_left_hit'====== Args={'profile': 'default', 'state': 'lit', 'advancing': False}
2025-05-04 18:25:05,332 : INFO : EventManager : Event: ======'bumper_left_default_hit'====== Args={'profile': 'default', 'state': 'lit', 'advancing': False}
2025-05-04 18:25:05,332 : INFO : EventManager : Event: ======'bumper_left_default_lit_hit'====== Args={'profile': 'default', 'state': 'lit', 'advancing': False}
2025-05-04 18:25:05,332 : INFO : EventManager : Event: ======'bumper_left_lit_hit'====== Args={'profile': 'default', 'state': 'lit', 'advancing': False}
2025-05-04 18:25:05,332 : INFO : EventManager : Event: ======'bumpers_hit'====== Args={'shot': 'bumper_left'}
2025-05-04 18:25:05,332 : INFO : EventManager : Event: ======'bumpers_lit_hit'====== Args={'shot': 'bumper_left'}
2025-05-04 18:25:05,332 : INFO : EventManager : Event: ======'player_score'====== Args={'value': 7000, 'prev_value': 6000, 'change': 1000, 'player_num': 1, 'source': 'bumpers'}
2025-05-04 18:25:05,435 : INFO : SwitchController : <<<<<<< 's_pop_bumper' inactive >>>>>>>
2025-05-04 18:25:05,531 : INFO : SwitchController : <<<<<<< 's_pop_bumper' active >>>>>>>
2025-05-04 18:25:05,531 : INFO : EventManager : Event: ======'playfield_active'====== Args={'source': 'bumper_left'}
2025-05-04 18:25:05,531 : INFO : EventManager : Event: ======'unexpected_ball_on_playfield'====== Args={}
2025-05-04 18:25:05,531 : INFO : EventManager : Event: ======'s_pop_bumper_active'====== Args={}
2025-05-04 18:25:05,531 : INFO : EventManager : Event: ======'playfield_active'====== Args={'source': 'ac_pop_bumper'}
2025-05-04 18:25:05,531 : INFO : EventManager : Event: ======'unexpected_ball_on_playfield'====== Args={}
2025-05-04 18:25:05,531 : INFO : EventManager : Event: ======'machine_var_audits_switches_s_pop_bumper'====== Args={'value': 8, 'prev_value': 7, 'change': 1}
2025-05-04 18:25:05,531 : INFO : EventManager : Event: ======'machine_var_audits_shots_bumper_left'====== Args={'value': 8, 'prev_value': 7, 'change': 1}
2025-05-04 18:25:05,531 : INFO : EventManager : Event: ======'bumper_left_hit'====== Args={'profile': 'default', 'state': 'lit', 'advancing': False}
2025-05-04 18:25:05,531 : INFO : EventManager : Event: ======'bumper_left_default_hit'====== Args={'profile': 'default', 'state': 'lit', 'advancing': False}
2025-05-04 18:25:05,531 : INFO : EventManager : Event: ======'bumper_left_default_lit_hit'====== Args={'profile': 'default', 'state': 'lit', 'advancing': False}
2025-05-04 18:25:05,531 : INFO : EventManager : Event: ======'bumper_left_lit_hit'====== Args={'profile': 'default', 'state': 'lit', 'advancing': False}
2025-05-04 18:25:05,531 : INFO : EventManager : Event: ======'bumpers_hit'====== Args={'shot': 'bumper_left'}
2025-05-04 18:25:05,531 : INFO : EventManager : Event: ======'bumpers_lit_hit'====== Args={'shot': 'bumper_left'}
2025-05-04 18:25:05,531 : INFO : EventManager : Event: ======'player_score'====== Args={'value': 8000, 'prev_value': 7000, 'change': 1000, 'player_num': 1, 'source': 'bumpers'}
2025-05-04 18:25:05,636 : INFO : SwitchController : <<<<<<< 's_pop_bumper' inactive >>>>>>>
2025-05-04 18:25:05,694 : INFO : SwitchController : <<<<<<< 's_pop_bumper' active >>>>>>>
2025-05-04 18:25:05,694 : INFO : EventManager : Event: ======'playfield_active'====== Args={'source': 'bumper_left'}
2025-05-04 18:25:05,694 : INFO : EventManager : Event: ======'unexpected_ball_on_playfield'====== Args={}
2025-05-04 18:25:05,694 : INFO : EventManager : Event: ======'s_pop_bumper_active'====== Args={}
2025-05-04 18:25:05,694 : INFO : EventManager : Event: ======'playfield_active'====== Args={'source': 'ac_pop_bumper'}
2025-05-04 18:25:05,694 : INFO : EventManager : Event: ======'unexpected_ball_on_playfield'====== Args={}
2025-05-04 18:25:05,694 : INFO : EventManager : Event: ======'machine_var_audits_switches_s_pop_bumper'====== Args={'value': 9, 'prev_value': 8, 'change': 1}
2025-05-04 18:25:05,694 : INFO : EventManager : Event: ======'machine_var_audits_shots_bumper_left'====== Args={'value': 9, 'prev_value': 8, 'change': 1}
2025-05-04 18:25:05,694 : INFO : EventManager : Event: ======'bumper_left_hit'====== Args={'profile': 'default', 'state': 'lit', 'advancing': False}
2025-05-04 18:25:05,694 : INFO : EventManager : Event: ======'bumper_left_default_hit'====== Args={'profile': 'default', 'state': 'lit', 'advancing': False}
2025-05-04 18:25:05,694 : INFO : EventManager : Event: ======'bumper_left_default_lit_hit'====== Args={'profile': 'default', 'state': 'lit', 'advancing': False}
2025-05-04 18:25:05,694 : INFO : EventManager : Event: ======'bumper_left_lit_hit'====== Args={'profile': 'default', 'state': 'lit', 'advancing': False}
2025-05-04 18:25:05,694 : INFO : EventManager : Event: ======'bumpers_hit'====== Args={'shot': 'bumper_left'}
2025-05-04 18:25:05,694 : INFO : EventManager : Event: ======'bumpers_lit_hit'====== Args={'shot': 'bumper_left'}
2025-05-04 18:25:05,694 : INFO : EventManager : Event: ======'player_score'====== Args={'value': 9000, 'prev_value': 8000, 'change': 1000, 'player_num': 1, 'source': 'bumpers'}
2025-05-04 18:25:05,833 : INFO : SwitchController : <<<<<<< 's_pop_bumper' inactive >>>>>>>
2025-05-04 18:25:06,021 : INFO : SwitchController : <<<<<<< 's_pop_bumper' active >>>>>>>
2025-05-04 18:25:06,021 : INFO : EventManager : Event: ======'playfield_active'====== Args={'source': 'bumper_left'}
2025-05-04 18:25:06,021 : INFO : EventManager : Event: ======'unexpected_ball_on_playfield'====== Args={}
2025-05-04 18:25:06,021 : INFO : EventManager : Event: ======'s_pop_bumper_active'====== Args={}
2025-05-04 18:25:06,021 : INFO : EventManager : Event: ======'playfield_active'====== Args={'source': 'ac_pop_bumper'}
2025-05-04 18:25:06,021 : INFO : EventManager : Event: ======'unexpected_ball_on_playfield'====== Args={}
2025-05-04 18:25:06,021 : INFO : EventManager : Event: ======'machine_var_audits_switches_s_pop_bumper'====== Args={'value': 10, 'prev_value': 9, 'change': 1}
2025-05-04 18:25:06,022 : INFO : EventManager : Event: ======'machine_var_audits_shots_bumper_left'====== Args={'value': 10, 'prev_value': 9, 'change': 1}
2025-05-04 18:25:06,022 : INFO : EventManager : Event: ======'bumper_left_hit'====== Args={'profile': 'default', 'state': 'lit', 'advancing': False}
2025-05-04 18:25:06,022 : INFO : EventManager : Event: ======'bumper_left_default_hit'====== Args={'profile': 'default', 'state': 'lit', 'advancing': False}
2025-05-04 18:25:06,022 : INFO : EventManager : Event: ======'bumper_left_default_lit_hit'====== Args={'profile': 'default', 'state': 'lit', 'advancing': False}
2025-05-04 18:25:06,022 : INFO : EventManager : Event: ======'bumper_left_lit_hit'====== Args={'profile': 'default', 'state': 'lit', 'advancing': False}
2025-05-04 18:25:06,022 : INFO : EventManager : Event: ======'bumpers_hit'====== Args={'shot': 'bumper_left'}
2025-05-04 18:25:06,022 : INFO : EventManager : Event: ======'bumpers_lit_hit'====== Args={'shot': 'bumper_left'}
2025-05-04 18:25:06,022 : INFO : EventManager : Event: ======'player_score'====== Args={'value': 10000, 'prev_value': 9000, 'change': 1000, 'player_num': 1, 'source': 'bumpers'}
2025-05-04 18:25:06,162 : INFO : SwitchController : <<<<<<< 's_pop_bumper' inactive >>>>>>>
2025-05-04 18:25:06,263 : INFO : SwitchController : <<<<<<< 's_pop_bumper' active >>>>>>>
2025-05-04 18:25:06,263 : INFO : EventManager : Event: ======'playfield_active'====== Args={'source': 'bumper_left'}
2025-05-04 18:25:06,263 : INFO : EventManager : Event: ======'unexpected_ball_on_playfield'====== Args={}
2025-05-04 18:25:06,263 : INFO : EventManager : Event: ======'s_pop_bumper_active'====== Args={}
2025-05-04 18:25:06,263 : INFO : EventManager : Event: ======'playfield_active'====== Args={'source': 'ac_pop_bumper'}
2025-05-04 18:25:06,263 : INFO : EventManager : Event: ======'unexpected_ball_on_playfield'====== Args={}
2025-05-04 18:25:06,263 : INFO : EventManager : Event: ======'machine_var_audits_switches_s_pop_bumper'====== Args={'value': 11, 'prev_value': 10, 'change': 1}
2025-05-04 18:25:06,263 : INFO : EventManager : Event: ======'machine_var_audits_shots_bumper_left'====== Args={'value': 11, 'prev_value': 10, 'change': 1}
2025-05-04 18:25:06,263 : INFO : EventManager : Event: ======'bumper_left_hit'====== Args={'profile': 'default', 'state': 'lit', 'advancing': False}
2025-05-04 18:25:06,263 : INFO : EventManager : Event: ======'bumper_left_default_hit'====== Args={'profile': 'default', 'state': 'lit', 'advancing': False}
2025-05-04 18:25:06,263 : INFO : EventManager : Event: ======'bumper_left_default_lit_hit'====== Args={'profile': 'default', 'state': 'lit', 'advancing': False}
2025-05-04 18:25:06,263 : INFO : EventManager : Event: ======'bumper_left_lit_hit'====== Args={'profile': 'default', 'state': 'lit', 'advancing': False}
2025-05-04 18:25:06,263 : INFO : EventManager : Event: ======'bumpers_hit'====== Args={'shot': 'bumper_left'}
2025-05-04 18:25:06,263 : INFO : EventManager : Event: ======'bumpers_lit_hit'====== Args={'shot': 'bumper_left'}
2025-05-04 18:25:06,263 : INFO : EventManager : Event: ======'player_score'====== Args={'value': 11000, 'prev_value': 10000, 'change': 1000, 'player_num': 1, 'source': 'bumpers'}
2025-05-04 18:25:06,393 : INFO : SwitchController : <<<<<<< 's_pop_bumper' inactive >>>>>>>
2025-05-04 18:25:06,600 : INFO : SwitchController : <<<<<<< 's_pop_bumper' active >>>>>>>
2025-05-04 18:25:06,600 : INFO : EventManager : Event: ======'playfield_active'====== Args={'source': 'bumper_left'}
2025-05-04 18:25:06,600 : INFO : EventManager : Event: ======'unexpected_ball_on_playfield'====== Args={}
2025-05-04 18:25:06,600 : INFO : EventManager : Event: ======'s_pop_bumper_active'====== Args={}
2025-05-04 18:25:06,600 : INFO : EventManager : Event: ======'playfield_active'====== Args={'source': 'ac_pop_bumper'}
2025-05-04 18:25:06,600 : INFO : EventManager : Event: ======'unexpected_ball_on_playfield'====== Args={}
2025-05-04 18:25:06,600 : INFO : EventManager : Event: ======'machine_var_audits_switches_s_pop_bumper'====== Args={'value': 12, 'prev_value': 11, 'change': 1}
2025-05-04 18:25:06,600 : INFO : EventManager : Event: ======'machine_var_audits_shots_bumper_left'====== Args={'value': 12, 'prev_value': 11, 'change': 1}
2025-05-04 18:25:06,600 : INFO : EventManager : Event: ======'bumper_left_hit'====== Args={'profile': 'default', 'state': 'lit', 'advancing': False}
2025-05-04 18:25:06,600 : INFO : EventManager : Event: ======'bumper_left_default_hit'====== Args={'profile': 'default', 'state': 'lit', 'advancing': False}
2025-05-04 18:25:06,600 : INFO : EventManager : Event: ======'bumper_left_default_lit_hit'====== Args={'profile': 'default', 'state': 'lit', 'advancing': False}
2025-05-04 18:25:06,600 : INFO : EventManager : Event: ======'bumper_left_lit_hit'====== Args={'profile': 'default', 'state': 'lit', 'advancing': False}
2025-05-04 18:25:06,600 : INFO : EventManager : Event: ======'bumpers_hit'====== Args={'shot': 'bumper_left'}
2025-05-04 18:25:06,600 : INFO : EventManager : Event: ======'bumpers_lit_hit'====== Args={'shot': 'bumper_left'}
2025-05-04 18:25:06,600 : INFO : EventManager : Event: ======'player_score'====== Args={'value': 12000, 'prev_value': 11000, 'change': 1000, 'player_num': 1, 'source': 'bumpers'}
2025-05-04 18:25:06,721 : INFO : SwitchController : <<<<<<< 's_pop_bumper' inactive >>>>>>>
2025-05-04 18:25:06,797 : INFO : SwitchController : <<<<<<< 's_pop_bumper' active >>>>>>>
2025-05-04 18:25:06,797 : INFO : EventManager : Event: ======'playfield_active'====== Args={'source': 'bumper_left'}
2025-05-04 18:25:06,797 : INFO : EventManager : Event: ======'unexpected_ball_on_playfield'====== Args={}
2025-05-04 18:25:06,797 : INFO : EventManager : Event: ======'s_pop_bumper_active'====== Args={}
2025-05-04 18:25:06,797 : INFO : EventManager : Event: ======'playfield_active'====== Args={'source': 'ac_pop_bumper'}
2025-05-04 18:25:06,797 : INFO : EventManager : Event: ======'unexpected_ball_on_playfield'====== Args={}
2025-05-04 18:25:06,797 : INFO : EventManager : Event: ======'machine_var_audits_switches_s_pop_bumper'====== Args={'value': 13, 'prev_value': 12, 'change': 1}
2025-05-04 18:25:06,797 : INFO : EventManager : Event: ======'machine_var_audits_shots_bumper_left'====== Args={'value': 13, 'prev_value': 12, 'change': 1}
2025-05-04 18:25:06,797 : INFO : EventManager : Event: ======'bumper_left_hit'====== Args={'profile': 'default', 'state': 'lit', 'advancing': False}
2025-05-04 18:25:06,797 : INFO : EventManager : Event: ======'bumper_left_default_hit'====== Args={'profile': 'default', 'state': 'lit', 'advancing': False}
2025-05-04 18:25:06,797 : INFO : EventManager : Event: ======'bumper_left_default_lit_hit'====== Args={'profile': 'default', 'state': 'lit', 'advancing': False}
2025-05-04 18:25:06,798 : INFO : EventManager : Event: ======'bumper_left_lit_hit'====== Args={'profile': 'default', 'state': 'lit', 'advancing': False}
2025-05-04 18:25:06,798 : INFO : EventManager : Event: ======'bumpers_hit'====== Args={'shot': 'bumper_left'}
2025-05-04 18:25:06,798 : INFO : EventManager : Event: ======'bumpers_lit_hit'====== Args={'shot': 'bumper_left'}
2025-05-04 18:25:06,798 : INFO : EventManager : Event: ======'player_score'====== Args={'value': 13000, 'prev_value': 12000, 'change': 1000, 'player_num': 1, 'source': 'bumpers'}
2025-05-04 18:25:06,901 : INFO : SwitchController : <<<<<<< 's_pop_bumper' inactive >>>>>>>
2025-05-04 18:25:06,981 : INFO : SwitchController : <<<<<<< 's_pop_bumper' active >>>>>>>
2025-05-04 18:25:06,981 : INFO : EventManager : Event: ======'playfield_active'====== Args={'source': 'bumper_left'}
2025-05-04 18:25:06,981 : INFO : EventManager : Event: ======'unexpected_ball_on_playfield'====== Args={}
2025-05-04 18:25:06,981 : INFO : EventManager : Event: ======'s_pop_bumper_active'====== Args={}
2025-05-04 18:25:06,981 : INFO : EventManager : Event: ======'playfield_active'====== Args={'source': 'ac_pop_bumper'}
2025-05-04 18:25:06,981 : INFO : EventManager : Event: ======'unexpected_ball_on_playfield'====== Args={}
2025-05-04 18:25:06,981 : INFO : EventManager : Event: ======'machine_var_audits_switches_s_pop_bumper'====== Args={'value': 14, 'prev_value': 13, 'change': 1}
2025-05-04 18:25:06,981 : INFO : EventManager : Event: ======'machine_var_audits_shots_bumper_left'====== Args={'value': 14, 'prev_value': 13, 'change': 1}
2025-05-04 18:25:06,981 : INFO : EventManager : Event: ======'bumper_left_hit'====== Args={'profile': 'default', 'state': 'lit', 'advancing': False}
2025-05-04 18:25:06,981 : INFO : EventManager : Event: ======'bumper_left_default_hit'====== Args={'profile': 'default', 'state': 'lit', 'advancing': False}
2025-05-04 18:25:06,981 : INFO : EventManager : Event: ======'bumper_left_default_lit_hit'====== Args={'profile': 'default', 'state': 'lit', 'advancing': False}
2025-05-04 18:25:06,981 : INFO : EventManager : Event: ======'bumper_left_lit_hit'====== Args={'profile': 'default', 'state': 'lit', 'advancing': False}
2025-05-04 18:25:06,981 : INFO : EventManager : Event: ======'bumpers_hit'====== Args={'shot': 'bumper_left'}
2025-05-04 18:25:06,981 : INFO : EventManager : Event: ======'bumpers_lit_hit'====== Args={'shot': 'bumper_left'}
2025-05-04 18:25:06,981 : INFO : EventManager : Event: ======'player_score'====== Args={'value': 14000, 'prev_value': 13000, 'change': 1000, 'player_num': 1, 'source': 'bumpers'}
2025-05-04 18:25:07,099 : INFO : SwitchController : <<<<<<< 's_pop_bumper' inactive >>>>>>>
2025-05-04 18:25:07,186 : INFO : SwitchController : <<<<<<< 's_pop_bumper' active >>>>>>>
2025-05-04 18:25:07,186 : INFO : EventManager : Event: ======'playfield_active'====== Args={'source': 'bumper_left'}
2025-05-04 18:25:07,186 : INFO : EventManager : Event: ======'unexpected_ball_on_playfield'====== Args={}
2025-05-04 18:25:07,186 : INFO : EventManager : Event: ======'s_pop_bumper_active'====== Args={}
2025-05-04 18:25:07,186 : INFO : EventManager : Event: ======'playfield_active'====== Args={'source': 'ac_pop_bumper'}
2025-05-04 18:25:07,186 : INFO : EventManager : Event: ======'unexpected_ball_on_playfield'====== Args={}
2025-05-04 18:25:07,186 : INFO : EventManager : Event: ======'machine_var_audits_switches_s_pop_bumper'====== Args={'value': 15, 'prev_value': 14, 'change': 1}
2025-05-04 18:25:07,186 : INFO : EventManager : Event: ======'machine_var_audits_shots_bumper_left'====== Args={'value': 15, 'prev_value': 14, 'change': 1}
2025-05-04 18:25:07,186 : INFO : EventManager : Event: ======'bumper_left_hit'====== Args={'profile': 'default', 'state': 'lit', 'advancing': False}
2025-05-04 18:25:07,186 : INFO : EventManager : Event: ======'bumper_left_default_hit'====== Args={'profile': 'default', 'state': 'lit', 'advancing': False}
2025-05-04 18:25:07,186 : INFO : EventManager : Event: ======'bumper_left_default_lit_hit'====== Args={'profile': 'default', 'state': 'lit', 'advancing': False}
2025-05-04 18:25:07,186 : INFO : EventManager : Event: ======'bumper_left_lit_hit'====== Args={'profile': 'default', 'state': 'lit', 'advancing': False}
2025-05-04 18:25:07,186 : INFO : EventManager : Event: ======'bumpers_hit'====== Args={'shot': 'bumper_left'}
2025-05-04 18:25:07,186 : INFO : EventManager : Event: ======'bumpers_lit_hit'====== Args={'shot': 'bumper_left'}
2025-05-04 18:25:07,186 : INFO : EventManager : Event: ======'player_score'====== Args={'value': 15000, 'prev_value': 14000, 'change': 1000, 'player_num': 1, 'source': 'bumpers'}
2025-05-04 18:25:07,283 : INFO : EventManager : Event: ======'balldevice_bd_trough_ball_eject_failed'====== Args={'target': <ball_device.bd_plunger>, 'balls': 1, 'retry': True, 'num_attempts': 3}
2025-05-04 18:25:07,283 : INFO : ball_device.bd_trough : State: waiting_for_target_ready
2025-05-04 18:25:07,283 : INFO : EventManager : Event: ======'balldevice_bd_trough_ball_eject_attempt'====== Args={'balls': 1, 'target': <ball_device.bd_plunger>, 'source': <ball_device.bd_trough>, 'mechanical_eject': True, 'num_attempts': 3}
2025-05-04 18:25:07,284 : INFO : ball_device.bd_trough : State: ejecting
2025-05-04 18:25:07,284 : INFO : ball_device.bd_trough : Ejecting ball to <ball_device.bd_plunger>
2025-05-04 18:25:07,284 : INFO : EventManager : Event: ======'balldevice_bd_trough_ejecting_ball'====== Args={'balls': 1, 'target': <ball_device.bd_plunger>, 'source': <ball_device.bd_trough>, 'mechanical_eject': True, 'num_attempts': 3}
2025-05-04 18:25:07,284 : INFO : ball_device.bd_trough : Wait for ball to leave device
2025-05-04 18:25:07,284 : INFO : coil.c_trough_eject : Pulsing Driver for 15ms (1.0 pulse_power)
2025-05-04 18:25:07,322 : INFO : SwitchController : <<<<<<< 's_pop_bumper' inactive >>>>>>>
2025-05-04 18:25:07,607 : INFO : SwitchController : <<<<<<< 's_pop_bumper' active >>>>>>>
2025-05-04 18:25:07,607 : INFO : EventManager : Event: ======'playfield_active'====== Args={'source': 'bumper_left'}
2025-05-04 18:25:07,607 : INFO : EventManager : Event: ======'unexpected_ball_on_playfield'====== Args={}
2025-05-04 18:25:07,607 : INFO : EventManager : Event: ======'s_pop_bumper_active'====== Args={}
2025-05-04 18:25:07,607 : INFO : EventManager : Event: ======'playfield_active'====== Args={'source': 'ac_pop_bumper'}
2025-05-04 18:25:07,607 : INFO : EventManager : Event: ======'unexpected_ball_on_playfield'====== Args={}
2025-05-04 18:25:07,607 : INFO : EventManager : Event: ======'machine_var_audits_switches_s_pop_bumper'====== Args={'value': 16, 'prev_value': 15, 'change': 1}
2025-05-04 18:25:07,607 : INFO : EventManager : Event: ======'machine_var_audits_shots_bumper_left'====== Args={'value': 16, 'prev_value': 15, 'change': 1}
2025-05-04 18:25:07,607 : INFO : EventManager : Event: ======'bumper_left_hit'====== Args={'profile': 'default', 'state': 'lit', 'advancing': False}
2025-05-04 18:25:07,607 : INFO : EventManager : Event: ======'bumper_left_default_hit'====== Args={'profile': 'default', 'state': 'lit', 'advancing': False}
2025-05-04 18:25:07,607 : INFO : EventManager : Event: ======'bumper_left_default_lit_hit'====== Args={'profile': 'default', 'state': 'lit', 'advancing': False}
2025-05-04 18:25:07,607 : INFO : EventManager : Event: ======'bumper_left_lit_hit'====== Args={'profile': 'default', 'state': 'lit', 'advancing': False}
2025-05-04 18:25:07,607 : INFO : EventManager : Event: ======'bumpers_hit'====== Args={'shot': 'bumper_left'}
2025-05-04 18:25:07,607 : INFO : EventManager : Event: ======'bumpers_lit_hit'====== Args={'shot': 'bumper_left'}
2025-05-04 18:25:07,607 : INFO : EventManager : Event: ======'player_score'====== Args={'value': 16000, 'prev_value': 15000, 'change': 1000, 'player_num': 1, 'source': 'bumpers'}
2025-05-04 18:25:07,710 : INFO : SwitchController : <<<<<<< 's_pop_bumper' inactive >>>>>>>
2025-05-04 18:25:07,788 : INFO : SwitchController : <<<<<<< 's_pop_bumper' active >>>>>>>
2025-05-04 18:25:07,788 : INFO : EventManager : Event: ======'playfield_active'====== Args={'source': 'bumper_left'}
2025-05-04 18:25:07,788 : INFO : EventManager : Event: ======'unexpected_ball_on_playfield'====== Args={}
2025-05-04 18:25:07,788 : INFO : EventManager : Event: ======'s_pop_bumper_active'====== Args={}
2025-05-04 18:25:07,788 : INFO : EventManager : Event: ======'playfield_active'====== Args={'source': 'ac_pop_bumper'}
2025-05-04 18:25:07,788 : INFO : EventManager : Event: ======'unexpected_ball_on_playfield'====== Args={}
2025-05-04 18:25:07,788 : INFO : EventManager : Event: ======'machine_var_audits_switches_s_pop_bumper'====== Args={'value': 17, 'prev_value': 16, 'change': 1}
2025-05-04 18:25:07,788 : INFO : EventManager : Event: ======'machine_var_audits_shots_bumper_left'====== Args={'value': 17, 'prev_value': 16, 'change': 1}
2025-05-04 18:25:07,788 : INFO : EventManager : Event: ======'bumper_left_hit'====== Args={'profile': 'default', 'state': 'lit', 'advancing': False}
2025-05-04 18:25:07,788 : INFO : EventManager : Event: ======'bumper_left_default_hit'====== Args={'profile': 'default', 'state': 'lit', 'advancing': False}
2025-05-04 18:25:07,788 : INFO : EventManager : Event: ======'bumper_left_default_lit_hit'====== Args={'profile': 'default', 'state': 'lit', 'advancing': False}
2025-05-04 18:25:07,788 : INFO : EventManager : Event: ======'bumper_left_lit_hit'====== Args={'profile': 'default', 'state': 'lit', 'advancing': False}
2025-05-04 18:25:07,788 : INFO : EventManager : Event: ======'bumpers_hit'====== Args={'shot': 'bumper_left'}
2025-05-04 18:25:07,788 : INFO : EventManager : Event: ======'bumpers_lit_hit'====== Args={'shot': 'bumper_left'}
2025-05-04 18:25:07,788 : INFO : EventManager : Event: ======'player_score'====== Args={'value': 17000, 'prev_value': 16000, 'change': 1000, 'player_num': 1, 'source': 'bumpers'}
2025-05-04 18:25:07,900 : INFO : SwitchController : <<<<<<< 's_pop_bumper' inactive >>>>>>>
2025-05-04 18:25:07,951 : INFO : SwitchController : <<<<<<< 's_pop_bumper' active >>>>>>>
2025-05-04 18:25:07,951 : INFO : EventManager : Event: ======'playfield_active'====== Args={'source': 'bumper_left'}
2025-05-04 18:25:07,951 : INFO : EventManager : Event: ======'unexpected_ball_on_playfield'====== Args={}
2025-05-04 18:25:07,951 : INFO : EventManager : Event: ======'s_pop_bumper_active'====== Args={}
2025-05-04 18:25:07,951 : INFO : EventManager : Event: ======'playfield_active'====== Args={'source': 'ac_pop_bumper'}
2025-05-04 18:25:07,951 : INFO : EventManager : Event: ======'unexpected_ball_on_playfield'====== Args={}
2025-05-04 18:25:07,951 : INFO : EventManager : Event: ======'machine_var_audits_switches_s_pop_bumper'====== Args={'value': 18, 'prev_value': 17, 'change': 1}
2025-05-04 18:25:07,952 : INFO : EventManager : Event: ======'machine_var_audits_shots_bumper_left'====== Args={'value': 18, 'prev_value': 17, 'change': 1}
2025-05-04 18:25:07,952 : INFO : EventManager : Event: ======'bumper_left_hit'====== Args={'profile': 'default', 'state': 'lit', 'advancing': False}
2025-05-04 18:25:07,952 : INFO : EventManager : Event: ======'bumper_left_default_hit'====== Args={'profile': 'default', 'state': 'lit', 'advancing': False}
2025-05-04 18:25:07,952 : INFO : EventManager : Event: ======'bumper_left_default_lit_hit'====== Args={'profile': 'default', 'state': 'lit', 'advancing': False}
2025-05-04 18:25:07,952 : INFO : EventManager : Event: ======'bumper_left_lit_hit'====== Args={'profile': 'default', 'state': 'lit', 'advancing': False}
2025-05-04 18:25:07,952 : INFO : EventManager : Event: ======'bumpers_hit'====== Args={'shot': 'bumper_left'}
2025-05-04 18:25:07,952 : INFO : EventManager : Event: ======'bumpers_lit_hit'====== Args={'shot': 'bumper_left'}
2025-05-04 18:25:07,952 : INFO : EventManager : Event: ======'player_score'====== Args={'value': 18000, 'prev_value': 17000, 'change': 1000, 'player_num': 1, 'source': 'bumpers'}
2025-05-04 18:25:08,046 : INFO : SwitchController : <<<<<<< 's_pop_bumper' inactive >>>>>>>
2025-05-04 18:25:08,124 : INFO : SwitchController : <<<<<<< 's_pop_bumper' active >>>>>>>
2025-05-04 18:25:08,124 : INFO : EventManager : Event: ======'playfield_active'====== Args={'source': 'bumper_left'}
2025-05-04 18:25:08,124 : INFO : EventManager : Event: ======'unexpected_ball_on_playfield'====== Args={}
2025-05-04 18:25:08,124 : INFO : EventManager : Event: ======'s_pop_bumper_active'====== Args={}
2025-05-04 18:25:08,124 : INFO : EventManager : Event: ======'playfield_active'====== Args={'source': 'ac_pop_bumper'}
2025-05-04 18:25:08,124 : INFO : EventManager : Event: ======'unexpected_ball_on_playfield'====== Args={}
2025-05-04 18:25:08,124 : INFO : EventManager : Event: ======'machine_var_audits_switches_s_pop_bumper'====== Args={'value': 19, 'prev_value': 18, 'change': 1}
2025-05-04 18:25:08,124 : INFO : EventManager : Event: ======'machine_var_audits_shots_bumper_left'====== Args={'value': 19, 'prev_value': 18, 'change': 1}
2025-05-04 18:25:08,124 : INFO : EventManager : Event: ======'bumper_left_hit'====== Args={'profile': 'default', 'state': 'lit', 'advancing': False}
2025-05-04 18:25:08,124 : INFO : EventManager : Event: ======'bumper_left_default_hit'====== Args={'profile': 'default', 'state': 'lit', 'advancing': False}
2025-05-04 18:25:08,124 : INFO : EventManager : Event: ======'bumper_left_default_lit_hit'====== Args={'profile': 'default', 'state': 'lit', 'advancing': False}
2025-05-04 18:25:08,124 : INFO : EventManager : Event: ======'bumper_left_lit_hit'====== Args={'profile': 'default', 'state': 'lit', 'advancing': False}
2025-05-04 18:25:08,124 : INFO : EventManager : Event: ======'bumpers_hit'====== Args={'shot': 'bumper_left'}
2025-05-04 18:25:08,124 : INFO : EventManager : Event: ======'bumpers_lit_hit'====== Args={'shot': 'bumper_left'}
2025-05-04 18:25:08,124 : INFO : EventManager : Event: ======'player_score'====== Args={'value': 19000, 'prev_value': 18000, 'change': 1000, 'player_num': 1, 'source': 'bumpers'}
2025-05-04 18:25:08,253 : INFO : SwitchController : <<<<<<< 's_pop_bumper' inactive >>>>>>>
2025-05-04 18:25:08,555 : INFO : SwitchController : <<<<<<< 's_pop_bumper' active >>>>>>>
2025-05-04 18:25:08,555 : INFO : EventManager : Event: ======'playfield_active'====== Args={'source': 'bumper_left'}
2025-05-04 18:25:08,555 : INFO : EventManager : Event: ======'unexpected_ball_on_playfield'====== Args={}
2025-05-04 18:25:08,555 : INFO : EventManager : Event: ======'s_pop_bumper_active'====== Args={}
2025-05-04 18:25:08,555 : INFO : EventManager : Event: ======'playfield_active'====== Args={'source': 'ac_pop_bumper'}
2025-05-04 18:25:08,555 : INFO : EventManager : Event: ======'unexpected_ball_on_playfield'====== Args={}
2025-05-04 18:25:08,555 : INFO : EventManager : Event: ======'machine_var_audits_switches_s_pop_bumper'====== Args={'value': 20, 'prev_value': 19, 'change': 1}
2025-05-04 18:25:08,555 : INFO : EventManager : Event: ======'machine_var_audits_shots_bumper_left'====== Args={'value': 20, 'prev_value': 19, 'change': 1}
2025-05-04 18:25:08,555 : INFO : EventManager : Event: ======'bumper_left_hit'====== Args={'profile': 'default', 'state': 'lit', 'advancing': False}
2025-05-04 18:25:08,555 : INFO : EventManager : Event: ======'bumper_left_default_hit'====== Args={'profile': 'default', 'state': 'lit', 'advancing': False}
2025-05-04 18:25:08,555 : INFO : EventManager : Event: ======'bumper_left_default_lit_hit'====== Args={'profile': 'default', 'state': 'lit', 'advancing': False}
2025-05-04 18:25:08,555 : INFO : EventManager : Event: ======'bumper_left_lit_hit'====== Args={'profile': 'default', 'state': 'lit', 'advancing': False}
2025-05-04 18:25:08,555 : INFO : EventManager : Event: ======'bumpers_hit'====== Args={'shot': 'bumper_left'}
2025-05-04 18:25:08,555 : INFO : EventManager : Event: ======'bumpers_lit_hit'====== Args={'shot': 'bumper_left'}
2025-05-04 18:25:08,555 : INFO : EventManager : Event: ======'player_score'====== Args={'value': 20000, 'prev_value': 19000, 'change': 1000, 'player_num': 1, 'source': 'bumpers'}
2025-05-04 18:25:08,658 : INFO : SwitchController : <<<<<<< 's_pop_bumper' inactive >>>>>>>
2025-05-04 18:25:08,753 : INFO : SwitchController : <<<<<<< 's_pop_bumper' active >>>>>>>
2025-05-04 18:25:08,753 : INFO : EventManager : Event: ======'playfield_active'====== Args={'source': 'bumper_left'}
2025-05-04 18:25:08,753 : INFO : EventManager : Event: ======'unexpected_ball_on_playfield'====== Args={}
2025-05-04 18:25:08,753 : INFO : EventManager : Event: ======'s_pop_bumper_active'====== Args={}
2025-05-04 18:25:08,753 : INFO : EventManager : Event: ======'playfield_active'====== Args={'source': 'ac_pop_bumper'}
2025-05-04 18:25:08,753 : INFO : EventManager : Event: ======'unexpected_ball_on_playfield'====== Args={}
2025-05-04 18:25:08,753 : INFO : EventManager : Event: ======'machine_var_audits_switches_s_pop_bumper'====== Args={'value': 21, 'prev_value': 20, 'change': 1}
2025-05-04 18:25:08,753 : INFO : EventManager : Event: ======'machine_var_audits_shots_bumper_left'====== Args={'value': 21, 'prev_value': 20, 'change': 1}
2025-05-04 18:25:08,753 : INFO : EventManager : Event: ======'bumper_left_hit'====== Args={'profile': 'default', 'state': 'lit', 'advancing': False}
2025-05-04 18:25:08,754 : INFO : EventManager : Event: ======'bumper_left_default_hit'====== Args={'profile': 'default', 'state': 'lit', 'advancing': False}
2025-05-04 18:25:08,754 : INFO : EventManager : Event: ======'bumper_left_default_lit_hit'====== Args={'profile': 'default', 'state': 'lit', 'advancing': False}
2025-05-04 18:25:08,754 : INFO : EventManager : Event: ======'bumper_left_lit_hit'====== Args={'profile': 'default', 'state': 'lit', 'advancing': False}
2025-05-04 18:25:08,754 : INFO : EventManager : Event: ======'bumpers_hit'====== Args={'shot': 'bumper_left'}
2025-05-04 18:25:08,754 : INFO : EventManager : Event: ======'bumpers_lit_hit'====== Args={'shot': 'bumper_left'}
2025-05-04 18:25:08,754 : INFO : EventManager : Event: ======'player_score'====== Args={'value': 21000, 'prev_value': 20000, 'change': 1000, 'player_num': 1, 'source': 'bumpers'}
2025-05-04 18:25:08,856 : INFO : SwitchController : <<<<<<< 's_pop_bumper' inactive >>>>>>>
2025-05-04 18:25:09,166 : INFO : SwitchController : <<<<<<< 's_pop_bumper' active >>>>>>>
2025-05-04 18:25:09,166 : INFO : EventManager : Event: ======'playfield_active'====== Args={'source': 'bumper_left'}
2025-05-04 18:25:09,166 : INFO : EventManager : Event: ======'unexpected_ball_on_playfield'====== Args={}
2025-05-04 18:25:09,166 : INFO : EventManager : Event: ======'s_pop_bumper_active'====== Args={}
2025-05-04 18:25:09,166 : INFO : EventManager : Event: ======'playfield_active'====== Args={'source': 'ac_pop_bumper'}
2025-05-04 18:25:09,166 : INFO : EventManager : Event: ======'unexpected_ball_on_playfield'====== Args={}
2025-05-04 18:25:09,166 : INFO : EventManager : Event: ======'machine_var_audits_switches_s_pop_bumper'====== Args={'value': 22, 'prev_value': 21, 'change': 1}
2025-05-04 18:25:09,166 : INFO : EventManager : Event: ======'machine_var_audits_shots_bumper_left'====== Args={'value': 22, 'prev_value': 21, 'change': 1}
2025-05-04 18:25:09,166 : INFO : EventManager : Event: ======'bumper_left_hit'====== Args={'profile': 'default', 'state': 'lit', 'advancing': False}
2025-05-04 18:25:09,166 : INFO : EventManager : Event: ======'bumper_left_default_hit'====== Args={'profile': 'default', 'state': 'lit', 'advancing': False}
2025-05-04 18:25:09,166 : INFO : EventManager : Event: ======'bumper_left_default_lit_hit'====== Args={'profile': 'default', 'state': 'lit', 'advancing': False}
2025-05-04 18:25:09,166 : INFO : EventManager : Event: ======'bumper_left_lit_hit'====== Args={'profile': 'default', 'state': 'lit', 'advancing': False}
2025-05-04 18:25:09,166 : INFO : EventManager : Event: ======'bumpers_hit'====== Args={'shot': 'bumper_left'}
2025-05-04 18:25:09,166 : INFO : EventManager : Event: ======'bumpers_lit_hit'====== Args={'shot': 'bumper_left'}
2025-05-04 18:25:09,166 : INFO : EventManager : Event: ======'player_score'====== Args={'value': 22000, 'prev_value': 21000, 'change': 1000, 'player_num': 1, 'source': 'bumpers'}
2025-05-04 18:25:09,286 : INFO : EventManager : Event: ======'balldevice_bd_trough_ball_eject_failed'====== Args={'target': <ball_device.bd_plunger>, 'balls': 1, 'retry': True, 'num_attempts': 4}
2025-05-04 18:25:09,286 : INFO : ball_device.bd_trough : State: waiting_for_target_ready
2025-05-04 18:25:09,286 : INFO : EventManager : Event: ======'balldevice_bd_trough_ball_eject_attempt'====== Args={'balls': 1, 'target': <ball_device.bd_plunger>, 'source': <ball_device.bd_trough>, 'mechanical_eject': True, 'num_attempts': 4}
2025-05-04 18:25:09,286 : INFO : ball_device.bd_trough : State: ejecting
2025-05-04 18:25:09,286 : INFO : ball_device.bd_trough : Ejecting ball to <ball_device.bd_plunger>
2025-05-04 18:25:09,286 : INFO : EventManager : Event: ======'balldevice_bd_trough_ejecting_ball'====== Args={'balls': 1, 'target': <ball_device.bd_plunger>, 'source': <ball_device.bd_trough>, 'mechanical_eject': True, 'num_attempts': 4}
2025-05-04 18:25:09,286 : INFO : ball_device.bd_trough : Wait for ball to leave device
2025-05-04 18:25:09,286 : INFO : coil.c_trough_eject : Pulsing Driver for 15ms (1.0 pulse_power)
2025-05-04 18:25:09,312 : INFO : SwitchController : <<<<<<< 's_pop_bumper' inactive >>>>>>>
2025-05-04 18:25:09,484 : INFO : SwitchController : <<<<<<< 's_pop_bumper' active >>>>>>>
2025-05-04 18:25:09,484 : INFO : EventManager : Event: ======'playfield_active'====== Args={'source': 'bumper_left'}
2025-05-04 18:25:09,485 : INFO : EventManager : Event: ======'unexpected_ball_on_playfield'====== Args={}
2025-05-04 18:25:09,485 : INFO : EventManager : Event: ======'s_pop_bumper_active'====== Args={}
2025-05-04 18:25:09,485 : INFO : EventManager : Event: ======'playfield_active'====== Args={'source': 'ac_pop_bumper'}
2025-05-04 18:25:09,485 : INFO : EventManager : Event: ======'unexpected_ball_on_playfield'====== Args={}
2025-05-04 18:25:09,485 : INFO : EventManager : Event: ======'machine_var_audits_switches_s_pop_bumper'====== Args={'value': 23, 'prev_value': 22, 'change': 1}
2025-05-04 18:25:09,485 : INFO : EventManager : Event: ======'machine_var_audits_shots_bumper_left'====== Args={'value': 23, 'prev_value': 22, 'change': 1}
2025-05-04 18:25:09,485 : INFO : EventManager : Event: ======'bumper_left_hit'====== Args={'profile': 'default', 'state': 'lit', 'advancing': False}
2025-05-04 18:25:09,485 : INFO : EventManager : Event: ======'bumper_left_default_hit'====== Args={'profile': 'default', 'state': 'lit', 'advancing': False}
2025-05-04 18:25:09,485 : INFO : EventManager : Event: ======'bumper_left_default_lit_hit'====== Args={'profile': 'default', 'state': 'lit', 'advancing': False}
2025-05-04 18:25:09,485 : INFO : EventManager : Event: ======'bumper_left_lit_hit'====== Args={'profile': 'default', 'state': 'lit', 'advancing': False}
2025-05-04 18:25:09,485 : INFO : EventManager : Event: ======'bumpers_hit'====== Args={'shot': 'bumper_left'}
2025-05-04 18:25:09,485 : INFO : EventManager : Event: ======'bumpers_lit_hit'====== Args={'shot': 'bumper_left'}
2025-05-04 18:25:09,485 : INFO : EventManager : Event: ======'player_score'====== Args={'value': 23000, 'prev_value': 22000, 'change': 1000, 'player_num': 1, 'source': 'bumpers'}
2025-05-04 18:25:09,631 : INFO : SwitchController : <<<<<<< 's_pop_bumper' inactive >>>>>>>
2025-05-04 18:25:09,708 : INFO : SwitchController : <<<<<<< 's_pop_bumper' active >>>>>>>
2025-05-04 18:25:09,709 : INFO : EventManager : Event: ======'playfield_active'====== Args={'source': 'bumper_left'}
2025-05-04 18:25:09,709 : INFO : EventManager : Event: ======'unexpected_ball_on_playfield'====== Args={}
2025-05-04 18:25:09,709 : INFO : EventManager : Event: ======'s_pop_bumper_active'====== Args={}
2025-05-04 18:25:09,709 : INFO : EventManager : Event: ======'playfield_active'====== Args={'source': 'ac_pop_bumper'}
2025-05-04 18:25:09,709 : INFO : EventManager : Event: ======'unexpected_ball_on_playfield'====== Args={}
2025-05-04 18:25:09,709 : INFO : EventManager : Event: ======'machine_var_audits_switches_s_pop_bumper'====== Args={'value': 24, 'prev_value': 23, 'change': 1}
2025-05-04 18:25:09,709 : INFO : EventManager : Event: ======'machine_var_audits_shots_bumper_left'====== Args={'value': 24, 'prev_value': 23, 'change': 1}
2025-05-04 18:25:09,709 : INFO : EventManager : Event: ======'bumper_left_hit'====== Args={'profile': 'default', 'state': 'lit', 'advancing': False}
2025-05-04 18:25:09,709 : INFO : EventManager : Event: ======'bumper_left_default_hit'====== Args={'profile': 'default', 'state': 'lit', 'advancing': False}
2025-05-04 18:25:09,709 : INFO : EventManager : Event: ======'bumper_left_default_lit_hit'====== Args={'profile': 'default', 'state': 'lit', 'advancing': False}
2025-05-04 18:25:09,709 : INFO : EventManager : Event: ======'bumper_left_lit_hit'====== Args={'profile': 'default', 'state': 'lit', 'advancing': False}
2025-05-04 18:25:09,709 : INFO : EventManager : Event: ======'bumpers_hit'====== Args={'shot': 'bumper_left'}
2025-05-04 18:25:09,709 : INFO : EventManager : Event: ======'bumpers_lit_hit'====== Args={'shot': 'bumper_left'}
2025-05-04 18:25:09,709 : INFO : EventManager : Event: ======'player_score'====== Args={'value': 24000, 'prev_value': 23000, 'change': 1000, 'player_num': 1, 'source': 'bumpers'}
2025-05-04 18:25:09,855 : INFO : SwitchController : <<<<<<< 's_pop_bumper' inactive >>>>>>>
2025-05-04 18:25:10,038 : INFO : SwitchController : <<<<<<< 's_pop_bumper' active >>>>>>>
2025-05-04 18:25:10,038 : INFO : EventManager : Event: ======'playfield_active'====== Args={'source': 'bumper_left'}
2025-05-04 18:25:10,038 : INFO : EventManager : Event: ======'unexpected_ball_on_playfield'====== Args={}
2025-05-04 18:25:10,038 : INFO : EventManager : Event: ======'s_pop_bumper_active'====== Args={}
2025-05-04 18:25:10,038 : INFO : EventManager : Event: ======'playfield_active'====== Args={'source': 'ac_pop_bumper'}
2025-05-04 18:25:10,038 : INFO : EventManager : Event: ======'unexpected_ball_on_playfield'====== Args={}
2025-05-04 18:25:10,038 : INFO : EventManager : Event: ======'machine_var_audits_switches_s_pop_bumper'====== Args={'value': 25, 'prev_value': 24, 'change': 1}
2025-05-04 18:25:10,038 : INFO : EventManager : Event: ======'machine_var_audits_shots_bumper_left'====== Args={'value': 25, 'prev_value': 24, 'change': 1}
2025-05-04 18:25:10,038 : INFO : EventManager : Event: ======'bumper_left_hit'====== Args={'profile': 'default', 'state': 'lit', 'advancing': False}
2025-05-04 18:25:10,038 : INFO : EventManager : Event: ======'bumper_left_default_hit'====== Args={'profile': 'default', 'state': 'lit', 'advancing': False}
2025-05-04 18:25:10,038 : INFO : EventManager : Event: ======'bumper_left_default_lit_hit'====== Args={'profile': 'default', 'state': 'lit', 'advancing': False}
2025-05-04 18:25:10,038 : INFO : EventManager : Event: ======'bumper_left_lit_hit'====== Args={'profile': 'default', 'state': 'lit', 'advancing': False}
2025-05-04 18:25:10,038 : INFO : EventManager : Event: ======'bumpers_hit'====== Args={'shot': 'bumper_left'}
2025-05-04 18:25:10,038 : INFO : EventManager : Event: ======'bumpers_lit_hit'====== Args={'shot': 'bumper_left'}
2025-05-04 18:25:10,038 : INFO : EventManager : Event: ======'player_score'====== Args={'value': 25000, 'prev_value': 24000, 'change': 1000, 'player_num': 1, 'source': 'bumpers'}
2025-05-04 18:25:10,183 : INFO : SwitchController : <<<<<<< 's_pop_bumper' inactive >>>>>>>
2025-05-04 18:25:10,399 : INFO : SwitchController : <<<<<<< 's_pop_bumper' active >>>>>>>
2025-05-04 18:25:10,399 : INFO : EventManager : Event: ======'playfield_active'====== Args={'source': 'bumper_left'}
2025-05-04 18:25:10,400 : INFO : EventManager : Event: ======'unexpected_ball_on_playfield'====== Args={}
2025-05-04 18:25:10,400 : INFO : EventManager : Event: ======'s_pop_bumper_active'====== Args={}
2025-05-04 18:25:10,400 : INFO : EventManager : Event: ======'playfield_active'====== Args={'source': 'ac_pop_bumper'}
2025-05-04 18:25:10,400 : INFO : EventManager : Event: ======'unexpected_ball_on_playfield'====== Args={}
2025-05-04 18:25:10,400 : INFO : EventManager : Event: ======'machine_var_audits_switches_s_pop_bumper'====== Args={'value': 26, 'prev_value': 25, 'change': 1}
2025-05-04 18:25:10,400 : INFO : EventManager : Event: ======'machine_var_audits_shots_bumper_left'====== Args={'value': 26, 'prev_value': 25, 'change': 1}
2025-05-04 18:25:10,400 : INFO : EventManager : Event: ======'bumper_left_hit'====== Args={'profile': 'default', 'state': 'lit', 'advancing': False}
2025-05-04 18:25:10,400 : INFO : EventManager : Event: ======'bumper_left_default_hit'====== Args={'profile': 'default', 'state': 'lit', 'advancing': False}
2025-05-04 18:25:10,400 : INFO : EventManager : Event: ======'bumper_left_default_lit_hit'====== Args={'profile': 'default', 'state': 'lit', 'advancing': False}
2025-05-04 18:25:10,400 : INFO : EventManager : Event: ======'bumper_left_lit_hit'====== Args={'profile': 'default', 'state': 'lit', 'advancing': False}
2025-05-04 18:25:10,400 : INFO : EventManager : Event: ======'bumpers_hit'====== Args={'shot': 'bumper_left'}
2025-05-04 18:25:10,400 : INFO : EventManager : Event: ======'bumpers_lit_hit'====== Args={'shot': 'bumper_left'}
2025-05-04 18:25:10,400 : INFO : EventManager : Event: ======'player_score'====== Args={'value': 26000, 'prev_value': 25000, 'change': 1000, 'player_num': 1, 'source': 'bumpers'}
2025-05-04 18:25:10,527 : INFO : SwitchController : <<<<<<< 's_pop_bumper' inactive >>>>>>>
2025-05-04 18:25:10,587 : INFO : SwitchController : <<<<<<< 's_pop_bumper' active >>>>>>>
2025-05-04 18:25:10,587 : INFO : EventManager : Event: ======'playfield_active'====== Args={'source': 'bumper_left'}
2025-05-04 18:25:10,587 : INFO : EventManager : Event: ======'unexpected_ball_on_playfield'====== Args={}
2025-05-04 18:25:10,587 : INFO : EventManager : Event: ======'s_pop_bumper_active'====== Args={}
2025-05-04 18:25:10,587 : INFO : EventManager : Event: ======'playfield_active'====== Args={'source': 'ac_pop_bumper'}
2025-05-04 18:25:10,587 : INFO : EventManager : Event: ======'unexpected_ball_on_playfield'====== Args={}
2025-05-04 18:25:10,587 : INFO : EventManager : Event: ======'machine_var_audits_switches_s_pop_bumper'====== Args={'value': 27, 'prev_value': 26, 'change': 1}
2025-05-04 18:25:10,587 : INFO : EventManager : Event: ======'machine_var_audits_shots_bumper_left'====== Args={'value': 27, 'prev_value': 26, 'change': 1}
2025-05-04 18:25:10,587 : INFO : EventManager : Event: ======'bumper_left_hit'====== Args={'profile': 'default', 'state': 'lit', 'advancing': False}
2025-05-04 18:25:10,587 : INFO : EventManager : Event: ======'bumper_left_default_hit'====== Args={'profile': 'default', 'state': 'lit', 'advancing': False}
2025-05-04 18:25:10,587 : INFO : EventManager : Event: ======'bumper_left_default_lit_hit'====== Args={'profile': 'default', 'state': 'lit', 'advancing': False}
2025-05-04 18:25:10,587 : INFO : EventManager : Event: ======'bumper_left_lit_hit'====== Args={'profile': 'default', 'state': 'lit', 'advancing': False}
2025-05-04 18:25:10,588 : INFO : EventManager : Event: ======'bumpers_hit'====== Args={'shot': 'bumper_left'}
2025-05-04 18:25:10,588 : INFO : EventManager : Event: ======'bumpers_lit_hit'====== Args={'shot': 'bumper_left'}
2025-05-04 18:25:10,588 : INFO : EventManager : Event: ======'player_score'====== Args={'value': 27000, 'prev_value': 26000, 'change': 1000, 'player_num': 1, 'source': 'bumpers'}
2025-05-04 18:25:10,708 : INFO : SwitchController : <<<<<<< 's_pop_bumper' inactive >>>>>>>
2025-05-04 18:25:10,811 : INFO : SwitchController : <<<<<<< 's_pop_bumper' active >>>>>>>
2025-05-04 18:25:10,811 : INFO : EventManager : Event: ======'playfield_active'====== Args={'source': 'bumper_left'}
2025-05-04 18:25:10,811 : INFO : EventManager : Event: ======'unexpected_ball_on_playfield'====== Args={}
2025-05-04 18:25:10,811 : INFO : EventManager : Event: ======'s_pop_bumper_active'====== Args={}
2025-05-04 18:25:10,811 : INFO : EventManager : Event: ======'playfield_active'====== Args={'source': 'ac_pop_bumper'}
2025-05-04 18:25:10,811 : INFO : EventManager : Event: ======'unexpected_ball_on_playfield'====== Args={}
2025-05-04 18:25:10,811 : INFO : EventManager : Event: ======'machine_var_audits_switches_s_pop_bumper'====== Args={'value': 28, 'prev_value': 27, 'change': 1}
2025-05-04 18:25:10,812 : INFO : EventManager : Event: ======'machine_var_audits_shots_bumper_left'====== Args={'value': 28, 'prev_value': 27, 'change': 1}
2025-05-04 18:25:10,812 : INFO : EventManager : Event: ======'bumper_left_hit'====== Args={'profile': 'default', 'state': 'lit', 'advancing': False}
2025-05-04 18:25:10,812 : INFO : EventManager : Event: ======'bumper_left_default_hit'====== Args={'profile': 'default', 'state': 'lit', 'advancing': False}
2025-05-04 18:25:10,812 : INFO : EventManager : Event: ======'bumper_left_default_lit_hit'====== Args={'profile': 'default', 'state': 'lit', 'advancing': False}
2025-05-04 18:25:10,812 : INFO : EventManager : Event: ======'bumper_left_lit_hit'====== Args={'profile': 'default', 'state': 'lit', 'advancing': False}
2025-05-04 18:25:10,812 : INFO : EventManager : Event: ======'bumpers_hit'====== Args={'shot': 'bumper_left'}
2025-05-04 18:25:10,812 : INFO : EventManager : Event: ======'bumpers_lit_hit'====== Args={'shot': 'bumper_left'}
2025-05-04 18:25:10,812 : INFO : EventManager : Event: ======'player_score'====== Args={'value': 28000, 'prev_value': 27000, 'change': 1000, 'player_num': 1, 'source': 'bumpers'}
2025-05-04 18:25:10,950 : INFO : SwitchController : <<<<<<< 's_pop_bumper' inactive >>>>>>>
2025-05-04 18:25:11,165 : INFO : SwitchController : <<<<<<< 's_pop_bumper' active >>>>>>>
2025-05-04 18:25:11,165 : INFO : EventManager : Event: ======'playfield_active'====== Args={'source': 'bumper_left'}
2025-05-04 18:25:11,165 : INFO : EventManager : Event: ======'unexpected_ball_on_playfield'====== Args={}
2025-05-04 18:25:11,165 : INFO : EventManager : Event: ======'s_pop_bumper_active'====== Args={}
2025-05-04 18:25:11,165 : INFO : EventManager : Event: ======'playfield_active'====== Args={'source': 'ac_pop_bumper'}
2025-05-04 18:25:11,165 : INFO : EventManager : Event: ======'unexpected_ball_on_playfield'====== Args={}
2025-05-04 18:25:11,165 : INFO : EventManager : Event: ======'machine_var_audits_switches_s_pop_bumper'====== Args={'value': 29, 'prev_value': 28, 'change': 1}
2025-05-04 18:25:11,165 : INFO : EventManager : Event: ======'machine_var_audits_shots_bumper_left'====== Args={'value': 29, 'prev_value': 28, 'change': 1}
2025-05-04 18:25:11,165 : INFO : EventManager : Event: ======'bumper_left_hit'====== Args={'profile': 'default', 'state': 'lit', 'advancing': False}
2025-05-04 18:25:11,165 : INFO : EventManager : Event: ======'bumper_left_default_hit'====== Args={'profile': 'default', 'state': 'lit', 'advancing': False}
2025-05-04 18:25:11,165 : INFO : EventManager : Event: ======'bumper_left_default_lit_hit'====== Args={'profile': 'default', 'state': 'lit', 'advancing': False}
2025-05-04 18:25:11,165 : INFO : EventManager : Event: ======'bumper_left_lit_hit'====== Args={'profile': 'default', 'state': 'lit', 'advancing': False}
2025-05-04 18:25:11,165 : INFO : EventManager : Event: ======'bumpers_hit'====== Args={'shot': 'bumper_left'}
2025-05-04 18:25:11,165 : INFO : EventManager : Event: ======'bumpers_lit_hit'====== Args={'shot': 'bumper_left'}
2025-05-04 18:25:11,165 : INFO : EventManager : Event: ======'player_score'====== Args={'value': 29000, 'prev_value': 28000, 'change': 1000, 'player_num': 1, 'source': 'bumpers'}
2025-05-04 18:25:11,284 : INFO : EventManager : Event: ======'balldevice_bd_trough_ball_eject_failed'====== Args={'target': <ball_device.bd_plunger>, 'balls': 1, 'retry': True, 'num_attempts': 5}
2025-05-04 18:25:11,284 : INFO : ball_device.bd_trough : State: waiting_for_target_ready
2025-05-04 18:25:11,284 : INFO : EventManager : Event: ======'balldevice_bd_trough_ball_eject_attempt'====== Args={'balls': 1, 'target': <ball_device.bd_plunger>, 'source': <ball_device.bd_trough>, 'mechanical_eject': True, 'num_attempts': 5}
2025-05-04 18:25:11,285 : INFO : ball_device.bd_trough : State: ejecting
2025-05-04 18:25:11,285 : INFO : ball_device.bd_trough : Ejecting ball to <ball_device.bd_plunger>
2025-05-04 18:25:11,285 : INFO : EventManager : Event: ======'balldevice_bd_trough_ejecting_ball'====== Args={'balls': 1, 'target': <ball_device.bd_plunger>, 'source': <ball_device.bd_trough>, 'mechanical_eject': True, 'num_attempts': 5}
2025-05-04 18:25:11,285 : INFO : ball_device.bd_trough : Wait for ball to leave device
2025-05-04 18:25:11,285 : INFO : coil.c_trough_eject : Pulsing Driver for 15ms (1.0 pulse_power)
2025-05-04 18:25:11,303 : INFO : SwitchController : <<<<<<< 's_pop_bumper' inactive >>>>>>>
2025-05-04 18:25:13,303 : INFO : EventManager : Event: ======'balldevice_bd_trough_ball_eject_failed'====== Args={'target': <ball_device.bd_plunger>, 'balls': 1, 'retry': True, 'num_attempts': 6}
2025-05-04 18:25:13,303 : INFO : ball_device.bd_trough : State: waiting_for_target_ready
2025-05-04 18:25:13,303 : INFO : EventManager : Event: ======'balldevice_bd_trough_ball_eject_attempt'====== Args={'balls': 1, 'target': <ball_device.bd_plunger>, 'source': <ball_device.bd_trough>, 'mechanical_eject': True, 'num_attempts': 6}
2025-05-04 18:25:13,303 : INFO : ball_device.bd_trough : State: ejecting
2025-05-04 18:25:13,303 : INFO : ball_device.bd_trough : Ejecting ball to <ball_device.bd_plunger>
2025-05-04 18:25:13,303 : INFO : EventManager : Event: ======'balldevice_bd_trough_ejecting_ball'====== Args={'balls': 1, 'target': <ball_device.bd_plunger>, 'source': <ball_device.bd_trough>, 'mechanical_eject': True, 'num_attempts': 6}
2025-05-04 18:25:13,303 : INFO : ball_device.bd_trough : Wait for ball to leave device
2025-05-04 18:25:13,303 : INFO : coil.c_trough_eject : Pulsing Driver for 15ms (1.0 pulse_power)
2025-05-04 18:25:14,437 : INFO : Machine : Shutting down...
2025-05-04 18:25:14,437 : INFO : EventManager : Event: ======'shutdown'====== Args={}
2025-05-04 18:25:14,438 : INFO : EventManager : Event: ======'mode_game_will_stop'====== Args={}
2025-05-04 18:25:14,438 : INFO : EventManager : Event: ======'mode_game_stopping'====== Args={}
2025-05-04 18:25:14,438 : INFO : EventManager : Event: ======'mode_base_will_stop'====== Args={}
2025-05-04 18:25:14,438 : INFO : EventManager : Event: ======'mode_base_stopping'====== Args={}
2025-05-04 18:25:14,438 : INFO : EventManager : Event: ======'mode_bumpers_will_stop'====== Args={}
2025-05-04 18:25:14,438 : INFO : EventManager : Event: ======'mode_bumpers_stopping'====== Args={}
2025-05-04 18:25:14,438 : INFO : EventManager : Event: ======'stop_mode_bumpers'====== Args={'priority': 0}
2025-05-04 18:25:14,438 : INFO : Mode.bumpers : Stopped.
2025-05-04 18:25:14,438 : INFO : EventManager : Event: ======'modes_active_modes_changed'====== Args={}
2025-05-04 18:25:14,438 : INFO : EventManager : Event: ======'mode_bumpers_stopped'====== Args={}
2025-05-04 18:25:14,438 : INFO : EventManager : Event: ======'clear'====== Args={'key': 'bumpers'}
2025-05-04 18:25:14,439 : INFO : Mode.base : Stopped.
2025-05-04 18:25:14,439 : INFO : EventManager : Event: ======'modes_active_modes_changed'====== Args={}
2025-05-04 18:25:14,439 : INFO : EventManager : Event: ======'mode_base_stopped'====== Args={}
2025-05-04 18:25:14,439 : INFO : EventManager : Event: ======'clear'====== Args={'key': 'base'}
2025-05-04 18:25:14,439 : INFO : Mode.game : Stopped.
2025-05-04 18:25:14,439 : INFO : EventManager : Event: ======'modes_active_modes_changed'====== Args={}
2025-05-04 18:25:14,439 : INFO : EventManager : Event: ======'mode_game_stopped'====== Args={}
2025-05-04 18:25:14,439 : INFO : EventManager : Event: ======'clear'====== Args={'key': 'game'}
2025-05-04 18:25:14,440 : INFO : root : MPF run loop ended.
