2025-05-04 16:18:37,469 : INFO : root : Loading config.
2025-05-04 16:18:37,488 : INFO : ConfigProcessor : Config spec file cache created: C:\Users\bradl\AppData\Local\Temp\config_spec.mpf_cache
2025-05-04 16:18:37,489 : INFO : YamlMultifileConfigLoader : Machine config file #1: config.yaml
2025-05-04 16:18:37,489 : INFO : ConfigProcessor : Loading config from file C:\pinball\mpf\Lib\site-packages\mpf\mpfconfig.yaml.
2025-05-04 16:18:37,493 : INFO : ConfigProcessor : Loading config: C:\pinball\mpf\Lib\site-packages\mpf\mpfconfig.yaml
2025-05-04 16:18:37,493 : INFO : ConfigProcessor : Loading config from file C:\pinball\shaw_pinball\config\config.yaml.
2025-05-04 16:18:37,499 : INFO : ConfigProcessor : Loading config: C:\pinball\shaw_pinball\config\config.yaml
2025-05-04 16:18:37,503 : INFO : ConfigProcessor : Loading config: C:\pinball\shaw_pinball\config\coils.yaml
2025-05-04 16:18:37,507 : INFO : ConfigProcessor : Loading config: C:\pinball\shaw_pinball\config\switches.yaml
2025-05-04 16:18:37,508 : INFO : ConfigProcessor : Loading config: C:\pinball\shaw_pinball\config\keyboard.yaml
2025-05-04 16:18:37,509 : INFO : ConfigProcessor : Config file cache created: C:\Users\bradl\AppData\Local\Temp\f86648965732716a774abe330a35567f.mpf_cache
2025-05-04 16:18:37,549 : INFO : ConfigProcessor : Loading config from file C:\pinball\mpf\Lib\site-packages\mpf\modes\attract\config\attract.yaml.
2025-05-04 16:18:37,550 : INFO : ConfigProcessor : Loading config: C:\pinball\mpf\Lib\site-packages\mpf\modes\attract\config\attract.yaml
2025-05-04 16:18:37,550 : INFO : ConfigProcessor : Loading config from file C:\pinball\shaw_pinball\modes\attract\config\attract.yaml.
2025-05-04 16:18:37,550 : INFO : ConfigProcessor : Loading config: C:\pinball\shaw_pinball\modes\attract\config\attract.yaml
2025-05-04 16:18:37,550 : INFO : ConfigProcessor : Config file cache created: C:\Users\bradl\AppData\Local\Temp\d01143593fa4ea1d4f7571bb64036356.mpf_cache
2025-05-04 16:18:37,551 : INFO : ConfigProcessor : Loading config from file C:\pinball\mpf\Lib\site-packages\mpf\modes\game\config\game.yaml.
2025-05-04 16:18:37,551 : INFO : ConfigProcessor : Loading config: C:\pinball\mpf\Lib\site-packages\mpf\modes\game\config\game.yaml
2025-05-04 16:18:37,551 : INFO : ConfigProcessor : Config file cache created: C:\Users\bradl\AppData\Local\Temp\14f8e91e6393da8cb7b325adfbe7ed92.mpf_cache
2025-05-04 16:18:37,551 : INFO : ConfigProcessor : Loading config from file C:\pinball\shaw_pinball\modes\base\config\base.yaml.
2025-05-04 16:18:37,552 : INFO : ConfigProcessor : Loading config: C:\pinball\shaw_pinball\modes\base\config\base.yaml
2025-05-04 16:18:37,552 : INFO : ConfigProcessor : Config file cache created: C:\Users\bradl\AppData\Local\Temp\437cbc5b651d395d3b48baa33047334e.mpf_cache
2025-05-04 16:18:37,552 : INFO : ConfigProcessor : Loading config from file C:\pinball\mpf\Lib\site-packages\mpf\modes\attract\config\attract.yaml.
2025-05-04 16:18:37,552 : INFO : ConfigProcessor : Loading config: C:\pinball\mpf\Lib\site-packages\mpf\modes\attract\config\attract.yaml
2025-05-04 16:18:37,552 : INFO : ConfigProcessor : Loading config from file C:\pinball\shaw_pinball\modes\attract\config\attract.yaml.
2025-05-04 16:18:37,553 : INFO : ConfigProcessor : Loading config: C:\pinball\shaw_pinball\modes\attract\config\attract.yaml
2025-05-04 16:18:37,553 : INFO : ConfigProcessor : Config file cache created: C:\Users\bradl\AppData\Local\Temp\d01143593fa4ea1d4f7571bb64036356.mpf_cache
2025-05-04 16:18:37,553 : INFO : Machine : Mission Pinball Framework Core Engine v0.80.0.dev7
2025-05-04 16:18:37,553 : INFO : Machine : Command line arguments: {'no_load_cache': True, 'create_config_cache': True, 'bcp': True, 'configfile': ['config.yaml'], 'force_assets_load': False, 'platform_integration_test': False, 'jsonlogging': False, 'logfile': 'logs\\2025-05-04-16-18-37-mpf-wintermute.log', 'pause': False, 'production': False, 'text_ui': True, 'loglevel': 15, 'consoleloglevel': 20, 'force_platform': 'virtual', 'syslog_address': None, 'full_logfile_path': 'C:\\pinball\\shaw_pinball\\logs\\2025-05-04-16-18-37-mpf-wintermute.log'}
2025-05-04 16:18:37,553 : INFO : Machine : MPF path: C:\pinball\mpf\Lib\site-packages\mpf
2025-05-04 16:18:37,553 : INFO : Machine : Machine path: C:\pinball\shaw_pinball
2025-05-04 16:18:37,553 : INFO : Machine : Platform: win32
2025-05-04 16:18:37,553 : INFO : Machine : Python executable location: C:\pinball\mpf\Scripts\python.exe
2025-05-04 16:18:37,553 : INFO : Machine : Python version: 3.12.8 (64-bit)
2025-05-04 16:18:37,554 : INFO : Machine : Initializing MPF...
2025-05-04 16:18:37,648 : INFO : EventManager : Event: ======'machine_var_credits_string'====== Args={'value': 'FREE PLAY', 'prev_value': None, 'change': True}
2025-05-04 16:18:37,664 : INFO : EventManager : Event: ======'machine_var_master_volume'====== Args={'value': 0.5, 'prev_value': None, 'change': True}
2025-05-04 16:18:37,664 : INFO : EventManager : Event: ======'machine_var_mpf_version'====== Args={'value': 'Mission Pinball Framework v0.80.0.dev7', 'prev_value': None, 'change': True}
2025-05-04 16:18:37,664 : INFO : EventManager : Event: ======'machine_var_mpf_extended_version'====== Args={'value': 'Mission Pinball Framework v0.80.0.dev7, Config version:6, Show version: 6, BCP version:1.1', 'prev_value': None, 'change': True}
2025-05-04 16:18:37,664 : INFO : EventManager : Event: ======'machine_var_python_version'====== Args={'value': '3.12.8', 'prev_value': None, 'change': True}
2025-05-04 16:18:37,750 : INFO : EventManager : Event: ======'machine_var_platform'====== Args={'value': 'Windows-11-10.0.26100-SP0', 'prev_value': None, 'change': True}
2025-05-04 16:18:37,750 : INFO : EventManager : Event: ======'machine_var_platform_system'====== Args={'value': 'Windows', 'prev_value': None, 'change': True}
2025-05-04 16:18:37,750 : INFO : EventManager : Event: ======'machine_var_platform_release'====== Args={'value': '11', 'prev_value': None, 'change': True}
2025-05-04 16:18:37,750 : INFO : EventManager : Event: ======'machine_var_platform_version'====== Args={'value': '10.0.26100', 'prev_value': None, 'change': True}
2025-05-04 16:18:37,750 : INFO : EventManager : Event: ======'machine_var_platform_machine'====== Args={'value': 'AMD64', 'prev_value': None, 'change': True}
2025-05-04 16:18:37,750 : INFO : EventManager : Event: ======'machine_var_log_file_path'====== Args={'value': 'C:\\pinball\\shaw_pinball\\logs\\2025-05-04-16-18-37-mpf-wintermute.log', 'prev_value': None, 'change': True}
2025-05-04 16:18:37,750 : INFO : EventManager : Event: ======'init_phase_1'====== Args={}
2025-05-04 16:18:37,759 : INFO : EventManager : Event: ======'init_phase_2'====== Args={}
2025-05-04 16:18:37,760 : INFO : EventManager : Event: ======'bcp_connection_attempt'====== Args={'name': 'local_display', 'host': 'localhost', 'port': 5050}
2025-05-04 16:18:37,761 : INFO : BCPClientSocket : Connecting BCP to 'local_display' at localhost:5050...
2025-05-04 16:18:48,902 : INFO : Machine : Starting the main run loop with active modes: []
2025-05-04 16:18:48,902 : WARNING : Machine : Attract mode is not active, game will not be playable. Please check your attract mode configuration.
2025-05-04 16:18:48,902 : INFO : Machine : Shutting down...
2025-05-04 16:18:48,902 : INFO : EventManager : Event: ======'shutdown'====== Args={}
2025-05-04 16:18:49,923 : INFO : root : MPF run loop ended.
