2025-05-23 22:39:06,197 : INFO : root : Loading config.
2025-05-23 22:39:06,198 : INFO : YamlMultifileConfigLoader : Machine config file #1: config.yaml
2025-05-23 22:39:06,198 : INFO : ConfigProcessor : Loading config from cache: C:\Users\bradl\AppData\Local\Temp\f86648965732716a774abe330a35567f.mpf_cache
2025-05-23 22:39:06,239 : INFO : ConfigProcessor : Loading config from cache: C:\Users\bradl\AppData\Local\Temp\d01143593fa4ea1d4f7571bb64036356.mpf_cache
2025-05-23 22:39:06,239 : INFO : ConfigProcessor : Loading config from cache: C:\Users\bradl\AppData\Local\Temp\14f8e91e6393da8cb7b325adfbe7ed92.mpf_cache
2025-05-23 22:39:06,240 : INFO : ConfigProcessor : Loading config from cache: C:\Users\bradl\AppData\Local\Temp\437cbc5b651d395d3b48baa33047334e.mpf_cache
2025-05-23 22:39:06,240 : INFO : ConfigProcessor : Loading config from cache: C:\Users\bradl\AppData\Local\Temp\d01143593fa4ea1d4f7571bb64036356.mpf_cache
2025-05-23 22:39:06,240 : INFO : ConfigProcessor : Loading config from cache: C:\Users\bradl\AppData\Local\Temp\a5d9331d5edf0819f14f654fc5b58f80.mpf_cache
2025-05-23 22:39:06,240 : INFO : Machine : Mission Pinball Framework Core Engine v0.80.0.dev7
2025-05-23 22:39:06,241 : INFO : Machine : Command line arguments: {'no_load_cache': False, 'create_config_cache': True, 'bcp': True, 'configfile': ['config.yaml'], 'force_assets_load': False, 'platform_integration_test': False, 'jsonlogging': False, 'logfile': 'logs\\2025-05-23-22-39-06-mpf-wintermute.log', 'pause': False, 'production': False, 'text_ui': True, 'loglevel': 15, 'consoleloglevel': 20, 'force_platform': 'smart_virtual', 'syslog_address': None, 'full_logfile_path': 'C:\\pinball\\shaw_pinball\\logs\\2025-05-23-22-39-06-mpf-wintermute.log'}
2025-05-23 22:39:06,241 : INFO : Machine : MPF path: C:\pinball\mpf\Lib\site-packages\mpf
2025-05-23 22:39:06,241 : INFO : Machine : Machine path: C:\pinball\shaw_pinball
2025-05-23 22:39:06,241 : INFO : Machine : Platform: win32
2025-05-23 22:39:06,241 : INFO : Machine : Python executable location: C:\pinball\mpf\Scripts\python.exe
2025-05-23 22:39:06,241 : INFO : Machine : Python version: 3.12.8 (64-bit)
2025-05-23 22:39:06,242 : INFO : Machine : Initializing MPF...
2025-05-23 22:39:06,330 : INFO : EventManager : Event: ======'machine_var_credits_string'====== Args={'value': 'FREE PLAY', 'prev_value': None, 'change': True}
2025-05-23 22:39:06,341 : INFO : EventManager : Event: ======'machine_var_master_volume'====== Args={'value': 0.5, 'prev_value': None, 'change': True}
2025-05-23 22:39:06,341 : INFO : EventManager : Event: ======'machine_var_player1_score'====== Args={'value': 8000, 'prev_value': None, 'change': True}
2025-05-23 22:39:06,341 : INFO : EventManager : Event: ======'machine_var_mpf_version'====== Args={'value': 'Mission Pinball Framework v0.80.0.dev7', 'prev_value': None, 'change': True}
2025-05-23 22:39:06,341 : INFO : EventManager : Event: ======'machine_var_mpf_extended_version'====== Args={'value': 'Mission Pinball Framework v0.80.0.dev7, Config version:6, Show version: 6, BCP version:1.1', 'prev_value': None, 'change': True}
2025-05-23 22:39:06,341 : INFO : EventManager : Event: ======'machine_var_python_version'====== Args={'value': '3.12.8', 'prev_value': None, 'change': True}
2025-05-23 22:39:06,447 : INFO : EventManager : Event: ======'machine_var_platform'====== Args={'value': 'Windows-11-10.0.26100-SP0', 'prev_value': None, 'change': True}
2025-05-23 22:39:06,447 : INFO : EventManager : Event: ======'machine_var_platform_system'====== Args={'value': 'Windows', 'prev_value': None, 'change': True}
2025-05-23 22:39:06,447 : INFO : EventManager : Event: ======'machine_var_platform_release'====== Args={'value': '11', 'prev_value': None, 'change': True}
2025-05-23 22:39:06,447 : INFO : EventManager : Event: ======'machine_var_platform_version'====== Args={'value': '10.0.26100', 'prev_value': None, 'change': True}
2025-05-23 22:39:06,447 : INFO : EventManager : Event: ======'machine_var_platform_machine'====== Args={'value': 'AMD64', 'prev_value': None, 'change': True}
2025-05-23 22:39:06,447 : INFO : EventManager : Event: ======'machine_var_log_file_path'====== Args={'value': 'C:\\pinball\\shaw_pinball\\logs\\2025-05-23-22-39-06-mpf-wintermute.log', 'prev_value': None, 'change': True}
2025-05-23 22:39:06,447 : INFO : EventManager : Event: ======'init_phase_1'====== Args={}
2025-05-23 22:39:06,455 : INFO : EventManager : Event: ======'init_phase_2'====== Args={}
2025-05-23 22:39:06,456 : INFO : SwitchController : Found active switch: ('3208-0', <Platform.SmartVirtual>) <switch.s_trough_ball_1>
2025-05-23 22:39:06,456 : INFO : SwitchController : Found active switch: ('3208-1', <Platform.SmartVirtual>) <switch.s_trough_ball_2>
2025-05-23 22:39:06,456 : INFO : SwitchController : Found active switch: ('3208-2', <Platform.SmartVirtual>) <switch.s_trough_ball_3>
2025-05-23 22:39:06,457 : INFO : EventManager : Event: ======'bcp_connection_attempt'====== Args={'name': 'local_display', 'host': 'localhost', 'port': 5050}
2025-05-23 22:39:06,457 : INFO : BCPClientSocket : Connecting BCP to 'local_display' at localhost:5050...
2025-05-23 22:39:35,207 : INFO : BCPClientSocket : Connected BCP to 'local_display' localhost:5050
2025-05-23 22:39:35,208 : INFO : EventManager : Event: ======'bcp_clients_connected'====== Args={}
2025-05-23 22:39:35,278 : INFO : ball_device.bd_trough : BCH: Initial count: 3
2025-05-23 22:39:35,301 : INFO : ball_device.bd_trough : State: idle
2025-05-23 22:39:35,301 : INFO : ball_device.bd_plunger : BCH: Initial count: 0
2025-05-23 22:39:35,301 : INFO : ball_device.bd_plunger : State: idle
2025-05-23 22:39:35,302 : INFO : ball_device.bd_scoop : BCH: Initial count: 0
2025-05-23 22:39:35,302 : INFO : ball_device.bd_scoop : State: idle
2025-05-23 22:39:35,308 : INFO : EventManager : Event: ======'init_phase_3'====== Args={}
2025-05-23 22:39:35,309 : INFO : EventManager : Event: ======'init_phase_4'====== Args={}
2025-05-23 22:39:35,310 : INFO : BallController : Initial balls found: 3
2025-05-23 22:39:35,310 : INFO : EventManager : Event: ======'machine_var_audits_events_game_ended'====== Args={'value': 4, 'prev_value': None, 'change': True}
2025-05-23 22:39:35,310 : INFO : EventManager : Event: ======'machine_var_audits_events_game_started'====== Args={'value': 18, 'prev_value': None, 'change': True}
2025-05-23 22:39:35,310 : INFO : EventManager : Event: ======'machine_var_audits_missing_switches_s_flipper_left_eos'====== Args={'value': 18, 'prev_value': None, 'change': True}
2025-05-23 22:39:35,310 : INFO : EventManager : Event: ======'machine_var_audits_missing_switches_s_flipper_left_lidar'====== Args={'value': 18, 'prev_value': None, 'change': True}
2025-05-23 22:39:35,310 : INFO : EventManager : Event: ======'machine_var_audits_missing_switches_s_flipper_right_lidar'====== Args={'value': 18, 'prev_value': None, 'change': True}
2025-05-23 22:39:35,310 : INFO : EventManager : Event: ======'machine_var_audits_missing_switches_s_left_outer_lane'====== Args={'value': 18, 'prev_value': None, 'change': True}
2025-05-23 22:39:35,310 : INFO : EventManager : Event: ======'machine_var_audits_missing_switches_s_middle_bash'====== Args={'value': 18, 'prev_value': None, 'change': True}
2025-05-23 22:39:35,310 : INFO : EventManager : Event: ======'machine_var_audits_missing_switches_s_star_bumper_lower'====== Args={'value': 18, 'prev_value': None, 'change': True}
2025-05-23 22:39:35,310 : INFO : EventManager : Event: ======'machine_var_audits_missing_switches_s_star_bumper_upper'====== Args={'value': 18, 'prev_value': None, 'change': True}
2025-05-23 22:39:35,310 : INFO : EventManager : Event: ======'machine_var_audits_missing_switches_s_start'====== Args={'value': 2, 'prev_value': None, 'change': True}
2025-05-23 22:39:35,310 : INFO : EventManager : Event: ======'machine_var_audits_missing_switches_s_trough_ball_4'====== Args={'value': 18, 'prev_value': None, 'change': True}
2025-05-23 22:39:35,310 : INFO : EventManager : Event: ======'machine_var_audits_player_score'====== Args={'value': {'average': 2000, 'top': [8000, 0, 0, 0], 'total': 4}, 'prev_value': None, 'change': True}
2025-05-23 22:39:35,310 : INFO : EventManager : Event: ======'machine_var_audits_shots_bumper_left'====== Args={'value': 46, 'prev_value': None, 'change': True}
2025-05-23 22:39:35,311 : INFO : EventManager : Event: ======'machine_var_audits_switches_s_flipper_left'====== Args={'value': 188, 'prev_value': None, 'change': True}
2025-05-23 22:39:35,311 : INFO : EventManager : Event: ======'machine_var_audits_switches_s_flipper_left_eos'====== Args={'value': 0, 'prev_value': None, 'change': True}
2025-05-23 22:39:35,311 : INFO : EventManager : Event: ======'machine_var_audits_switches_s_flipper_left_lidar'====== Args={'value': 0, 'prev_value': None, 'change': True}
2025-05-23 22:39:35,311 : INFO : EventManager : Event: ======'machine_var_audits_switches_s_flipper_right'====== Args={'value': 127, 'prev_value': None, 'change': True}
2025-05-23 22:39:35,311 : INFO : EventManager : Event: ======'machine_var_audits_switches_s_flipper_right_eos'====== Args={'value': 86, 'prev_value': None, 'change': True}
2025-05-23 22:39:35,311 : INFO : EventManager : Event: ======'machine_var_audits_switches_s_flipper_right_lidar'====== Args={'value': 0, 'prev_value': None, 'change': True}
2025-05-23 22:39:35,311 : INFO : EventManager : Event: ======'machine_var_audits_switches_s_left_inner_lane'====== Args={'value': 11, 'prev_value': None, 'change': True}
2025-05-23 22:39:35,311 : INFO : EventManager : Event: ======'machine_var_audits_switches_s_left_outer_lane'====== Args={'value': 0, 'prev_value': None, 'change': True}
2025-05-23 22:39:35,311 : INFO : EventManager : Event: ======'machine_var_audits_switches_s_left_sling'====== Args={'value': 15, 'prev_value': None, 'change': True}
2025-05-23 22:39:35,311 : INFO : EventManager : Event: ======'machine_var_audits_switches_s_middle_bash'====== Args={'value': 0, 'prev_value': None, 'change': True}
2025-05-23 22:39:35,311 : INFO : EventManager : Event: ======'machine_var_audits_switches_s_plunger'====== Args={'value': 37, 'prev_value': None, 'change': True}
2025-05-23 22:39:35,311 : INFO : EventManager : Event: ======'machine_var_audits_switches_s_pop_bumper'====== Args={'value': 46, 'prev_value': None, 'change': True}
2025-05-23 22:39:35,311 : INFO : EventManager : Event: ======'machine_var_audits_switches_s_right_inner_lane'====== Args={'value': 10, 'prev_value': None, 'change': True}
2025-05-23 22:39:35,311 : INFO : EventManager : Event: ======'machine_var_audits_switches_s_right_outer_lane'====== Args={'value': 7, 'prev_value': None, 'change': True}
2025-05-23 22:39:35,311 : INFO : EventManager : Event: ======'machine_var_audits_switches_s_right_sling'====== Args={'value': 10, 'prev_value': None, 'change': True}
2025-05-23 22:39:35,311 : INFO : EventManager : Event: ======'machine_var_audits_switches_s_scoop'====== Args={'value': 28, 'prev_value': None, 'change': True}
2025-05-23 22:39:35,311 : INFO : EventManager : Event: ======'machine_var_audits_switches_s_star_bumper_lower'====== Args={'value': 0, 'prev_value': None, 'change': True}
2025-05-23 22:39:35,311 : INFO : EventManager : Event: ======'machine_var_audits_switches_s_star_bumper_upper'====== Args={'value': 0, 'prev_value': None, 'change': True}
2025-05-23 22:39:35,311 : INFO : EventManager : Event: ======'machine_var_audits_switches_s_start'====== Args={'value': 14, 'prev_value': None, 'change': True}
2025-05-23 22:39:35,311 : INFO : EventManager : Event: ======'machine_var_audits_switches_s_third_flipper_eos'====== Args={'value': 118, 'prev_value': None, 'change': True}
2025-05-23 22:39:35,311 : INFO : EventManager : Event: ======'machine_var_audits_switches_s_trough_ball_1'====== Args={'value': 20, 'prev_value': None, 'change': True}
2025-05-23 22:39:35,311 : INFO : EventManager : Event: ======'machine_var_audits_switches_s_trough_ball_2'====== Args={'value': 18, 'prev_value': None, 'change': True}
2025-05-23 22:39:35,311 : INFO : EventManager : Event: ======'machine_var_audits_switches_s_trough_ball_3'====== Args={'value': 18, 'prev_value': None, 'change': True}
2025-05-23 22:39:35,311 : INFO : EventManager : Event: ======'machine_var_audits_switches_s_trough_ball_4'====== Args={'value': 0, 'prev_value': None, 'change': True}
2025-05-23 22:39:35,311 : INFO : EventManager : Event: ======'machine_var_audits_switches_s_trough_ball_5'====== Args={'value': 18, 'prev_value': None, 'change': True}
2025-05-23 22:39:35,311 : INFO : EventManager : Event: ======'machine_var_audits_switches_s_trough_ball_6'====== Args={'value': 17, 'prev_value': None, 'change': True}
2025-05-23 22:39:35,311 : INFO : EventManager : Event: ======'machine_var_audits_switches_s_trough_ball_jam'====== Args={'value': 22, 'prev_value': None, 'change': True}
2025-05-23 22:39:35,311 : INFO : EventManager : Event: ======'machine_var_audits_switches_s_spinner_right'====== Args={'value': 0, 'prev_value': None, 'change': True}
2025-05-23 22:39:35,311 : INFO : EventManager : Event: ======'machine_var_audits_switches_s_spinner_left'====== Args={'value': 0, 'prev_value': None, 'change': True}
2025-05-23 22:39:35,311 : INFO : EventManager : Event: ======'machine_var_audits_switches_s_middle_right'====== Args={'value': 0, 'prev_value': None, 'change': True}
2025-05-23 22:39:35,311 : INFO : EventManager : Event: ======'machine_var_audits_switches_s_ramp_left_enter'====== Args={'value': 0, 'prev_value': None, 'change': True}
2025-05-23 22:39:35,311 : INFO : EventManager : Event: ======'machine_var_audits_switches_s_ramp_right_enter'====== Args={'value': 0, 'prev_value': None, 'change': True}
2025-05-23 22:39:35,311 : INFO : EventManager : Event: ======'machine_var_audits_switches_s_middle_left'====== Args={'value': 0, 'prev_value': None, 'change': True}
2025-05-23 22:39:35,312 : INFO : EventManager : Event: ======'init_phase_5'====== Args={}
2025-05-23 22:39:35,317 : INFO : EventManager : Event: ======'init_done'====== Args={}
2025-05-23 22:39:35,317 : INFO : EventManager : Event: ======'machine_reset_phase_1'====== Args={}
2025-05-23 22:39:35,327 : INFO : EventManager : Event: ======'machine_reset_phase_2'====== Args={}
2025-05-23 22:39:35,327 : INFO : EventManager : Event: ======'machine_reset_phase_3'====== Args={}
2025-05-23 22:39:35,327 : INFO : EventManager : Event: ======'reset_complete'====== Args={}
2025-05-23 22:39:35,327 : INFO : EventManager : Event: ======'mode_attract_will_start'====== Args={}
2025-05-23 22:39:35,327 : INFO : Timer.attract_carousel_timer : Starting Timer.
2025-05-23 22:39:35,327 : INFO : EventManager : Event: ======'timer_attract_carousel_timer_started'====== Args={'ticks': 0, 'ticks_remaining': 1}
2025-05-23 22:39:35,327 : INFO : EventManager : Event: ======'timer_attract_carousel_timer_tick'====== Args={'ticks': 0, 'ticks_remaining': 1}
2025-05-23 22:39:35,328 : INFO : EventManager : Event: ======'mode_attract_starting'====== Args={}
2025-05-23 22:39:35,328 : INFO : Mode.attract : Started. Priority: 10
2025-05-23 22:39:35,328 : INFO : EventManager : Event: ======'modes_active_modes_changed'====== Args={}
2025-05-23 22:39:35,328 : INFO : EventManager : Event: ======'mode_attract_started'====== Args={}
2025-05-23 22:39:35,328 : INFO : EventManager : Event: ======'collecting_balls_complete'====== Args={}
2025-05-23 22:39:35,328 : INFO : EventManager : Event: ======'item_highlighted'====== Args={'carousel': 'attract', 'direction': None, 'item': 'title'}
2025-05-23 22:39:35,328 : INFO : EventManager : Event: ======'timer_attract_carousel_timer_tick'====== Args={'ticks': 0, 'ticks_remaining': 1}
2025-05-23 22:39:35,334 : INFO : Machine : Starting the main run loop with active modes: [<Mode.attract>]
2025-05-23 22:39:35,353 : INFO : EventManager : Event: ======'slide_attract_created'====== Args={'_from_bcp': True}
2025-05-23 22:39:35,353 : INFO : EventManager : Event: ======'slide__removed'====== Args={'_from_bcp': True}
2025-05-23 22:39:35,354 : INFO : EventManager : Event: ======'slide_attract_active'====== Args={'original_context': 'attract', 'original_calling_context': 'mode_attract_started', 'priority': 10.0, 'cmd': 'slides_play', '_from_bcp': True}
2025-05-23 22:39:35,426 : INFO : BcpServer : New client connected.
2025-05-23 22:39:40,329 : INFO : Timer.attract_carousel_timer : Timer Complete
2025-05-23 22:39:40,329 : INFO : Timer.attract_carousel_timer : Stopping Timer
2025-05-23 22:39:40,329 : INFO : EventManager : Event: ======'timer_attract_carousel_timer_stopped'====== Args={'ticks': 1, 'ticks_remaining': 1}
2025-05-23 22:39:40,329 : INFO : EventManager : Event: ======'timer_attract_carousel_timer_complete'====== Args={'ticks': 1, 'ticks_remaining': 1}
2025-05-23 22:39:40,329 : INFO : EventManager : Event: ======'item_highlighted'====== Args={'carousel': 'attract', 'direction': 'forwards', 'item': 'credits'}
2025-05-23 22:39:40,330 : INFO : Timer.attract_carousel_timer : Starting Timer.
2025-05-23 22:39:40,330 : INFO : EventManager : Event: ======'timer_attract_carousel_timer_started'====== Args={'ticks': 0, 'ticks_remaining': 1}
2025-05-23 22:39:40,330 : INFO : EventManager : Event: ======'timer_attract_carousel_timer_tick'====== Args={'ticks': 0, 'ticks_remaining': 1}
2025-05-23 22:39:45,329 : INFO : Timer.attract_carousel_timer : Timer Complete
2025-05-23 22:39:45,329 : INFO : Timer.attract_carousel_timer : Stopping Timer
2025-05-23 22:39:45,329 : INFO : EventManager : Event: ======'timer_attract_carousel_timer_stopped'====== Args={'ticks': 1, 'ticks_remaining': 1}
2025-05-23 22:39:45,329 : INFO : EventManager : Event: ======'timer_attract_carousel_timer_complete'====== Args={'ticks': 1, 'ticks_remaining': 1}
2025-05-23 22:39:45,329 : INFO : EventManager : Event: ======'item_highlighted'====== Args={'carousel': 'attract', 'direction': 'forwards', 'item': 'last_scores_1p'}
2025-05-23 22:39:45,329 : INFO : Timer.attract_carousel_timer : Starting Timer.
2025-05-23 22:39:45,329 : INFO : EventManager : Event: ======'timer_attract_carousel_timer_started'====== Args={'ticks': 0, 'ticks_remaining': 1}
2025-05-23 22:39:45,329 : INFO : EventManager : Event: ======'timer_attract_carousel_timer_tick'====== Args={'ticks': 0, 'ticks_remaining': 1}
2025-05-23 22:39:50,343 : INFO : Timer.attract_carousel_timer : Timer Complete
2025-05-23 22:39:50,343 : INFO : Timer.attract_carousel_timer : Stopping Timer
2025-05-23 22:39:50,343 : INFO : EventManager : Event: ======'timer_attract_carousel_timer_stopped'====== Args={'ticks': 1, 'ticks_remaining': 1}
2025-05-23 22:39:50,343 : INFO : EventManager : Event: ======'timer_attract_carousel_timer_complete'====== Args={'ticks': 1, 'ticks_remaining': 1}
2025-05-23 22:39:50,343 : INFO : EventManager : Event: ======'item_highlighted'====== Args={'carousel': 'attract', 'direction': 'forwards', 'item': 'mpf_logo'}
2025-05-23 22:39:50,343 : INFO : Timer.attract_carousel_timer : Starting Timer.
2025-05-23 22:39:50,343 : INFO : EventManager : Event: ======'timer_attract_carousel_timer_started'====== Args={'ticks': 0, 'ticks_remaining': 1}
2025-05-23 22:39:50,344 : INFO : EventManager : Event: ======'timer_attract_carousel_timer_tick'====== Args={'ticks': 0, 'ticks_remaining': 1}
2025-05-23 22:39:55,340 : INFO : Timer.attract_carousel_timer : Timer Complete
2025-05-23 22:39:55,340 : INFO : Timer.attract_carousel_timer : Stopping Timer
2025-05-23 22:39:55,340 : INFO : EventManager : Event: ======'timer_attract_carousel_timer_stopped'====== Args={'ticks': 1, 'ticks_remaining': 1}
2025-05-23 22:39:55,340 : INFO : EventManager : Event: ======'timer_attract_carousel_timer_complete'====== Args={'ticks': 1, 'ticks_remaining': 1}
2025-05-23 22:39:55,340 : INFO : EventManager : Event: ======'item_highlighted'====== Args={'carousel': 'attract', 'direction': 'forwards', 'item': 'title'}
2025-05-23 22:39:55,340 : INFO : Timer.attract_carousel_timer : Starting Timer.
2025-05-23 22:39:55,340 : INFO : EventManager : Event: ======'timer_attract_carousel_timer_started'====== Args={'ticks': 0, 'ticks_remaining': 1}
2025-05-23 22:39:55,340 : INFO : EventManager : Event: ======'timer_attract_carousel_timer_tick'====== Args={'ticks': 0, 'ticks_remaining': 1}
2025-05-23 22:39:57,707 : INFO : SwitchController : <<<<<<< 's_middle_bash' active >>>>>>>
2025-05-23 22:39:57,784 : INFO : SwitchController : <<<<<<< 's_middle_bash' inactive >>>>>>>
2025-05-23 22:40:00,350 : INFO : Timer.attract_carousel_timer : Timer Complete
2025-05-23 22:40:00,350 : INFO : Timer.attract_carousel_timer : Stopping Timer
2025-05-23 22:40:00,350 : INFO : EventManager : Event: ======'timer_attract_carousel_timer_stopped'====== Args={'ticks': 1, 'ticks_remaining': 1}
2025-05-23 22:40:00,350 : INFO : EventManager : Event: ======'timer_attract_carousel_timer_complete'====== Args={'ticks': 1, 'ticks_remaining': 1}
2025-05-23 22:40:00,350 : INFO : EventManager : Event: ======'item_highlighted'====== Args={'carousel': 'attract', 'direction': 'forwards', 'item': 'credits'}
2025-05-23 22:40:00,351 : INFO : Timer.attract_carousel_timer : Starting Timer.
2025-05-23 22:40:00,351 : INFO : EventManager : Event: ======'timer_attract_carousel_timer_started'====== Args={'ticks': 0, 'ticks_remaining': 1}
2025-05-23 22:40:00,351 : INFO : EventManager : Event: ======'timer_attract_carousel_timer_tick'====== Args={'ticks': 0, 'ticks_remaining': 1}
2025-05-23 22:40:02,451 : INFO : SwitchController : <<<<<<< 's_start' active >>>>>>>
2025-05-23 22:40:02,549 : INFO : SwitchController : <<<<<<< 's_start' inactive >>>>>>>
2025-05-23 22:40:02,549 : INFO : EventManager : Event: ======'request_to_start_game'====== Args={}
2025-05-23 22:40:02,549 : INFO : EventManager : Event: ======'game_start'====== Args={'buttons': [], 'hold_time': 0.10999999998603016}
2025-05-23 22:40:02,550 : INFO : EventManager : Event: ======'mode_game_will_start'====== Args={'buttons': [], 'hold_time': 0.10999999998603016}
2025-05-23 22:40:02,550 : INFO : EventManager : Event: ======'mode_game_starting'====== Args={'buttons': [], 'hold_time': 0.10999999998603016}
2025-05-23 22:40:02,550 : INFO : EventManager : Event: ======'mode_attract_will_stop'====== Args={}
2025-05-23 22:40:02,550 : INFO : EventManager : Event: ======'mode_attract_stopping'====== Args={}
2025-05-23 22:40:02,550 : INFO : Mode.attract : Stopped.
2025-05-23 22:40:02,550 : INFO : EventManager : Event: ======'modes_active_modes_changed'====== Args={}
2025-05-23 22:40:02,550 : INFO : EventManager : Event: ======'mode_attract_stopped'====== Args={}
2025-05-23 22:40:02,550 : INFO : EventManager : Event: ======'clear'====== Args={'key': 'attract'}
2025-05-23 22:40:02,550 : INFO : Timer.attract_carousel_timer : Stopping Timer
2025-05-23 22:40:02,550 : INFO : EventManager : Event: ======'timer_attract_carousel_timer_stopped'====== Args={'ticks': 0, 'ticks_remaining': 1}
2025-05-23 22:40:02,550 : INFO : Mode.game : Started. Priority: 20
2025-05-23 22:40:02,550 : INFO : EventManager : Event: ======'modes_active_modes_changed'====== Args={}
2025-05-23 22:40:02,550 : INFO : EventManager : Event: ======'mode_game_started'====== Args={'buttons': [], 'hold_time': 0.10999999998603016}
2025-05-23 22:40:02,552 : INFO : EventManager : Event: ======'game_will_start'====== Args={}
2025-05-23 22:40:02,553 : INFO : EventManager : Event: ======'game_starting'====== Args={'game': <Mode.game>}
2025-05-23 22:40:02,553 : INFO : EventManager : Unordered handler for class <Auditor> on event game_ended with priority 1. Handlers: [RegisteredHandler(callback=<bound method Auditor.disable of <Auditor>>, priority=1, kwargs={}, key=UUID('fe88465f-dd25-4fb6-80e2-8de7912f6e3e'), condition=None, blocking_facility=None), RegisteredHandler(callback=<bound method Auditor._save_audits of <Auditor>>, priority=1, kwargs={}, key=UUID('ac82168c-83ef-4a6c-ac96-dcfdd8824062'), condition=None, blocking_facility=None)]. The order of those handlers is not defined and they will be executed in random order. This might lead to race conditions and potential bugs.
2025-05-23 22:40:02,553 : INFO : EventManager : Event: ======'player_add_request'====== Args={}
2025-05-23 22:40:02,553 : INFO : EventManager : Event: ======'player_will_add'====== Args={'number': 1}
2025-05-23 22:40:02,553 : INFO : EventManager : Event: ======'player_adding'====== Args={'player': <Player 1>, 'number': 1}
2025-05-23 22:40:02,553 : INFO : EventManager : Event: ======'player_added'====== Args={'player': <Player 1>, 'num': 1}
2025-05-23 22:40:02,553 : INFO : Mode.game : Player added successfully. Total players: 1
2025-05-23 22:40:02,553 : INFO : EventManager : Event: ======'player_index'====== Args={'value': 0, 'prev_value': 0, 'change': 0, 'player_num': 1}
2025-05-23 22:40:02,553 : INFO : EventManager : Event: ======'player_number'====== Args={'value': 1, 'prev_value': 1, 'change': 0, 'player_num': 1}
2025-05-23 22:40:02,553 : INFO : EventManager : Event: ======'player_score'====== Args={'value': 0, 'prev_value': 0, 'change': 0, 'player_num': 1}
2025-05-23 22:40:02,554 : INFO : EventManager : Event: ======'game_started'====== Args={}
2025-05-23 22:40:02,557 : INFO : EventManager : Event: ======'player_turn_will_start'====== Args={'player': <Player 1>, 'number': 1}
2025-05-23 22:40:02,559 : INFO : EventManager : Event: ======'player_turn_starting'====== Args={'player': <Player 1>, 'number': 1}
2025-05-23 22:40:02,559 : INFO : EventManager : Event: ======'player_ball'====== Args={'value': 1, 'prev_value': 0, 'change': 1, 'player_num': 1}
2025-05-23 22:40:02,559 : INFO : EventManager : Event: ======'player_turn_started'====== Args={'player': <Player 1>, 'number': 1}
2025-05-23 22:40:02,560 : INFO : EventManager : Event: ======'ball_will_start'====== Args={'player': 1, 'ball': 1, 'balls_remaining': 2, 'is_extra_ball': False}
2025-05-23 22:40:02,561 : INFO : EventManager : Event: ======'ball_starting'====== Args={'player': 1, 'ball': 1, 'balls_remaining': 2, 'is_extra_ball': False}
2025-05-23 22:40:02,561 : INFO : EventManager : Event: ======'mode_base_will_start'====== Args={'queue': <QueuedEvent>, 'player': 1, 'ball': 1, 'balls_remaining': 2, 'is_extra_ball': False}
2025-05-23 22:40:02,561 : INFO : EventManager : Event: ======'mode_base_starting'====== Args={'queue': <QueuedEvent>, 'player': 1, 'ball': 1, 'balls_remaining': 2, 'is_extra_ball': False}
2025-05-23 22:40:02,561 : INFO : Mode.base : Started. Priority: 100
2025-05-23 22:40:02,561 : INFO : EventManager : Event: ======'modes_active_modes_changed'====== Args={}
2025-05-23 22:40:02,561 : INFO : EventManager : Event: ======'mode_base_started'====== Args={'queue': <QueuedEvent>, 'player': 1, 'ball': 1, 'balls_remaining': 2, 'is_extra_ball': False}
2025-05-23 22:40:02,562 : INFO : EventManager : Event: ======'start_mode_bumpers'====== Args={'priority': 0}
2025-05-23 22:40:02,562 : INFO : EventManager : Event: ======'mode_bumpers_will_start'====== Args={'priority': 0}
2025-05-23 22:40:02,562 : INFO : EventManager : Event: ======'player_shot_bumper_left_enabled'====== Args={'value': True, 'prev_value': 0, 'change': 1, 'player_num': 1}
2025-05-23 22:40:02,562 : INFO : EventManager : Event: ======'bumpers_complete'====== Args={'state': 'unlit'}
2025-05-23 22:40:02,562 : INFO : EventManager : Event: ======'bumpers_unlit_complete'====== Args={}
2025-05-23 22:40:02,562 : INFO : EventManager : Event: ======'mode_bumpers_starting'====== Args={'priority': 0}
2025-05-23 22:40:02,562 : INFO : Mode.bumpers : Started. Priority: 200
2025-05-23 22:40:02,562 : INFO : EventManager : Event: ======'modes_active_modes_changed'====== Args={}
2025-05-23 22:40:02,562 : INFO : EventManager : Event: ======'mode_bumpers_started'====== Args={'priority': 0}
2025-05-23 22:40:02,562 : INFO : EventManager : Event: ======'balls_in_play'====== Args={'balls': 1}
2025-05-23 22:40:02,562 : INFO : EventManager : Event: ======'ball_started'====== Args={'player': 1, 'ball': 1, 'balls_remaining': 2, 'is_extra_ball': False}
2025-05-23 22:40:02,567 : INFO : EventManager : Event: ======'single_player_ball_started'====== Args={}
2025-05-23 22:40:02,568 : INFO : EventManager : Event: ======'ball_start_target'====== Args={'target': 'playfield'}
2025-05-23 22:40:02,568 : INFO : ball_device.bd_plunger : Setting up player-controlled eject. Balls: 1, Target: <playfield.playfield>, player_controlled_eject_event: None
2025-05-23 22:40:02,568 : INFO : EventManager : Event: ======'balldevice_balls_available'====== Args={}
2025-05-23 22:40:02,568 : INFO : ball_device.bd_trough : State: waiting_for_target_ready
2025-05-23 22:40:02,568 : INFO : EventManager : Event: ======'balldevice_bd_trough_ball_eject_attempt'====== Args={'balls': 1, 'target': <ball_device.bd_plunger>, 'source': <ball_device.bd_trough>, 'mechanical_eject': True, 'num_attempts': 0}
2025-05-23 22:40:02,569 : INFO : ball_device.bd_plunger : State: waiting_for_ball
2025-05-23 22:40:02,569 : INFO : ball_device.bd_trough : State: ejecting
2025-05-23 22:40:02,569 : INFO : ball_device.bd_trough : Ejecting ball to <ball_device.bd_plunger>
2025-05-23 22:40:02,569 : INFO : EventManager : Event: ======'balldevice_bd_trough_ejecting_ball'====== Args={'balls': 1, 'target': <ball_device.bd_plunger>, 'source': <ball_device.bd_trough>, 'mechanical_eject': True, 'num_attempts': 0}
2025-05-23 22:40:02,569 : INFO : ball_device.bd_trough : Wait for ball to leave device
2025-05-23 22:40:02,569 : INFO : coil.c_trough_eject : Pulsing Driver for 15ms (1.0 pulse_power)
2025-05-23 22:40:02,569 : INFO : SwitchController : <<<<<<< 's_trough_ball_1' inactive >>>>>>>
2025-05-23 22:40:02,571 : INFO : ball_device.bd_trough : State: ball_left
2025-05-23 22:40:02,571 : INFO : ball_device.bd_trough : Ball left
2025-05-23 22:40:02,571 : INFO : ball_device.bd_trough : Wait for confirm with timeout 2.0
2025-05-23 22:40:02,576 : INFO : EventManager : Event: ======'slide_base_slide_created'====== Args={'_from_bcp': True}
2025-05-23 22:40:02,577 : INFO : EventManager : Event: ======'slide_attract_inactive'====== Args={'is_removing': True, '_from_bcp': True}
2025-05-23 22:40:02,577 : INFO : EventManager : Event: ======'slide_base_slide_active'====== Args={'original_context': 'base', 'original_calling_context': 'mode_base_started', 'priority': 100.0, 'queue': '<QueuedEvent>', 'player': 1.0, 'ball': 1.0, 'balls_remaining': 2.0, 'is_extra_ball': False, 'cmd': 'slides_play', '_from_bcp': True}
2025-05-23 22:40:02,577 : INFO : EventManager : Event: ======'slide_attract_removed'====== Args={'_from_bcp': True}
2025-05-23 22:40:02,663 : INFO : SwitchController : <<<<<<< 's_plunger' active >>>>>>>
2025-05-23 22:40:02,663 : INFO : EventManager : Event: ======'machine_var_audits_switches_s_plunger'====== Args={'value': 38, 'prev_value': 37, 'change': 1}
2025-05-23 22:40:03,159 : INFO : ball_device.bd_plunger : Received ball from <ball_device.bd_trough>
2025-05-23 22:40:03,159 : INFO : EventManager : Event: ======'balldevice_bd_plunger_ball_enter'====== Args={'new_balls': 1, 'unclaimed_balls': 0, 'new_available_balls': 0, 'device': <ball_device.bd_plunger>}
2025-05-23 22:40:03,159 : INFO : EventManager : Event: ======'balldevice_bd_plunger_ball_entered'====== Args={'new_balls': 0, 'device': <ball_device.bd_plunger>}
2025-05-23 22:40:03,160 : INFO : EventManager : Event: ======'balldevice_bd_plunger_ball_count_changed'====== Args={'balls': 1}
2025-05-23 22:40:03,160 : INFO : ball_device.bd_trough : Got eject confirm
2025-05-23 22:40:03,160 : INFO : ball_device.bd_trough : Eject successful
2025-05-23 22:40:03,160 : INFO : EventManager : Event: ======'balldevice_bd_trough_ball_eject_success'====== Args={'balls': 1, 'target': <ball_device.bd_plunger>}
2025-05-23 22:40:03,160 : INFO : EventManager : Event: ======'balldevice_bd_trough_ball_count_changed'====== Args={'balls': 2}
2025-05-23 22:40:03,160 : INFO : ball_device.bd_trough : State: idle
2025-05-23 22:40:03,160 : INFO : ball_device.bd_plunger : State: waiting_for_target_ready
2025-05-23 22:40:03,160 : INFO : EventManager : Event: ======'balldevice_bd_plunger_ball_eject_attempt'====== Args={'balls': 1, 'target': <playfield.playfield>, 'source': <ball_device.bd_plunger>, 'mechanical_eject': True, 'num_attempts': 0}
2025-05-23 22:40:03,160 : INFO : ball_device.bd_plunger : State: ejecting
2025-05-23 22:40:03,160 : INFO : ball_device.bd_plunger : Ejecting ball to <playfield.playfield>
2025-05-23 22:40:03,160 : INFO : EventManager : Event: ======'balldevice_bd_plunger_ejecting_ball'====== Args={'balls': 1, 'target': <playfield.playfield>, 'source': <ball_device.bd_plunger>, 'mechanical_eject': True, 'num_attempts': 0}
2025-05-23 22:40:03,161 : INFO : ball_device.bd_plunger : Wait for ball to leave device
2025-05-23 22:40:05,736 : INFO : SwitchController : <<<<<<< 's_left_sling' active >>>>>>>
2025-05-23 22:40:05,736 : INFO : EventManager : Event: ======'playfield_active'====== Args={'source': 'slingshot_left'}
2025-05-23 22:40:05,736 : INFO : EventManager : Event: ======'machine_var_audits_switches_s_left_sling'====== Args={'value': 16, 'prev_value': 15, 'change': 1}
2025-05-23 22:40:05,841 : INFO : SwitchController : <<<<<<< 's_left_sling' inactive >>>>>>>
2025-05-23 22:40:08,960 : INFO : SwitchController : <<<<<<< 's_left_sling' active >>>>>>>
2025-05-23 22:40:08,960 : INFO : EventManager : Event: ======'playfield_active'====== Args={'source': 'slingshot_left'}
2025-05-23 22:40:08,960 : INFO : EventManager : Event: ======'machine_var_audits_switches_s_left_sling'====== Args={'value': 17, 'prev_value': 16, 'change': 1}
2025-05-23 22:40:09,067 : INFO : SwitchController : <<<<<<< 's_left_sling' inactive >>>>>>>
2025-05-23 22:40:16,303 : INFO : SwitchController : <<<<<<< 's_left_sling' active >>>>>>>
2025-05-23 22:40:16,303 : INFO : EventManager : Event: ======'playfield_active'====== Args={'source': 'slingshot_left'}
2025-05-23 22:40:16,304 : INFO : EventManager : Event: ======'machine_var_audits_switches_s_left_sling'====== Args={'value': 18, 'prev_value': 17, 'change': 1}
2025-05-23 22:40:16,416 : INFO : SwitchController : <<<<<<< 's_left_sling' inactive >>>>>>>
2025-05-23 22:40:16,558 : INFO : SwitchController : <<<<<<< 's_left_sling' active >>>>>>>
2025-05-23 22:40:16,558 : INFO : EventManager : Event: ======'playfield_active'====== Args={'source': 'slingshot_left'}
2025-05-23 22:40:16,558 : INFO : EventManager : Event: ======'machine_var_audits_switches_s_left_sling'====== Args={'value': 19, 'prev_value': 18, 'change': 1}
2025-05-23 22:40:16,634 : INFO : SwitchController : <<<<<<< 's_left_sling' inactive >>>>>>>
2025-05-23 22:40:16,745 : INFO : SwitchController : <<<<<<< 's_left_sling' active >>>>>>>
2025-05-23 22:40:16,745 : INFO : EventManager : Event: ======'playfield_active'====== Args={'source': 'slingshot_left'}
2025-05-23 22:40:16,745 : INFO : EventManager : Event: ======'machine_var_audits_switches_s_left_sling'====== Args={'value': 20, 'prev_value': 19, 'change': 1}
2025-05-23 22:40:16,852 : INFO : SwitchController : <<<<<<< 's_left_sling' inactive >>>>>>>
2025-05-23 22:40:22,273 : INFO : SwitchController : <<<<<<< 's_plunger' inactive >>>>>>>
2025-05-23 22:40:22,274 : INFO : ball_device.bd_plunger : State: ball_left
2025-05-23 22:40:22,274 : INFO : ball_device.bd_plunger : Ball left
2025-05-23 22:40:22,274 : INFO : ball_device.bd_plunger : Wait for confirm with timeout 10.0
2025-05-23 22:40:22,395 : INFO : SwitchController : <<<<<<< 's_plunger' active >>>>>>>
2025-05-23 22:40:22,395 : INFO : EventManager : Event: ======'machine_var_audits_switches_s_plunger'====== Args={'value': 39, 'prev_value': 38, 'change': 1}
2025-05-23 22:40:29,248 : INFO : SwitchController : <<<<<<< 's_star_bumper_upper' active >>>>>>>
2025-05-23 22:40:29,248 : INFO : EventManager : Event: ======'machine_var_audits_switches_s_star_bumper_upper'====== Args={'value': 1, 'prev_value': 0, 'change': 1}
2025-05-23 22:40:29,370 : INFO : SwitchController : <<<<<<< 's_star_bumper_upper' inactive >>>>>>>
2025-05-23 22:40:32,286 : INFO : ball_device.bd_plunger : State: failed_confirm
2025-05-23 22:40:32,287 : INFO : ball_device.bd_plunger : Got timeout (10.0s) before confirm from <playfield.playfield>
2025-05-23 22:40:32,402 : INFO : ball_device.bd_plunger : Got unknown balls. Assuming a ball returned.
2025-05-23 22:40:32,402 : INFO : EventManager : Event: ======'balldevice_bd_plunger_ball_eject_failed'====== Args={'target': <playfield.playfield>, 'balls': 1, 'retry': True, 'num_attempts': 1}
2025-05-23 22:40:32,402 : INFO : ball_device.bd_plunger : State: waiting_for_target_ready
2025-05-23 22:40:32,402 : INFO : EventManager : Event: ======'balldevice_bd_plunger_ball_eject_attempt'====== Args={'balls': 1, 'target': <playfield.playfield>, 'source': <ball_device.bd_plunger>, 'mechanical_eject': True, 'num_attempts': 1}
2025-05-23 22:40:32,403 : INFO : ball_device.bd_plunger : State: ejecting
2025-05-23 22:40:32,403 : INFO : ball_device.bd_plunger : Ejecting ball to <playfield.playfield>
2025-05-23 22:40:32,403 : INFO : EventManager : Event: ======'balldevice_bd_plunger_ejecting_ball'====== Args={'balls': 1, 'target': <playfield.playfield>, 'source': <ball_device.bd_plunger>, 'mechanical_eject': True, 'num_attempts': 1}
2025-05-23 22:40:32,403 : INFO : ball_device.bd_plunger : Wait for ball to leave device
2025-05-23 22:40:37,109 : INFO : SwitchController : <<<<<<< 's_left_sling' active >>>>>>>
2025-05-23 22:40:37,109 : INFO : EventManager : Event: ======'playfield_active'====== Args={'source': 'slingshot_left'}
2025-05-23 22:40:37,110 : INFO : EventManager : Event: ======'machine_var_audits_switches_s_left_sling'====== Args={'value': 21, 'prev_value': 20, 'change': 1}
2025-05-23 22:40:37,245 : INFO : SwitchController : <<<<<<< 's_left_sling' inactive >>>>>>>
2025-05-23 22:40:50,152 : INFO : SwitchController : <<<<<<< 's_pop_bumper' active >>>>>>>
2025-05-23 22:40:50,153 : INFO : EventManager : Event: ======'playfield_active'====== Args={'source': 'bumper_left'}
2025-05-23 22:40:50,153 : INFO : EventManager : Event: ======'s_pop_bumper_active'====== Args={}
2025-05-23 22:40:50,153 : INFO : EventManager : Event: ======'playfield_active'====== Args={'source': 'ac_pop_bumper'}
2025-05-23 22:40:50,153 : INFO : EventManager : Event: ======'machine_var_audits_switches_s_pop_bumper'====== Args={'value': 47, 'prev_value': 46, 'change': 1}
2025-05-23 22:40:50,153 : INFO : EventManager : Event: ======'player_shot_bumper_left'====== Args={'value': 1, 'prev_value': 0, 'change': 1, 'player_num': 1}
2025-05-23 22:40:50,153 : INFO : EventManager : Event: ======'machine_var_audits_shots_bumper_left'====== Args={'value': 47, 'prev_value': 46, 'change': 1}
2025-05-23 22:40:50,153 : INFO : EventManager : Event: ======'bumper_left_hit'====== Args={'profile': 'default', 'state': 'unlit', 'advancing': True}
2025-05-23 22:40:50,153 : INFO : EventManager : Event: ======'bumper_left_default_hit'====== Args={'profile': 'default', 'state': 'unlit', 'advancing': True}
2025-05-23 22:40:50,153 : INFO : EventManager : Event: ======'bumper_left_default_unlit_hit'====== Args={'profile': 'default', 'state': 'unlit', 'advancing': True}
2025-05-23 22:40:50,153 : INFO : EventManager : Event: ======'bumper_left_unlit_hit'====== Args={'profile': 'default', 'state': 'unlit', 'advancing': True}
2025-05-23 22:40:50,154 : INFO : EventManager : Event: ======'bumpers_complete'====== Args={'state': 'lit'}
2025-05-23 22:40:50,154 : INFO : EventManager : Event: ======'bumpers_lit_complete'====== Args={}
2025-05-23 22:40:50,154 : INFO : EventManager : Event: ======'bumpers_hit'====== Args={'shot': 'bumper_left'}
2025-05-23 22:40:50,154 : INFO : EventManager : Event: ======'bumpers_unlit_hit'====== Args={'shot': 'bumper_left'}
2025-05-23 22:40:50,154 : INFO : EventManager : Event: ======'player_score'====== Args={'value': 1000, 'prev_value': 0, 'change': 1000, 'player_num': 1, 'source': 'bumpers'}
2025-05-23 22:40:50,289 : INFO : SwitchController : <<<<<<< 's_pop_bumper' inactive >>>>>>>
2025-05-23 22:41:00,067 : INFO : SwitchController : <<<<<<< 's_left_sling' active >>>>>>>
2025-05-23 22:41:00,067 : INFO : EventManager : Event: ======'playfield_active'====== Args={'source': 'slingshot_left'}
2025-05-23 22:41:00,067 : INFO : EventManager : Event: ======'machine_var_audits_switches_s_left_sling'====== Args={'value': 22, 'prev_value': 21, 'change': 1}
2025-05-23 22:41:00,179 : INFO : SwitchController : <<<<<<< 's_left_sling' inactive >>>>>>>
2025-05-23 22:41:30,697 : INFO : SwitchController : <<<<<<< 's_middle_bash' active >>>>>>>
2025-05-23 22:41:30,697 : INFO : EventManager : Event: ======'machine_var_audits_switches_s_middle_bash'====== Args={'value': 1, 'prev_value': 0, 'change': 1}
2025-05-23 22:41:30,813 : INFO : SwitchController : <<<<<<< 's_middle_bash' inactive >>>>>>>
2025-05-23 22:41:32,632 : INFO : SwitchController : <<<<<<< 's_middle_bash' active >>>>>>>
2025-05-23 22:41:32,632 : INFO : EventManager : Event: ======'machine_var_audits_switches_s_middle_bash'====== Args={'value': 2, 'prev_value': 1, 'change': 1}
2025-05-23 22:41:32,732 : INFO : SwitchController : <<<<<<< 's_middle_bash' inactive >>>>>>>
2025-05-23 22:41:33,472 : INFO : SwitchController : <<<<<<< 's_middle_bash' active >>>>>>>
2025-05-23 22:41:33,472 : INFO : EventManager : Event: ======'machine_var_audits_switches_s_middle_bash'====== Args={'value': 3, 'prev_value': 2, 'change': 1}
2025-05-23 22:41:33,556 : INFO : SwitchController : <<<<<<< 's_middle_bash' inactive >>>>>>>
2025-05-23 22:41:34,111 : INFO : SwitchController : <<<<<<< 's_middle_bash' active >>>>>>>
2025-05-23 22:41:34,111 : INFO : EventManager : Event: ======'machine_var_audits_switches_s_middle_bash'====== Args={'value': 4, 'prev_value': 3, 'change': 1}
2025-05-23 22:41:34,201 : INFO : SwitchController : <<<<<<< 's_middle_bash' inactive >>>>>>>
2025-05-23 22:41:34,777 : INFO : SwitchController : <<<<<<< 's_middle_bash' active >>>>>>>
2025-05-23 22:41:34,777 : INFO : EventManager : Event: ======'machine_var_audits_switches_s_middle_bash'====== Args={'value': 5, 'prev_value': 4, 'change': 1}
2025-05-23 22:41:34,861 : INFO : SwitchController : <<<<<<< 's_middle_bash' inactive >>>>>>>
2025-05-23 22:41:35,236 : INFO : SwitchController : <<<<<<< 's_middle_bash' active >>>>>>>
2025-05-23 22:41:35,236 : INFO : EventManager : Event: ======'machine_var_audits_switches_s_middle_bash'====== Args={'value': 6, 'prev_value': 5, 'change': 1}
2025-05-23 22:41:35,311 : INFO : SwitchController : <<<<<<< 's_middle_bash' inactive >>>>>>>
2025-05-23 22:41:35,430 : INFO : SwitchController : <<<<<<< 's_middle_bash' active >>>>>>>
2025-05-23 22:41:35,430 : INFO : EventManager : Event: ======'machine_var_audits_switches_s_middle_bash'====== Args={'value': 7, 'prev_value': 6, 'change': 1}
2025-05-23 22:41:35,513 : INFO : SwitchController : <<<<<<< 's_middle_bash' inactive >>>>>>>
2025-05-23 22:41:35,827 : INFO : SwitchController : <<<<<<< 's_middle_bash' active >>>>>>>
2025-05-23 22:41:35,827 : INFO : EventManager : Event: ======'machine_var_audits_switches_s_middle_bash'====== Args={'value': 8, 'prev_value': 7, 'change': 1}
2025-05-23 22:41:35,919 : INFO : SwitchController : <<<<<<< 's_middle_bash' inactive >>>>>>>
2025-05-23 22:43:16,644 : INFO : Machine : Shutting down...
2025-05-23 22:43:16,644 : INFO : EventManager : Event: ======'shutdown'====== Args={}
2025-05-23 22:43:16,645 : INFO : EventManager : Event: ======'mode_game_will_stop'====== Args={}
2025-05-23 22:43:16,645 : INFO : EventManager : Event: ======'mode_game_stopping'====== Args={}
2025-05-23 22:43:16,645 : INFO : EventManager : Event: ======'mode_bumpers_will_stop'====== Args={}
2025-05-23 22:43:16,645 : INFO : EventManager : Event: ======'mode_bumpers_stopping'====== Args={}
2025-05-23 22:43:16,645 : INFO : EventManager : Event: ======'mode_base_will_stop'====== Args={}
2025-05-23 22:43:16,646 : INFO : EventManager : Event: ======'mode_base_stopping'====== Args={}
2025-05-23 22:43:16,646 : INFO : EventManager : Event: ======'stop_mode_bumpers'====== Args={'priority': 0}
2025-05-23 22:43:16,646 : INFO : Mode.base : Stopped.
2025-05-23 22:43:16,646 : INFO : EventManager : Event: ======'modes_active_modes_changed'====== Args={}
2025-05-23 22:43:16,646 : INFO : EventManager : Event: ======'mode_base_stopped'====== Args={}
2025-05-23 22:43:16,646 : INFO : EventManager : Event: ======'clear'====== Args={'key': 'base'}
2025-05-23 22:43:16,646 : INFO : Mode.bumpers : Stopped.
2025-05-23 22:43:16,646 : INFO : EventManager : Event: ======'modes_active_modes_changed'====== Args={}
2025-05-23 22:43:16,646 : INFO : EventManager : Event: ======'mode_bumpers_stopped'====== Args={}
2025-05-23 22:43:16,646 : INFO : EventManager : Event: ======'clear'====== Args={'key': 'bumpers'}
2025-05-23 22:43:16,646 : INFO : Mode.game : Stopped.
2025-05-23 22:43:16,646 : INFO : EventManager : Event: ======'modes_active_modes_changed'====== Args={}
2025-05-23 22:43:16,646 : INFO : EventManager : Event: ======'mode_game_stopped'====== Args={}
2025-05-23 22:43:16,646 : INFO : EventManager : Event: ======'clear'====== Args={'key': 'game'}
2025-05-23 22:43:16,647 : INFO : root : MPF run loop ended.
