2025-05-23 22:43:51,181 : INFO : root : Loading config.
2025-05-23 22:43:51,183 : INFO : YamlMultifileConfigLoader : Machine config file #1: config.yaml
2025-05-23 22:43:51,183 : INFO : ConfigProcessor : Loading config from cache: C:\Users\bradl\AppData\Local\Temp\f86648965732716a774abe330a35567f.mpf_cache
2025-05-23 22:43:51,227 : INFO : ConfigProcessor : Loading config from cache: C:\Users\bradl\AppData\Local\Temp\d01143593fa4ea1d4f7571bb64036356.mpf_cache
2025-05-23 22:43:51,227 : INFO : ConfigProcessor : Loading config from cache: C:\Users\bradl\AppData\Local\Temp\14f8e91e6393da8cb7b325adfbe7ed92.mpf_cache
2025-05-23 22:43:51,228 : INFO : ConfigProcessor : Loading config from cache: C:\Users\bradl\AppData\Local\Temp\437cbc5b651d395d3b48baa33047334e.mpf_cache
2025-05-23 22:43:51,228 : INFO : ConfigProcessor : Loading config from cache: C:\Users\bradl\AppData\Local\Temp\d01143593fa4ea1d4f7571bb64036356.mpf_cache
2025-05-23 22:43:51,228 : INFO : ConfigProcessor : Loading config from cache: C:\Users\bradl\AppData\Local\Temp\a5d9331d5edf0819f14f654fc5b58f80.mpf_cache
2025-05-23 22:43:51,228 : INFO : Machine : Mission Pinball Framework Core Engine v0.80.0.dev7
2025-05-23 22:43:51,228 : INFO : Machine : Command line arguments: {'no_load_cache': False, 'create_config_cache': True, 'bcp': True, 'configfile': ['config.yaml'], 'force_assets_load': False, 'platform_integration_test': False, 'jsonlogging': False, 'logfile': 'logs\\2025-05-23-22-43-51-mpf-wintermute.log', 'pause': False, 'production': False, 'text_ui': False, 'loglevel': 15, 'consoleloglevel': 20, 'force_platform': 'smart_virtual', 'syslog_address': None, 'full_logfile_path': 'C:\\pinball\\shaw_pinball\\logs\\2025-05-23-22-43-51-mpf-wintermute.log'}
2025-05-23 22:43:51,228 : INFO : Machine : MPF path: C:\pinball\mpf\Lib\site-packages\mpf
2025-05-23 22:43:51,228 : INFO : Machine : Machine path: C:\pinball\shaw_pinball
2025-05-23 22:43:51,228 : INFO : Machine : Platform: win32
2025-05-23 22:43:51,228 : INFO : Machine : Python executable location: C:\pinball\mpf\Scripts\python.exe
2025-05-23 22:43:51,228 : INFO : Machine : Python version: 3.12.8 (64-bit)
2025-05-23 22:43:51,230 : INFO : Machine : Initializing MPF...
2025-05-23 22:43:51,268 : INFO : EventManager : Event: ======'machine_var_credits_string'====== Args={'value': 'FREE PLAY', 'prev_value': None, 'change': True}
2025-05-23 22:43:51,279 : INFO : EventManager : Event: ======'machine_var_master_volume'====== Args={'value': 0.5, 'prev_value': None, 'change': True}
2025-05-23 22:43:51,279 : INFO : EventManager : Event: ======'machine_var_player1_score'====== Args={'value': 8000, 'prev_value': None, 'change': True}
2025-05-23 22:43:51,279 : INFO : EventManager : Event: ======'machine_var_mpf_version'====== Args={'value': 'Mission Pinball Framework v0.80.0.dev7', 'prev_value': None, 'change': True}
2025-05-23 22:43:51,279 : INFO : EventManager : Event: ======'machine_var_mpf_extended_version'====== Args={'value': 'Mission Pinball Framework v0.80.0.dev7, Config version:6, Show version: 6, BCP version:1.1', 'prev_value': None, 'change': True}
2025-05-23 22:43:51,279 : INFO : EventManager : Event: ======'machine_var_python_version'====== Args={'value': '3.12.8', 'prev_value': None, 'change': True}
2025-05-23 22:43:51,367 : INFO : EventManager : Event: ======'machine_var_platform'====== Args={'value': 'Windows-11-10.0.26100-SP0', 'prev_value': None, 'change': True}
2025-05-23 22:43:51,367 : INFO : EventManager : Event: ======'machine_var_platform_system'====== Args={'value': 'Windows', 'prev_value': None, 'change': True}
2025-05-23 22:43:51,367 : INFO : EventManager : Event: ======'machine_var_platform_release'====== Args={'value': '11', 'prev_value': None, 'change': True}
2025-05-23 22:43:51,367 : INFO : EventManager : Event: ======'machine_var_platform_version'====== Args={'value': '10.0.26100', 'prev_value': None, 'change': True}
2025-05-23 22:43:51,367 : INFO : EventManager : Event: ======'machine_var_platform_machine'====== Args={'value': 'AMD64', 'prev_value': None, 'change': True}
2025-05-23 22:43:51,367 : INFO : EventManager : Event: ======'machine_var_log_file_path'====== Args={'value': 'C:\\pinball\\shaw_pinball\\logs\\2025-05-23-22-43-51-mpf-wintermute.log', 'prev_value': None, 'change': True}
2025-05-23 22:43:51,367 : INFO : EventManager : Event: ======'init_phase_1'====== Args={}
2025-05-23 22:43:51,376 : INFO : EventManager : Event: ======'init_phase_2'====== Args={}
2025-05-23 22:43:51,377 : INFO : SwitchController : Found active switch: ('3208-0', <Platform.SmartVirtual>) <switch.s_trough_ball_1>
2025-05-23 22:43:51,377 : INFO : SwitchController : Found active switch: ('3208-1', <Platform.SmartVirtual>) <switch.s_trough_ball_2>
2025-05-23 22:43:51,377 : INFO : SwitchController : Found active switch: ('3208-2', <Platform.SmartVirtual>) <switch.s_trough_ball_3>
2025-05-23 22:43:51,377 : INFO : EventManager : Event: ======'bcp_connection_attempt'====== Args={'name': 'local_display', 'host': 'localhost', 'port': 5050}
2025-05-23 22:43:51,378 : INFO : BCPClientSocket : Connecting BCP to 'local_display' at localhost:5050...
2025-05-23 22:43:51,383 : INFO : BCPClientSocket : Connected BCP to 'local_display' localhost:5050
2025-05-23 22:43:51,384 : INFO : EventManager : Event: ======'bcp_clients_connected'====== Args={}
2025-05-23 22:43:51,384 : INFO : ball_device.bd_trough : BCH: Initial count: 3
2025-05-23 22:43:51,384 : INFO : ball_device.bd_trough : State: idle
2025-05-23 22:43:51,384 : INFO : ball_device.bd_plunger : BCH: Initial count: 0
2025-05-23 22:43:51,384 : INFO : ball_device.bd_plunger : State: idle
2025-05-23 22:43:51,385 : INFO : ball_device.bd_scoop : BCH: Initial count: 0
2025-05-23 22:43:51,385 : INFO : ball_device.bd_scoop : State: idle
2025-05-23 22:43:51,389 : INFO : EventManager : Event: ======'init_phase_3'====== Args={}
2025-05-23 22:43:51,390 : INFO : EventManager : Event: ======'init_phase_4'====== Args={}
2025-05-23 22:43:51,390 : INFO : BallController : Initial balls found: 3
2025-05-23 22:43:51,391 : INFO : EventManager : Event: ======'machine_var_audits_events_game_ended'====== Args={'value': 4, 'prev_value': None, 'change': True}
2025-05-23 22:43:51,391 : INFO : EventManager : Event: ======'machine_var_audits_events_game_started'====== Args={'value': 19, 'prev_value': None, 'change': True}
2025-05-23 22:43:51,391 : INFO : EventManager : Event: ======'machine_var_audits_missing_switches_s_flipper_left'====== Args={'value': 1, 'prev_value': None, 'change': True}
2025-05-23 22:43:51,391 : INFO : EventManager : Event: ======'machine_var_audits_missing_switches_s_flipper_left_eos'====== Args={'value': 19, 'prev_value': None, 'change': True}
2025-05-23 22:43:51,391 : INFO : EventManager : Event: ======'machine_var_audits_missing_switches_s_flipper_left_lidar'====== Args={'value': 19, 'prev_value': None, 'change': True}
2025-05-23 22:43:51,391 : INFO : EventManager : Event: ======'machine_var_audits_missing_switches_s_flipper_right'====== Args={'value': 1, 'prev_value': None, 'change': True}
2025-05-23 22:43:51,391 : INFO : EventManager : Event: ======'machine_var_audits_missing_switches_s_flipper_right_eos'====== Args={'value': 1, 'prev_value': None, 'change': True}
2025-05-23 22:43:51,391 : INFO : EventManager : Event: ======'machine_var_audits_missing_switches_s_flipper_right_lidar'====== Args={'value': 19, 'prev_value': None, 'change': True}
2025-05-23 22:43:51,391 : INFO : EventManager : Event: ======'machine_var_audits_missing_switches_s_left_inner_lane'====== Args={'value': 1, 'prev_value': None, 'change': True}
2025-05-23 22:43:51,391 : INFO : EventManager : Event: ======'machine_var_audits_missing_switches_s_left_outer_lane'====== Args={'value': 19, 'prev_value': None, 'change': True}
2025-05-23 22:43:51,391 : INFO : EventManager : Event: ======'machine_var_audits_missing_switches_s_middle_left'====== Args={'value': 1, 'prev_value': None, 'change': True}
2025-05-23 22:43:51,391 : INFO : EventManager : Event: ======'machine_var_audits_missing_switches_s_middle_right'====== Args={'value': 1, 'prev_value': None, 'change': True}
2025-05-23 22:43:51,391 : INFO : EventManager : Event: ======'machine_var_audits_missing_switches_s_ramp_left_enter'====== Args={'value': 1, 'prev_value': None, 'change': True}
2025-05-23 22:43:51,391 : INFO : EventManager : Event: ======'machine_var_audits_missing_switches_s_ramp_right_enter'====== Args={'value': 1, 'prev_value': None, 'change': True}
2025-05-23 22:43:51,391 : INFO : EventManager : Event: ======'machine_var_audits_missing_switches_s_right_inner_lane'====== Args={'value': 1, 'prev_value': None, 'change': True}
2025-05-23 22:43:51,391 : INFO : EventManager : Event: ======'machine_var_audits_missing_switches_s_right_outer_lane'====== Args={'value': 1, 'prev_value': None, 'change': True}
2025-05-23 22:43:51,391 : INFO : EventManager : Event: ======'machine_var_audits_missing_switches_s_right_sling'====== Args={'value': 1, 'prev_value': None, 'change': True}
2025-05-23 22:43:51,391 : INFO : EventManager : Event: ======'machine_var_audits_missing_switches_s_scoop'====== Args={'value': 1, 'prev_value': None, 'change': True}
2025-05-23 22:43:51,391 : INFO : EventManager : Event: ======'machine_var_audits_missing_switches_s_spinner_left'====== Args={'value': 1, 'prev_value': None, 'change': True}
2025-05-23 22:43:51,391 : INFO : EventManager : Event: ======'machine_var_audits_missing_switches_s_spinner_right'====== Args={'value': 1, 'prev_value': None, 'change': True}
2025-05-23 22:43:51,391 : INFO : EventManager : Event: ======'machine_var_audits_missing_switches_s_star_bumper_lower'====== Args={'value': 19, 'prev_value': None, 'change': True}
2025-05-23 22:43:51,391 : INFO : EventManager : Event: ======'machine_var_audits_missing_switches_s_start'====== Args={'value': 3, 'prev_value': None, 'change': True}
2025-05-23 22:43:51,391 : INFO : EventManager : Event: ======'machine_var_audits_missing_switches_s_third_flipper_eos'====== Args={'value': 1, 'prev_value': None, 'change': True}
2025-05-23 22:43:51,391 : INFO : EventManager : Event: ======'machine_var_audits_missing_switches_s_trough_ball_1'====== Args={'value': 1, 'prev_value': None, 'change': True}
2025-05-23 22:43:51,391 : INFO : EventManager : Event: ======'machine_var_audits_missing_switches_s_trough_ball_2'====== Args={'value': 1, 'prev_value': None, 'change': True}
2025-05-23 22:43:51,391 : INFO : EventManager : Event: ======'machine_var_audits_missing_switches_s_trough_ball_3'====== Args={'value': 1, 'prev_value': None, 'change': True}
2025-05-23 22:43:51,391 : INFO : EventManager : Event: ======'machine_var_audits_missing_switches_s_trough_ball_4'====== Args={'value': 19, 'prev_value': None, 'change': True}
2025-05-23 22:43:51,391 : INFO : EventManager : Event: ======'machine_var_audits_missing_switches_s_trough_ball_5'====== Args={'value': 1, 'prev_value': None, 'change': True}
2025-05-23 22:43:51,391 : INFO : EventManager : Event: ======'machine_var_audits_missing_switches_s_trough_ball_6'====== Args={'value': 1, 'prev_value': None, 'change': True}
2025-05-23 22:43:51,391 : INFO : EventManager : Event: ======'machine_var_audits_missing_switches_s_trough_ball_jam'====== Args={'value': 1, 'prev_value': None, 'change': True}
2025-05-23 22:43:51,391 : INFO : EventManager : Event: ======'machine_var_audits_player_score'====== Args={'value': {'average': 2000, 'top': [8000, 0, 0, 0], 'total': 4}, 'prev_value': None, 'change': True}
2025-05-23 22:43:51,391 : INFO : EventManager : Event: ======'machine_var_audits_shots_bumper_left'====== Args={'value': 47, 'prev_value': None, 'change': True}
2025-05-23 22:43:51,391 : INFO : EventManager : Event: ======'machine_var_audits_switches_s_flipper_left'====== Args={'value': 188, 'prev_value': None, 'change': True}
2025-05-23 22:43:51,391 : INFO : EventManager : Event: ======'machine_var_audits_switches_s_flipper_left_eos'====== Args={'value': 0, 'prev_value': None, 'change': True}
2025-05-23 22:43:51,391 : INFO : EventManager : Event: ======'machine_var_audits_switches_s_flipper_left_lidar'====== Args={'value': 0, 'prev_value': None, 'change': True}
2025-05-23 22:43:51,391 : INFO : EventManager : Event: ======'machine_var_audits_switches_s_flipper_right'====== Args={'value': 127, 'prev_value': None, 'change': True}
2025-05-23 22:43:51,391 : INFO : EventManager : Event: ======'machine_var_audits_switches_s_flipper_right_eos'====== Args={'value': 86, 'prev_value': None, 'change': True}
2025-05-23 22:43:51,391 : INFO : EventManager : Event: ======'machine_var_audits_switches_s_flipper_right_lidar'====== Args={'value': 0, 'prev_value': None, 'change': True}
2025-05-23 22:43:51,391 : INFO : EventManager : Event: ======'machine_var_audits_switches_s_left_inner_lane'====== Args={'value': 11, 'prev_value': None, 'change': True}
2025-05-23 22:43:51,391 : INFO : EventManager : Event: ======'machine_var_audits_switches_s_left_outer_lane'====== Args={'value': 0, 'prev_value': None, 'change': True}
2025-05-23 22:43:51,391 : INFO : EventManager : Event: ======'machine_var_audits_switches_s_left_sling'====== Args={'value': 22, 'prev_value': None, 'change': True}
2025-05-23 22:43:51,391 : INFO : EventManager : Event: ======'machine_var_audits_switches_s_middle_bash'====== Args={'value': 8, 'prev_value': None, 'change': True}
2025-05-23 22:43:51,391 : INFO : EventManager : Event: ======'machine_var_audits_switches_s_middle_left'====== Args={'value': 0, 'prev_value': None, 'change': True}
2025-05-23 22:43:51,391 : INFO : EventManager : Event: ======'machine_var_audits_switches_s_middle_right'====== Args={'value': 0, 'prev_value': None, 'change': True}
2025-05-23 22:43:51,391 : INFO : EventManager : Event: ======'machine_var_audits_switches_s_plunger'====== Args={'value': 39, 'prev_value': None, 'change': True}
2025-05-23 22:43:51,391 : INFO : EventManager : Event: ======'machine_var_audits_switches_s_pop_bumper'====== Args={'value': 47, 'prev_value': None, 'change': True}
2025-05-23 22:43:51,391 : INFO : EventManager : Event: ======'machine_var_audits_switches_s_ramp_left_enter'====== Args={'value': 0, 'prev_value': None, 'change': True}
2025-05-23 22:43:51,392 : INFO : EventManager : Event: ======'machine_var_audits_switches_s_ramp_right_enter'====== Args={'value': 0, 'prev_value': None, 'change': True}
2025-05-23 22:43:51,392 : INFO : EventManager : Event: ======'machine_var_audits_switches_s_right_inner_lane'====== Args={'value': 10, 'prev_value': None, 'change': True}
2025-05-23 22:43:51,392 : INFO : EventManager : Event: ======'machine_var_audits_switches_s_right_outer_lane'====== Args={'value': 7, 'prev_value': None, 'change': True}
2025-05-23 22:43:51,392 : INFO : EventManager : Event: ======'machine_var_audits_switches_s_right_sling'====== Args={'value': 10, 'prev_value': None, 'change': True}
2025-05-23 22:43:51,392 : INFO : EventManager : Event: ======'machine_var_audits_switches_s_scoop'====== Args={'value': 28, 'prev_value': None, 'change': True}
2025-05-23 22:43:51,392 : INFO : EventManager : Event: ======'machine_var_audits_switches_s_spinner_left'====== Args={'value': 0, 'prev_value': None, 'change': True}
2025-05-23 22:43:51,392 : INFO : EventManager : Event: ======'machine_var_audits_switches_s_spinner_right'====== Args={'value': 0, 'prev_value': None, 'change': True}
2025-05-23 22:43:51,392 : INFO : EventManager : Event: ======'machine_var_audits_switches_s_star_bumper_lower'====== Args={'value': 0, 'prev_value': None, 'change': True}
2025-05-23 22:43:51,392 : INFO : EventManager : Event: ======'machine_var_audits_switches_s_star_bumper_upper'====== Args={'value': 1, 'prev_value': None, 'change': True}
2025-05-23 22:43:51,392 : INFO : EventManager : Event: ======'machine_var_audits_switches_s_start'====== Args={'value': 14, 'prev_value': None, 'change': True}
2025-05-23 22:43:51,392 : INFO : EventManager : Event: ======'machine_var_audits_switches_s_third_flipper_eos'====== Args={'value': 118, 'prev_value': None, 'change': True}
2025-05-23 22:43:51,392 : INFO : EventManager : Event: ======'machine_var_audits_switches_s_trough_ball_1'====== Args={'value': 20, 'prev_value': None, 'change': True}
2025-05-23 22:43:51,392 : INFO : EventManager : Event: ======'machine_var_audits_switches_s_trough_ball_2'====== Args={'value': 18, 'prev_value': None, 'change': True}
2025-05-23 22:43:51,392 : INFO : EventManager : Event: ======'machine_var_audits_switches_s_trough_ball_3'====== Args={'value': 18, 'prev_value': None, 'change': True}
2025-05-23 22:43:51,392 : INFO : EventManager : Event: ======'machine_var_audits_switches_s_trough_ball_4'====== Args={'value': 0, 'prev_value': None, 'change': True}
2025-05-23 22:43:51,392 : INFO : EventManager : Event: ======'machine_var_audits_switches_s_trough_ball_5'====== Args={'value': 18, 'prev_value': None, 'change': True}
2025-05-23 22:43:51,392 : INFO : EventManager : Event: ======'machine_var_audits_switches_s_trough_ball_6'====== Args={'value': 17, 'prev_value': None, 'change': True}
2025-05-23 22:43:51,392 : INFO : EventManager : Event: ======'machine_var_audits_switches_s_trough_ball_jam'====== Args={'value': 22, 'prev_value': None, 'change': True}
2025-05-23 22:43:51,392 : INFO : EventManager : Event: ======'init_phase_5'====== Args={}
2025-05-23 22:43:51,392 : INFO : EventManager : Event: ======'init_done'====== Args={}
2025-05-23 22:43:51,392 : INFO : EventManager : Event: ======'machine_reset_phase_1'====== Args={}
2025-05-23 22:43:51,394 : INFO : EventManager : Event: ======'machine_reset_phase_2'====== Args={}
2025-05-23 22:43:51,394 : INFO : EventManager : Event: ======'machine_reset_phase_3'====== Args={}
2025-05-23 22:43:51,394 : INFO : EventManager : Event: ======'reset_complete'====== Args={}
2025-05-23 22:43:51,394 : INFO : EventManager : Event: ======'mode_attract_will_start'====== Args={}
2025-05-23 22:43:51,394 : INFO : Timer.attract_carousel_timer : Starting Timer.
2025-05-23 22:43:51,394 : INFO : EventManager : Event: ======'timer_attract_carousel_timer_started'====== Args={'ticks': 0, 'ticks_remaining': 1}
2025-05-23 22:43:51,394 : INFO : EventManager : Event: ======'timer_attract_carousel_timer_tick'====== Args={'ticks': 0, 'ticks_remaining': 1}
2025-05-23 22:43:51,395 : INFO : EventManager : Event: ======'mode_attract_starting'====== Args={}
2025-05-23 22:43:51,395 : INFO : Mode.attract : Started. Priority: 10
2025-05-23 22:43:51,395 : INFO : EventManager : Event: ======'modes_active_modes_changed'====== Args={}
2025-05-23 22:43:51,395 : INFO : EventManager : Event: ======'mode_attract_started'====== Args={}
2025-05-23 22:43:51,395 : INFO : EventManager : Event: ======'collecting_balls_complete'====== Args={}
2025-05-23 22:43:51,395 : INFO : EventManager : Event: ======'item_highlighted'====== Args={'carousel': 'attract', 'direction': None, 'item': 'title'}
2025-05-23 22:43:51,395 : INFO : EventManager : Event: ======'timer_attract_carousel_timer_tick'====== Args={'ticks': 0, 'ticks_remaining': 1}
2025-05-23 22:43:51,395 : INFO : Machine : Starting the main run loop with active modes: [<Mode.attract>]
2025-05-23 22:43:51,412 : INFO : BcpServer : New client connected.
2025-05-23 22:43:51,418 : INFO : EventManager : Event: ======'slide_attract_created'====== Args={'_from_bcp': True}
2025-05-23 22:43:51,418 : INFO : EventManager : Event: ======'slide__removed'====== Args={'_from_bcp': True}
2025-05-23 22:43:51,418 : INFO : EventManager : Event: ======'slide_attract_active'====== Args={'original_context': 'attract', 'original_calling_context': 'mode_attract_started', 'priority': 10.0, 'cmd': 'slides_play', '_from_bcp': True}
2025-05-23 22:43:56,376 : INFO : Timer.attract_carousel_timer : Timer Complete
2025-05-23 22:43:56,376 : INFO : Timer.attract_carousel_timer : Stopping Timer
2025-05-23 22:43:56,376 : INFO : EventManager : Event: ======'timer_attract_carousel_timer_stopped'====== Args={'ticks': 1, 'ticks_remaining': 1}
2025-05-23 22:43:56,376 : INFO : EventManager : Event: ======'timer_attract_carousel_timer_complete'====== Args={'ticks': 1, 'ticks_remaining': 1}
2025-05-23 22:43:56,377 : INFO : EventManager : Event: ======'item_highlighted'====== Args={'carousel': 'attract', 'direction': 'forwards', 'item': 'credits'}
2025-05-23 22:43:56,377 : INFO : Timer.attract_carousel_timer : Starting Timer.
2025-05-23 22:43:56,377 : INFO : EventManager : Event: ======'timer_attract_carousel_timer_started'====== Args={'ticks': 0, 'ticks_remaining': 1}
2025-05-23 22:43:56,377 : INFO : EventManager : Event: ======'timer_attract_carousel_timer_tick'====== Args={'ticks': 0, 'ticks_remaining': 1}
2025-05-23 22:43:59,172 : INFO : SwitchController : <<<<<<< 's_start' active >>>>>>>
2025-05-23 22:43:59,285 : INFO : SwitchController : <<<<<<< 's_start' inactive >>>>>>>
2025-05-23 22:43:59,285 : INFO : EventManager : Event: ======'request_to_start_game'====== Args={}
2025-05-23 22:43:59,285 : INFO : EventManager : Event: ======'game_start'====== Args={'buttons': [], 'hold_time': 0.10899999999674037}
2025-05-23 22:43:59,285 : INFO : EventManager : Event: ======'mode_game_will_start'====== Args={'buttons': [], 'hold_time': 0.10899999999674037}
2025-05-23 22:43:59,286 : INFO : EventManager : Event: ======'mode_game_starting'====== Args={'buttons': [], 'hold_time': 0.10899999999674037}
2025-05-23 22:43:59,286 : INFO : EventManager : Event: ======'mode_attract_will_stop'====== Args={}
2025-05-23 22:43:59,286 : INFO : EventManager : Event: ======'mode_attract_stopping'====== Args={}
2025-05-23 22:43:59,286 : INFO : Mode.attract : Stopped.
2025-05-23 22:43:59,286 : INFO : EventManager : Event: ======'modes_active_modes_changed'====== Args={}
2025-05-23 22:43:59,286 : INFO : EventManager : Event: ======'mode_attract_stopped'====== Args={}
2025-05-23 22:43:59,286 : INFO : EventManager : Event: ======'clear'====== Args={'key': 'attract'}
2025-05-23 22:43:59,286 : INFO : Timer.attract_carousel_timer : Stopping Timer
2025-05-23 22:43:59,286 : INFO : EventManager : Event: ======'timer_attract_carousel_timer_stopped'====== Args={'ticks': 0, 'ticks_remaining': 1}
2025-05-23 22:43:59,286 : INFO : Mode.game : Started. Priority: 20
2025-05-23 22:43:59,286 : INFO : EventManager : Event: ======'modes_active_modes_changed'====== Args={}
2025-05-23 22:43:59,286 : INFO : EventManager : Event: ======'mode_game_started'====== Args={'buttons': [], 'hold_time': 0.10899999999674037}
2025-05-23 22:43:59,287 : INFO : EventManager : Event: ======'game_will_start'====== Args={}
2025-05-23 22:43:59,287 : INFO : EventManager : Event: ======'game_starting'====== Args={'game': <Mode.game>}
2025-05-23 22:43:59,287 : INFO : EventManager : Unordered handler for class <Auditor> on event game_ended with priority 1. Handlers: [RegisteredHandler(callback=<bound method Auditor.disable of <Auditor>>, priority=1, kwargs={}, key=UUID('427a9719-5ffb-490b-81b7-b657d688d37e'), condition=None, blocking_facility=None), RegisteredHandler(callback=<bound method Auditor._save_audits of <Auditor>>, priority=1, kwargs={}, key=UUID('84dd7457-aecd-4f51-94ac-f161650736f7'), condition=None, blocking_facility=None)]. The order of those handlers is not defined and they will be executed in random order. This might lead to race conditions and potential bugs.
2025-05-23 22:43:59,287 : INFO : EventManager : Event: ======'player_add_request'====== Args={}
2025-05-23 22:43:59,287 : INFO : EventManager : Event: ======'player_will_add'====== Args={'number': 1}
2025-05-23 22:43:59,287 : INFO : EventManager : Event: ======'player_adding'====== Args={'player': <Player 1>, 'number': 1}
2025-05-23 22:43:59,287 : INFO : EventManager : Event: ======'player_added'====== Args={'player': <Player 1>, 'num': 1}
2025-05-23 22:43:59,287 : INFO : Mode.game : Player added successfully. Total players: 1
2025-05-23 22:43:59,288 : INFO : EventManager : Event: ======'player_index'====== Args={'value': 0, 'prev_value': 0, 'change': 0, 'player_num': 1}
2025-05-23 22:43:59,288 : INFO : EventManager : Event: ======'player_number'====== Args={'value': 1, 'prev_value': 1, 'change': 0, 'player_num': 1}
2025-05-23 22:43:59,288 : INFO : EventManager : Event: ======'player_score'====== Args={'value': 0, 'prev_value': 0, 'change': 0, 'player_num': 1}
2025-05-23 22:43:59,288 : INFO : EventManager : Event: ======'game_started'====== Args={}
2025-05-23 22:43:59,288 : INFO : EventManager : Event: ======'player_turn_will_start'====== Args={'player': <Player 1>, 'number': 1}
2025-05-23 22:43:59,288 : INFO : EventManager : Event: ======'player_turn_starting'====== Args={'player': <Player 1>, 'number': 1}
2025-05-23 22:43:59,290 : INFO : EventManager : Event: ======'player_ball'====== Args={'value': 1, 'prev_value': 0, 'change': 1, 'player_num': 1}
2025-05-23 22:43:59,290 : INFO : EventManager : Event: ======'player_turn_started'====== Args={'player': <Player 1>, 'number': 1}
2025-05-23 22:43:59,290 : INFO : EventManager : Event: ======'ball_will_start'====== Args={'player': 1, 'ball': 1, 'balls_remaining': 2, 'is_extra_ball': False}
2025-05-23 22:43:59,291 : INFO : EventManager : Event: ======'ball_starting'====== Args={'player': 1, 'ball': 1, 'balls_remaining': 2, 'is_extra_ball': False}
2025-05-23 22:43:59,291 : INFO : EventManager : Event: ======'mode_base_will_start'====== Args={'queue': <QueuedEvent>, 'player': 1, 'ball': 1, 'balls_remaining': 2, 'is_extra_ball': False}
2025-05-23 22:43:59,291 : INFO : EventManager : Event: ======'mode_base_starting'====== Args={'queue': <QueuedEvent>, 'player': 1, 'ball': 1, 'balls_remaining': 2, 'is_extra_ball': False}
2025-05-23 22:43:59,292 : INFO : Mode.base : Started. Priority: 100
2025-05-23 22:43:59,292 : INFO : EventManager : Event: ======'modes_active_modes_changed'====== Args={}
2025-05-23 22:43:59,292 : INFO : EventManager : Event: ======'mode_base_started'====== Args={'queue': <QueuedEvent>, 'player': 1, 'ball': 1, 'balls_remaining': 2, 'is_extra_ball': False}
2025-05-23 22:43:59,292 : INFO : EventManager : Event: ======'start_mode_bumpers'====== Args={'priority': 0}
2025-05-23 22:43:59,292 : INFO : EventManager : Event: ======'mode_bumpers_will_start'====== Args={'priority': 0}
2025-05-23 22:43:59,292 : INFO : EventManager : Event: ======'player_shot_bumper_left_enabled'====== Args={'value': True, 'prev_value': 0, 'change': 1, 'player_num': 1}
2025-05-23 22:43:59,292 : INFO : EventManager : Event: ======'bumpers_complete'====== Args={'state': 'unlit'}
2025-05-23 22:43:59,292 : INFO : EventManager : Event: ======'bumpers_unlit_complete'====== Args={}
2025-05-23 22:43:59,292 : INFO : EventManager : Event: ======'mode_bumpers_starting'====== Args={'priority': 0}
2025-05-23 22:43:59,292 : INFO : Mode.bumpers : Started. Priority: 200
2025-05-23 22:43:59,292 : INFO : EventManager : Event: ======'modes_active_modes_changed'====== Args={}
2025-05-23 22:43:59,293 : INFO : EventManager : Event: ======'mode_bumpers_started'====== Args={'priority': 0}
2025-05-23 22:43:59,293 : INFO : EventManager : Event: ======'balls_in_play'====== Args={'balls': 1}
2025-05-23 22:43:59,293 : INFO : EventManager : Event: ======'ball_started'====== Args={'player': 1, 'ball': 1, 'balls_remaining': 2, 'is_extra_ball': False}
2025-05-23 22:43:59,293 : INFO : EventManager : Event: ======'single_player_ball_started'====== Args={}
2025-05-23 22:43:59,294 : INFO : EventManager : Event: ======'ball_start_target'====== Args={'target': 'playfield'}
2025-05-23 22:43:59,294 : INFO : ball_device.bd_plunger : Setting up player-controlled eject. Balls: 1, Target: <playfield.playfield>, player_controlled_eject_event: None
2025-05-23 22:43:59,294 : INFO : EventManager : Event: ======'balldevice_balls_available'====== Args={}
2025-05-23 22:43:59,294 : INFO : ball_device.bd_trough : State: waiting_for_target_ready
2025-05-23 22:43:59,294 : INFO : EventManager : Event: ======'balldevice_bd_trough_ball_eject_attempt'====== Args={'balls': 1, 'target': <ball_device.bd_plunger>, 'source': <ball_device.bd_trough>, 'mechanical_eject': True, 'num_attempts': 0}
2025-05-23 22:43:59,295 : INFO : ball_device.bd_plunger : State: waiting_for_ball
2025-05-23 22:43:59,295 : INFO : ball_device.bd_trough : State: ejecting
2025-05-23 22:43:59,295 : INFO : ball_device.bd_trough : Ejecting ball to <ball_device.bd_plunger>
2025-05-23 22:43:59,295 : INFO : EventManager : Event: ======'balldevice_bd_trough_ejecting_ball'====== Args={'balls': 1, 'target': <ball_device.bd_plunger>, 'source': <ball_device.bd_trough>, 'mechanical_eject': True, 'num_attempts': 0}
2025-05-23 22:43:59,295 : INFO : ball_device.bd_trough : Wait for ball to leave device
2025-05-23 22:43:59,296 : INFO : coil.c_trough_eject : Pulsing Driver for 15ms (1.0 pulse_power)
2025-05-23 22:43:59,296 : INFO : SwitchController : <<<<<<< 's_trough_ball_1' inactive >>>>>>>
2025-05-23 22:43:59,296 : INFO : ball_device.bd_trough : State: ball_left
2025-05-23 22:43:59,296 : INFO : ball_device.bd_trough : Ball left
2025-05-23 22:43:59,296 : INFO : ball_device.bd_trough : Wait for confirm with timeout 2.0
2025-05-23 22:43:59,299 : INFO : EventManager : Event: ======'slide_base_slide_created'====== Args={'_from_bcp': True}
2025-05-23 22:43:59,300 : INFO : EventManager : Event: ======'slide_attract_inactive'====== Args={'is_removing': True, '_from_bcp': True}
2025-05-23 22:43:59,300 : INFO : EventManager : Event: ======'slide_base_slide_active'====== Args={'original_context': 'base', 'original_calling_context': 'mode_base_started', 'priority': 100.0, 'queue': '<QueuedEvent>', 'player': 1.0, 'ball': 1.0, 'balls_remaining': 2.0, 'is_extra_ball': False, 'cmd': 'slides_play', '_from_bcp': True}
2025-05-23 22:43:59,300 : INFO : EventManager : Event: ======'slide_attract_removed'====== Args={'_from_bcp': True}
2025-05-23 22:43:59,386 : INFO : SwitchController : <<<<<<< 's_plunger' active >>>>>>>
2025-05-23 22:43:59,386 : INFO : EventManager : Event: ======'machine_var_audits_switches_s_plunger'====== Args={'value': 40, 'prev_value': 39, 'change': 1}
2025-05-23 22:43:59,882 : INFO : ball_device.bd_plunger : Received ball from <ball_device.bd_trough>
2025-05-23 22:43:59,882 : INFO : EventManager : Event: ======'balldevice_bd_plunger_ball_enter'====== Args={'new_balls': 1, 'unclaimed_balls': 0, 'new_available_balls': 0, 'device': <ball_device.bd_plunger>}
2025-05-23 22:43:59,883 : INFO : EventManager : Event: ======'balldevice_bd_plunger_ball_entered'====== Args={'new_balls': 0, 'device': <ball_device.bd_plunger>}
2025-05-23 22:43:59,883 : INFO : EventManager : Event: ======'balldevice_bd_plunger_ball_count_changed'====== Args={'balls': 1}
2025-05-23 22:43:59,883 : INFO : ball_device.bd_trough : Got eject confirm
2025-05-23 22:43:59,883 : INFO : ball_device.bd_trough : Eject successful
2025-05-23 22:43:59,883 : INFO : EventManager : Event: ======'balldevice_bd_trough_ball_eject_success'====== Args={'balls': 1, 'target': <ball_device.bd_plunger>}
2025-05-23 22:43:59,883 : INFO : EventManager : Event: ======'balldevice_bd_trough_ball_count_changed'====== Args={'balls': 2}
2025-05-23 22:43:59,883 : INFO : ball_device.bd_trough : State: idle
2025-05-23 22:43:59,883 : INFO : ball_device.bd_plunger : State: waiting_for_target_ready
2025-05-23 22:43:59,884 : INFO : EventManager : Event: ======'balldevice_bd_plunger_ball_eject_attempt'====== Args={'balls': 1, 'target': <playfield.playfield>, 'source': <ball_device.bd_plunger>, 'mechanical_eject': True, 'num_attempts': 0}
2025-05-23 22:43:59,884 : INFO : ball_device.bd_plunger : State: ejecting
2025-05-23 22:43:59,884 : INFO : ball_device.bd_plunger : Ejecting ball to <playfield.playfield>
2025-05-23 22:43:59,884 : INFO : EventManager : Event: ======'balldevice_bd_plunger_ejecting_ball'====== Args={'balls': 1, 'target': <playfield.playfield>, 'source': <ball_device.bd_plunger>, 'mechanical_eject': True, 'num_attempts': 0}
2025-05-23 22:43:59,884 : INFO : ball_device.bd_plunger : Wait for ball to leave device
2025-05-23 22:44:09,892 : INFO : SwitchController : <<<<<<< 's_middle_bash' active >>>>>>>
2025-05-23 22:44:09,892 : INFO : EventManager : Event: ======'machine_var_audits_switches_s_middle_bash'====== Args={'value': 9, 'prev_value': 8, 'change': 1}
2025-05-23 22:44:10,018 : INFO : SwitchController : <<<<<<< 's_middle_bash' inactive >>>>>>>
2025-05-23 22:44:14,186 : INFO : SwitchController : <<<<<<< 's_pop_bumper' active >>>>>>>
2025-05-23 22:44:14,186 : INFO : EventManager : Event: ======'playfield_active'====== Args={'source': 'bumper_left'}
2025-05-23 22:44:14,186 : INFO : EventManager : Event: ======'s_pop_bumper_active'====== Args={}
2025-05-23 22:44:14,187 : INFO : EventManager : Event: ======'playfield_active'====== Args={'source': 'ac_pop_bumper'}
2025-05-23 22:44:14,187 : INFO : EventManager : Event: ======'machine_var_audits_switches_s_pop_bumper'====== Args={'value': 48, 'prev_value': 47, 'change': 1}
2025-05-23 22:44:14,187 : INFO : EventManager : Event: ======'player_shot_bumper_left'====== Args={'value': 1, 'prev_value': 0, 'change': 1, 'player_num': 1}
2025-05-23 22:44:14,187 : INFO : EventManager : Event: ======'machine_var_audits_shots_bumper_left'====== Args={'value': 48, 'prev_value': 47, 'change': 1}
2025-05-23 22:44:14,187 : INFO : EventManager : Event: ======'bumper_left_hit'====== Args={'profile': 'default', 'state': 'unlit', 'advancing': True}
2025-05-23 22:44:14,187 : INFO : EventManager : Event: ======'bumper_left_default_hit'====== Args={'profile': 'default', 'state': 'unlit', 'advancing': True}
2025-05-23 22:44:14,187 : INFO : EventManager : Event: ======'bumper_left_default_unlit_hit'====== Args={'profile': 'default', 'state': 'unlit', 'advancing': True}
2025-05-23 22:44:14,187 : INFO : EventManager : Event: ======'bumper_left_unlit_hit'====== Args={'profile': 'default', 'state': 'unlit', 'advancing': True}
2025-05-23 22:44:14,187 : INFO : EventManager : Event: ======'bumpers_complete'====== Args={'state': 'lit'}
2025-05-23 22:44:14,188 : INFO : EventManager : Event: ======'bumpers_lit_complete'====== Args={}
2025-05-23 22:44:14,188 : INFO : EventManager : Event: ======'bumpers_hit'====== Args={'shot': 'bumper_left'}
2025-05-23 22:44:14,188 : INFO : EventManager : Event: ======'bumpers_unlit_hit'====== Args={'shot': 'bumper_left'}
2025-05-23 22:44:14,188 : INFO : EventManager : Event: ======'player_score'====== Args={'value': 1000, 'prev_value': 0, 'change': 1000, 'player_num': 1, 'source': 'bumpers'}
2025-05-23 22:44:14,300 : INFO : SwitchController : <<<<<<< 's_pop_bumper' inactive >>>>>>>
2025-05-23 22:44:20,900 : INFO : SwitchController : <<<<<<< 's_left_sling' active >>>>>>>
2025-05-23 22:44:20,900 : INFO : EventManager : Event: ======'playfield_active'====== Args={'source': 'slingshot_left'}
2025-05-23 22:44:20,900 : INFO : EventManager : Event: ======'machine_var_audits_switches_s_left_sling'====== Args={'value': 23, 'prev_value': 22, 'change': 1}
2025-05-23 22:44:20,998 : INFO : SwitchController : <<<<<<< 's_left_sling' inactive >>>>>>>
2025-05-23 22:44:36,148 : INFO : SwitchController : <<<<<<< 's_right_sling' active >>>>>>>
2025-05-23 22:44:36,148 : INFO : EventManager : Event: ======'playfield_active'====== Args={'source': 'slingshot_right'}
2025-05-23 22:44:36,148 : INFO : EventManager : Event: ======'machine_var_audits_switches_s_right_sling'====== Args={'value': 11, 'prev_value': 10, 'change': 1}
2025-05-23 22:44:36,261 : INFO : SwitchController : <<<<<<< 's_right_sling' inactive >>>>>>>
2025-05-23 22:45:41,734 : INFO : Machine : Shutting down...
2025-05-23 22:45:41,734 : INFO : EventManager : Event: ======'shutdown'====== Args={}
2025-05-23 22:45:41,735 : INFO : EventManager : Event: ======'mode_game_will_stop'====== Args={}
2025-05-23 22:45:41,735 : INFO : EventManager : Event: ======'mode_game_stopping'====== Args={}
2025-05-23 22:45:41,736 : INFO : EventManager : Event: ======'mode_base_will_stop'====== Args={}
2025-05-23 22:45:41,736 : INFO : EventManager : Event: ======'mode_base_stopping'====== Args={}
2025-05-23 22:45:41,736 : INFO : EventManager : Event: ======'mode_bumpers_will_stop'====== Args={}
2025-05-23 22:45:41,736 : INFO : EventManager : Event: ======'mode_bumpers_stopping'====== Args={}
2025-05-23 22:45:41,736 : INFO : EventManager : Event: ======'stop_mode_bumpers'====== Args={'priority': 0}
2025-05-23 22:45:41,736 : INFO : Mode.bumpers : Stopped.
2025-05-23 22:45:41,736 : INFO : EventManager : Event: ======'modes_active_modes_changed'====== Args={}
2025-05-23 22:45:41,736 : INFO : EventManager : Event: ======'mode_bumpers_stopped'====== Args={}
2025-05-23 22:45:41,736 : INFO : EventManager : Event: ======'clear'====== Args={'key': 'bumpers'}
2025-05-23 22:45:41,736 : INFO : Mode.base : Stopped.
2025-05-23 22:45:41,736 : INFO : EventManager : Event: ======'modes_active_modes_changed'====== Args={}
2025-05-23 22:45:41,736 : INFO : EventManager : Event: ======'mode_base_stopped'====== Args={}
2025-05-23 22:45:41,736 : INFO : EventManager : Event: ======'clear'====== Args={'key': 'base'}
2025-05-23 22:45:41,736 : INFO : Mode.game : Stopped.
2025-05-23 22:45:41,736 : INFO : EventManager : Event: ======'modes_active_modes_changed'====== Args={}
2025-05-23 22:45:41,736 : INFO : EventManager : Event: ======'mode_game_stopped'====== Args={}
2025-05-23 22:45:41,736 : INFO : EventManager : Event: ======'clear'====== Args={'key': 'game'}
2025-05-23 22:45:41,737 : INFO : root : MPF run loop ended.
