2025-05-23 23:19:47,821 : INFO : root : Loading config.
2025-05-23 23:19:47,823 : INFO : YamlMultifileConfigLoader : Machine config file #1: config.yaml
2025-05-23 23:19:47,823 : INFO : ConfigProcessor : Loading config from cache: C:\Users\bradl\AppData\Local\Temp\f86648965732716a774abe330a35567f.mpf_cache
2025-05-23 23:19:47,865 : INFO : ConfigProcessor : Loading config from cache: C:\Users\bradl\AppData\Local\Temp\d01143593fa4ea1d4f7571bb64036356.mpf_cache
2025-05-23 23:19:47,865 : INFO : ConfigProcessor : Loading config from cache: C:\Users\bradl\AppData\Local\Temp\14f8e91e6393da8cb7b325adfbe7ed92.mpf_cache
2025-05-23 23:19:47,866 : WARNING : ConfigProcessor : Config file in cache changed: C:\pinball\shaw_pinball\modes\base\config\base.yaml
2025-05-23 23:19:47,866 : INFO : ConfigProcessor : Loading config from file C:\pinball\shaw_pinball\modes\base\config\base.yaml.
2025-05-23 23:19:47,870 : INFO : ConfigProcessor : Loading config: C:\pinball\shaw_pinball\modes\base\config\base.yaml
2025-05-23 23:19:47,871 : INFO : ConfigProcessor : Config file cache created: C:\Users\bradl\AppData\Local\Temp\437cbc5b651d395d3b48baa33047334e.mpf_cache
2025-05-23 23:19:47,871 : INFO : ConfigProcessor : Loading config from cache: C:\Users\bradl\AppData\Local\Temp\d01143593fa4ea1d4f7571bb64036356.mpf_cache
2025-05-23 23:19:47,871 : INFO : ConfigProcessor : Loading config from cache: C:\Users\bradl\AppData\Local\Temp\a5d9331d5edf0819f14f654fc5b58f80.mpf_cache
2025-05-23 23:19:47,872 : INFO : Machine : Mission Pinball Framework Core Engine v0.80.0.dev7
2025-05-23 23:19:47,872 : INFO : Machine : Command line arguments: {'no_load_cache': False, 'create_config_cache': True, 'bcp': True, 'configfile': ['config.yaml'], 'force_assets_load': False, 'platform_integration_test': False, 'jsonlogging': False, 'logfile': 'logs\\2025-05-23-23-19-47-mpf-wintermute.log', 'pause': False, 'production': False, 'text_ui': False, 'loglevel': 15, 'consoleloglevel': 20, 'force_platform': 'smart_virtual', 'syslog_address': None, 'full_logfile_path': 'C:\\pinball\\shaw_pinball\\logs\\2025-05-23-23-19-47-mpf-wintermute.log'}
2025-05-23 23:19:47,872 : INFO : Machine : MPF path: C:\pinball\mpf\Lib\site-packages\mpf
2025-05-23 23:19:47,872 : INFO : Machine : Machine path: C:\pinball\shaw_pinball
2025-05-23 23:19:47,872 : INFO : Machine : Platform: win32
2025-05-23 23:19:47,872 : INFO : Machine : Python executable location: C:\pinball\mpf\Scripts\python.exe
2025-05-23 23:19:47,872 : INFO : Machine : Python version: 3.12.8 (64-bit)
2025-05-23 23:19:47,873 : INFO : Machine : Initializing MPF...
2025-05-23 23:19:47,911 : INFO : EventManager : Event: ======'machine_var_credits_string'====== Args={'value': 'FREE PLAY', 'prev_value': None, 'change': True}
2025-05-23 23:19:47,920 : INFO : EventManager : Event: ======'machine_var_master_volume'====== Args={'value': 0.5, 'prev_value': None, 'change': True}
2025-05-23 23:19:47,921 : INFO : EventManager : Event: ======'machine_var_player1_score'====== Args={'value': 8000, 'prev_value': None, 'change': True}
2025-05-23 23:19:47,921 : INFO : EventManager : Event: ======'machine_var_mpf_version'====== Args={'value': 'Mission Pinball Framework v0.80.0.dev7', 'prev_value': None, 'change': True}
2025-05-23 23:19:47,921 : INFO : EventManager : Event: ======'machine_var_mpf_extended_version'====== Args={'value': 'Mission Pinball Framework v0.80.0.dev7, Config version:6, Show version: 6, BCP version:1.1', 'prev_value': None, 'change': True}
2025-05-23 23:19:47,921 : INFO : EventManager : Event: ======'machine_var_python_version'====== Args={'value': '3.12.8', 'prev_value': None, 'change': True}
2025-05-23 23:19:47,985 : INFO : EventManager : Event: ======'machine_var_platform'====== Args={'value': 'Windows-11-10.0.26100-SP0', 'prev_value': None, 'change': True}
2025-05-23 23:19:47,985 : INFO : EventManager : Event: ======'machine_var_platform_system'====== Args={'value': 'Windows', 'prev_value': None, 'change': True}
2025-05-23 23:19:47,985 : INFO : EventManager : Event: ======'machine_var_platform_release'====== Args={'value': '11', 'prev_value': None, 'change': True}
2025-05-23 23:19:47,985 : INFO : EventManager : Event: ======'machine_var_platform_version'====== Args={'value': '10.0.26100', 'prev_value': None, 'change': True}
2025-05-23 23:19:47,985 : INFO : EventManager : Event: ======'machine_var_platform_machine'====== Args={'value': 'AMD64', 'prev_value': None, 'change': True}
2025-05-23 23:19:47,985 : INFO : EventManager : Event: ======'machine_var_log_file_path'====== Args={'value': 'C:\\pinball\\shaw_pinball\\logs\\2025-05-23-23-19-47-mpf-wintermute.log', 'prev_value': None, 'change': True}
2025-05-23 23:19:47,985 : INFO : EventManager : Event: ======'init_phase_1'====== Args={}
2025-05-23 23:19:47,994 : INFO : EventManager : Event: ======'init_phase_2'====== Args={}
2025-05-23 23:19:47,994 : INFO : SwitchController : Found active switch: ('3208-0', <Platform.SmartVirtual>) <switch.s_trough_ball_1>
2025-05-23 23:19:47,995 : INFO : SwitchController : Found active switch: ('3208-1', <Platform.SmartVirtual>) <switch.s_trough_ball_2>
2025-05-23 23:19:47,995 : INFO : SwitchController : Found active switch: ('3208-2', <Platform.SmartVirtual>) <switch.s_trough_ball_3>
2025-05-23 23:19:47,995 : INFO : EventManager : Event: ======'bcp_connection_attempt'====== Args={'name': 'local_display', 'host': 'localhost', 'port': 5050}
2025-05-23 23:19:47,996 : INFO : BCPClientSocket : Connecting BCP to 'local_display' at localhost:5050...
2025-05-23 23:19:52,715 : INFO : BCPClientSocket : Connected BCP to 'local_display' localhost:5050
2025-05-23 23:19:52,715 : INFO : EventManager : Event: ======'bcp_clients_connected'====== Args={}
2025-05-23 23:19:52,716 : INFO : ball_device.bd_trough : BCH: Initial count: 3
2025-05-23 23:19:52,716 : INFO : ball_device.bd_trough : State: idle
2025-05-23 23:19:52,716 : INFO : ball_device.bd_plunger : BCH: Initial count: 0
2025-05-23 23:19:52,716 : INFO : ball_device.bd_plunger : State: idle
2025-05-23 23:19:52,716 : INFO : ball_device.bd_scoop : BCH: Initial count: 0
2025-05-23 23:19:52,716 : INFO : ball_device.bd_scoop : State: idle
2025-05-23 23:19:52,721 : INFO : EventManager : Event: ======'init_phase_3'====== Args={}
2025-05-23 23:19:52,722 : INFO : EventManager : Event: ======'init_phase_4'====== Args={}
2025-05-23 23:19:52,722 : INFO : BallController : Initial balls found: 3
2025-05-23 23:19:52,722 : INFO : EventManager : Event: ======'machine_var_audits_events_game_ended'====== Args={'value': 4, 'prev_value': None, 'change': True}
2025-05-23 23:19:52,722 : INFO : EventManager : Event: ======'machine_var_audits_events_game_started'====== Args={'value': 22, 'prev_value': None, 'change': True}
2025-05-23 23:19:52,722 : INFO : EventManager : Event: ======'machine_var_audits_missing_switches_s_flipper_left'====== Args={'value': 4, 'prev_value': None, 'change': True}
2025-05-23 23:19:52,722 : INFO : EventManager : Event: ======'machine_var_audits_missing_switches_s_flipper_left_eos'====== Args={'value': 22, 'prev_value': None, 'change': True}
2025-05-23 23:19:52,722 : INFO : EventManager : Event: ======'machine_var_audits_missing_switches_s_flipper_left_lidar'====== Args={'value': 22, 'prev_value': None, 'change': True}
2025-05-23 23:19:52,722 : INFO : EventManager : Event: ======'machine_var_audits_missing_switches_s_flipper_right'====== Args={'value': 4, 'prev_value': None, 'change': True}
2025-05-23 23:19:52,722 : INFO : EventManager : Event: ======'machine_var_audits_missing_switches_s_flipper_right_eos'====== Args={'value': 4, 'prev_value': None, 'change': True}
2025-05-23 23:19:52,722 : INFO : EventManager : Event: ======'machine_var_audits_missing_switches_s_flipper_right_lidar'====== Args={'value': 22, 'prev_value': None, 'change': True}
2025-05-23 23:19:52,722 : INFO : EventManager : Event: ======'machine_var_audits_missing_switches_s_left_inner_lane'====== Args={'value': 4, 'prev_value': None, 'change': True}
2025-05-23 23:19:52,723 : INFO : EventManager : Event: ======'machine_var_audits_missing_switches_s_left_outer_lane'====== Args={'value': 22, 'prev_value': None, 'change': True}
2025-05-23 23:19:52,723 : INFO : EventManager : Event: ======'machine_var_audits_missing_switches_s_middle_left'====== Args={'value': 4, 'prev_value': None, 'change': True}
2025-05-23 23:19:52,723 : INFO : EventManager : Event: ======'machine_var_audits_missing_switches_s_middle_right'====== Args={'value': 4, 'prev_value': None, 'change': True}
2025-05-23 23:19:52,723 : INFO : EventManager : Event: ======'machine_var_audits_missing_switches_s_pop_bumper'====== Args={'value': 2, 'prev_value': None, 'change': True}
2025-05-23 23:19:52,723 : INFO : EventManager : Event: ======'machine_var_audits_missing_switches_s_ramp_left_enter'====== Args={'value': 4, 'prev_value': None, 'change': True}
2025-05-23 23:19:52,723 : INFO : EventManager : Event: ======'machine_var_audits_missing_switches_s_ramp_right_enter'====== Args={'value': 4, 'prev_value': None, 'change': True}
2025-05-23 23:19:52,723 : INFO : EventManager : Event: ======'machine_var_audits_missing_switches_s_right_inner_lane'====== Args={'value': 4, 'prev_value': None, 'change': True}
2025-05-23 23:19:52,723 : INFO : EventManager : Event: ======'machine_var_audits_missing_switches_s_right_outer_lane'====== Args={'value': 4, 'prev_value': None, 'change': True}
2025-05-23 23:19:52,723 : INFO : EventManager : Event: ======'machine_var_audits_missing_switches_s_scoop'====== Args={'value': 4, 'prev_value': None, 'change': True}
2025-05-23 23:19:52,723 : INFO : EventManager : Event: ======'machine_var_audits_missing_switches_s_spinner_left'====== Args={'value': 4, 'prev_value': None, 'change': True}
2025-05-23 23:19:52,723 : INFO : EventManager : Event: ======'machine_var_audits_missing_switches_s_spinner_right'====== Args={'value': 4, 'prev_value': None, 'change': True}
2025-05-23 23:19:52,723 : INFO : EventManager : Event: ======'machine_var_audits_missing_switches_s_star_bumper_lower'====== Args={'value': 22, 'prev_value': None, 'change': True}
2025-05-23 23:19:52,723 : INFO : EventManager : Event: ======'machine_var_audits_missing_switches_s_star_bumper_upper'====== Args={'value': 3, 'prev_value': None, 'change': True}
2025-05-23 23:19:52,723 : INFO : EventManager : Event: ======'machine_var_audits_missing_switches_s_start'====== Args={'value': 6, 'prev_value': None, 'change': True}
2025-05-23 23:19:52,723 : INFO : EventManager : Event: ======'machine_var_audits_missing_switches_s_third_flipper_eos'====== Args={'value': 4, 'prev_value': None, 'change': True}
2025-05-23 23:19:52,723 : INFO : EventManager : Event: ======'machine_var_audits_missing_switches_s_trough_ball_1'====== Args={'value': 4, 'prev_value': None, 'change': True}
2025-05-23 23:19:52,723 : INFO : EventManager : Event: ======'machine_var_audits_missing_switches_s_trough_ball_2'====== Args={'value': 4, 'prev_value': None, 'change': True}
2025-05-23 23:19:52,723 : INFO : EventManager : Event: ======'machine_var_audits_missing_switches_s_trough_ball_3'====== Args={'value': 4, 'prev_value': None, 'change': True}
2025-05-23 23:19:52,723 : INFO : EventManager : Event: ======'machine_var_audits_missing_switches_s_trough_ball_4'====== Args={'value': 22, 'prev_value': None, 'change': True}
2025-05-23 23:19:52,723 : INFO : EventManager : Event: ======'machine_var_audits_missing_switches_s_trough_ball_5'====== Args={'value': 4, 'prev_value': None, 'change': True}
2025-05-23 23:19:52,723 : INFO : EventManager : Event: ======'machine_var_audits_missing_switches_s_trough_ball_6'====== Args={'value': 4, 'prev_value': None, 'change': True}
2025-05-23 23:19:52,723 : INFO : EventManager : Event: ======'machine_var_audits_missing_switches_s_trough_ball_jam'====== Args={'value': 4, 'prev_value': None, 'change': True}
2025-05-23 23:19:52,723 : INFO : EventManager : Event: ======'machine_var_audits_player_score'====== Args={'value': {'average': 2000, 'top': [8000, 0, 0, 0], 'total': 4}, 'prev_value': None, 'change': True}
2025-05-23 23:19:52,723 : INFO : EventManager : Event: ======'machine_var_audits_shots_bumper_left'====== Args={'value': 48, 'prev_value': None, 'change': True}
2025-05-23 23:19:52,723 : INFO : EventManager : Event: ======'machine_var_audits_switches_s_flipper_left'====== Args={'value': 188, 'prev_value': None, 'change': True}
2025-05-23 23:19:52,723 : INFO : EventManager : Event: ======'machine_var_audits_switches_s_flipper_left_eos'====== Args={'value': 0, 'prev_value': None, 'change': True}
2025-05-23 23:19:52,723 : INFO : EventManager : Event: ======'machine_var_audits_switches_s_flipper_left_lidar'====== Args={'value': 0, 'prev_value': None, 'change': True}
2025-05-23 23:19:52,723 : INFO : EventManager : Event: ======'machine_var_audits_switches_s_flipper_right'====== Args={'value': 127, 'prev_value': None, 'change': True}
2025-05-23 23:19:52,723 : INFO : EventManager : Event: ======'machine_var_audits_switches_s_flipper_right_eos'====== Args={'value': 86, 'prev_value': None, 'change': True}
2025-05-23 23:19:52,723 : INFO : EventManager : Event: ======'machine_var_audits_switches_s_flipper_right_lidar'====== Args={'value': 0, 'prev_value': None, 'change': True}
2025-05-23 23:19:52,723 : INFO : EventManager : Event: ======'machine_var_audits_switches_s_left_inner_lane'====== Args={'value': 11, 'prev_value': None, 'change': True}
2025-05-23 23:19:52,723 : INFO : EventManager : Event: ======'machine_var_audits_switches_s_left_outer_lane'====== Args={'value': 0, 'prev_value': None, 'change': True}
2025-05-23 23:19:52,723 : INFO : EventManager : Event: ======'machine_var_audits_switches_s_left_sling'====== Args={'value': 64, 'prev_value': None, 'change': True}
2025-05-23 23:19:52,723 : INFO : EventManager : Event: ======'machine_var_audits_switches_s_middle_bash'====== Args={'value': 11, 'prev_value': None, 'change': True}
2025-05-23 23:19:52,723 : INFO : EventManager : Event: ======'machine_var_audits_switches_s_middle_left'====== Args={'value': 0, 'prev_value': None, 'change': True}
2025-05-23 23:19:52,723 : INFO : EventManager : Event: ======'machine_var_audits_switches_s_middle_right'====== Args={'value': 0, 'prev_value': None, 'change': True}
2025-05-23 23:19:52,723 : INFO : EventManager : Event: ======'machine_var_audits_switches_s_plunger'====== Args={'value': 42, 'prev_value': None, 'change': True}
2025-05-23 23:19:52,723 : INFO : EventManager : Event: ======'machine_var_audits_switches_s_pop_bumper'====== Args={'value': 48, 'prev_value': None, 'change': True}
2025-05-23 23:19:52,723 : INFO : EventManager : Event: ======'machine_var_audits_switches_s_ramp_left_enter'====== Args={'value': 0, 'prev_value': None, 'change': True}
2025-05-23 23:19:52,723 : INFO : EventManager : Event: ======'machine_var_audits_switches_s_ramp_right_enter'====== Args={'value': 0, 'prev_value': None, 'change': True}
2025-05-23 23:19:52,723 : INFO : EventManager : Event: ======'machine_var_audits_switches_s_right_inner_lane'====== Args={'value': 10, 'prev_value': None, 'change': True}
2025-05-23 23:19:52,723 : INFO : EventManager : Event: ======'machine_var_audits_switches_s_right_outer_lane'====== Args={'value': 7, 'prev_value': None, 'change': True}
2025-05-23 23:19:52,723 : INFO : EventManager : Event: ======'machine_var_audits_switches_s_right_sling'====== Args={'value': 13, 'prev_value': None, 'change': True}
2025-05-23 23:19:52,723 : INFO : EventManager : Event: ======'machine_var_audits_switches_s_scoop'====== Args={'value': 28, 'prev_value': None, 'change': True}
2025-05-23 23:19:52,723 : INFO : EventManager : Event: ======'machine_var_audits_switches_s_spinner_left'====== Args={'value': 0, 'prev_value': None, 'change': True}
2025-05-23 23:19:52,723 : INFO : EventManager : Event: ======'machine_var_audits_switches_s_spinner_right'====== Args={'value': 0, 'prev_value': None, 'change': True}
2025-05-23 23:19:52,723 : INFO : EventManager : Event: ======'machine_var_audits_switches_s_star_bumper_lower'====== Args={'value': 0, 'prev_value': None, 'change': True}
2025-05-23 23:19:52,723 : INFO : EventManager : Event: ======'machine_var_audits_switches_s_star_bumper_upper'====== Args={'value': 1, 'prev_value': None, 'change': True}
2025-05-23 23:19:52,723 : INFO : EventManager : Event: ======'machine_var_audits_switches_s_start'====== Args={'value': 14, 'prev_value': None, 'change': True}
2025-05-23 23:19:52,723 : INFO : EventManager : Event: ======'machine_var_audits_switches_s_third_flipper_eos'====== Args={'value': 118, 'prev_value': None, 'change': True}
2025-05-23 23:19:52,723 : INFO : EventManager : Event: ======'machine_var_audits_switches_s_trough_ball_1'====== Args={'value': 20, 'prev_value': None, 'change': True}
2025-05-23 23:19:52,723 : INFO : EventManager : Event: ======'machine_var_audits_switches_s_trough_ball_2'====== Args={'value': 18, 'prev_value': None, 'change': True}
2025-05-23 23:19:52,723 : INFO : EventManager : Event: ======'machine_var_audits_switches_s_trough_ball_3'====== Args={'value': 18, 'prev_value': None, 'change': True}
2025-05-23 23:19:52,723 : INFO : EventManager : Event: ======'machine_var_audits_switches_s_trough_ball_4'====== Args={'value': 0, 'prev_value': None, 'change': True}
2025-05-23 23:19:52,723 : INFO : EventManager : Event: ======'machine_var_audits_switches_s_trough_ball_5'====== Args={'value': 18, 'prev_value': None, 'change': True}
2025-05-23 23:19:52,723 : INFO : EventManager : Event: ======'machine_var_audits_switches_s_trough_ball_6'====== Args={'value': 17, 'prev_value': None, 'change': True}
2025-05-23 23:19:52,723 : INFO : EventManager : Event: ======'machine_var_audits_switches_s_trough_ball_jam'====== Args={'value': 22, 'prev_value': None, 'change': True}
2025-05-23 23:19:52,723 : INFO : EventManager : Event: ======'init_phase_5'====== Args={}
2025-05-23 23:19:52,724 : INFO : EventManager : Event: ======'init_done'====== Args={}
2025-05-23 23:19:52,724 : INFO : EventManager : Event: ======'machine_reset_phase_1'====== Args={}
2025-05-23 23:19:52,739 : INFO : EventManager : Event: ======'machine_reset_phase_2'====== Args={}
2025-05-23 23:19:52,739 : INFO : EventManager : Event: ======'machine_reset_phase_3'====== Args={}
2025-05-23 23:19:52,739 : INFO : EventManager : Event: ======'reset_complete'====== Args={}
2025-05-23 23:19:52,739 : INFO : EventManager : Event: ======'mode_attract_will_start'====== Args={}
2025-05-23 23:19:52,739 : INFO : Timer.attract_carousel_timer : Starting Timer.
2025-05-23 23:19:52,739 : INFO : EventManager : Event: ======'timer_attract_carousel_timer_started'====== Args={'ticks': 0, 'ticks_remaining': 1}
2025-05-23 23:19:52,739 : INFO : EventManager : Event: ======'timer_attract_carousel_timer_tick'====== Args={'ticks': 0, 'ticks_remaining': 1}
2025-05-23 23:19:52,739 : INFO : EventManager : Event: ======'mode_attract_starting'====== Args={}
2025-05-23 23:19:52,739 : INFO : Mode.attract : Started. Priority: 10
2025-05-23 23:19:52,739 : INFO : EventManager : Event: ======'modes_active_modes_changed'====== Args={}
2025-05-23 23:19:52,739 : INFO : EventManager : Event: ======'mode_attract_started'====== Args={}
2025-05-23 23:19:52,740 : INFO : EventManager : Event: ======'collecting_balls_complete'====== Args={}
2025-05-23 23:19:52,740 : INFO : EventManager : Event: ======'item_highlighted'====== Args={'carousel': 'attract', 'direction': None, 'item': 'title'}
2025-05-23 23:19:52,740 : INFO : EventManager : Event: ======'timer_attract_carousel_timer_tick'====== Args={'ticks': 0, 'ticks_remaining': 1}
2025-05-23 23:19:52,740 : INFO : Machine : Starting the main run loop with active modes: [<Mode.attract>]
2025-05-23 23:19:52,756 : INFO : EventManager : Event: ======'slide_attract_created'====== Args={'_from_bcp': True}
2025-05-23 23:19:52,756 : INFO : EventManager : Event: ======'slide__removed'====== Args={'_from_bcp': True}
2025-05-23 23:19:52,756 : INFO : EventManager : Event: ======'slide_attract_active'====== Args={'original_context': 'attract', 'original_calling_context': 'mode_attract_started', 'priority': 10.0, 'cmd': 'slides_play', '_from_bcp': True}
2025-05-23 23:19:52,949 : INFO : BcpServer : New client connected.
2025-05-23 23:19:57,761 : INFO : Timer.attract_carousel_timer : Timer Complete
2025-05-23 23:19:57,761 : INFO : Timer.attract_carousel_timer : Stopping Timer
2025-05-23 23:19:57,761 : INFO : EventManager : Event: ======'timer_attract_carousel_timer_stopped'====== Args={'ticks': 1, 'ticks_remaining': 1}
2025-05-23 23:19:57,761 : INFO : EventManager : Event: ======'timer_attract_carousel_timer_complete'====== Args={'ticks': 1, 'ticks_remaining': 1}
2025-05-23 23:19:57,762 : INFO : EventManager : Event: ======'item_highlighted'====== Args={'carousel': 'attract', 'direction': 'forwards', 'item': 'credits'}
2025-05-23 23:19:57,762 : INFO : Timer.attract_carousel_timer : Starting Timer.
2025-05-23 23:19:57,762 : INFO : EventManager : Event: ======'timer_attract_carousel_timer_started'====== Args={'ticks': 0, 'ticks_remaining': 1}
2025-05-23 23:19:57,762 : INFO : EventManager : Event: ======'timer_attract_carousel_timer_tick'====== Args={'ticks': 0, 'ticks_remaining': 1}
2025-05-23 23:20:02,542 : INFO : SwitchController : <<<<<<< 's_start' active >>>>>>>
2025-05-23 23:20:02,633 : INFO : SwitchController : <<<<<<< 's_start' inactive >>>>>>>
2025-05-23 23:20:02,633 : INFO : EventManager : Event: ======'request_to_start_game'====== Args={}
2025-05-23 23:20:02,633 : INFO : EventManager : Event: ======'game_start'====== Args={'buttons': [], 'hold_time': 0.09400000001187436}
2025-05-23 23:20:02,634 : INFO : EventManager : Event: ======'mode_game_will_start'====== Args={'buttons': [], 'hold_time': 0.09400000001187436}
2025-05-23 23:20:02,634 : INFO : EventManager : Event: ======'mode_game_starting'====== Args={'buttons': [], 'hold_time': 0.09400000001187436}
2025-05-23 23:20:02,634 : INFO : EventManager : Event: ======'mode_attract_will_stop'====== Args={}
2025-05-23 23:20:02,634 : INFO : EventManager : Event: ======'mode_attract_stopping'====== Args={}
2025-05-23 23:20:02,634 : INFO : Mode.attract : Stopped.
2025-05-23 23:20:02,634 : INFO : EventManager : Event: ======'modes_active_modes_changed'====== Args={}
2025-05-23 23:20:02,634 : INFO : EventManager : Event: ======'mode_attract_stopped'====== Args={}
2025-05-23 23:20:02,634 : INFO : EventManager : Event: ======'clear'====== Args={'key': 'attract'}
2025-05-23 23:20:02,634 : INFO : Timer.attract_carousel_timer : Stopping Timer
2025-05-23 23:20:02,634 : INFO : EventManager : Event: ======'timer_attract_carousel_timer_stopped'====== Args={'ticks': 0, 'ticks_remaining': 1}
2025-05-23 23:20:02,635 : INFO : Mode.game : Started. Priority: 20
2025-05-23 23:20:02,635 : INFO : EventManager : Event: ======'modes_active_modes_changed'====== Args={}
2025-05-23 23:20:02,635 : INFO : EventManager : Event: ======'mode_game_started'====== Args={'buttons': [], 'hold_time': 0.09400000001187436}
2025-05-23 23:20:02,635 : INFO : EventManager : Event: ======'game_will_start'====== Args={}
2025-05-23 23:20:02,635 : INFO : EventManager : Event: ======'game_starting'====== Args={'game': <Mode.game>}
2025-05-23 23:20:02,636 : INFO : EventManager : Unordered handler for class <Auditor> on event game_ended with priority 1. Handlers: [RegisteredHandler(callback=<bound method Auditor.disable of <Auditor>>, priority=1, kwargs={}, key=UUID('fd83d393-2fa2-455d-9af5-23d34c37d8a3'), condition=None, blocking_facility=None), RegisteredHandler(callback=<bound method Auditor._save_audits of <Auditor>>, priority=1, kwargs={}, key=UUID('81888955-ed78-4b50-8f49-fbd278388956'), condition=None, blocking_facility=None)]. The order of those handlers is not defined and they will be executed in random order. This might lead to race conditions and potential bugs.
2025-05-23 23:20:02,636 : INFO : EventManager : Event: ======'player_add_request'====== Args={}
2025-05-23 23:20:02,636 : INFO : EventManager : Event: ======'player_will_add'====== Args={'number': 1}
2025-05-23 23:20:02,636 : INFO : EventManager : Event: ======'player_adding'====== Args={'player': <Player 1>, 'number': 1}
2025-05-23 23:20:02,636 : INFO : EventManager : Event: ======'player_added'====== Args={'player': <Player 1>, 'num': 1}
2025-05-23 23:20:02,636 : INFO : Mode.game : Player added successfully. Total players: 1
2025-05-23 23:20:02,636 : INFO : EventManager : Event: ======'player_index'====== Args={'value': 0, 'prev_value': 0, 'change': 0, 'player_num': 1}
2025-05-23 23:20:02,636 : INFO : EventManager : Event: ======'player_number'====== Args={'value': 1, 'prev_value': 1, 'change': 0, 'player_num': 1}
2025-05-23 23:20:02,636 : INFO : EventManager : Event: ======'player_score'====== Args={'value': 0, 'prev_value': 0, 'change': 0, 'player_num': 1}
2025-05-23 23:20:02,636 : INFO : EventManager : Event: ======'game_started'====== Args={}
2025-05-23 23:20:02,637 : INFO : EventManager : Event: ======'player_turn_will_start'====== Args={'player': <Player 1>, 'number': 1}
2025-05-23 23:20:02,637 : INFO : EventManager : Event: ======'player_turn_starting'====== Args={'player': <Player 1>, 'number': 1}
2025-05-23 23:20:02,637 : INFO : EventManager : Event: ======'player_ball'====== Args={'value': 1, 'prev_value': 0, 'change': 1, 'player_num': 1}
2025-05-23 23:20:02,637 : INFO : EventManager : Event: ======'player_turn_started'====== Args={'player': <Player 1>, 'number': 1}
2025-05-23 23:20:02,639 : INFO : EventManager : Event: ======'ball_will_start'====== Args={'player': 1, 'ball': 1, 'balls_remaining': 2, 'is_extra_ball': False}
2025-05-23 23:20:02,639 : INFO : EventManager : Event: ======'ball_starting'====== Args={'player': 1, 'ball': 1, 'balls_remaining': 2, 'is_extra_ball': False}
2025-05-23 23:20:02,639 : INFO : EventManager : Event: ======'mode_base_will_start'====== Args={'queue': <QueuedEvent>, 'player': 1, 'ball': 1, 'balls_remaining': 2, 'is_extra_ball': False}
2025-05-23 23:20:02,639 : INFO : EventManager : Event: ======'mode_base_starting'====== Args={'queue': <QueuedEvent>, 'player': 1, 'ball': 1, 'balls_remaining': 2, 'is_extra_ball': False}
2025-05-23 23:20:02,639 : INFO : Mode.base : Started. Priority: 100
2025-05-23 23:20:02,639 : INFO : EventManager : Event: ======'modes_active_modes_changed'====== Args={}
2025-05-23 23:20:02,640 : INFO : EventManager : Event: ======'mode_base_started'====== Args={'queue': <QueuedEvent>, 'player': 1, 'ball': 1, 'balls_remaining': 2, 'is_extra_ball': False}
2025-05-23 23:20:02,640 : INFO : EventManager : Event: ======'start_mode_bumpers'====== Args={'priority': 0}
2025-05-23 23:20:02,640 : INFO : EventManager : Event: ======'mode_bumpers_will_start'====== Args={'priority': 0}
2025-05-23 23:20:02,640 : INFO : EventManager : Event: ======'player_shot_bumper_left_enabled'====== Args={'value': True, 'prev_value': 0, 'change': 1, 'player_num': 1}
2025-05-23 23:20:02,640 : INFO : EventManager : Event: ======'bumpers_complete'====== Args={'state': 'unlit'}
2025-05-23 23:20:02,641 : INFO : EventManager : Event: ======'bumpers_unlit_complete'====== Args={}
2025-05-23 23:20:02,641 : INFO : EventManager : Event: ======'mode_bumpers_starting'====== Args={'priority': 0}
2025-05-23 23:20:02,641 : INFO : Mode.bumpers : Started. Priority: 200
2025-05-23 23:20:02,641 : INFO : EventManager : Event: ======'modes_active_modes_changed'====== Args={}
2025-05-23 23:20:02,641 : INFO : EventManager : Event: ======'mode_bumpers_started'====== Args={'priority': 0}
2025-05-23 23:20:02,641 : INFO : EventManager : Event: ======'balls_in_play'====== Args={'balls': 1}
2025-05-23 23:20:02,641 : INFO : EventManager : Event: ======'ball_started'====== Args={'player': 1, 'ball': 1, 'balls_remaining': 2, 'is_extra_ball': False}
2025-05-23 23:20:02,642 : INFO : EventManager : Event: ======'single_player_ball_started'====== Args={}
2025-05-23 23:20:02,642 : INFO : EventManager : Event: ======'ball_start_target'====== Args={'target': 'playfield'}
2025-05-23 23:20:02,643 : INFO : ball_device.bd_plunger : Setting up player-controlled eject. Balls: 1, Target: <playfield.playfield>, player_controlled_eject_event: None
2025-05-23 23:20:02,643 : INFO : EventManager : Event: ======'balldevice_balls_available'====== Args={}
2025-05-23 23:20:02,643 : INFO : ball_device.bd_trough : State: waiting_for_target_ready
2025-05-23 23:20:02,643 : INFO : EventManager : Event: ======'balldevice_bd_trough_ball_eject_attempt'====== Args={'balls': 1, 'target': <ball_device.bd_plunger>, 'source': <ball_device.bd_trough>, 'mechanical_eject': True, 'num_attempts': 0}
2025-05-23 23:20:02,643 : INFO : ball_device.bd_plunger : State: waiting_for_ball
2025-05-23 23:20:02,643 : INFO : ball_device.bd_trough : State: ejecting
2025-05-23 23:20:02,643 : INFO : ball_device.bd_trough : Ejecting ball to <ball_device.bd_plunger>
2025-05-23 23:20:02,643 : INFO : EventManager : Event: ======'balldevice_bd_trough_ejecting_ball'====== Args={'balls': 1, 'target': <ball_device.bd_plunger>, 'source': <ball_device.bd_trough>, 'mechanical_eject': True, 'num_attempts': 0}
2025-05-23 23:20:02,644 : INFO : ball_device.bd_trough : Wait for ball to leave device
2025-05-23 23:20:02,644 : INFO : coil.c_trough_eject : Pulsing Driver for 15ms (1.0 pulse_power)
2025-05-23 23:20:02,644 : INFO : SwitchController : <<<<<<< 's_trough_ball_1' inactive >>>>>>>
2025-05-23 23:20:02,644 : INFO : ball_device.bd_trough : State: ball_left
2025-05-23 23:20:02,644 : INFO : ball_device.bd_trough : Ball left
2025-05-23 23:20:02,644 : INFO : ball_device.bd_trough : Wait for confirm with timeout 2.0
2025-05-23 23:20:02,658 : INFO : EventManager : Event: ======'slide_base_slide_created'====== Args={'_from_bcp': True}
2025-05-23 23:20:02,658 : INFO : EventManager : Event: ======'slide_attract_inactive'====== Args={'is_removing': True, '_from_bcp': True}
2025-05-23 23:20:02,659 : INFO : EventManager : Event: ======'slide_base_slide_active'====== Args={'original_context': 'base', 'original_calling_context': 'mode_base_started', 'priority': 100.0, 'queue': '<QueuedEvent>', 'player': 1.0, 'ball': 1.0, 'balls_remaining': 2.0, 'is_extra_ball': False, 'cmd': 'slides_play', '_from_bcp': True}
2025-05-23 23:20:02,659 : INFO : EventManager : Event: ======'slide_attract_removed'====== Args={'_from_bcp': True}
2025-05-23 23:20:02,745 : INFO : SwitchController : <<<<<<< 's_plunger' active >>>>>>>
2025-05-23 23:20:02,745 : INFO : EventManager : Event: ======'machine_var_audits_switches_s_plunger'====== Args={'value': 43, 'prev_value': 42, 'change': 1}
2025-05-23 23:20:03,242 : INFO : ball_device.bd_plunger : Received ball from <ball_device.bd_trough>
2025-05-23 23:20:03,242 : INFO : EventManager : Event: ======'balldevice_bd_plunger_ball_enter'====== Args={'new_balls': 1, 'unclaimed_balls': 0, 'new_available_balls': 0, 'device': <ball_device.bd_plunger>}
2025-05-23 23:20:03,242 : INFO : EventManager : Event: ======'balldevice_bd_plunger_ball_entered'====== Args={'new_balls': 0, 'device': <ball_device.bd_plunger>}
2025-05-23 23:20:03,242 : INFO : EventManager : Event: ======'balldevice_bd_plunger_ball_count_changed'====== Args={'balls': 1}
2025-05-23 23:20:03,243 : INFO : ball_device.bd_trough : Got eject confirm
2025-05-23 23:20:03,243 : INFO : ball_device.bd_trough : Eject successful
2025-05-23 23:20:03,243 : INFO : EventManager : Event: ======'balldevice_bd_trough_ball_eject_success'====== Args={'balls': 1, 'target': <ball_device.bd_plunger>}
2025-05-23 23:20:03,243 : INFO : EventManager : Event: ======'balldevice_bd_trough_ball_count_changed'====== Args={'balls': 2}
2025-05-23 23:20:03,243 : INFO : ball_device.bd_trough : State: idle
2025-05-23 23:20:03,243 : INFO : ball_device.bd_plunger : State: waiting_for_target_ready
2025-05-23 23:20:03,243 : INFO : EventManager : Event: ======'balldevice_bd_plunger_ball_eject_attempt'====== Args={'balls': 1, 'target': <playfield.playfield>, 'source': <ball_device.bd_plunger>, 'mechanical_eject': True, 'num_attempts': 0}
2025-05-23 23:20:03,244 : INFO : ball_device.bd_plunger : State: ejecting
2025-05-23 23:20:03,244 : INFO : ball_device.bd_plunger : Ejecting ball to <playfield.playfield>
2025-05-23 23:20:03,244 : INFO : EventManager : Event: ======'balldevice_bd_plunger_ejecting_ball'====== Args={'balls': 1, 'target': <playfield.playfield>, 'source': <ball_device.bd_plunger>, 'mechanical_eject': True, 'num_attempts': 0}
2025-05-23 23:20:03,244 : INFO : ball_device.bd_plunger : Wait for ball to leave device
2025-05-23 23:20:05,206 : INFO : SwitchController : <<<<<<< 's_left_sling' active >>>>>>>
2025-05-23 23:20:05,206 : INFO : EventManager : Event: ======'s_left_sling_active'====== Args={}
2025-05-23 23:20:05,206 : INFO : EventManager : Event: ======'playfield_active'====== Args={'source': 'slingshot_left'}
2025-05-23 23:20:05,206 : INFO : EventManager : Event: ======'machine_var_audits_switches_s_left_sling'====== Args={'value': 65, 'prev_value': 64, 'change': 1}
2025-05-23 23:20:05,342 : INFO : SwitchController : <<<<<<< 's_left_sling' inactive >>>>>>>
2025-05-23 23:20:06,022 : INFO : SwitchController : <<<<<<< 's_left_sling' active >>>>>>>
2025-05-23 23:20:06,022 : INFO : EventManager : Event: ======'s_left_sling_active'====== Args={}
2025-05-23 23:20:06,022 : INFO : EventManager : Event: ======'playfield_active'====== Args={'source': 'slingshot_left'}
2025-05-23 23:20:06,022 : INFO : EventManager : Event: ======'machine_var_audits_switches_s_left_sling'====== Args={'value': 66, 'prev_value': 65, 'change': 1}
2025-05-23 23:20:06,114 : INFO : SwitchController : <<<<<<< 's_left_sling' inactive >>>>>>>
2025-05-23 23:20:06,637 : INFO : SwitchController : <<<<<<< 's_left_sling' active >>>>>>>
2025-05-23 23:20:06,637 : INFO : EventManager : Event: ======'s_left_sling_active'====== Args={}
2025-05-23 23:20:06,638 : INFO : EventManager : Event: ======'playfield_active'====== Args={'source': 'slingshot_left'}
2025-05-23 23:20:06,638 : INFO : EventManager : Event: ======'machine_var_audits_switches_s_left_sling'====== Args={'value': 67, 'prev_value': 66, 'change': 1}
2025-05-23 23:20:06,728 : INFO : SwitchController : <<<<<<< 's_left_sling' inactive >>>>>>>
2025-05-23 23:20:07,290 : INFO : SwitchController : <<<<<<< 's_left_sling' active >>>>>>>
2025-05-23 23:20:07,290 : INFO : EventManager : Event: ======'s_left_sling_active'====== Args={}
2025-05-23 23:20:07,290 : INFO : EventManager : Event: ======'playfield_active'====== Args={'source': 'slingshot_left'}
2025-05-23 23:20:07,290 : INFO : EventManager : Event: ======'machine_var_audits_switches_s_left_sling'====== Args={'value': 68, 'prev_value': 67, 'change': 1}
2025-05-23 23:20:07,381 : INFO : SwitchController : <<<<<<< 's_left_sling' inactive >>>>>>>
2025-05-23 23:20:08,092 : INFO : SwitchController : <<<<<<< 's_left_sling' active >>>>>>>
2025-05-23 23:20:08,093 : INFO : EventManager : Event: ======'s_left_sling_active'====== Args={}
2025-05-23 23:20:08,093 : INFO : EventManager : Event: ======'playfield_active'====== Args={'source': 'slingshot_left'}
2025-05-23 23:20:08,093 : INFO : EventManager : Event: ======'machine_var_audits_switches_s_left_sling'====== Args={'value': 69, 'prev_value': 68, 'change': 1}
2025-05-23 23:20:08,183 : INFO : SwitchController : <<<<<<< 's_left_sling' inactive >>>>>>>
2025-05-23 23:20:08,587 : INFO : SwitchController : <<<<<<< 's_left_sling' active >>>>>>>
2025-05-23 23:20:08,587 : INFO : EventManager : Event: ======'s_left_sling_active'====== Args={}
2025-05-23 23:20:08,587 : INFO : EventManager : Event: ======'playfield_active'====== Args={'source': 'slingshot_left'}
2025-05-23 23:20:08,587 : INFO : EventManager : Event: ======'machine_var_audits_switches_s_left_sling'====== Args={'value': 70, 'prev_value': 69, 'change': 1}
2025-05-23 23:20:08,671 : INFO : SwitchController : <<<<<<< 's_left_sling' inactive >>>>>>>
2025-05-23 23:20:09,142 : INFO : SwitchController : <<<<<<< 's_left_sling' active >>>>>>>
2025-05-23 23:20:09,142 : INFO : EventManager : Event: ======'s_left_sling_active'====== Args={}
2025-05-23 23:20:09,142 : INFO : EventManager : Event: ======'playfield_active'====== Args={'source': 'slingshot_left'}
2025-05-23 23:20:09,142 : INFO : EventManager : Event: ======'machine_var_audits_switches_s_left_sling'====== Args={'value': 71, 'prev_value': 70, 'change': 1}
2025-05-23 23:20:09,211 : INFO : SwitchController : <<<<<<< 's_left_sling' inactive >>>>>>>
2025-05-23 23:20:09,720 : INFO : SwitchController : <<<<<<< 's_left_sling' active >>>>>>>
2025-05-23 23:20:09,720 : INFO : EventManager : Event: ======'s_left_sling_active'====== Args={}
2025-05-23 23:20:09,720 : INFO : EventManager : Event: ======'playfield_active'====== Args={'source': 'slingshot_left'}
2025-05-23 23:20:09,720 : INFO : EventManager : Event: ======'machine_var_audits_switches_s_left_sling'====== Args={'value': 72, 'prev_value': 71, 'change': 1}
2025-05-23 23:20:09,797 : INFO : SwitchController : <<<<<<< 's_left_sling' inactive >>>>>>>
2025-05-23 23:20:10,050 : INFO : SwitchController : <<<<<<< 's_left_sling' active >>>>>>>
2025-05-23 23:20:10,050 : INFO : EventManager : Event: ======'s_left_sling_active'====== Args={}
2025-05-23 23:20:10,050 : INFO : EventManager : Event: ======'playfield_active'====== Args={'source': 'slingshot_left'}
2025-05-23 23:20:10,050 : INFO : EventManager : Event: ======'machine_var_audits_switches_s_left_sling'====== Args={'value': 73, 'prev_value': 72, 'change': 1}
2025-05-23 23:20:10,156 : INFO : SwitchController : <<<<<<< 's_left_sling' inactive >>>>>>>
2025-05-23 23:20:10,417 : INFO : SwitchController : <<<<<<< 's_left_sling' active >>>>>>>
2025-05-23 23:20:10,417 : INFO : EventManager : Event: ======'s_left_sling_active'====== Args={}
2025-05-23 23:20:10,417 : INFO : EventManager : Event: ======'playfield_active'====== Args={'source': 'slingshot_left'}
2025-05-23 23:20:10,417 : INFO : EventManager : Event: ======'machine_var_audits_switches_s_left_sling'====== Args={'value': 74, 'prev_value': 73, 'change': 1}
2025-05-23 23:20:10,508 : INFO : SwitchController : <<<<<<< 's_left_sling' inactive >>>>>>>
2025-05-23 23:20:10,687 : INFO : SwitchController : <<<<<<< 's_left_sling' active >>>>>>>
2025-05-23 23:20:10,687 : INFO : EventManager : Event: ======'s_left_sling_active'====== Args={}
2025-05-23 23:20:10,687 : INFO : EventManager : Event: ======'playfield_active'====== Args={'source': 'slingshot_left'}
2025-05-23 23:20:10,687 : INFO : EventManager : Event: ======'machine_var_audits_switches_s_left_sling'====== Args={'value': 75, 'prev_value': 74, 'change': 1}
2025-05-23 23:20:10,779 : INFO : SwitchController : <<<<<<< 's_left_sling' inactive >>>>>>>
2025-05-23 23:20:10,950 : INFO : SwitchController : <<<<<<< 's_left_sling' active >>>>>>>
2025-05-23 23:20:10,950 : INFO : EventManager : Event: ======'s_left_sling_active'====== Args={}
2025-05-23 23:20:10,950 : INFO : EventManager : Event: ======'playfield_active'====== Args={'source': 'slingshot_left'}
2025-05-23 23:20:10,950 : INFO : EventManager : Event: ======'machine_var_audits_switches_s_left_sling'====== Args={'value': 76, 'prev_value': 75, 'change': 1}
2025-05-23 23:20:11,049 : INFO : SwitchController : <<<<<<< 's_left_sling' inactive >>>>>>>
2025-05-23 23:20:11,152 : INFO : SwitchController : <<<<<<< 's_left_sling' active >>>>>>>
2025-05-23 23:20:11,152 : INFO : EventManager : Event: ======'s_left_sling_active'====== Args={}
2025-05-23 23:20:11,152 : INFO : EventManager : Event: ======'playfield_active'====== Args={'source': 'slingshot_left'}
2025-05-23 23:20:11,152 : INFO : EventManager : Event: ======'machine_var_audits_switches_s_left_sling'====== Args={'value': 77, 'prev_value': 76, 'change': 1}
2025-05-23 23:20:11,258 : INFO : SwitchController : <<<<<<< 's_left_sling' inactive >>>>>>>
2025-05-23 23:20:11,355 : INFO : SwitchController : <<<<<<< 's_left_sling' active >>>>>>>
2025-05-23 23:20:11,355 : INFO : EventManager : Event: ======'s_left_sling_active'====== Args={}
2025-05-23 23:20:11,355 : INFO : EventManager : Event: ======'playfield_active'====== Args={'source': 'slingshot_left'}
2025-05-23 23:20:11,356 : INFO : EventManager : Event: ======'machine_var_audits_switches_s_left_sling'====== Args={'value': 78, 'prev_value': 77, 'change': 1}
2025-05-23 23:20:11,439 : INFO : SwitchController : <<<<<<< 's_left_sling' inactive >>>>>>>
2025-05-23 23:20:11,557 : INFO : SwitchController : <<<<<<< 's_left_sling' active >>>>>>>
2025-05-23 23:20:11,557 : INFO : EventManager : Event: ======'s_left_sling_active'====== Args={}
2025-05-23 23:20:11,557 : INFO : EventManager : Event: ======'playfield_active'====== Args={'source': 'slingshot_left'}
2025-05-23 23:20:11,557 : INFO : EventManager : Event: ======'machine_var_audits_switches_s_left_sling'====== Args={'value': 79, 'prev_value': 78, 'change': 1}
2025-05-23 23:20:11,641 : INFO : SwitchController : <<<<<<< 's_left_sling' inactive >>>>>>>
2025-05-23 23:20:11,790 : INFO : SwitchController : <<<<<<< 's_left_sling' active >>>>>>>
2025-05-23 23:20:11,790 : INFO : EventManager : Event: ======'s_left_sling_active'====== Args={}
2025-05-23 23:20:11,790 : INFO : EventManager : Event: ======'playfield_active'====== Args={'source': 'slingshot_left'}
2025-05-23 23:20:11,790 : INFO : EventManager : Event: ======'machine_var_audits_switches_s_left_sling'====== Args={'value': 80, 'prev_value': 79, 'change': 1}
2025-05-23 23:20:11,881 : INFO : SwitchController : <<<<<<< 's_left_sling' inactive >>>>>>>
2025-05-23 23:20:12,150 : INFO : SwitchController : <<<<<<< 's_left_sling' active >>>>>>>
2025-05-23 23:20:12,150 : INFO : EventManager : Event: ======'s_left_sling_active'====== Args={}
2025-05-23 23:20:12,150 : INFO : EventManager : Event: ======'playfield_active'====== Args={'source': 'slingshot_left'}
2025-05-23 23:20:12,150 : INFO : EventManager : Event: ======'machine_var_audits_switches_s_left_sling'====== Args={'value': 81, 'prev_value': 80, 'change': 1}
2025-05-23 23:20:12,287 : INFO : SwitchController : <<<<<<< 's_left_sling' inactive >>>>>>>
2025-05-23 23:20:12,390 : INFO : SwitchController : <<<<<<< 's_left_sling' active >>>>>>>
2025-05-23 23:20:12,390 : INFO : EventManager : Event: ======'s_left_sling_active'====== Args={}
2025-05-23 23:20:12,390 : INFO : EventManager : Event: ======'playfield_active'====== Args={'source': 'slingshot_left'}
2025-05-23 23:20:12,390 : INFO : EventManager : Event: ======'machine_var_audits_switches_s_left_sling'====== Args={'value': 82, 'prev_value': 81, 'change': 1}
2025-05-23 23:20:12,497 : INFO : SwitchController : <<<<<<< 's_left_sling' inactive >>>>>>>
2025-05-23 23:20:15,592 : INFO : SwitchController : <<<<<<< 's_left_sling' active >>>>>>>
2025-05-23 23:20:15,592 : INFO : EventManager : Event: ======'s_left_sling_active'====== Args={}
2025-05-23 23:20:15,593 : INFO : EventManager : Event: ======'playfield_active'====== Args={'source': 'slingshot_left'}
2025-05-23 23:20:15,593 : INFO : EventManager : Event: ======'machine_var_audits_switches_s_left_sling'====== Args={'value': 83, 'prev_value': 82, 'change': 1}
2025-05-23 23:20:15,684 : INFO : SwitchController : <<<<<<< 's_left_sling' inactive >>>>>>>
2025-05-23 23:20:16,470 : INFO : SwitchController : <<<<<<< 's_left_sling' active >>>>>>>
2025-05-23 23:20:16,470 : INFO : EventManager : Event: ======'s_left_sling_active'====== Args={}
2025-05-23 23:20:16,471 : INFO : EventManager : Event: ======'playfield_active'====== Args={'source': 'slingshot_left'}
2025-05-23 23:20:16,471 : INFO : EventManager : Event: ======'machine_var_audits_switches_s_left_sling'====== Args={'value': 84, 'prev_value': 83, 'change': 1}
2025-05-23 23:20:16,569 : INFO : SwitchController : <<<<<<< 's_left_sling' inactive >>>>>>>
2025-05-23 23:20:17,250 : INFO : SwitchController : <<<<<<< 's_left_sling' active >>>>>>>
2025-05-23 23:20:17,250 : INFO : EventManager : Event: ======'s_left_sling_active'====== Args={}
2025-05-23 23:20:17,250 : INFO : EventManager : Event: ======'playfield_active'====== Args={'source': 'slingshot_left'}
2025-05-23 23:20:17,250 : INFO : EventManager : Event: ======'machine_var_audits_switches_s_left_sling'====== Args={'value': 85, 'prev_value': 84, 'change': 1}
2025-05-23 23:20:17,349 : INFO : SwitchController : <<<<<<< 's_left_sling' inactive >>>>>>>
2025-05-23 23:20:17,880 : INFO : SwitchController : <<<<<<< 's_left_sling' active >>>>>>>
2025-05-23 23:20:17,880 : INFO : EventManager : Event: ======'s_left_sling_active'====== Args={}
2025-05-23 23:20:17,880 : INFO : EventManager : Event: ======'playfield_active'====== Args={'source': 'slingshot_left'}
2025-05-23 23:20:17,881 : INFO : EventManager : Event: ======'machine_var_audits_switches_s_left_sling'====== Args={'value': 86, 'prev_value': 85, 'change': 1}
2025-05-23 23:20:17,957 : INFO : SwitchController : <<<<<<< 's_left_sling' inactive >>>>>>>
2025-05-23 23:20:18,465 : INFO : SwitchController : <<<<<<< 's_left_sling' active >>>>>>>
2025-05-23 23:20:18,465 : INFO : EventManager : Event: ======'s_left_sling_active'====== Args={}
2025-05-23 23:20:18,465 : INFO : EventManager : Event: ======'playfield_active'====== Args={'source': 'slingshot_left'}
2025-05-23 23:20:18,465 : INFO : EventManager : Event: ======'machine_var_audits_switches_s_left_sling'====== Args={'value': 87, 'prev_value': 86, 'change': 1}
2025-05-23 23:20:18,557 : INFO : SwitchController : <<<<<<< 's_left_sling' inactive >>>>>>>
2025-05-23 23:20:19,028 : INFO : SwitchController : <<<<<<< 's_left_sling' active >>>>>>>
2025-05-23 23:20:19,028 : INFO : EventManager : Event: ======'s_left_sling_active'====== Args={}
2025-05-23 23:20:19,029 : INFO : EventManager : Event: ======'playfield_active'====== Args={'source': 'slingshot_left'}
2025-05-23 23:20:19,029 : INFO : EventManager : Event: ======'machine_var_audits_switches_s_left_sling'====== Args={'value': 88, 'prev_value': 87, 'change': 1}
2025-05-23 23:20:19,127 : INFO : SwitchController : <<<<<<< 's_left_sling' inactive >>>>>>>
2025-05-23 23:20:19,530 : INFO : SwitchController : <<<<<<< 's_left_sling' active >>>>>>>
2025-05-23 23:20:19,530 : INFO : EventManager : Event: ======'s_left_sling_active'====== Args={}
2025-05-23 23:20:19,530 : INFO : EventManager : Event: ======'playfield_active'====== Args={'source': 'slingshot_left'}
2025-05-23 23:20:19,530 : INFO : EventManager : Event: ======'machine_var_audits_switches_s_left_sling'====== Args={'value': 89, 'prev_value': 88, 'change': 1}
2025-05-23 23:20:19,607 : INFO : SwitchController : <<<<<<< 's_left_sling' inactive >>>>>>>
2025-05-23 23:20:19,979 : INFO : SwitchController : <<<<<<< 's_left_sling' active >>>>>>>
2025-05-23 23:20:19,979 : INFO : EventManager : Event: ======'s_left_sling_active'====== Args={}
2025-05-23 23:20:19,979 : INFO : EventManager : Event: ======'playfield_active'====== Args={'source': 'slingshot_left'}
2025-05-23 23:20:19,979 : INFO : EventManager : Event: ======'machine_var_audits_switches_s_left_sling'====== Args={'value': 90, 'prev_value': 89, 'change': 1}
2025-05-23 23:20:20,072 : INFO : SwitchController : <<<<<<< 's_left_sling' inactive >>>>>>>
2025-05-23 23:20:20,475 : INFO : SwitchController : <<<<<<< 's_left_sling' active >>>>>>>
2025-05-23 23:20:20,475 : INFO : EventManager : Event: ======'s_left_sling_active'====== Args={}
2025-05-23 23:20:20,475 : INFO : EventManager : Event: ======'playfield_active'====== Args={'source': 'slingshot_left'}
2025-05-23 23:20:20,475 : INFO : EventManager : Event: ======'machine_var_audits_switches_s_left_sling'====== Args={'value': 91, 'prev_value': 90, 'change': 1}
2025-05-23 23:20:20,582 : INFO : SwitchController : <<<<<<< 's_left_sling' inactive >>>>>>>
2025-05-23 23:20:21,135 : INFO : SwitchController : <<<<<<< 's_left_sling' active >>>>>>>
2025-05-23 23:20:21,135 : INFO : EventManager : Event: ======'s_left_sling_active'====== Args={}
2025-05-23 23:20:21,135 : INFO : EventManager : Event: ======'playfield_active'====== Args={'source': 'slingshot_left'}
2025-05-23 23:20:21,135 : INFO : EventManager : Event: ======'machine_var_audits_switches_s_left_sling'====== Args={'value': 92, 'prev_value': 91, 'change': 1}
2025-05-23 23:20:21,249 : INFO : SwitchController : <<<<<<< 's_left_sling' inactive >>>>>>>
2025-05-23 23:20:21,803 : INFO : SwitchController : <<<<<<< 's_left_sling' active >>>>>>>
2025-05-23 23:20:21,803 : INFO : EventManager : Event: ======'s_left_sling_active'====== Args={}
2025-05-23 23:20:21,803 : INFO : EventManager : Event: ======'playfield_active'====== Args={'source': 'slingshot_left'}
2025-05-23 23:20:21,803 : INFO : EventManager : Event: ======'machine_var_audits_switches_s_left_sling'====== Args={'value': 93, 'prev_value': 92, 'change': 1}
2025-05-23 23:20:21,917 : INFO : SwitchController : <<<<<<< 's_left_sling' inactive >>>>>>>
2025-05-23 23:20:22,388 : INFO : SwitchController : <<<<<<< 's_left_sling' active >>>>>>>
2025-05-23 23:20:22,388 : INFO : EventManager : Event: ======'s_left_sling_active'====== Args={}
2025-05-23 23:20:22,388 : INFO : EventManager : Event: ======'playfield_active'====== Args={'source': 'slingshot_left'}
2025-05-23 23:20:22,388 : INFO : EventManager : Event: ======'machine_var_audits_switches_s_left_sling'====== Args={'value': 94, 'prev_value': 93, 'change': 1}
2025-05-23 23:20:22,509 : INFO : SwitchController : <<<<<<< 's_left_sling' inactive >>>>>>>
2025-05-23 23:20:22,935 : INFO : SwitchController : <<<<<<< 's_left_sling' active >>>>>>>
2025-05-23 23:20:22,935 : INFO : EventManager : Event: ======'s_left_sling_active'====== Args={}
2025-05-23 23:20:22,935 : INFO : EventManager : Event: ======'playfield_active'====== Args={'source': 'slingshot_left'}
2025-05-23 23:20:22,935 : INFO : EventManager : Event: ======'machine_var_audits_switches_s_left_sling'====== Args={'value': 95, 'prev_value': 94, 'change': 1}
2025-05-23 23:20:23,042 : INFO : SwitchController : <<<<<<< 's_left_sling' inactive >>>>>>>
2025-05-23 23:20:23,430 : INFO : SwitchController : <<<<<<< 's_left_sling' active >>>>>>>
2025-05-23 23:20:23,430 : INFO : EventManager : Event: ======'s_left_sling_active'====== Args={}
2025-05-23 23:20:23,430 : INFO : EventManager : Event: ======'playfield_active'====== Args={'source': 'slingshot_left'}
2025-05-23 23:20:23,430 : INFO : EventManager : Event: ======'machine_var_audits_switches_s_left_sling'====== Args={'value': 96, 'prev_value': 95, 'change': 1}
2025-05-23 23:20:23,559 : INFO : SwitchController : <<<<<<< 's_left_sling' inactive >>>>>>>
2025-05-23 23:20:23,685 : INFO : SwitchController : <<<<<<< 's_left_sling' active >>>>>>>
2025-05-23 23:20:23,685 : INFO : EventManager : Event: ======'s_left_sling_active'====== Args={}
2025-05-23 23:20:23,685 : INFO : EventManager : Event: ======'playfield_active'====== Args={'source': 'slingshot_left'}
2025-05-23 23:20:23,685 : INFO : EventManager : Event: ======'machine_var_audits_switches_s_left_sling'====== Args={'value': 97, 'prev_value': 96, 'change': 1}
2025-05-23 23:20:23,776 : INFO : SwitchController : <<<<<<< 's_left_sling' inactive >>>>>>>
2025-05-23 23:20:23,963 : INFO : SwitchController : <<<<<<< 's_left_sling' active >>>>>>>
2025-05-23 23:20:23,963 : INFO : EventManager : Event: ======'s_left_sling_active'====== Args={}
2025-05-23 23:20:23,963 : INFO : EventManager : Event: ======'playfield_active'====== Args={'source': 'slingshot_left'}
2025-05-23 23:20:23,963 : INFO : EventManager : Event: ======'machine_var_audits_switches_s_left_sling'====== Args={'value': 98, 'prev_value': 97, 'change': 1}
2025-05-23 23:20:24,061 : INFO : SwitchController : <<<<<<< 's_left_sling' inactive >>>>>>>
2025-05-23 23:20:24,210 : INFO : SwitchController : <<<<<<< 's_left_sling' active >>>>>>>
2025-05-23 23:20:24,210 : INFO : EventManager : Event: ======'s_left_sling_active'====== Args={}
2025-05-23 23:20:24,210 : INFO : EventManager : Event: ======'playfield_active'====== Args={'source': 'slingshot_left'}
2025-05-23 23:20:24,210 : INFO : EventManager : Event: ======'machine_var_audits_switches_s_left_sling'====== Args={'value': 99, 'prev_value': 98, 'change': 1}
2025-05-23 23:20:24,292 : INFO : SwitchController : <<<<<<< 's_left_sling' inactive >>>>>>>
2025-05-23 23:20:24,435 : INFO : SwitchController : <<<<<<< 's_left_sling' active >>>>>>>
2025-05-23 23:20:24,435 : INFO : EventManager : Event: ======'s_left_sling_active'====== Args={}
2025-05-23 23:20:24,435 : INFO : EventManager : Event: ======'playfield_active'====== Args={'source': 'slingshot_left'}
2025-05-23 23:20:24,435 : INFO : EventManager : Event: ======'machine_var_audits_switches_s_left_sling'====== Args={'value': 100, 'prev_value': 99, 'change': 1}
2025-05-23 23:20:24,533 : INFO : SwitchController : <<<<<<< 's_left_sling' inactive >>>>>>>
2025-05-23 23:20:24,675 : INFO : SwitchController : <<<<<<< 's_left_sling' active >>>>>>>
2025-05-23 23:20:24,675 : INFO : EventManager : Event: ======'s_left_sling_active'====== Args={}
2025-05-23 23:20:24,675 : INFO : EventManager : Event: ======'playfield_active'====== Args={'source': 'slingshot_left'}
2025-05-23 23:20:24,675 : INFO : EventManager : Event: ======'machine_var_audits_switches_s_left_sling'====== Args={'value': 101, 'prev_value': 100, 'change': 1}
2025-05-23 23:20:24,766 : INFO : SwitchController : <<<<<<< 's_left_sling' inactive >>>>>>>
2025-05-23 23:20:24,907 : INFO : SwitchController : <<<<<<< 's_left_sling' active >>>>>>>
2025-05-23 23:20:24,907 : INFO : EventManager : Event: ======'s_left_sling_active'====== Args={}
2025-05-23 23:20:24,908 : INFO : EventManager : Event: ======'playfield_active'====== Args={'source': 'slingshot_left'}
2025-05-23 23:20:24,908 : INFO : EventManager : Event: ======'machine_var_audits_switches_s_left_sling'====== Args={'value': 102, 'prev_value': 101, 'change': 1}
2025-05-23 23:20:25,013 : INFO : SwitchController : <<<<<<< 's_left_sling' inactive >>>>>>>
2025-05-23 23:20:25,155 : INFO : SwitchController : <<<<<<< 's_left_sling' active >>>>>>>
2025-05-23 23:20:25,155 : INFO : EventManager : Event: ======'s_left_sling_active'====== Args={}
2025-05-23 23:20:25,155 : INFO : EventManager : Event: ======'playfield_active'====== Args={'source': 'slingshot_left'}
2025-05-23 23:20:25,155 : INFO : EventManager : Event: ======'machine_var_audits_switches_s_left_sling'====== Args={'value': 103, 'prev_value': 102, 'change': 1}
2025-05-23 23:20:25,247 : INFO : SwitchController : <<<<<<< 's_left_sling' inactive >>>>>>>
2025-05-23 23:20:25,387 : INFO : SwitchController : <<<<<<< 's_left_sling' active >>>>>>>
2025-05-23 23:20:25,387 : INFO : EventManager : Event: ======'s_left_sling_active'====== Args={}
2025-05-23 23:20:25,387 : INFO : EventManager : Event: ======'playfield_active'====== Args={'source': 'slingshot_left'}
2025-05-23 23:20:25,387 : INFO : EventManager : Event: ======'machine_var_audits_switches_s_left_sling'====== Args={'value': 104, 'prev_value': 103, 'change': 1}
2025-05-23 23:20:25,493 : INFO : SwitchController : <<<<<<< 's_left_sling' inactive >>>>>>>
2025-05-23 23:20:25,635 : INFO : SwitchController : <<<<<<< 's_left_sling' active >>>>>>>
2025-05-23 23:20:25,635 : INFO : EventManager : Event: ======'s_left_sling_active'====== Args={}
2025-05-23 23:20:25,635 : INFO : EventManager : Event: ======'playfield_active'====== Args={'source': 'slingshot_left'}
2025-05-23 23:20:25,635 : INFO : EventManager : Event: ======'machine_var_audits_switches_s_left_sling'====== Args={'value': 105, 'prev_value': 104, 'change': 1}
2025-05-23 23:20:25,711 : INFO : SwitchController : <<<<<<< 's_left_sling' inactive >>>>>>>
2025-05-23 23:20:25,920 : INFO : SwitchController : <<<<<<< 's_left_sling' active >>>>>>>
2025-05-23 23:20:25,920 : INFO : EventManager : Event: ======'s_left_sling_active'====== Args={}
2025-05-23 23:20:25,920 : INFO : EventManager : Event: ======'playfield_active'====== Args={'source': 'slingshot_left'}
2025-05-23 23:20:25,920 : INFO : EventManager : Event: ======'machine_var_audits_switches_s_left_sling'====== Args={'value': 106, 'prev_value': 105, 'change': 1}
2025-05-23 23:20:26,026 : INFO : SwitchController : <<<<<<< 's_left_sling' inactive >>>>>>>
2025-05-23 23:20:26,182 : INFO : SwitchController : <<<<<<< 's_left_sling' active >>>>>>>
2025-05-23 23:20:26,182 : INFO : EventManager : Event: ======'s_left_sling_active'====== Args={}
2025-05-23 23:20:26,182 : INFO : EventManager : Event: ======'playfield_active'====== Args={'source': 'slingshot_left'}
2025-05-23 23:20:26,182 : INFO : EventManager : Event: ======'machine_var_audits_switches_s_left_sling'====== Args={'value': 107, 'prev_value': 106, 'change': 1}
2025-05-23 23:20:26,282 : INFO : SwitchController : <<<<<<< 's_left_sling' inactive >>>>>>>
2025-05-23 23:20:26,385 : INFO : SwitchController : <<<<<<< 's_left_sling' active >>>>>>>
2025-05-23 23:20:26,385 : INFO : EventManager : Event: ======'s_left_sling_active'====== Args={}
2025-05-23 23:20:26,385 : INFO : EventManager : Event: ======'playfield_active'====== Args={'source': 'slingshot_left'}
2025-05-23 23:20:26,385 : INFO : EventManager : Event: ======'machine_var_audits_switches_s_left_sling'====== Args={'value': 108, 'prev_value': 107, 'change': 1}
2025-05-23 23:20:26,476 : INFO : SwitchController : <<<<<<< 's_left_sling' inactive >>>>>>>
2025-05-23 23:20:26,581 : INFO : SwitchController : <<<<<<< 's_left_sling' active >>>>>>>
2025-05-23 23:20:26,581 : INFO : EventManager : Event: ======'s_left_sling_active'====== Args={}
2025-05-23 23:20:26,581 : INFO : EventManager : Event: ======'playfield_active'====== Args={'source': 'slingshot_left'}
2025-05-23 23:20:26,581 : INFO : EventManager : Event: ======'machine_var_audits_switches_s_left_sling'====== Args={'value': 109, 'prev_value': 108, 'change': 1}
2025-05-23 23:20:26,648 : INFO : SwitchController : <<<<<<< 's_left_sling' inactive >>>>>>>
2025-05-23 23:20:26,760 : INFO : SwitchController : <<<<<<< 's_left_sling' active >>>>>>>
2025-05-23 23:20:26,760 : INFO : EventManager : Event: ======'s_left_sling_active'====== Args={}
2025-05-23 23:20:26,760 : INFO : EventManager : Event: ======'playfield_active'====== Args={'source': 'slingshot_left'}
2025-05-23 23:20:26,760 : INFO : EventManager : Event: ======'machine_var_audits_switches_s_left_sling'====== Args={'value': 110, 'prev_value': 109, 'change': 1}
2025-05-23 23:20:26,828 : INFO : SwitchController : <<<<<<< 's_left_sling' inactive >>>>>>>
2025-05-23 23:20:26,955 : INFO : SwitchController : <<<<<<< 's_left_sling' active >>>>>>>
2025-05-23 23:20:26,955 : INFO : EventManager : Event: ======'s_left_sling_active'====== Args={}
2025-05-23 23:20:26,955 : INFO : EventManager : Event: ======'playfield_active'====== Args={'source': 'slingshot_left'}
2025-05-23 23:20:26,955 : INFO : EventManager : Event: ======'machine_var_audits_switches_s_left_sling'====== Args={'value': 111, 'prev_value': 110, 'change': 1}
2025-05-23 23:20:27,022 : INFO : SwitchController : <<<<<<< 's_left_sling' inactive >>>>>>>
2025-05-23 23:20:27,112 : INFO : SwitchController : <<<<<<< 's_left_sling' active >>>>>>>
2025-05-23 23:20:27,112 : INFO : EventManager : Event: ======'s_left_sling_active'====== Args={}
2025-05-23 23:20:27,112 : INFO : EventManager : Event: ======'playfield_active'====== Args={'source': 'slingshot_left'}
2025-05-23 23:20:27,112 : INFO : EventManager : Event: ======'machine_var_audits_switches_s_left_sling'====== Args={'value': 112, 'prev_value': 111, 'change': 1}
2025-05-23 23:20:27,196 : INFO : SwitchController : <<<<<<< 's_left_sling' inactive >>>>>>>
2025-05-23 23:20:27,300 : INFO : SwitchController : <<<<<<< 's_left_sling' active >>>>>>>
2025-05-23 23:20:27,300 : INFO : EventManager : Event: ======'s_left_sling_active'====== Args={}
2025-05-23 23:20:27,300 : INFO : EventManager : Event: ======'playfield_active'====== Args={'source': 'slingshot_left'}
2025-05-23 23:20:27,300 : INFO : EventManager : Event: ======'machine_var_audits_switches_s_left_sling'====== Args={'value': 113, 'prev_value': 112, 'change': 1}
2025-05-23 23:20:27,392 : INFO : SwitchController : <<<<<<< 's_left_sling' inactive >>>>>>>
2025-05-23 23:20:29,305 : INFO : Machine : Shutting down...
2025-05-23 23:20:29,305 : INFO : EventManager : Event: ======'shutdown'====== Args={}
2025-05-23 23:20:29,306 : INFO : EventManager : Event: ======'mode_game_will_stop'====== Args={}
2025-05-23 23:20:29,306 : INFO : EventManager : Event: ======'mode_game_stopping'====== Args={}
2025-05-23 23:20:29,306 : INFO : EventManager : Event: ======'mode_bumpers_will_stop'====== Args={}
2025-05-23 23:20:29,306 : INFO : EventManager : Event: ======'mode_bumpers_stopping'====== Args={}
2025-05-23 23:20:29,306 : INFO : EventManager : Event: ======'mode_base_will_stop'====== Args={}
2025-05-23 23:20:29,306 : INFO : EventManager : Event: ======'mode_base_stopping'====== Args={}
2025-05-23 23:20:29,307 : INFO : EventManager : Event: ======'stop_mode_bumpers'====== Args={'priority': 0}
2025-05-23 23:20:29,307 : INFO : Mode.base : Stopped.
2025-05-23 23:20:29,307 : INFO : EventManager : Event: ======'modes_active_modes_changed'====== Args={}
2025-05-23 23:20:29,307 : INFO : EventManager : Event: ======'mode_base_stopped'====== Args={}
2025-05-23 23:20:29,307 : INFO : EventManager : Event: ======'clear'====== Args={'key': 'base'}
2025-05-23 23:20:29,307 : INFO : Mode.bumpers : Stopped.
2025-05-23 23:20:29,307 : INFO : EventManager : Event: ======'modes_active_modes_changed'====== Args={}
2025-05-23 23:20:29,307 : INFO : EventManager : Event: ======'mode_bumpers_stopped'====== Args={}
2025-05-23 23:20:29,307 : INFO : EventManager : Event: ======'clear'====== Args={'key': 'bumpers'}
2025-05-23 23:20:29,307 : INFO : Mode.game : Stopped.
2025-05-23 23:20:29,307 : INFO : EventManager : Event: ======'modes_active_modes_changed'====== Args={}
2025-05-23 23:20:29,307 : INFO : EventManager : Event: ======'mode_game_stopped'====== Args={}
2025-05-23 23:20:29,307 : INFO : EventManager : Event: ======'clear'====== Args={'key': 'game'}
2025-05-23 23:20:29,308 : INFO : root : MPF run loop ended.
