2025-05-23 22:48:29,721 : INFO : root : Loading config.
2025-05-23 22:48:29,723 : INFO : YamlMultifileConfigLoader : Machine config file #1: config.yaml
2025-05-23 22:48:29,723 : INFO : ConfigProcessor : Loading config from cache: C:\Users\bradl\AppData\Local\Temp\f86648965732716a774abe330a35567f.mpf_cache
2025-05-23 22:48:29,768 : INFO : ConfigProcessor : Loading config from cache: C:\Users\bradl\AppData\Local\Temp\d01143593fa4ea1d4f7571bb64036356.mpf_cache
2025-05-23 22:48:29,768 : INFO : ConfigProcessor : Loading config from cache: C:\Users\bradl\AppData\Local\Temp\14f8e91e6393da8cb7b325adfbe7ed92.mpf_cache
2025-05-23 22:48:29,769 : WARNING : ConfigProcessor : Config file in cache changed: C:\pinball\shaw_pinball\modes\base\config\base.yaml
2025-05-23 22:48:29,769 : INFO : ConfigProcessor : Loading config from file C:\pinball\shaw_pinball\modes\base\config\base.yaml.
2025-05-23 22:48:29,770 : INFO : ConfigProcessor : Loading config: C:\pinball\shaw_pinball\modes\base\config\base.yaml
2025-05-23 22:48:29,770 : INFO : ConfigProcessor : Config file cache created: C:\Users\bradl\AppData\Local\Temp\437cbc5b651d395d3b48baa33047334e.mpf_cache
2025-05-23 22:48:29,770 : INFO : ConfigProcessor : Loading config from cache: C:\Users\bradl\AppData\Local\Temp\d01143593fa4ea1d4f7571bb64036356.mpf_cache
2025-05-23 22:48:29,771 : INFO : ConfigProcessor : Loading config from cache: C:\Users\bradl\AppData\Local\Temp\a5d9331d5edf0819f14f654fc5b58f80.mpf_cache
2025-05-23 22:48:29,771 : INFO : Machine : Mission Pinball Framework Core Engine v0.80.0.dev7
2025-05-23 22:48:29,771 : INFO : Machine : Command line arguments: {'no_load_cache': False, 'create_config_cache': True, 'bcp': True, 'configfile': ['config.yaml'], 'force_assets_load': False, 'platform_integration_test': False, 'jsonlogging': False, 'logfile': 'logs\\2025-05-23-22-48-29-mpf-wintermute.log', 'pause': False, 'production': False, 'text_ui': False, 'loglevel': 15, 'consoleloglevel': 20, 'force_platform': 'smart_virtual', 'syslog_address': None, 'full_logfile_path': 'C:\\pinball\\shaw_pinball\\logs\\2025-05-23-22-48-29-mpf-wintermute.log'}
2025-05-23 22:48:29,771 : INFO : Machine : MPF path: C:\pinball\mpf\Lib\site-packages\mpf
2025-05-23 22:48:29,771 : INFO : Machine : Machine path: C:\pinball\shaw_pinball
2025-05-23 22:48:29,771 : INFO : Machine : Platform: win32
2025-05-23 22:48:29,771 : INFO : Machine : Python executable location: C:\pinball\mpf\Scripts\python.exe
2025-05-23 22:48:29,771 : INFO : Machine : Python version: 3.12.8 (64-bit)
2025-05-23 22:48:29,773 : INFO : Machine : Initializing MPF...
2025-05-23 22:48:29,812 : INFO : EventManager : Event: ======'machine_var_credits_string'====== Args={'value': 'FREE PLAY', 'prev_value': None, 'change': True}
2025-05-23 22:48:29,822 : INFO : EventManager : Event: ======'machine_var_master_volume'====== Args={'value': 0.5, 'prev_value': None, 'change': True}
2025-05-23 22:48:29,822 : INFO : EventManager : Event: ======'machine_var_player1_score'====== Args={'value': 8000, 'prev_value': None, 'change': True}
2025-05-23 22:48:29,822 : INFO : EventManager : Event: ======'machine_var_mpf_version'====== Args={'value': 'Mission Pinball Framework v0.80.0.dev7', 'prev_value': None, 'change': True}
2025-05-23 22:48:29,822 : INFO : EventManager : Event: ======'machine_var_mpf_extended_version'====== Args={'value': 'Mission Pinball Framework v0.80.0.dev7, Config version:6, Show version: 6, BCP version:1.1', 'prev_value': None, 'change': True}
2025-05-23 22:48:29,822 : INFO : EventManager : Event: ======'machine_var_python_version'====== Args={'value': '3.12.8', 'prev_value': None, 'change': True}
2025-05-23 22:48:29,883 : INFO : EventManager : Event: ======'machine_var_platform'====== Args={'value': 'Windows-11-10.0.26100-SP0', 'prev_value': None, 'change': True}
2025-05-23 22:48:29,884 : INFO : EventManager : Event: ======'machine_var_platform_system'====== Args={'value': 'Windows', 'prev_value': None, 'change': True}
2025-05-23 22:48:29,884 : INFO : EventManager : Event: ======'machine_var_platform_release'====== Args={'value': '11', 'prev_value': None, 'change': True}
2025-05-23 22:48:29,884 : INFO : EventManager : Event: ======'machine_var_platform_version'====== Args={'value': '10.0.26100', 'prev_value': None, 'change': True}
2025-05-23 22:48:29,884 : INFO : EventManager : Event: ======'machine_var_platform_machine'====== Args={'value': 'AMD64', 'prev_value': None, 'change': True}
2025-05-23 22:48:29,884 : INFO : EventManager : Event: ======'machine_var_log_file_path'====== Args={'value': 'C:\\pinball\\shaw_pinball\\logs\\2025-05-23-22-48-29-mpf-wintermute.log', 'prev_value': None, 'change': True}
2025-05-23 22:48:29,884 : INFO : EventManager : Event: ======'init_phase_1'====== Args={}
2025-05-23 22:48:29,893 : INFO : EventManager : Event: ======'init_phase_2'====== Args={}
2025-05-23 22:48:29,893 : INFO : SwitchController : Found active switch: ('3208-0', <Platform.SmartVirtual>) <switch.s_trough_ball_1>
2025-05-23 22:48:29,893 : INFO : SwitchController : Found active switch: ('3208-1', <Platform.SmartVirtual>) <switch.s_trough_ball_2>
2025-05-23 22:48:29,893 : INFO : SwitchController : Found active switch: ('3208-2', <Platform.SmartVirtual>) <switch.s_trough_ball_3>
2025-05-23 22:48:29,894 : INFO : EventManager : Event: ======'bcp_connection_attempt'====== Args={'name': 'local_display', 'host': 'localhost', 'port': 5050}
2025-05-23 22:48:29,895 : INFO : BCPClientSocket : Connecting BCP to 'local_display' at localhost:5050...
2025-05-23 22:48:29,899 : INFO : BCPClientSocket : Connected BCP to 'local_display' localhost:5050
2025-05-23 22:48:29,899 : INFO : EventManager : Event: ======'bcp_clients_connected'====== Args={}
2025-05-23 22:48:29,899 : INFO : ball_device.bd_trough : BCH: Initial count: 3
2025-05-23 22:48:29,900 : INFO : ball_device.bd_trough : State: idle
2025-05-23 22:48:29,900 : INFO : ball_device.bd_plunger : BCH: Initial count: 0
2025-05-23 22:48:29,900 : INFO : ball_device.bd_plunger : State: idle
2025-05-23 22:48:29,900 : INFO : ball_device.bd_scoop : BCH: Initial count: 0
2025-05-23 22:48:29,900 : INFO : ball_device.bd_scoop : State: idle
2025-05-23 22:48:29,904 : INFO : EventManager : Event: ======'init_phase_3'====== Args={}
2025-05-23 22:48:29,905 : INFO : EventManager : Event: ======'init_phase_4'====== Args={}
2025-05-23 22:48:29,905 : INFO : BallController : Initial balls found: 3
2025-05-23 22:48:29,906 : INFO : EventManager : Event: ======'machine_var_audits_events_game_ended'====== Args={'value': 4, 'prev_value': None, 'change': True}
2025-05-23 22:48:29,906 : INFO : EventManager : Event: ======'machine_var_audits_events_game_started'====== Args={'value': 21, 'prev_value': None, 'change': True}
2025-05-23 22:48:29,906 : INFO : EventManager : Event: ======'machine_var_audits_missing_switches_s_flipper_left'====== Args={'value': 3, 'prev_value': None, 'change': True}
2025-05-23 22:48:29,906 : INFO : EventManager : Event: ======'machine_var_audits_missing_switches_s_flipper_left_eos'====== Args={'value': 21, 'prev_value': None, 'change': True}
2025-05-23 22:48:29,906 : INFO : EventManager : Event: ======'machine_var_audits_missing_switches_s_flipper_left_lidar'====== Args={'value': 21, 'prev_value': None, 'change': True}
2025-05-23 22:48:29,906 : INFO : EventManager : Event: ======'machine_var_audits_missing_switches_s_flipper_right'====== Args={'value': 3, 'prev_value': None, 'change': True}
2025-05-23 22:48:29,906 : INFO : EventManager : Event: ======'machine_var_audits_missing_switches_s_flipper_right_eos'====== Args={'value': 3, 'prev_value': None, 'change': True}
2025-05-23 22:48:29,906 : INFO : EventManager : Event: ======'machine_var_audits_missing_switches_s_flipper_right_lidar'====== Args={'value': 21, 'prev_value': None, 'change': True}
2025-05-23 22:48:29,906 : INFO : EventManager : Event: ======'machine_var_audits_missing_switches_s_left_inner_lane'====== Args={'value': 3, 'prev_value': None, 'change': True}
2025-05-23 22:48:29,906 : INFO : EventManager : Event: ======'machine_var_audits_missing_switches_s_left_outer_lane'====== Args={'value': 21, 'prev_value': None, 'change': True}
2025-05-23 22:48:29,906 : INFO : EventManager : Event: ======'machine_var_audits_missing_switches_s_middle_left'====== Args={'value': 3, 'prev_value': None, 'change': True}
2025-05-23 22:48:29,906 : INFO : EventManager : Event: ======'machine_var_audits_missing_switches_s_middle_right'====== Args={'value': 3, 'prev_value': None, 'change': True}
2025-05-23 22:48:29,906 : INFO : EventManager : Event: ======'machine_var_audits_missing_switches_s_pop_bumper'====== Args={'value': 1, 'prev_value': None, 'change': True}
2025-05-23 22:48:29,906 : INFO : EventManager : Event: ======'machine_var_audits_missing_switches_s_ramp_left_enter'====== Args={'value': 3, 'prev_value': None, 'change': True}
2025-05-23 22:48:29,906 : INFO : EventManager : Event: ======'machine_var_audits_missing_switches_s_ramp_right_enter'====== Args={'value': 3, 'prev_value': None, 'change': True}
2025-05-23 22:48:29,906 : INFO : EventManager : Event: ======'machine_var_audits_missing_switches_s_right_inner_lane'====== Args={'value': 3, 'prev_value': None, 'change': True}
2025-05-23 22:48:29,906 : INFO : EventManager : Event: ======'machine_var_audits_missing_switches_s_right_outer_lane'====== Args={'value': 3, 'prev_value': None, 'change': True}
2025-05-23 22:48:29,906 : INFO : EventManager : Event: ======'machine_var_audits_missing_switches_s_right_sling'====== Args={'value': 1, 'prev_value': None, 'change': True}
2025-05-23 22:48:29,906 : INFO : EventManager : Event: ======'machine_var_audits_missing_switches_s_scoop'====== Args={'value': 3, 'prev_value': None, 'change': True}
2025-05-23 22:48:29,906 : INFO : EventManager : Event: ======'machine_var_audits_missing_switches_s_spinner_left'====== Args={'value': 3, 'prev_value': None, 'change': True}
2025-05-23 22:48:29,906 : INFO : EventManager : Event: ======'machine_var_audits_missing_switches_s_spinner_right'====== Args={'value': 3, 'prev_value': None, 'change': True}
2025-05-23 22:48:29,906 : INFO : EventManager : Event: ======'machine_var_audits_missing_switches_s_star_bumper_lower'====== Args={'value': 21, 'prev_value': None, 'change': True}
2025-05-23 22:48:29,906 : INFO : EventManager : Event: ======'machine_var_audits_missing_switches_s_star_bumper_upper'====== Args={'value': 2, 'prev_value': None, 'change': True}
2025-05-23 22:48:29,906 : INFO : EventManager : Event: ======'machine_var_audits_missing_switches_s_start'====== Args={'value': 5, 'prev_value': None, 'change': True}
2025-05-23 22:48:29,906 : INFO : EventManager : Event: ======'machine_var_audits_missing_switches_s_third_flipper_eos'====== Args={'value': 3, 'prev_value': None, 'change': True}
2025-05-23 22:48:29,906 : INFO : EventManager : Event: ======'machine_var_audits_missing_switches_s_trough_ball_1'====== Args={'value': 3, 'prev_value': None, 'change': True}
2025-05-23 22:48:29,906 : INFO : EventManager : Event: ======'machine_var_audits_missing_switches_s_trough_ball_2'====== Args={'value': 3, 'prev_value': None, 'change': True}
2025-05-23 22:48:29,906 : INFO : EventManager : Event: ======'machine_var_audits_missing_switches_s_trough_ball_3'====== Args={'value': 3, 'prev_value': None, 'change': True}
2025-05-23 22:48:29,906 : INFO : EventManager : Event: ======'machine_var_audits_missing_switches_s_trough_ball_4'====== Args={'value': 21, 'prev_value': None, 'change': True}
2025-05-23 22:48:29,906 : INFO : EventManager : Event: ======'machine_var_audits_missing_switches_s_trough_ball_5'====== Args={'value': 3, 'prev_value': None, 'change': True}
2025-05-23 22:48:29,906 : INFO : EventManager : Event: ======'machine_var_audits_missing_switches_s_trough_ball_6'====== Args={'value': 3, 'prev_value': None, 'change': True}
2025-05-23 22:48:29,906 : INFO : EventManager : Event: ======'machine_var_audits_missing_switches_s_trough_ball_jam'====== Args={'value': 3, 'prev_value': None, 'change': True}
2025-05-23 22:48:29,906 : INFO : EventManager : Event: ======'machine_var_audits_player_score'====== Args={'value': {'average': 2000, 'top': [8000, 0, 0, 0], 'total': 4}, 'prev_value': None, 'change': True}
2025-05-23 22:48:29,906 : INFO : EventManager : Event: ======'machine_var_audits_shots_bumper_left'====== Args={'value': 48, 'prev_value': None, 'change': True}
2025-05-23 22:48:29,906 : INFO : EventManager : Event: ======'machine_var_audits_switches_s_flipper_left'====== Args={'value': 188, 'prev_value': None, 'change': True}
2025-05-23 22:48:29,906 : INFO : EventManager : Event: ======'machine_var_audits_switches_s_flipper_left_eos'====== Args={'value': 0, 'prev_value': None, 'change': True}
2025-05-23 22:48:29,906 : INFO : EventManager : Event: ======'machine_var_audits_switches_s_flipper_left_lidar'====== Args={'value': 0, 'prev_value': None, 'change': True}
2025-05-23 22:48:29,906 : INFO : EventManager : Event: ======'machine_var_audits_switches_s_flipper_right'====== Args={'value': 127, 'prev_value': None, 'change': True}
2025-05-23 22:48:29,906 : INFO : EventManager : Event: ======'machine_var_audits_switches_s_flipper_right_eos'====== Args={'value': 86, 'prev_value': None, 'change': True}
2025-05-23 22:48:29,906 : INFO : EventManager : Event: ======'machine_var_audits_switches_s_flipper_right_lidar'====== Args={'value': 0, 'prev_value': None, 'change': True}
2025-05-23 22:48:29,906 : INFO : EventManager : Event: ======'machine_var_audits_switches_s_left_inner_lane'====== Args={'value': 11, 'prev_value': None, 'change': True}
2025-05-23 22:48:29,906 : INFO : EventManager : Event: ======'machine_var_audits_switches_s_left_outer_lane'====== Args={'value': 0, 'prev_value': None, 'change': True}
2025-05-23 22:48:29,906 : INFO : EventManager : Event: ======'machine_var_audits_switches_s_left_sling'====== Args={'value': 27, 'prev_value': None, 'change': True}
2025-05-23 22:48:29,907 : INFO : EventManager : Event: ======'machine_var_audits_switches_s_middle_bash'====== Args={'value': 10, 'prev_value': None, 'change': True}
2025-05-23 22:48:29,907 : INFO : EventManager : Event: ======'machine_var_audits_switches_s_middle_left'====== Args={'value': 0, 'prev_value': None, 'change': True}
2025-05-23 22:48:29,907 : INFO : EventManager : Event: ======'machine_var_audits_switches_s_middle_right'====== Args={'value': 0, 'prev_value': None, 'change': True}
2025-05-23 22:48:29,907 : INFO : EventManager : Event: ======'machine_var_audits_switches_s_plunger'====== Args={'value': 41, 'prev_value': None, 'change': True}
2025-05-23 22:48:29,907 : INFO : EventManager : Event: ======'machine_var_audits_switches_s_pop_bumper'====== Args={'value': 48, 'prev_value': None, 'change': True}
2025-05-23 22:48:29,907 : INFO : EventManager : Event: ======'machine_var_audits_switches_s_ramp_left_enter'====== Args={'value': 0, 'prev_value': None, 'change': True}
2025-05-23 22:48:29,907 : INFO : EventManager : Event: ======'machine_var_audits_switches_s_ramp_right_enter'====== Args={'value': 0, 'prev_value': None, 'change': True}
2025-05-23 22:48:29,907 : INFO : EventManager : Event: ======'machine_var_audits_switches_s_right_inner_lane'====== Args={'value': 10, 'prev_value': None, 'change': True}
2025-05-23 22:48:29,907 : INFO : EventManager : Event: ======'machine_var_audits_switches_s_right_outer_lane'====== Args={'value': 7, 'prev_value': None, 'change': True}
2025-05-23 22:48:29,907 : INFO : EventManager : Event: ======'machine_var_audits_switches_s_right_sling'====== Args={'value': 11, 'prev_value': None, 'change': True}
2025-05-23 22:48:29,907 : INFO : EventManager : Event: ======'machine_var_audits_switches_s_scoop'====== Args={'value': 28, 'prev_value': None, 'change': True}
2025-05-23 22:48:29,907 : INFO : EventManager : Event: ======'machine_var_audits_switches_s_spinner_left'====== Args={'value': 0, 'prev_value': None, 'change': True}
2025-05-23 22:48:29,907 : INFO : EventManager : Event: ======'machine_var_audits_switches_s_spinner_right'====== Args={'value': 0, 'prev_value': None, 'change': True}
2025-05-23 22:48:29,907 : INFO : EventManager : Event: ======'machine_var_audits_switches_s_star_bumper_lower'====== Args={'value': 0, 'prev_value': None, 'change': True}
2025-05-23 22:48:29,907 : INFO : EventManager : Event: ======'machine_var_audits_switches_s_star_bumper_upper'====== Args={'value': 1, 'prev_value': None, 'change': True}
2025-05-23 22:48:29,907 : INFO : EventManager : Event: ======'machine_var_audits_switches_s_start'====== Args={'value': 14, 'prev_value': None, 'change': True}
2025-05-23 22:48:29,907 : INFO : EventManager : Event: ======'machine_var_audits_switches_s_third_flipper_eos'====== Args={'value': 118, 'prev_value': None, 'change': True}
2025-05-23 22:48:29,907 : INFO : EventManager : Event: ======'machine_var_audits_switches_s_trough_ball_1'====== Args={'value': 20, 'prev_value': None, 'change': True}
2025-05-23 22:48:29,907 : INFO : EventManager : Event: ======'machine_var_audits_switches_s_trough_ball_2'====== Args={'value': 18, 'prev_value': None, 'change': True}
2025-05-23 22:48:29,907 : INFO : EventManager : Event: ======'machine_var_audits_switches_s_trough_ball_3'====== Args={'value': 18, 'prev_value': None, 'change': True}
2025-05-23 22:48:29,907 : INFO : EventManager : Event: ======'machine_var_audits_switches_s_trough_ball_4'====== Args={'value': 0, 'prev_value': None, 'change': True}
2025-05-23 22:48:29,907 : INFO : EventManager : Event: ======'machine_var_audits_switches_s_trough_ball_5'====== Args={'value': 18, 'prev_value': None, 'change': True}
2025-05-23 22:48:29,907 : INFO : EventManager : Event: ======'machine_var_audits_switches_s_trough_ball_6'====== Args={'value': 17, 'prev_value': None, 'change': True}
2025-05-23 22:48:29,907 : INFO : EventManager : Event: ======'machine_var_audits_switches_s_trough_ball_jam'====== Args={'value': 22, 'prev_value': None, 'change': True}
2025-05-23 22:48:29,907 : INFO : EventManager : Event: ======'init_phase_5'====== Args={}
2025-05-23 22:48:29,907 : INFO : EventManager : Event: ======'init_done'====== Args={}
2025-05-23 22:48:29,907 : INFO : EventManager : Event: ======'machine_reset_phase_1'====== Args={}
2025-05-23 22:48:29,912 : INFO : EventManager : Event: ======'machine_reset_phase_2'====== Args={}
2025-05-23 22:48:29,912 : INFO : EventManager : Event: ======'machine_reset_phase_3'====== Args={}
2025-05-23 22:48:29,912 : INFO : EventManager : Event: ======'reset_complete'====== Args={}
2025-05-23 22:48:29,912 : INFO : EventManager : Event: ======'mode_attract_will_start'====== Args={}
2025-05-23 22:48:29,912 : INFO : Timer.attract_carousel_timer : Starting Timer.
2025-05-23 22:48:29,912 : INFO : EventManager : Event: ======'timer_attract_carousel_timer_started'====== Args={'ticks': 0, 'ticks_remaining': 1}
2025-05-23 22:48:29,912 : INFO : EventManager : Event: ======'timer_attract_carousel_timer_tick'====== Args={'ticks': 0, 'ticks_remaining': 1}
2025-05-23 22:48:29,912 : INFO : EventManager : Event: ======'mode_attract_starting'====== Args={}
2025-05-23 22:48:29,912 : INFO : Mode.attract : Started. Priority: 10
2025-05-23 22:48:29,912 : INFO : EventManager : Event: ======'modes_active_modes_changed'====== Args={}
2025-05-23 22:48:29,912 : INFO : EventManager : Event: ======'mode_attract_started'====== Args={}
2025-05-23 22:48:29,913 : INFO : EventManager : Event: ======'collecting_balls_complete'====== Args={}
2025-05-23 22:48:29,913 : INFO : EventManager : Event: ======'item_highlighted'====== Args={'carousel': 'attract', 'direction': None, 'item': 'title'}
2025-05-23 22:48:29,913 : INFO : EventManager : Event: ======'timer_attract_carousel_timer_tick'====== Args={'ticks': 0, 'ticks_remaining': 1}
2025-05-23 22:48:29,913 : INFO : Machine : Starting the main run loop with active modes: [<Mode.attract>]
2025-05-23 22:48:29,929 : INFO : EventManager : Event: ======'slide_attract_created'====== Args={'_from_bcp': True}
2025-05-23 22:48:29,929 : INFO : EventManager : Event: ======'slide__removed'====== Args={'_from_bcp': True}
2025-05-23 22:48:29,929 : INFO : EventManager : Event: ======'slide_attract_active'====== Args={'original_context': 'attract', 'original_calling_context': 'mode_attract_started', 'priority': 10.0, 'cmd': 'slides_play', '_from_bcp': True}
2025-05-23 22:48:30,411 : INFO : BcpServer : New client connected.
2025-05-23 22:48:34,811 : INFO : SwitchController : <<<<<<< 's_flipper_left_lidar' active >>>>>>>
2025-05-23 22:48:34,909 : INFO : Timer.attract_carousel_timer : Timer Complete
2025-05-23 22:48:34,909 : INFO : Timer.attract_carousel_timer : Stopping Timer
2025-05-23 22:48:34,909 : INFO : EventManager : Event: ======'timer_attract_carousel_timer_stopped'====== Args={'ticks': 1, 'ticks_remaining': 1}
2025-05-23 22:48:34,909 : INFO : EventManager : Event: ======'timer_attract_carousel_timer_complete'====== Args={'ticks': 1, 'ticks_remaining': 1}
2025-05-23 22:48:34,910 : INFO : SwitchController : <<<<<<< 's_flipper_left_lidar' inactive >>>>>>>
2025-05-23 22:48:34,910 : INFO : EventManager : Event: ======'item_highlighted'====== Args={'carousel': 'attract', 'direction': 'forwards', 'item': 'credits'}
2025-05-23 22:48:34,910 : INFO : Timer.attract_carousel_timer : Starting Timer.
2025-05-23 22:48:34,910 : INFO : EventManager : Event: ======'timer_attract_carousel_timer_started'====== Args={'ticks': 0, 'ticks_remaining': 1}
2025-05-23 22:48:34,910 : INFO : EventManager : Event: ======'timer_attract_carousel_timer_tick'====== Args={'ticks': 0, 'ticks_remaining': 1}
2025-05-23 22:48:37,668 : INFO : SwitchController : <<<<<<< 's_flipper_left_lidar' active >>>>>>>
2025-05-23 22:48:37,797 : INFO : SwitchController : <<<<<<< 's_flipper_left_lidar' inactive >>>>>>>
2025-05-23 22:48:38,590 : INFO : SwitchController : <<<<<<< 's_start' active >>>>>>>
2025-05-23 22:48:38,689 : INFO : SwitchController : <<<<<<< 's_start' inactive >>>>>>>
2025-05-23 22:48:38,689 : INFO : EventManager : Event: ======'request_to_start_game'====== Args={}
2025-05-23 22:48:38,689 : INFO : EventManager : Event: ======'game_start'====== Args={'buttons': [], 'hold_time': 0.1090000000258442}
2025-05-23 22:48:38,689 : INFO : EventManager : Event: ======'mode_game_will_start'====== Args={'buttons': [], 'hold_time': 0.1090000000258442}
2025-05-23 22:48:38,689 : INFO : EventManager : Event: ======'mode_game_starting'====== Args={'buttons': [], 'hold_time': 0.1090000000258442}
2025-05-23 22:48:38,689 : INFO : EventManager : Event: ======'mode_attract_will_stop'====== Args={}
2025-05-23 22:48:38,690 : INFO : EventManager : Event: ======'mode_attract_stopping'====== Args={}
2025-05-23 22:48:38,690 : INFO : Mode.attract : Stopped.
2025-05-23 22:48:38,690 : INFO : EventManager : Event: ======'modes_active_modes_changed'====== Args={}
2025-05-23 22:48:38,690 : INFO : EventManager : Event: ======'mode_attract_stopped'====== Args={}
2025-05-23 22:48:38,690 : INFO : EventManager : Event: ======'clear'====== Args={'key': 'attract'}
2025-05-23 22:48:38,690 : INFO : Timer.attract_carousel_timer : Stopping Timer
2025-05-23 22:48:38,690 : INFO : EventManager : Event: ======'timer_attract_carousel_timer_stopped'====== Args={'ticks': 0, 'ticks_remaining': 1}
2025-05-23 22:48:38,690 : INFO : Mode.game : Started. Priority: 20
2025-05-23 22:48:38,690 : INFO : EventManager : Event: ======'modes_active_modes_changed'====== Args={}
2025-05-23 22:48:38,691 : INFO : EventManager : Event: ======'mode_game_started'====== Args={'buttons': [], 'hold_time': 0.1090000000258442}
2025-05-23 22:48:38,691 : INFO : EventManager : Event: ======'game_will_start'====== Args={}
2025-05-23 22:48:38,691 : INFO : EventManager : Event: ======'game_starting'====== Args={'game': <Mode.game>}
2025-05-23 22:48:38,692 : INFO : EventManager : Unordered handler for class <Auditor> on event game_ended with priority 1. Handlers: [RegisteredHandler(callback=<bound method Auditor.disable of <Auditor>>, priority=1, kwargs={}, key=UUID('726b638c-8980-45e6-99bc-f8104c2a709c'), condition=None, blocking_facility=None), RegisteredHandler(callback=<bound method Auditor._save_audits of <Auditor>>, priority=1, kwargs={}, key=UUID('b0d69a97-a1b6-4636-a0e6-533fa8f8af25'), condition=None, blocking_facility=None)]. The order of those handlers is not defined and they will be executed in random order. This might lead to race conditions and potential bugs.
2025-05-23 22:48:38,692 : INFO : EventManager : Event: ======'player_add_request'====== Args={}
2025-05-23 22:48:38,692 : INFO : EventManager : Event: ======'player_will_add'====== Args={'number': 1}
2025-05-23 22:48:38,692 : INFO : EventManager : Event: ======'player_adding'====== Args={'player': <Player 1>, 'number': 1}
2025-05-23 22:48:38,692 : INFO : EventManager : Event: ======'player_added'====== Args={'player': <Player 1>, 'num': 1}
2025-05-23 22:48:38,693 : INFO : Mode.game : Player added successfully. Total players: 1
2025-05-23 22:48:38,693 : INFO : EventManager : Event: ======'player_index'====== Args={'value': 0, 'prev_value': 0, 'change': 0, 'player_num': 1}
2025-05-23 22:48:38,693 : INFO : EventManager : Event: ======'player_number'====== Args={'value': 1, 'prev_value': 1, 'change': 0, 'player_num': 1}
2025-05-23 22:48:38,693 : INFO : EventManager : Event: ======'player_score'====== Args={'value': 0, 'prev_value': 0, 'change': 0, 'player_num': 1}
2025-05-23 22:48:38,693 : INFO : EventManager : Event: ======'game_started'====== Args={}
2025-05-23 22:48:38,694 : INFO : EventManager : Event: ======'player_turn_will_start'====== Args={'player': <Player 1>, 'number': 1}
2025-05-23 22:48:38,694 : INFO : EventManager : Event: ======'player_turn_starting'====== Args={'player': <Player 1>, 'number': 1}
2025-05-23 22:48:38,694 : INFO : EventManager : Event: ======'player_ball'====== Args={'value': 1, 'prev_value': 0, 'change': 1, 'player_num': 1}
2025-05-23 22:48:38,694 : INFO : EventManager : Event: ======'player_turn_started'====== Args={'player': <Player 1>, 'number': 1}
2025-05-23 22:48:38,697 : INFO : EventManager : Event: ======'ball_will_start'====== Args={'player': 1, 'ball': 1, 'balls_remaining': 2, 'is_extra_ball': False}
2025-05-23 22:48:38,697 : INFO : EventManager : Event: ======'ball_starting'====== Args={'player': 1, 'ball': 1, 'balls_remaining': 2, 'is_extra_ball': False}
2025-05-23 22:48:38,698 : INFO : EventManager : Event: ======'mode_base_will_start'====== Args={'queue': <QueuedEvent>, 'player': 1, 'ball': 1, 'balls_remaining': 2, 'is_extra_ball': False}
2025-05-23 22:48:38,698 : INFO : EventManager : Event: ======'mode_base_starting'====== Args={'queue': <QueuedEvent>, 'player': 1, 'ball': 1, 'balls_remaining': 2, 'is_extra_ball': False}
2025-05-23 22:48:38,698 : INFO : Mode.base : Started. Priority: 100
2025-05-23 22:48:38,698 : INFO : EventManager : Event: ======'modes_active_modes_changed'====== Args={}
2025-05-23 22:48:38,699 : INFO : EventManager : Event: ======'mode_base_started'====== Args={'queue': <QueuedEvent>, 'player': 1, 'ball': 1, 'balls_remaining': 2, 'is_extra_ball': False}
2025-05-23 22:48:38,699 : INFO : EventManager : Event: ======'start_mode_bumpers'====== Args={'priority': 0}
2025-05-23 22:48:38,699 : INFO : EventManager : Event: ======'mode_bumpers_will_start'====== Args={'priority': 0}
2025-05-23 22:48:38,699 : INFO : EventManager : Event: ======'player_shot_bumper_left_enabled'====== Args={'value': True, 'prev_value': 0, 'change': 1, 'player_num': 1}
2025-05-23 22:48:38,699 : INFO : EventManager : Event: ======'bumpers_complete'====== Args={'state': 'unlit'}
2025-05-23 22:48:38,699 : INFO : EventManager : Event: ======'bumpers_unlit_complete'====== Args={}
2025-05-23 22:48:38,700 : INFO : EventManager : Event: ======'mode_bumpers_starting'====== Args={'priority': 0}
2025-05-23 22:48:38,700 : INFO : Mode.bumpers : Started. Priority: 200
2025-05-23 22:48:38,700 : INFO : EventManager : Event: ======'modes_active_modes_changed'====== Args={}
2025-05-23 22:48:38,700 : INFO : EventManager : Event: ======'mode_bumpers_started'====== Args={'priority': 0}
2025-05-23 22:48:38,700 : INFO : EventManager : Event: ======'balls_in_play'====== Args={'balls': 1}
2025-05-23 22:48:38,700 : INFO : EventManager : Event: ======'ball_started'====== Args={'player': 1, 'ball': 1, 'balls_remaining': 2, 'is_extra_ball': False}
2025-05-23 22:48:38,701 : INFO : EventManager : Event: ======'single_player_ball_started'====== Args={}
2025-05-23 22:48:38,702 : INFO : EventManager : Event: ======'ball_start_target'====== Args={'target': 'playfield'}
2025-05-23 22:48:38,702 : INFO : ball_device.bd_plunger : Setting up player-controlled eject. Balls: 1, Target: <playfield.playfield>, player_controlled_eject_event: None
2025-05-23 22:48:38,702 : INFO : EventManager : Event: ======'balldevice_balls_available'====== Args={}
2025-05-23 22:48:38,702 : INFO : ball_device.bd_trough : State: waiting_for_target_ready
2025-05-23 22:48:38,703 : INFO : EventManager : Event: ======'balldevice_bd_trough_ball_eject_attempt'====== Args={'balls': 1, 'target': <ball_device.bd_plunger>, 'source': <ball_device.bd_trough>, 'mechanical_eject': True, 'num_attempts': 0}
2025-05-23 22:48:38,703 : INFO : ball_device.bd_plunger : State: waiting_for_ball
2025-05-23 22:48:38,703 : INFO : ball_device.bd_trough : State: ejecting
2025-05-23 22:48:38,703 : INFO : ball_device.bd_trough : Ejecting ball to <ball_device.bd_plunger>
2025-05-23 22:48:38,703 : INFO : EventManager : Event: ======'balldevice_bd_trough_ejecting_ball'====== Args={'balls': 1, 'target': <ball_device.bd_plunger>, 'source': <ball_device.bd_trough>, 'mechanical_eject': True, 'num_attempts': 0}
2025-05-23 22:48:38,704 : INFO : ball_device.bd_trough : Wait for ball to leave device
2025-05-23 22:48:38,704 : INFO : coil.c_trough_eject : Pulsing Driver for 15ms (1.0 pulse_power)
2025-05-23 22:48:38,704 : INFO : SwitchController : <<<<<<< 's_trough_ball_1' inactive >>>>>>>
2025-05-23 22:48:38,704 : INFO : ball_device.bd_trough : State: ball_left
2025-05-23 22:48:38,704 : INFO : ball_device.bd_trough : Ball left
2025-05-23 22:48:38,704 : INFO : ball_device.bd_trough : Wait for confirm with timeout 2.0
2025-05-23 22:48:38,723 : INFO : EventManager : Event: ======'slide_base_slide_created'====== Args={'_from_bcp': True}
2025-05-23 22:48:38,724 : INFO : EventManager : Event: ======'slide_attract_inactive'====== Args={'is_removing': True, '_from_bcp': True}
2025-05-23 22:48:38,724 : INFO : EventManager : Event: ======'slide_base_slide_active'====== Args={'original_context': 'base', 'original_calling_context': 'mode_base_started', 'priority': 100.0, 'queue': '<QueuedEvent>', 'player': 1.0, 'ball': 1.0, 'balls_remaining': 2.0, 'is_extra_ball': False, 'cmd': 'slides_play', '_from_bcp': True}
2025-05-23 22:48:38,724 : INFO : EventManager : Event: ======'slide_attract_removed'====== Args={'_from_bcp': True}
2025-05-23 22:48:38,809 : INFO : SwitchController : <<<<<<< 's_plunger' active >>>>>>>
2025-05-23 22:48:38,809 : INFO : EventManager : Event: ======'machine_var_audits_switches_s_plunger'====== Args={'value': 42, 'prev_value': 41, 'change': 1}
2025-05-23 22:48:39,306 : INFO : ball_device.bd_plunger : Received ball from <ball_device.bd_trough>
2025-05-23 22:48:39,306 : INFO : EventManager : Event: ======'balldevice_bd_plunger_ball_enter'====== Args={'new_balls': 1, 'unclaimed_balls': 0, 'new_available_balls': 0, 'device': <ball_device.bd_plunger>}
2025-05-23 22:48:39,306 : INFO : EventManager : Event: ======'balldevice_bd_plunger_ball_entered'====== Args={'new_balls': 0, 'device': <ball_device.bd_plunger>}
2025-05-23 22:48:39,306 : INFO : EventManager : Event: ======'balldevice_bd_plunger_ball_count_changed'====== Args={'balls': 1}
2025-05-23 22:48:39,306 : INFO : ball_device.bd_trough : Got eject confirm
2025-05-23 22:48:39,307 : INFO : ball_device.bd_trough : Eject successful
2025-05-23 22:48:39,307 : INFO : EventManager : Event: ======'balldevice_bd_trough_ball_eject_success'====== Args={'balls': 1, 'target': <ball_device.bd_plunger>}
2025-05-23 22:48:39,307 : INFO : EventManager : Event: ======'balldevice_bd_trough_ball_count_changed'====== Args={'balls': 2}
2025-05-23 22:48:39,307 : INFO : ball_device.bd_trough : State: idle
2025-05-23 22:48:39,307 : INFO : ball_device.bd_plunger : State: waiting_for_target_ready
2025-05-23 22:48:39,307 : INFO : EventManager : Event: ======'balldevice_bd_plunger_ball_eject_attempt'====== Args={'balls': 1, 'target': <playfield.playfield>, 'source': <ball_device.bd_plunger>, 'mechanical_eject': True, 'num_attempts': 0}
2025-05-23 22:48:39,307 : INFO : ball_device.bd_plunger : State: ejecting
2025-05-23 22:48:39,307 : INFO : ball_device.bd_plunger : Ejecting ball to <playfield.playfield>
2025-05-23 22:48:39,307 : INFO : EventManager : Event: ======'balldevice_bd_plunger_ejecting_ball'====== Args={'balls': 1, 'target': <playfield.playfield>, 'source': <ball_device.bd_plunger>, 'mechanical_eject': True, 'num_attempts': 0}
2025-05-23 22:48:39,308 : INFO : ball_device.bd_plunger : Wait for ball to leave device
2025-05-23 22:48:41,058 : INFO : SwitchController : <<<<<<< 's_middle_bash' active >>>>>>>
2025-05-23 22:48:41,058 : INFO : EventManager : Event: ======'machine_var_audits_switches_s_middle_bash'====== Args={'value': 11, 'prev_value': 10, 'change': 1}
2025-05-23 22:48:41,172 : INFO : SwitchController : <<<<<<< 's_middle_bash' inactive >>>>>>>
2025-05-23 22:48:42,437 : INFO : SwitchController : <<<<<<< 's_left_sling' active >>>>>>>
2025-05-23 22:48:42,437 : INFO : EventManager : Event: ======'s_left_sling_active'====== Args={}
2025-05-23 22:48:42,438 : INFO : EventManager : Event: ======'playfield_active'====== Args={'source': 'slingshot_left'}
2025-05-23 22:48:42,438 : INFO : EventManager : Event: ======'machine_var_audits_switches_s_left_sling'====== Args={'value': 28, 'prev_value': 27, 'change': 1}
2025-05-23 22:48:42,558 : INFO : SwitchController : <<<<<<< 's_left_sling' inactive >>>>>>>
2025-05-23 22:48:43,616 : INFO : SwitchController : <<<<<<< 's_left_sling' active >>>>>>>
2025-05-23 22:48:43,616 : INFO : EventManager : Event: ======'s_left_sling_active'====== Args={}
2025-05-23 22:48:43,616 : INFO : EventManager : Event: ======'playfield_active'====== Args={'source': 'slingshot_left'}
2025-05-23 22:48:43,616 : INFO : EventManager : Event: ======'machine_var_audits_switches_s_left_sling'====== Args={'value': 29, 'prev_value': 28, 'change': 1}
2025-05-23 22:48:43,698 : INFO : SwitchController : <<<<<<< 's_left_sling' inactive >>>>>>>
2025-05-23 22:48:44,111 : INFO : SwitchController : <<<<<<< 's_left_sling' active >>>>>>>
2025-05-23 22:48:44,111 : INFO : EventManager : Event: ======'s_left_sling_active'====== Args={}
2025-05-23 22:48:44,111 : INFO : EventManager : Event: ======'playfield_active'====== Args={'source': 'slingshot_left'}
2025-05-23 22:48:44,111 : INFO : EventManager : Event: ======'machine_var_audits_switches_s_left_sling'====== Args={'value': 30, 'prev_value': 29, 'change': 1}
2025-05-23 22:48:44,187 : INFO : SwitchController : <<<<<<< 's_left_sling' inactive >>>>>>>
2025-05-23 22:48:44,658 : INFO : SwitchController : <<<<<<< 's_left_sling' active >>>>>>>
2025-05-23 22:48:44,658 : INFO : EventManager : Event: ======'s_left_sling_active'====== Args={}
2025-05-23 22:48:44,658 : INFO : EventManager : Event: ======'playfield_active'====== Args={'source': 'slingshot_left'}
2025-05-23 22:48:44,658 : INFO : EventManager : Event: ======'machine_var_audits_switches_s_left_sling'====== Args={'value': 31, 'prev_value': 30, 'change': 1}
2025-05-23 22:48:44,734 : INFO : SwitchController : <<<<<<< 's_left_sling' inactive >>>>>>>
2025-05-23 22:48:45,498 : INFO : SwitchController : <<<<<<< 's_left_sling' active >>>>>>>
2025-05-23 22:48:45,498 : INFO : EventManager : Event: ======'s_left_sling_active'====== Args={}
2025-05-23 22:48:45,498 : INFO : EventManager : Event: ======'playfield_active'====== Args={'source': 'slingshot_left'}
2025-05-23 22:48:45,498 : INFO : EventManager : Event: ======'machine_var_audits_switches_s_left_sling'====== Args={'value': 32, 'prev_value': 31, 'change': 1}
2025-05-23 22:48:45,603 : INFO : SwitchController : <<<<<<< 's_left_sling' inactive >>>>>>>
2025-05-23 22:48:48,401 : INFO : SwitchController : <<<<<<< 's_right_sling' active >>>>>>>
2025-05-23 22:48:48,401 : INFO : EventManager : Event: ======'playfield_active'====== Args={'source': 'slingshot_right'}
2025-05-23 22:48:48,401 : INFO : EventManager : Event: ======'machine_var_audits_switches_s_right_sling'====== Args={'value': 12, 'prev_value': 11, 'change': 1}
2025-05-23 22:48:48,530 : INFO : SwitchController : <<<<<<< 's_right_sling' inactive >>>>>>>
2025-05-23 22:48:48,656 : INFO : SwitchController : <<<<<<< 's_right_sling' active >>>>>>>
2025-05-23 22:48:48,656 : INFO : EventManager : Event: ======'playfield_active'====== Args={'source': 'slingshot_right'}
2025-05-23 22:48:48,656 : INFO : EventManager : Event: ======'machine_var_audits_switches_s_right_sling'====== Args={'value': 13, 'prev_value': 12, 'change': 1}
2025-05-23 22:48:48,756 : INFO : SwitchController : <<<<<<< 's_right_sling' inactive >>>>>>>
2025-05-23 22:48:50,014 : INFO : SwitchController : <<<<<<< 's_left_sling' active >>>>>>>
2025-05-23 22:48:50,014 : INFO : EventManager : Event: ======'s_left_sling_active'====== Args={}
2025-05-23 22:48:50,015 : INFO : EventManager : Event: ======'playfield_active'====== Args={'source': 'slingshot_left'}
2025-05-23 22:48:50,015 : INFO : EventManager : Event: ======'machine_var_audits_switches_s_left_sling'====== Args={'value': 33, 'prev_value': 32, 'change': 1}
2025-05-23 22:48:50,112 : INFO : SwitchController : <<<<<<< 's_left_sling' inactive >>>>>>>
2025-05-23 22:48:51,168 : INFO : SwitchController : <<<<<<< 's_left_sling' active >>>>>>>
2025-05-23 22:48:51,168 : INFO : EventManager : Event: ======'s_left_sling_active'====== Args={}
2025-05-23 22:48:51,168 : INFO : EventManager : Event: ======'playfield_active'====== Args={'source': 'slingshot_left'}
2025-05-23 22:48:51,168 : INFO : EventManager : Event: ======'machine_var_audits_switches_s_left_sling'====== Args={'value': 34, 'prev_value': 33, 'change': 1}
2025-05-23 22:48:51,296 : INFO : SwitchController : <<<<<<< 's_left_sling' inactive >>>>>>>
2025-05-23 22:48:51,648 : INFO : SwitchController : <<<<<<< 's_left_sling' active >>>>>>>
2025-05-23 22:48:51,648 : INFO : EventManager : Event: ======'s_left_sling_active'====== Args={}
2025-05-23 22:48:51,648 : INFO : EventManager : Event: ======'playfield_active'====== Args={'source': 'slingshot_left'}
2025-05-23 22:48:51,648 : INFO : EventManager : Event: ======'machine_var_audits_switches_s_left_sling'====== Args={'value': 35, 'prev_value': 34, 'change': 1}
2025-05-23 22:48:51,747 : INFO : SwitchController : <<<<<<< 's_left_sling' inactive >>>>>>>
2025-05-23 22:48:52,128 : INFO : SwitchController : <<<<<<< 's_left_sling' active >>>>>>>
2025-05-23 22:48:52,128 : INFO : EventManager : Event: ======'s_left_sling_active'====== Args={}
2025-05-23 22:48:52,128 : INFO : EventManager : Event: ======'playfield_active'====== Args={'source': 'slingshot_left'}
2025-05-23 22:48:52,128 : INFO : EventManager : Event: ======'machine_var_audits_switches_s_left_sling'====== Args={'value': 36, 'prev_value': 35, 'change': 1}
2025-05-23 22:48:52,205 : INFO : SwitchController : <<<<<<< 's_left_sling' inactive >>>>>>>
2025-05-23 22:48:52,330 : INFO : SwitchController : <<<<<<< 's_left_sling' active >>>>>>>
2025-05-23 22:48:52,330 : INFO : EventManager : Event: ======'s_left_sling_active'====== Args={}
2025-05-23 22:48:52,331 : INFO : EventManager : Event: ======'playfield_active'====== Args={'source': 'slingshot_left'}
2025-05-23 22:48:52,331 : INFO : EventManager : Event: ======'machine_var_audits_switches_s_left_sling'====== Args={'value': 37, 'prev_value': 36, 'change': 1}
2025-05-23 22:48:52,422 : INFO : SwitchController : <<<<<<< 's_left_sling' inactive >>>>>>>
2025-05-23 22:48:52,533 : INFO : SwitchController : <<<<<<< 's_left_sling' active >>>>>>>
2025-05-23 22:48:52,534 : INFO : EventManager : Event: ======'s_left_sling_active'====== Args={}
2025-05-23 22:48:52,534 : INFO : EventManager : Event: ======'playfield_active'====== Args={'source': 'slingshot_left'}
2025-05-23 22:48:52,534 : INFO : EventManager : Event: ======'machine_var_audits_switches_s_left_sling'====== Args={'value': 38, 'prev_value': 37, 'change': 1}
2025-05-23 22:48:52,632 : INFO : SwitchController : <<<<<<< 's_left_sling' inactive >>>>>>>
2025-05-23 22:48:53,358 : INFO : SwitchController : <<<<<<< 's_left_sling' active >>>>>>>
2025-05-23 22:48:53,359 : INFO : EventManager : Event: ======'s_left_sling_active'====== Args={}
2025-05-23 22:48:53,359 : INFO : EventManager : Event: ======'playfield_active'====== Args={'source': 'slingshot_left'}
2025-05-23 22:48:53,359 : INFO : EventManager : Event: ======'machine_var_audits_switches_s_left_sling'====== Args={'value': 39, 'prev_value': 38, 'change': 1}
2025-05-23 22:48:53,457 : INFO : SwitchController : <<<<<<< 's_left_sling' inactive >>>>>>>
2025-05-23 22:48:54,035 : INFO : SwitchController : <<<<<<< 's_left_sling' active >>>>>>>
2025-05-23 22:48:54,035 : INFO : EventManager : Event: ======'s_left_sling_active'====== Args={}
2025-05-23 22:48:54,035 : INFO : EventManager : Event: ======'playfield_active'====== Args={'source': 'slingshot_left'}
2025-05-23 22:48:54,035 : INFO : EventManager : Event: ======'machine_var_audits_switches_s_left_sling'====== Args={'value': 40, 'prev_value': 39, 'change': 1}
2025-05-23 22:48:54,147 : INFO : SwitchController : <<<<<<< 's_left_sling' inactive >>>>>>>
2025-05-23 22:49:45,966 : INFO : SwitchController : <<<<<<< 's_left_sling' active >>>>>>>
2025-05-23 22:49:45,966 : INFO : EventManager : Event: ======'s_left_sling_active'====== Args={}
2025-05-23 22:49:45,966 : INFO : EventManager : Event: ======'playfield_active'====== Args={'source': 'slingshot_left'}
2025-05-23 22:49:45,966 : INFO : EventManager : Event: ======'machine_var_audits_switches_s_left_sling'====== Args={'value': 41, 'prev_value': 40, 'change': 1}
2025-05-23 22:49:46,087 : INFO : SwitchController : <<<<<<< 's_left_sling' inactive >>>>>>>
2025-05-23 22:49:47,727 : INFO : SwitchController : <<<<<<< 's_left_sling' active >>>>>>>
2025-05-23 22:49:47,727 : INFO : EventManager : Event: ======'s_left_sling_active'====== Args={}
2025-05-23 22:49:47,728 : INFO : EventManager : Event: ======'playfield_active'====== Args={'source': 'slingshot_left'}
2025-05-23 22:49:47,728 : INFO : EventManager : Event: ======'machine_var_audits_switches_s_left_sling'====== Args={'value': 42, 'prev_value': 41, 'change': 1}
2025-05-23 22:49:47,842 : INFO : SwitchController : <<<<<<< 's_left_sling' inactive >>>>>>>
2025-05-23 22:49:48,253 : INFO : SwitchController : <<<<<<< 's_left_sling' active >>>>>>>
2025-05-23 22:49:48,253 : INFO : EventManager : Event: ======'s_left_sling_active'====== Args={}
2025-05-23 22:49:48,253 : INFO : EventManager : Event: ======'playfield_active'====== Args={'source': 'slingshot_left'}
2025-05-23 22:49:48,253 : INFO : EventManager : Event: ======'machine_var_audits_switches_s_left_sling'====== Args={'value': 43, 'prev_value': 42, 'change': 1}
2025-05-23 22:49:48,358 : INFO : SwitchController : <<<<<<< 's_left_sling' inactive >>>>>>>
2025-05-23 22:49:48,501 : INFO : SwitchController : <<<<<<< 's_left_sling' active >>>>>>>
2025-05-23 22:49:48,501 : INFO : EventManager : Event: ======'s_left_sling_active'====== Args={}
2025-05-23 22:49:48,501 : INFO : EventManager : Event: ======'playfield_active'====== Args={'source': 'slingshot_left'}
2025-05-23 22:49:48,501 : INFO : EventManager : Event: ======'machine_var_audits_switches_s_left_sling'====== Args={'value': 44, 'prev_value': 43, 'change': 1}
2025-05-23 22:49:48,585 : INFO : SwitchController : <<<<<<< 's_left_sling' inactive >>>>>>>
2025-05-23 22:49:48,726 : INFO : SwitchController : <<<<<<< 's_left_sling' active >>>>>>>
2025-05-23 22:49:48,726 : INFO : EventManager : Event: ======'s_left_sling_active'====== Args={}
2025-05-23 22:49:48,726 : INFO : EventManager : Event: ======'playfield_active'====== Args={'source': 'slingshot_left'}
2025-05-23 22:49:48,726 : INFO : EventManager : Event: ======'machine_var_audits_switches_s_left_sling'====== Args={'value': 45, 'prev_value': 44, 'change': 1}
2025-05-23 22:49:48,802 : INFO : SwitchController : <<<<<<< 's_left_sling' inactive >>>>>>>
2025-05-23 22:49:48,913 : INFO : SwitchController : <<<<<<< 's_left_sling' active >>>>>>>
2025-05-23 22:49:48,913 : INFO : EventManager : Event: ======'s_left_sling_active'====== Args={}
2025-05-23 22:49:48,913 : INFO : EventManager : Event: ======'playfield_active'====== Args={'source': 'slingshot_left'}
2025-05-23 22:49:48,913 : INFO : EventManager : Event: ======'machine_var_audits_switches_s_left_sling'====== Args={'value': 46, 'prev_value': 45, 'change': 1}
2025-05-23 22:49:48,997 : INFO : SwitchController : <<<<<<< 's_left_sling' inactive >>>>>>>
2025-05-23 22:49:49,707 : INFO : SwitchController : <<<<<<< 's_left_sling' active >>>>>>>
2025-05-23 22:49:49,708 : INFO : EventManager : Event: ======'s_left_sling_active'====== Args={}
2025-05-23 22:49:49,708 : INFO : EventManager : Event: ======'playfield_active'====== Args={'source': 'slingshot_left'}
2025-05-23 22:49:49,708 : INFO : EventManager : Event: ======'machine_var_audits_switches_s_left_sling'====== Args={'value': 47, 'prev_value': 46, 'change': 1}
2025-05-23 22:49:49,823 : INFO : SwitchController : <<<<<<< 's_left_sling' inactive >>>>>>>
2025-05-23 22:49:50,383 : INFO : SwitchController : <<<<<<< 's_left_sling' active >>>>>>>
2025-05-23 22:49:50,383 : INFO : EventManager : Event: ======'s_left_sling_active'====== Args={}
2025-05-23 22:49:50,383 : INFO : EventManager : Event: ======'playfield_active'====== Args={'source': 'slingshot_left'}
2025-05-23 22:49:50,383 : INFO : EventManager : Event: ======'machine_var_audits_switches_s_left_sling'====== Args={'value': 48, 'prev_value': 47, 'change': 1}
2025-05-23 22:49:50,497 : INFO : SwitchController : <<<<<<< 's_left_sling' inactive >>>>>>>
2025-05-23 22:49:50,991 : INFO : SwitchController : <<<<<<< 's_left_sling' active >>>>>>>
2025-05-23 22:49:50,991 : INFO : EventManager : Event: ======'s_left_sling_active'====== Args={}
2025-05-23 22:49:50,991 : INFO : EventManager : Event: ======'playfield_active'====== Args={'source': 'slingshot_left'}
2025-05-23 22:49:50,991 : INFO : EventManager : Event: ======'machine_var_audits_switches_s_left_sling'====== Args={'value': 49, 'prev_value': 48, 'change': 1}
2025-05-23 22:49:51,097 : INFO : SwitchController : <<<<<<< 's_left_sling' inactive >>>>>>>
2025-05-23 22:49:51,192 : INFO : SwitchController : <<<<<<< 's_left_sling' active >>>>>>>
2025-05-23 22:49:51,192 : INFO : EventManager : Event: ======'s_left_sling_active'====== Args={}
2025-05-23 22:49:51,192 : INFO : EventManager : Event: ======'playfield_active'====== Args={'source': 'slingshot_left'}
2025-05-23 22:49:51,193 : INFO : EventManager : Event: ======'machine_var_audits_switches_s_left_sling'====== Args={'value': 50, 'prev_value': 49, 'change': 1}
2025-05-23 22:49:51,323 : INFO : SwitchController : <<<<<<< 's_left_sling' inactive >>>>>>>
2025-05-23 22:49:51,418 : INFO : SwitchController : <<<<<<< 's_left_sling' active >>>>>>>
2025-05-23 22:49:51,418 : INFO : EventManager : Event: ======'s_left_sling_active'====== Args={}
2025-05-23 22:49:51,418 : INFO : EventManager : Event: ======'playfield_active'====== Args={'source': 'slingshot_left'}
2025-05-23 22:49:51,418 : INFO : EventManager : Event: ======'machine_var_audits_switches_s_left_sling'====== Args={'value': 51, 'prev_value': 50, 'change': 1}
2025-05-23 22:49:51,502 : INFO : SwitchController : <<<<<<< 's_left_sling' inactive >>>>>>>
2025-05-23 22:49:51,598 : INFO : SwitchController : <<<<<<< 's_left_sling' active >>>>>>>
2025-05-23 22:49:51,598 : INFO : EventManager : Event: ======'s_left_sling_active'====== Args={}
2025-05-23 22:49:51,598 : INFO : EventManager : Event: ======'playfield_active'====== Args={'source': 'slingshot_left'}
2025-05-23 22:49:51,598 : INFO : EventManager : Event: ======'machine_var_audits_switches_s_left_sling'====== Args={'value': 52, 'prev_value': 51, 'change': 1}
2025-05-23 22:49:51,688 : INFO : SwitchController : <<<<<<< 's_left_sling' inactive >>>>>>>
2025-05-23 22:49:51,777 : INFO : SwitchController : <<<<<<< 's_left_sling' active >>>>>>>
2025-05-23 22:49:51,777 : INFO : EventManager : Event: ======'s_left_sling_active'====== Args={}
2025-05-23 22:49:51,777 : INFO : EventManager : Event: ======'playfield_active'====== Args={'source': 'slingshot_left'}
2025-05-23 22:49:51,778 : INFO : EventManager : Event: ======'machine_var_audits_switches_s_left_sling'====== Args={'value': 53, 'prev_value': 52, 'change': 1}
2025-05-23 22:49:51,862 : INFO : SwitchController : <<<<<<< 's_left_sling' inactive >>>>>>>
2025-05-23 22:49:51,973 : INFO : SwitchController : <<<<<<< 's_left_sling' active >>>>>>>
2025-05-23 22:49:51,973 : INFO : EventManager : Event: ======'s_left_sling_active'====== Args={}
2025-05-23 22:49:51,973 : INFO : EventManager : Event: ======'playfield_active'====== Args={'source': 'slingshot_left'}
2025-05-23 22:49:51,973 : INFO : EventManager : Event: ======'machine_var_audits_switches_s_left_sling'====== Args={'value': 54, 'prev_value': 53, 'change': 1}
2025-05-23 22:49:52,064 : INFO : SwitchController : <<<<<<< 's_left_sling' inactive >>>>>>>
2025-05-23 22:49:52,160 : INFO : SwitchController : <<<<<<< 's_left_sling' active >>>>>>>
2025-05-23 22:49:52,161 : INFO : EventManager : Event: ======'s_left_sling_active'====== Args={}
2025-05-23 22:49:52,161 : INFO : EventManager : Event: ======'playfield_active'====== Args={'source': 'slingshot_left'}
2025-05-23 22:49:52,161 : INFO : EventManager : Event: ======'machine_var_audits_switches_s_left_sling'====== Args={'value': 55, 'prev_value': 54, 'change': 1}
2025-05-23 22:49:52,273 : INFO : SwitchController : <<<<<<< 's_left_sling' inactive >>>>>>>
2025-05-23 22:49:52,363 : INFO : SwitchController : <<<<<<< 's_left_sling' active >>>>>>>
2025-05-23 22:49:52,363 : INFO : EventManager : Event: ======'s_left_sling_active'====== Args={}
2025-05-23 22:49:52,363 : INFO : EventManager : Event: ======'playfield_active'====== Args={'source': 'slingshot_left'}
2025-05-23 22:49:52,363 : INFO : EventManager : Event: ======'machine_var_audits_switches_s_left_sling'====== Args={'value': 56, 'prev_value': 55, 'change': 1}
2025-05-23 22:49:52,462 : INFO : SwitchController : <<<<<<< 's_left_sling' inactive >>>>>>>
2025-05-23 22:49:52,543 : INFO : SwitchController : <<<<<<< 's_left_sling' active >>>>>>>
2025-05-23 22:49:52,543 : INFO : EventManager : Event: ======'s_left_sling_active'====== Args={}
2025-05-23 22:49:52,543 : INFO : EventManager : Event: ======'playfield_active'====== Args={'source': 'slingshot_left'}
2025-05-23 22:49:52,543 : INFO : EventManager : Event: ======'machine_var_audits_switches_s_left_sling'====== Args={'value': 57, 'prev_value': 56, 'change': 1}
2025-05-23 22:49:52,671 : INFO : SwitchController : <<<<<<< 's_left_sling' inactive >>>>>>>
2025-05-23 22:49:52,715 : INFO : SwitchController : <<<<<<< 's_left_sling' active >>>>>>>
2025-05-23 22:49:52,716 : INFO : EventManager : Event: ======'s_left_sling_active'====== Args={}
2025-05-23 22:49:52,716 : INFO : EventManager : Event: ======'playfield_active'====== Args={'source': 'slingshot_left'}
2025-05-23 22:49:52,716 : INFO : EventManager : Event: ======'machine_var_audits_switches_s_left_sling'====== Args={'value': 58, 'prev_value': 57, 'change': 1}
2025-05-23 22:49:52,844 : INFO : SwitchController : <<<<<<< 's_left_sling' inactive >>>>>>>
2025-05-23 22:49:52,902 : INFO : SwitchController : <<<<<<< 's_left_sling' active >>>>>>>
2025-05-23 22:49:52,902 : INFO : EventManager : Event: ======'s_left_sling_active'====== Args={}
2025-05-23 22:49:52,902 : INFO : EventManager : Event: ======'playfield_active'====== Args={'source': 'slingshot_left'}
2025-05-23 22:49:52,903 : INFO : EventManager : Event: ======'machine_var_audits_switches_s_left_sling'====== Args={'value': 59, 'prev_value': 58, 'change': 1}
2025-05-23 22:49:53,151 : INFO : SwitchController : <<<<<<< 's_left_sling' inactive >>>>>>>
2025-05-23 22:49:53,262 : INFO : SwitchController : <<<<<<< 's_left_sling' active >>>>>>>
2025-05-23 22:49:53,262 : INFO : EventManager : Event: ======'s_left_sling_active'====== Args={}
2025-05-23 22:49:53,263 : INFO : EventManager : Event: ======'playfield_active'====== Args={'source': 'slingshot_left'}
2025-05-23 22:49:53,263 : INFO : EventManager : Event: ======'machine_var_audits_switches_s_left_sling'====== Args={'value': 60, 'prev_value': 59, 'change': 1}
2025-05-23 22:49:53,354 : INFO : SwitchController : <<<<<<< 's_left_sling' inactive >>>>>>>
2025-05-23 22:49:53,443 : INFO : SwitchController : <<<<<<< 's_left_sling' active >>>>>>>
2025-05-23 22:49:53,443 : INFO : EventManager : Event: ======'s_left_sling_active'====== Args={}
2025-05-23 22:49:53,443 : INFO : EventManager : Event: ======'playfield_active'====== Args={'source': 'slingshot_left'}
2025-05-23 22:49:53,443 : INFO : EventManager : Event: ======'machine_var_audits_switches_s_left_sling'====== Args={'value': 61, 'prev_value': 60, 'change': 1}
2025-05-23 22:49:53,557 : INFO : SwitchController : <<<<<<< 's_left_sling' inactive >>>>>>>
2025-05-23 22:49:53,652 : INFO : SwitchController : <<<<<<< 's_left_sling' active >>>>>>>
2025-05-23 22:49:53,652 : INFO : EventManager : Event: ======'s_left_sling_active'====== Args={}
2025-05-23 22:49:53,652 : INFO : EventManager : Event: ======'playfield_active'====== Args={'source': 'slingshot_left'}
2025-05-23 22:49:53,652 : INFO : EventManager : Event: ======'machine_var_audits_switches_s_left_sling'====== Args={'value': 62, 'prev_value': 61, 'change': 1}
2025-05-23 22:49:53,783 : INFO : SwitchController : <<<<<<< 's_left_sling' inactive >>>>>>>
2025-05-23 22:49:53,886 : INFO : SwitchController : <<<<<<< 's_left_sling' active >>>>>>>
2025-05-23 22:49:53,886 : INFO : EventManager : Event: ======'s_left_sling_active'====== Args={}
2025-05-23 22:49:53,886 : INFO : EventManager : Event: ======'playfield_active'====== Args={'source': 'slingshot_left'}
2025-05-23 22:49:53,886 : INFO : EventManager : Event: ======'machine_var_audits_switches_s_left_sling'====== Args={'value': 63, 'prev_value': 62, 'change': 1}
2025-05-23 22:49:53,970 : INFO : SwitchController : <<<<<<< 's_left_sling' inactive >>>>>>>
2025-05-23 22:49:54,103 : INFO : SwitchController : <<<<<<< 's_left_sling' active >>>>>>>
2025-05-23 22:49:54,103 : INFO : EventManager : Event: ======'s_left_sling_active'====== Args={}
2025-05-23 22:49:54,103 : INFO : EventManager : Event: ======'playfield_active'====== Args={'source': 'slingshot_left'}
2025-05-23 22:49:54,103 : INFO : EventManager : Event: ======'machine_var_audits_switches_s_left_sling'====== Args={'value': 64, 'prev_value': 63, 'change': 1}
2025-05-23 22:49:54,194 : INFO : SwitchController : <<<<<<< 's_left_sling' inactive >>>>>>>
2025-05-23 22:51:02,635 : INFO : Machine : Shutting down...
2025-05-23 22:51:02,635 : INFO : EventManager : Event: ======'shutdown'====== Args={}
2025-05-23 22:51:02,636 : INFO : EventManager : Event: ======'mode_game_will_stop'====== Args={}
2025-05-23 22:51:02,636 : INFO : EventManager : Event: ======'mode_game_stopping'====== Args={}
2025-05-23 22:51:02,636 : INFO : EventManager : Event: ======'mode_bumpers_will_stop'====== Args={}
2025-05-23 22:51:02,637 : INFO : EventManager : Event: ======'mode_bumpers_stopping'====== Args={}
2025-05-23 22:51:02,637 : INFO : EventManager : Event: ======'mode_base_will_stop'====== Args={}
2025-05-23 22:51:02,637 : INFO : EventManager : Event: ======'mode_base_stopping'====== Args={}
2025-05-23 22:51:02,637 : INFO : EventManager : Event: ======'stop_mode_bumpers'====== Args={'priority': 0}
2025-05-23 22:51:02,637 : INFO : Mode.base : Stopped.
2025-05-23 22:51:02,637 : INFO : EventManager : Event: ======'modes_active_modes_changed'====== Args={}
2025-05-23 22:51:02,637 : INFO : EventManager : Event: ======'mode_base_stopped'====== Args={}
2025-05-23 22:51:02,637 : INFO : EventManager : Event: ======'clear'====== Args={'key': 'base'}
2025-05-23 22:51:02,637 : INFO : Mode.bumpers : Stopped.
2025-05-23 22:51:02,637 : INFO : EventManager : Event: ======'modes_active_modes_changed'====== Args={}
2025-05-23 22:51:02,637 : INFO : EventManager : Event: ======'mode_bumpers_stopped'====== Args={}
2025-05-23 22:51:02,637 : INFO : EventManager : Event: ======'clear'====== Args={'key': 'bumpers'}
2025-05-23 22:51:02,637 : INFO : Mode.game : Stopped.
2025-05-23 22:51:02,637 : INFO : EventManager : Event: ======'modes_active_modes_changed'====== Args={}
2025-05-23 22:51:02,637 : INFO : EventManager : Event: ======'mode_game_stopped'====== Args={}
2025-05-23 22:51:02,637 : INFO : EventManager : Event: ======'clear'====== Args={'key': 'game'}
2025-05-23 22:51:02,638 : INFO : root : MPF run loop ended.
