2025-05-17 22:10:04,054 : INFO : root : Loading config.
2025-05-17 22:10:04,056 : INFO : YamlMultifileConfigLoader : Machine config file #1: config.yaml
2025-05-17 22:10:04,056 : INFO : ConfigProcessor : Loading config from cache: C:\Users\bradl\AppData\Local\Temp\f86648965732716a774abe330a35567f.mpf_cache
2025-05-17 22:10:04,099 : INFO : ConfigProcessor : Loading config from cache: C:\Users\bradl\AppData\Local\Temp\d01143593fa4ea1d4f7571bb64036356.mpf_cache
2025-05-17 22:10:04,100 : INFO : ConfigProcessor : Loading config from cache: C:\Users\bradl\AppData\Local\Temp\14f8e91e6393da8cb7b325adfbe7ed92.mpf_cache
2025-05-17 22:10:04,100 : INFO : ConfigProcessor : Loading config from cache: C:\Users\bradl\AppData\Local\Temp\437cbc5b651d395d3b48baa33047334e.mpf_cache
2025-05-17 22:10:04,100 : INFO : ConfigProcessor : Loading config from cache: C:\Users\bradl\AppData\Local\Temp\d01143593fa4ea1d4f7571bb64036356.mpf_cache
2025-05-17 22:10:04,100 : INFO : ConfigProcessor : Loading config from file C:\pinball\shaw_pinball\modes\bumpers\config\bumpers.yaml.
2025-05-17 22:10:04,105 : INFO : ConfigProcessor : Loading config: C:\pinball\shaw_pinball\modes\bumpers\config\bumpers.yaml
2025-05-17 22:10:04,105 : INFO : ConfigProcessor : Config file cache created: C:\Users\bradl\AppData\Local\Temp\a5d9331d5edf0819f14f654fc5b58f80.mpf_cache
2025-05-17 22:10:04,106 : INFO : Machine : Mission Pinball Framework Core Engine v0.80.0.dev7
2025-05-17 22:10:04,106 : INFO : Machine : Command line arguments: {'no_load_cache': False, 'create_config_cache': True, 'bcp': False, 'configfile': ['config.yaml'], 'force_assets_load': False, 'platform_integration_test': False, 'jsonlogging': False, 'logfile': 'logs\\2025-05-17-22-10-04-mpf-wintermute.log', 'pause': False, 'production': False, 'text_ui': True, 'loglevel': 15, 'consoleloglevel': 20, 'force_platform': 'virtual', 'syslog_address': None, 'full_logfile_path': 'C:\\pinball\\shaw_pinball\\logs\\2025-05-17-22-10-04-mpf-wintermute.log'}
2025-05-17 22:10:04,106 : INFO : Machine : MPF path: C:\pinball\mpf\Lib\site-packages\mpf
2025-05-17 22:10:04,106 : INFO : Machine : Machine path: C:\pinball\shaw_pinball
2025-05-17 22:10:04,106 : INFO : Machine : Platform: win32
2025-05-17 22:10:04,106 : INFO : Machine : Python executable location: C:\pinball\mpf\Scripts\python.exe
2025-05-17 22:10:04,106 : INFO : Machine : Python version: 3.12.8 (64-bit)
2025-05-17 22:10:04,107 : INFO : Machine : Initializing MPF...
2025-05-17 22:10:04,365 : INFO : EventManager : Event: ======'machine_var_credits_string'====== Args={'value': 'FREE PLAY', 'prev_value': None, 'change': True}
2025-05-17 22:10:04,382 : INFO : EventManager : Event: ======'machine_var_master_volume'====== Args={'value': 0.5, 'prev_value': None, 'change': True}
2025-05-17 22:10:04,382 : INFO : EventManager : Event: ======'machine_var_player1_score'====== Args={'value': 8000, 'prev_value': None, 'change': True}
2025-05-17 22:10:04,382 : INFO : EventManager : Event: ======'machine_var_mpf_version'====== Args={'value': 'Mission Pinball Framework v0.80.0.dev7', 'prev_value': None, 'change': True}
2025-05-17 22:10:04,382 : INFO : EventManager : Event: ======'machine_var_mpf_extended_version'====== Args={'value': 'Mission Pinball Framework v0.80.0.dev7, Config version:6, Show version: 6, BCP version:1.1', 'prev_value': None, 'change': True}
2025-05-17 22:10:04,382 : INFO : EventManager : Event: ======'machine_var_python_version'====== Args={'value': '3.12.8', 'prev_value': None, 'change': True}
2025-05-17 22:10:04,457 : INFO : EventManager : Event: ======'machine_var_platform'====== Args={'value': 'Windows-11-10.0.26100-SP0', 'prev_value': None, 'change': True}
2025-05-17 22:10:04,457 : INFO : EventManager : Event: ======'machine_var_platform_system'====== Args={'value': 'Windows', 'prev_value': None, 'change': True}
2025-05-17 22:10:04,457 : INFO : EventManager : Event: ======'machine_var_platform_release'====== Args={'value': '11', 'prev_value': None, 'change': True}
2025-05-17 22:10:04,457 : INFO : EventManager : Event: ======'machine_var_platform_version'====== Args={'value': '10.0.26100', 'prev_value': None, 'change': True}
2025-05-17 22:10:04,457 : INFO : EventManager : Event: ======'machine_var_platform_machine'====== Args={'value': 'AMD64', 'prev_value': None, 'change': True}
2025-05-17 22:10:04,457 : INFO : EventManager : Event: ======'machine_var_log_file_path'====== Args={'value': 'C:\\pinball\\shaw_pinball\\logs\\2025-05-17-22-10-04-mpf-wintermute.log', 'prev_value': None, 'change': True}
2025-05-17 22:10:04,457 : INFO : EventManager : Event: ======'init_phase_1'====== Args={}
2025-05-17 22:10:04,472 : INFO : EventManager : Event: ======'init_phase_2'====== Args={}
2025-05-17 22:10:04,472 : INFO : SwitchController : Found active switch: ('3208-0', <Platform.Virtual>) <switch.s_trough_ball_1>
2025-05-17 22:10:04,472 : INFO : SwitchController : Found active switch: ('3208-1', <Platform.Virtual>) <switch.s_trough_ball_2>
2025-05-17 22:10:04,472 : INFO : SwitchController : Found active switch: ('3208-2', <Platform.Virtual>) <switch.s_trough_ball_3>
2025-05-17 22:10:04,473 : INFO : ball_device.bd_trough : BCH: Initial count: 3
2025-05-17 22:10:04,473 : INFO : ball_device.bd_trough : State: idle
2025-05-17 22:10:04,474 : INFO : ball_device.bd_plunger : BCH: Initial count: 0
2025-05-17 22:10:04,474 : INFO : ball_device.bd_plunger : State: idle
2025-05-17 22:10:04,474 : INFO : ball_device.bd_scoop : BCH: Initial count: 0
2025-05-17 22:10:04,474 : INFO : ball_device.bd_scoop : State: idle
2025-05-17 22:10:04,480 : INFO : EventManager : Event: ======'init_phase_3'====== Args={}
2025-05-17 22:10:04,481 : INFO : EventManager : Event: ======'init_phase_4'====== Args={}
2025-05-17 22:10:04,481 : INFO : BallController : Initial balls found: 3
2025-05-17 22:10:04,482 : INFO : EventManager : Event: ======'machine_var_audits_events_game_ended'====== Args={'value': 4, 'prev_value': None, 'change': True}
2025-05-17 22:10:04,482 : INFO : EventManager : Event: ======'machine_var_audits_events_game_started'====== Args={'value': 18, 'prev_value': None, 'change': True}
2025-05-17 22:10:04,482 : INFO : EventManager : Event: ======'machine_var_audits_missing_switches_s_flipper_left_eos'====== Args={'value': 18, 'prev_value': None, 'change': True}
2025-05-17 22:10:04,482 : INFO : EventManager : Event: ======'machine_var_audits_missing_switches_s_flipper_left_lidar'====== Args={'value': 18, 'prev_value': None, 'change': True}
2025-05-17 22:10:04,482 : INFO : EventManager : Event: ======'machine_var_audits_missing_switches_s_flipper_right_lidar'====== Args={'value': 18, 'prev_value': None, 'change': True}
2025-05-17 22:10:04,482 : INFO : EventManager : Event: ======'machine_var_audits_missing_switches_s_left_outer_lane'====== Args={'value': 18, 'prev_value': None, 'change': True}
2025-05-17 22:10:04,482 : INFO : EventManager : Event: ======'machine_var_audits_missing_switches_s_middle_bash'====== Args={'value': 18, 'prev_value': None, 'change': True}
2025-05-17 22:10:04,482 : INFO : EventManager : Event: ======'machine_var_audits_missing_switches_s_star_bumper_lower'====== Args={'value': 18, 'prev_value': None, 'change': True}
2025-05-17 22:10:04,482 : INFO : EventManager : Event: ======'machine_var_audits_missing_switches_s_star_bumper_upper'====== Args={'value': 18, 'prev_value': None, 'change': True}
2025-05-17 22:10:04,482 : INFO : EventManager : Event: ======'machine_var_audits_missing_switches_s_start'====== Args={'value': 2, 'prev_value': None, 'change': True}
2025-05-17 22:10:04,482 : INFO : EventManager : Event: ======'machine_var_audits_missing_switches_s_trough_ball_4'====== Args={'value': 18, 'prev_value': None, 'change': True}
2025-05-17 22:10:04,482 : INFO : EventManager : Event: ======'machine_var_audits_player_score'====== Args={'value': {'average': 2000, 'top': [8000, 0, 0, 0], 'total': 4}, 'prev_value': None, 'change': True}
2025-05-17 22:10:04,482 : INFO : EventManager : Event: ======'machine_var_audits_shots_bumper_left'====== Args={'value': 46, 'prev_value': None, 'change': True}
2025-05-17 22:10:04,482 : INFO : EventManager : Event: ======'machine_var_audits_switches_s_flipper_left'====== Args={'value': 188, 'prev_value': None, 'change': True}
2025-05-17 22:10:04,482 : INFO : EventManager : Event: ======'machine_var_audits_switches_s_flipper_left_eos'====== Args={'value': 0, 'prev_value': None, 'change': True}
2025-05-17 22:10:04,482 : INFO : EventManager : Event: ======'machine_var_audits_switches_s_flipper_left_lidar'====== Args={'value': 0, 'prev_value': None, 'change': True}
2025-05-17 22:10:04,482 : INFO : EventManager : Event: ======'machine_var_audits_switches_s_flipper_right'====== Args={'value': 127, 'prev_value': None, 'change': True}
2025-05-17 22:10:04,482 : INFO : EventManager : Event: ======'machine_var_audits_switches_s_flipper_right_eos'====== Args={'value': 86, 'prev_value': None, 'change': True}
2025-05-17 22:10:04,482 : INFO : EventManager : Event: ======'machine_var_audits_switches_s_flipper_right_lidar'====== Args={'value': 0, 'prev_value': None, 'change': True}
2025-05-17 22:10:04,482 : INFO : EventManager : Event: ======'machine_var_audits_switches_s_left_inner_lane'====== Args={'value': 11, 'prev_value': None, 'change': True}
2025-05-17 22:10:04,482 : INFO : EventManager : Event: ======'machine_var_audits_switches_s_left_outer_lane'====== Args={'value': 0, 'prev_value': None, 'change': True}
2025-05-17 22:10:04,482 : INFO : EventManager : Event: ======'machine_var_audits_switches_s_left_sling'====== Args={'value': 15, 'prev_value': None, 'change': True}
2025-05-17 22:10:04,482 : INFO : EventManager : Event: ======'machine_var_audits_switches_s_middle_bash'====== Args={'value': 0, 'prev_value': None, 'change': True}
2025-05-17 22:10:04,482 : INFO : EventManager : Event: ======'machine_var_audits_switches_s_plunger'====== Args={'value': 37, 'prev_value': None, 'change': True}
2025-05-17 22:10:04,482 : INFO : EventManager : Event: ======'machine_var_audits_switches_s_pop_bumper'====== Args={'value': 46, 'prev_value': None, 'change': True}
2025-05-17 22:10:04,482 : INFO : EventManager : Event: ======'machine_var_audits_switches_s_right_inner_lane'====== Args={'value': 10, 'prev_value': None, 'change': True}
2025-05-17 22:10:04,482 : INFO : EventManager : Event: ======'machine_var_audits_switches_s_right_outer_lane'====== Args={'value': 7, 'prev_value': None, 'change': True}
2025-05-17 22:10:04,482 : INFO : EventManager : Event: ======'machine_var_audits_switches_s_right_sling'====== Args={'value': 10, 'prev_value': None, 'change': True}
2025-05-17 22:10:04,482 : INFO : EventManager : Event: ======'machine_var_audits_switches_s_scoop'====== Args={'value': 28, 'prev_value': None, 'change': True}
2025-05-17 22:10:04,482 : INFO : EventManager : Event: ======'machine_var_audits_switches_s_star_bumper_lower'====== Args={'value': 0, 'prev_value': None, 'change': True}
2025-05-17 22:10:04,482 : INFO : EventManager : Event: ======'machine_var_audits_switches_s_star_bumper_upper'====== Args={'value': 0, 'prev_value': None, 'change': True}
2025-05-17 22:10:04,483 : INFO : EventManager : Event: ======'machine_var_audits_switches_s_start'====== Args={'value': 14, 'prev_value': None, 'change': True}
2025-05-17 22:10:04,483 : INFO : EventManager : Event: ======'machine_var_audits_switches_s_third_flipper_eos'====== Args={'value': 118, 'prev_value': None, 'change': True}
2025-05-17 22:10:04,483 : INFO : EventManager : Event: ======'machine_var_audits_switches_s_trough_ball_1'====== Args={'value': 20, 'prev_value': None, 'change': True}
2025-05-17 22:10:04,483 : INFO : EventManager : Event: ======'machine_var_audits_switches_s_trough_ball_2'====== Args={'value': 18, 'prev_value': None, 'change': True}
2025-05-17 22:10:04,483 : INFO : EventManager : Event: ======'machine_var_audits_switches_s_trough_ball_3'====== Args={'value': 18, 'prev_value': None, 'change': True}
2025-05-17 22:10:04,483 : INFO : EventManager : Event: ======'machine_var_audits_switches_s_trough_ball_4'====== Args={'value': 0, 'prev_value': None, 'change': True}
2025-05-17 22:10:04,483 : INFO : EventManager : Event: ======'machine_var_audits_switches_s_trough_ball_5'====== Args={'value': 18, 'prev_value': None, 'change': True}
2025-05-17 22:10:04,483 : INFO : EventManager : Event: ======'machine_var_audits_switches_s_trough_ball_6'====== Args={'value': 17, 'prev_value': None, 'change': True}
2025-05-17 22:10:04,483 : INFO : EventManager : Event: ======'machine_var_audits_switches_s_trough_ball_jam'====== Args={'value': 22, 'prev_value': None, 'change': True}
2025-05-17 22:10:04,483 : INFO : EventManager : Event: ======'machine_var_audits_switches_s_middle_right'====== Args={'value': 0, 'prev_value': None, 'change': True}
2025-05-17 22:10:04,483 : INFO : EventManager : Event: ======'machine_var_audits_switches_s_ramp_left_enter'====== Args={'value': 0, 'prev_value': None, 'change': True}
2025-05-17 22:10:04,483 : INFO : EventManager : Event: ======'machine_var_audits_switches_s_spinner_right'====== Args={'value': 0, 'prev_value': None, 'change': True}
2025-05-17 22:10:04,483 : INFO : EventManager : Event: ======'machine_var_audits_switches_s_ramp_right_enter'====== Args={'value': 0, 'prev_value': None, 'change': True}
2025-05-17 22:10:04,483 : INFO : EventManager : Event: ======'machine_var_audits_switches_s_spinner_left'====== Args={'value': 0, 'prev_value': None, 'change': True}
2025-05-17 22:10:04,483 : INFO : EventManager : Event: ======'machine_var_audits_switches_s_middle_left'====== Args={'value': 0, 'prev_value': None, 'change': True}
2025-05-17 22:10:04,483 : INFO : EventManager : Event: ======'init_phase_5'====== Args={}
2025-05-17 22:10:04,497 : INFO : EventManager : Event: ======'init_done'====== Args={}
2025-05-17 22:10:04,497 : INFO : EventManager : Event: ======'machine_reset_phase_1'====== Args={}
2025-05-17 22:10:04,497 : INFO : EventManager : Event: ======'machine_reset_phase_2'====== Args={}
2025-05-17 22:10:04,497 : INFO : EventManager : Event: ======'machine_reset_phase_3'====== Args={}
2025-05-17 22:10:04,497 : INFO : EventManager : Event: ======'reset_complete'====== Args={}
2025-05-17 22:10:04,497 : INFO : EventManager : Event: ======'mode_attract_will_start'====== Args={}
2025-05-17 22:10:04,497 : INFO : Timer.attract_carousel_timer : Starting Timer.
2025-05-17 22:10:04,497 : INFO : EventManager : Event: ======'timer_attract_carousel_timer_started'====== Args={'ticks': 0, 'ticks_remaining': 1}
2025-05-17 22:10:04,497 : INFO : EventManager : Event: ======'timer_attract_carousel_timer_tick'====== Args={'ticks': 0, 'ticks_remaining': 1}
2025-05-17 22:10:04,497 : INFO : EventManager : Event: ======'mode_attract_starting'====== Args={}
2025-05-17 22:10:04,497 : INFO : Mode.attract : Started. Priority: 10
2025-05-17 22:10:04,497 : INFO : EventManager : Event: ======'modes_active_modes_changed'====== Args={}
2025-05-17 22:10:04,497 : INFO : EventManager : Event: ======'mode_attract_started'====== Args={}
2025-05-17 22:10:04,498 : INFO : EventManager : Event: ======'collecting_balls_complete'====== Args={}
2025-05-17 22:10:04,498 : INFO : EventManager : Event: ======'item_highlighted'====== Args={'carousel': 'attract', 'direction': None, 'item': 'title'}
2025-05-17 22:10:04,498 : INFO : EventManager : Event: ======'timer_attract_carousel_timer_tick'====== Args={'ticks': 0, 'ticks_remaining': 1}
2025-05-17 22:10:04,503 : INFO : Machine : Starting the main run loop with active modes: [<Mode.attract>]
2025-05-17 22:10:09,508 : INFO : Timer.attract_carousel_timer : Timer Complete
2025-05-17 22:10:09,508 : INFO : Timer.attract_carousel_timer : Stopping Timer
2025-05-17 22:10:09,508 : INFO : EventManager : Event: ======'timer_attract_carousel_timer_stopped'====== Args={'ticks': 1, 'ticks_remaining': 1}
2025-05-17 22:10:09,508 : INFO : EventManager : Event: ======'timer_attract_carousel_timer_complete'====== Args={'ticks': 1, 'ticks_remaining': 1}
2025-05-17 22:10:09,508 : INFO : EventManager : Event: ======'item_highlighted'====== Args={'carousel': 'attract', 'direction': 'forwards', 'item': 'credits'}
2025-05-17 22:10:09,508 : INFO : Timer.attract_carousel_timer : Starting Timer.
2025-05-17 22:10:09,508 : INFO : EventManager : Event: ======'timer_attract_carousel_timer_started'====== Args={'ticks': 0, 'ticks_remaining': 1}
2025-05-17 22:10:09,508 : INFO : EventManager : Event: ======'timer_attract_carousel_timer_tick'====== Args={'ticks': 0, 'ticks_remaining': 1}
2025-05-17 22:10:11,053 : INFO : Machine : Shutting down...
2025-05-17 22:10:11,053 : INFO : EventManager : Event: ======'shutdown'====== Args={}
2025-05-17 22:10:11,054 : INFO : root : MPF run loop ended.
