2025-05-05 20:26:44,805 : INFO : root : Loading config.
2025-05-05 20:26:44,807 : INFO : YamlMultifileConfigLoader : Machine config file #1: config.yaml
2025-05-05 20:26:44,807 : INFO : ConfigProcessor : Loading config from cache: C:\Users\bradl\AppData\Local\Temp\f86648965732716a774abe330a35567f.mpf_cache
2025-05-05 20:26:44,856 : INFO : ConfigProcessor : Loading config from cache: C:\Users\bradl\AppData\Local\Temp\d01143593fa4ea1d4f7571bb64036356.mpf_cache
2025-05-05 20:26:44,856 : INFO : ConfigProcessor : Loading config from cache: C:\Users\bradl\AppData\Local\Temp\14f8e91e6393da8cb7b325adfbe7ed92.mpf_cache
2025-05-05 20:26:44,856 : INFO : ConfigProcessor : Loading config from cache: C:\Users\bradl\AppData\Local\Temp\437cbc5b651d395d3b48baa33047334e.mpf_cache
2025-05-05 20:26:44,857 : INFO : ConfigProcessor : Loading config from cache: C:\Users\bradl\AppData\Local\Temp\d01143593fa4ea1d4f7571bb64036356.mpf_cache
2025-05-05 20:26:44,857 : INFO : ConfigProcessor : Loading config from cache: C:\Users\bradl\AppData\Local\Temp\a5d9331d5edf0819f14f654fc5b58f80.mpf_cache
2025-05-05 20:26:44,857 : INFO : Machine : Mission Pinball Framework Core Engine v0.80.0.dev7
2025-05-05 20:26:44,857 : INFO : Machine : Command line arguments: {'no_load_cache': False, 'create_config_cache': True, 'bcp': False, 'configfile': ['config.yaml'], 'force_assets_load': False, 'platform_integration_test': False, 'jsonlogging': False, 'logfile': 'logs\\2025-05-05-20-26-44-mpf-wintermute.log', 'pause': False, 'production': False, 'text_ui': True, 'loglevel': 15, 'consoleloglevel': 20, 'force_platform': 'smart_virtual', 'syslog_address': None, 'full_logfile_path': 'C:\\pinball\\shaw_pinball\\logs\\2025-05-05-20-26-44-mpf-wintermute.log'}
2025-05-05 20:26:44,857 : INFO : Machine : MPF path: C:\pinball\mpf\Lib\site-packages\mpf
2025-05-05 20:26:44,857 : INFO : Machine : Machine path: C:\pinball\shaw_pinball
2025-05-05 20:26:44,857 : INFO : Machine : Platform: win32
2025-05-05 20:26:44,857 : INFO : Machine : Python executable location: C:\pinball\mpf\Scripts\python.exe
2025-05-05 20:26:44,857 : INFO : Machine : Python version: 3.12.8 (64-bit)
2025-05-05 20:26:44,858 : INFO : Machine : Initializing MPF...
2025-05-05 20:26:44,953 : INFO : EventManager : Event: ======'machine_var_credits_string'====== Args={'value': 'FREE PLAY', 'prev_value': None, 'change': True}
2025-05-05 20:26:44,968 : INFO : EventManager : Event: ======'machine_var_master_volume'====== Args={'value': 0.5, 'prev_value': None, 'change': True}
2025-05-05 20:26:44,968 : INFO : EventManager : Event: ======'machine_var_player1_score'====== Args={'value': 8000, 'prev_value': None, 'change': True}
2025-05-05 20:26:44,968 : INFO : EventManager : Event: ======'machine_var_mpf_version'====== Args={'value': 'Mission Pinball Framework v0.80.0.dev7', 'prev_value': None, 'change': True}
2025-05-05 20:26:44,968 : INFO : EventManager : Event: ======'machine_var_mpf_extended_version'====== Args={'value': 'Mission Pinball Framework v0.80.0.dev7, Config version:6, Show version: 6, BCP version:1.1', 'prev_value': None, 'change': True}
2025-05-05 20:26:44,968 : INFO : EventManager : Event: ======'machine_var_python_version'====== Args={'value': '3.12.8', 'prev_value': None, 'change': True}
2025-05-05 20:26:45,032 : INFO : EventManager : Event: ======'machine_var_platform'====== Args={'value': 'Windows-11-10.0.26100-SP0', 'prev_value': None, 'change': True}
2025-05-05 20:26:45,032 : INFO : EventManager : Event: ======'machine_var_platform_system'====== Args={'value': 'Windows', 'prev_value': None, 'change': True}
2025-05-05 20:26:45,032 : INFO : EventManager : Event: ======'machine_var_platform_release'====== Args={'value': '11', 'prev_value': None, 'change': True}
2025-05-05 20:26:45,032 : INFO : EventManager : Event: ======'machine_var_platform_version'====== Args={'value': '10.0.26100', 'prev_value': None, 'change': True}
2025-05-05 20:26:45,032 : INFO : EventManager : Event: ======'machine_var_platform_machine'====== Args={'value': 'AMD64', 'prev_value': None, 'change': True}
2025-05-05 20:26:45,032 : INFO : EventManager : Event: ======'machine_var_log_file_path'====== Args={'value': 'C:\\pinball\\shaw_pinball\\logs\\2025-05-05-20-26-44-mpf-wintermute.log', 'prev_value': None, 'change': True}
2025-05-05 20:26:45,032 : INFO : EventManager : Event: ======'init_phase_1'====== Args={}
2025-05-05 20:26:45,040 : INFO : EventManager : Event: ======'init_phase_2'====== Args={}
2025-05-05 20:26:45,040 : INFO : SwitchController : Found active switch: ('3208-0', <Platform.SmartVirtual>) <switch.s_trough_ball_1>
2025-05-05 20:26:45,040 : INFO : SwitchController : Found active switch: ('3208-1', <Platform.SmartVirtual>) <switch.s_trough_ball_2>
2025-05-05 20:26:45,041 : INFO : SwitchController : Found active switch: ('3208-2', <Platform.SmartVirtual>) <switch.s_trough_ball_3>
2025-05-05 20:26:45,042 : INFO : ball_device.bd_trough : BCH: Initial count: 3
2025-05-05 20:26:45,042 : INFO : ball_device.bd_trough : State: idle
2025-05-05 20:26:45,042 : INFO : ball_device.bd_plunger : BCH: Initial count: 0
2025-05-05 20:26:45,042 : INFO : ball_device.bd_plunger : State: idle
2025-05-05 20:26:45,042 : INFO : ball_device.bd_scoop : BCH: Initial count: 0
2025-05-05 20:26:45,042 : INFO : ball_device.bd_scoop : State: idle
2025-05-05 20:26:45,046 : INFO : EventManager : Event: ======'init_phase_3'====== Args={}
2025-05-05 20:26:45,047 : INFO : EventManager : Event: ======'init_phase_4'====== Args={}
2025-05-05 20:26:45,047 : INFO : BallController : Initial balls found: 3
2025-05-05 20:26:45,048 : INFO : EventManager : Event: ======'machine_var_audits_events_game_ended'====== Args={'value': 4, 'prev_value': None, 'change': True}
2025-05-05 20:26:45,048 : INFO : EventManager : Event: ======'machine_var_audits_events_game_started'====== Args={'value': 18, 'prev_value': None, 'change': True}
2025-05-05 20:26:45,048 : INFO : EventManager : Event: ======'machine_var_audits_missing_switches_s_flipper_left_eos'====== Args={'value': 18, 'prev_value': None, 'change': True}
2025-05-05 20:26:45,048 : INFO : EventManager : Event: ======'machine_var_audits_missing_switches_s_flipper_left_lidar'====== Args={'value': 18, 'prev_value': None, 'change': True}
2025-05-05 20:26:45,048 : INFO : EventManager : Event: ======'machine_var_audits_missing_switches_s_flipper_right_lidar'====== Args={'value': 18, 'prev_value': None, 'change': True}
2025-05-05 20:26:45,048 : INFO : EventManager : Event: ======'machine_var_audits_missing_switches_s_left_outer_lane'====== Args={'value': 18, 'prev_value': None, 'change': True}
2025-05-05 20:26:45,048 : INFO : EventManager : Event: ======'machine_var_audits_missing_switches_s_middle_bash'====== Args={'value': 18, 'prev_value': None, 'change': True}
2025-05-05 20:26:45,048 : INFO : EventManager : Event: ======'machine_var_audits_missing_switches_s_star_bumper_lower'====== Args={'value': 18, 'prev_value': None, 'change': True}
2025-05-05 20:26:45,048 : INFO : EventManager : Event: ======'machine_var_audits_missing_switches_s_star_bumper_upper'====== Args={'value': 18, 'prev_value': None, 'change': True}
2025-05-05 20:26:45,048 : INFO : EventManager : Event: ======'machine_var_audits_missing_switches_s_start'====== Args={'value': 2, 'prev_value': None, 'change': True}
2025-05-05 20:26:45,048 : INFO : EventManager : Event: ======'machine_var_audits_missing_switches_s_trough_ball_4'====== Args={'value': 18, 'prev_value': None, 'change': True}
2025-05-05 20:26:45,048 : INFO : EventManager : Event: ======'machine_var_audits_player_score'====== Args={'value': {'average': 2000, 'top': [8000, 0, 0, 0], 'total': 4}, 'prev_value': None, 'change': True}
2025-05-05 20:26:45,048 : INFO : EventManager : Event: ======'machine_var_audits_shots_bumper_left'====== Args={'value': 46, 'prev_value': None, 'change': True}
2025-05-05 20:26:45,048 : INFO : EventManager : Event: ======'machine_var_audits_switches_s_flipper_left'====== Args={'value': 188, 'prev_value': None, 'change': True}
2025-05-05 20:26:45,048 : INFO : EventManager : Event: ======'machine_var_audits_switches_s_flipper_left_eos'====== Args={'value': 0, 'prev_value': None, 'change': True}
2025-05-05 20:26:45,048 : INFO : EventManager : Event: ======'machine_var_audits_switches_s_flipper_left_lidar'====== Args={'value': 0, 'prev_value': None, 'change': True}
2025-05-05 20:26:45,048 : INFO : EventManager : Event: ======'machine_var_audits_switches_s_flipper_right'====== Args={'value': 127, 'prev_value': None, 'change': True}
2025-05-05 20:26:45,048 : INFO : EventManager : Event: ======'machine_var_audits_switches_s_flipper_right_eos'====== Args={'value': 86, 'prev_value': None, 'change': True}
2025-05-05 20:26:45,048 : INFO : EventManager : Event: ======'machine_var_audits_switches_s_flipper_right_lidar'====== Args={'value': 0, 'prev_value': None, 'change': True}
2025-05-05 20:26:45,048 : INFO : EventManager : Event: ======'machine_var_audits_switches_s_left_inner_lane'====== Args={'value': 11, 'prev_value': None, 'change': True}
2025-05-05 20:26:45,048 : INFO : EventManager : Event: ======'machine_var_audits_switches_s_left_outer_lane'====== Args={'value': 0, 'prev_value': None, 'change': True}
2025-05-05 20:26:45,048 : INFO : EventManager : Event: ======'machine_var_audits_switches_s_left_sling'====== Args={'value': 15, 'prev_value': None, 'change': True}
2025-05-05 20:26:45,048 : INFO : EventManager : Event: ======'machine_var_audits_switches_s_middle_bash'====== Args={'value': 0, 'prev_value': None, 'change': True}
2025-05-05 20:26:45,048 : INFO : EventManager : Event: ======'machine_var_audits_switches_s_plunger'====== Args={'value': 37, 'prev_value': None, 'change': True}
2025-05-05 20:26:45,048 : INFO : EventManager : Event: ======'machine_var_audits_switches_s_pop_bumper'====== Args={'value': 46, 'prev_value': None, 'change': True}
2025-05-05 20:26:45,048 : INFO : EventManager : Event: ======'machine_var_audits_switches_s_right_inner_lane'====== Args={'value': 10, 'prev_value': None, 'change': True}
2025-05-05 20:26:45,048 : INFO : EventManager : Event: ======'machine_var_audits_switches_s_right_outer_lane'====== Args={'value': 7, 'prev_value': None, 'change': True}
2025-05-05 20:26:45,049 : INFO : EventManager : Event: ======'machine_var_audits_switches_s_right_sling'====== Args={'value': 10, 'prev_value': None, 'change': True}
2025-05-05 20:26:45,049 : INFO : EventManager : Event: ======'machine_var_audits_switches_s_scoop'====== Args={'value': 28, 'prev_value': None, 'change': True}
2025-05-05 20:26:45,049 : INFO : EventManager : Event: ======'machine_var_audits_switches_s_star_bumper_lower'====== Args={'value': 0, 'prev_value': None, 'change': True}
2025-05-05 20:26:45,049 : INFO : EventManager : Event: ======'machine_var_audits_switches_s_star_bumper_upper'====== Args={'value': 0, 'prev_value': None, 'change': True}
2025-05-05 20:26:45,049 : INFO : EventManager : Event: ======'machine_var_audits_switches_s_start'====== Args={'value': 14, 'prev_value': None, 'change': True}
2025-05-05 20:26:45,049 : INFO : EventManager : Event: ======'machine_var_audits_switches_s_third_flipper_eos'====== Args={'value': 118, 'prev_value': None, 'change': True}
2025-05-05 20:26:45,049 : INFO : EventManager : Event: ======'machine_var_audits_switches_s_trough_ball_1'====== Args={'value': 20, 'prev_value': None, 'change': True}
2025-05-05 20:26:45,049 : INFO : EventManager : Event: ======'machine_var_audits_switches_s_trough_ball_2'====== Args={'value': 18, 'prev_value': None, 'change': True}
2025-05-05 20:26:45,049 : INFO : EventManager : Event: ======'machine_var_audits_switches_s_trough_ball_3'====== Args={'value': 18, 'prev_value': None, 'change': True}
2025-05-05 20:26:45,049 : INFO : EventManager : Event: ======'machine_var_audits_switches_s_trough_ball_4'====== Args={'value': 0, 'prev_value': None, 'change': True}
2025-05-05 20:26:45,049 : INFO : EventManager : Event: ======'machine_var_audits_switches_s_trough_ball_5'====== Args={'value': 18, 'prev_value': None, 'change': True}
2025-05-05 20:26:45,049 : INFO : EventManager : Event: ======'machine_var_audits_switches_s_trough_ball_6'====== Args={'value': 17, 'prev_value': None, 'change': True}
2025-05-05 20:26:45,049 : INFO : EventManager : Event: ======'machine_var_audits_switches_s_trough_ball_jam'====== Args={'value': 22, 'prev_value': None, 'change': True}
2025-05-05 20:26:45,049 : INFO : EventManager : Event: ======'init_phase_5'====== Args={}
2025-05-05 20:26:45,060 : INFO : EventManager : Event: ======'init_done'====== Args={}
2025-05-05 20:26:45,060 : INFO : EventManager : Event: ======'machine_reset_phase_1'====== Args={}
2025-05-05 20:26:45,061 : INFO : EventManager : Event: ======'machine_reset_phase_2'====== Args={}
2025-05-05 20:26:45,061 : INFO : EventManager : Event: ======'machine_reset_phase_3'====== Args={}
2025-05-05 20:26:45,061 : INFO : EventManager : Event: ======'reset_complete'====== Args={}
2025-05-05 20:26:45,061 : INFO : EventManager : Event: ======'mode_attract_will_start'====== Args={}
2025-05-05 20:26:45,061 : INFO : Timer.attract_carousel_timer : Starting Timer.
2025-05-05 20:26:45,061 : INFO : EventManager : Event: ======'timer_attract_carousel_timer_started'====== Args={'ticks': 0, 'ticks_remaining': 1}
2025-05-05 20:26:45,061 : INFO : EventManager : Event: ======'timer_attract_carousel_timer_tick'====== Args={'ticks': 0, 'ticks_remaining': 1}
2025-05-05 20:26:45,061 : INFO : EventManager : Event: ======'mode_attract_starting'====== Args={}
2025-05-05 20:26:45,061 : INFO : Mode.attract : Started. Priority: 10
2025-05-05 20:26:45,061 : INFO : EventManager : Event: ======'modes_active_modes_changed'====== Args={}
2025-05-05 20:26:45,061 : INFO : EventManager : Event: ======'mode_attract_started'====== Args={}
2025-05-05 20:26:45,061 : INFO : EventManager : Event: ======'collecting_balls_complete'====== Args={}
2025-05-05 20:26:45,061 : INFO : EventManager : Event: ======'item_highlighted'====== Args={'carousel': 'attract', 'direction': None, 'item': 'title'}
2025-05-05 20:26:45,061 : INFO : EventManager : Event: ======'timer_attract_carousel_timer_tick'====== Args={'ticks': 0, 'ticks_remaining': 1}
2025-05-05 20:26:45,065 : INFO : Machine : Starting the main run loop with active modes: [<Mode.attract>]
2025-05-05 20:26:45,634 : INFO : BcpServer : New client connected.
2025-05-05 20:26:50,073 : INFO : Timer.attract_carousel_timer : Timer Complete
2025-05-05 20:26:50,073 : INFO : Timer.attract_carousel_timer : Stopping Timer
2025-05-05 20:26:50,074 : INFO : EventManager : Event: ======'timer_attract_carousel_timer_stopped'====== Args={'ticks': 1, 'ticks_remaining': 1}
2025-05-05 20:26:50,074 : INFO : EventManager : Event: ======'timer_attract_carousel_timer_complete'====== Args={'ticks': 1, 'ticks_remaining': 1}
2025-05-05 20:26:50,074 : INFO : EventManager : Event: ======'item_highlighted'====== Args={'carousel': 'attract', 'direction': 'forwards', 'item': 'credits'}
2025-05-05 20:26:50,074 : INFO : Timer.attract_carousel_timer : Starting Timer.
2025-05-05 20:26:50,074 : INFO : EventManager : Event: ======'timer_attract_carousel_timer_started'====== Args={'ticks': 0, 'ticks_remaining': 1}
2025-05-05 20:26:50,074 : INFO : EventManager : Event: ======'timer_attract_carousel_timer_tick'====== Args={'ticks': 0, 'ticks_remaining': 1}
2025-05-05 20:26:55,092 : INFO : Timer.attract_carousel_timer : Timer Complete
2025-05-05 20:26:55,092 : INFO : Timer.attract_carousel_timer : Stopping Timer
2025-05-05 20:26:55,092 : INFO : EventManager : Event: ======'timer_attract_carousel_timer_stopped'====== Args={'ticks': 1, 'ticks_remaining': 1}
2025-05-05 20:26:55,092 : INFO : EventManager : Event: ======'timer_attract_carousel_timer_complete'====== Args={'ticks': 1, 'ticks_remaining': 1}
2025-05-05 20:26:55,093 : INFO : EventManager : Event: ======'item_highlighted'====== Args={'carousel': 'attract', 'direction': 'forwards', 'item': 'last_scores_1p'}
2025-05-05 20:26:55,093 : INFO : Timer.attract_carousel_timer : Starting Timer.
2025-05-05 20:26:55,093 : INFO : EventManager : Event: ======'timer_attract_carousel_timer_started'====== Args={'ticks': 0, 'ticks_remaining': 1}
2025-05-05 20:26:55,093 : INFO : EventManager : Event: ======'timer_attract_carousel_timer_tick'====== Args={'ticks': 0, 'ticks_remaining': 1}
2025-05-05 20:26:56,346 : INFO : SwitchController : <<<<<<< 's_left_sling' active >>>>>>>
2025-05-05 20:26:56,430 : INFO : SwitchController : <<<<<<< 's_left_sling' inactive >>>>>>>
2025-05-05 20:26:56,796 : INFO : SwitchController : <<<<<<< 's_left_sling' active >>>>>>>
2025-05-05 20:26:56,888 : INFO : SwitchController : <<<<<<< 's_left_sling' inactive >>>>>>>
2025-05-05 20:26:57,006 : INFO : SwitchController : <<<<<<< 's_left_sling' active >>>>>>>
2025-05-05 20:26:57,120 : INFO : SwitchController : <<<<<<< 's_left_sling' inactive >>>>>>>
2025-05-05 20:26:58,341 : INFO : SwitchController : <<<<<<< 's_right_sling' active >>>>>>>
2025-05-05 20:26:58,425 : INFO : SwitchController : <<<<<<< 's_right_sling' inactive >>>>>>>
2025-05-05 20:26:58,544 : INFO : SwitchController : <<<<<<< 's_right_sling' active >>>>>>>
2025-05-05 20:26:58,626 : INFO : SwitchController : <<<<<<< 's_right_sling' inactive >>>>>>>
2025-05-05 20:26:58,904 : INFO : SwitchController : <<<<<<< 's_right_sling' active >>>>>>>
2025-05-05 20:26:58,972 : INFO : SwitchController : <<<<<<< 's_right_sling' inactive >>>>>>>
2025-05-05 20:26:59,091 : INFO : SwitchController : <<<<<<< 's_right_sling' active >>>>>>>
2025-05-05 20:26:59,160 : INFO : SwitchController : <<<<<<< 's_right_sling' inactive >>>>>>>
2025-05-05 20:26:59,264 : INFO : SwitchController : <<<<<<< 's_right_sling' active >>>>>>>
2025-05-05 20:26:59,340 : INFO : SwitchController : <<<<<<< 's_right_sling' inactive >>>>>>>
2025-05-05 20:26:59,444 : INFO : SwitchController : <<<<<<< 's_right_sling' active >>>>>>>
2025-05-05 20:26:59,528 : INFO : SwitchController : <<<<<<< 's_right_sling' inactive >>>>>>>
2025-05-05 20:27:00,079 : INFO : Timer.attract_carousel_timer : Timer Complete
2025-05-05 20:27:00,079 : INFO : Timer.attract_carousel_timer : Stopping Timer
2025-05-05 20:27:00,079 : INFO : EventManager : Event: ======'timer_attract_carousel_timer_stopped'====== Args={'ticks': 1, 'ticks_remaining': 1}
2025-05-05 20:27:00,079 : INFO : EventManager : Event: ======'timer_attract_carousel_timer_complete'====== Args={'ticks': 1, 'ticks_remaining': 1}
2025-05-05 20:27:00,080 : INFO : EventManager : Event: ======'item_highlighted'====== Args={'carousel': 'attract', 'direction': 'forwards', 'item': 'mpf_logo'}
2025-05-05 20:27:00,080 : INFO : Timer.attract_carousel_timer : Starting Timer.
2025-05-05 20:27:00,080 : INFO : EventManager : Event: ======'timer_attract_carousel_timer_started'====== Args={'ticks': 0, 'ticks_remaining': 1}
2025-05-05 20:27:00,080 : INFO : EventManager : Event: ======'timer_attract_carousel_timer_tick'====== Args={'ticks': 0, 'ticks_remaining': 1}
2025-05-05 20:27:05,088 : INFO : Timer.attract_carousel_timer : Timer Complete
2025-05-05 20:27:05,088 : INFO : Timer.attract_carousel_timer : Stopping Timer
2025-05-05 20:27:05,088 : INFO : EventManager : Event: ======'timer_attract_carousel_timer_stopped'====== Args={'ticks': 1, 'ticks_remaining': 1}
2025-05-05 20:27:05,088 : INFO : EventManager : Event: ======'timer_attract_carousel_timer_complete'====== Args={'ticks': 1, 'ticks_remaining': 1}
2025-05-05 20:27:05,089 : INFO : EventManager : Event: ======'item_highlighted'====== Args={'carousel': 'attract', 'direction': 'forwards', 'item': 'title'}
2025-05-05 20:27:05,089 : INFO : Timer.attract_carousel_timer : Starting Timer.
2025-05-05 20:27:05,089 : INFO : EventManager : Event: ======'timer_attract_carousel_timer_started'====== Args={'ticks': 0, 'ticks_remaining': 1}
2025-05-05 20:27:05,089 : INFO : EventManager : Event: ======'timer_attract_carousel_timer_tick'====== Args={'ticks': 0, 'ticks_remaining': 1}
2025-05-05 20:27:10,090 : INFO : Timer.attract_carousel_timer : Timer Complete
2025-05-05 20:27:10,090 : INFO : Timer.attract_carousel_timer : Stopping Timer
2025-05-05 20:27:10,091 : INFO : EventManager : Event: ======'timer_attract_carousel_timer_stopped'====== Args={'ticks': 1, 'ticks_remaining': 1}
2025-05-05 20:27:10,091 : INFO : EventManager : Event: ======'timer_attract_carousel_timer_complete'====== Args={'ticks': 1, 'ticks_remaining': 1}
2025-05-05 20:27:10,091 : INFO : EventManager : Event: ======'item_highlighted'====== Args={'carousel': 'attract', 'direction': 'forwards', 'item': 'credits'}
2025-05-05 20:27:10,091 : INFO : Timer.attract_carousel_timer : Starting Timer.
2025-05-05 20:27:10,091 : INFO : EventManager : Event: ======'timer_attract_carousel_timer_started'====== Args={'ticks': 0, 'ticks_remaining': 1}
2025-05-05 20:27:10,091 : INFO : EventManager : Event: ======'timer_attract_carousel_timer_tick'====== Args={'ticks': 0, 'ticks_remaining': 1}
2025-05-05 20:27:15,098 : INFO : Timer.attract_carousel_timer : Timer Complete
2025-05-05 20:27:15,098 : INFO : Timer.attract_carousel_timer : Stopping Timer
2025-05-05 20:27:15,098 : INFO : EventManager : Event: ======'timer_attract_carousel_timer_stopped'====== Args={'ticks': 1, 'ticks_remaining': 1}
2025-05-05 20:27:15,098 : INFO : EventManager : Event: ======'timer_attract_carousel_timer_complete'====== Args={'ticks': 1, 'ticks_remaining': 1}
2025-05-05 20:27:15,098 : INFO : EventManager : Event: ======'item_highlighted'====== Args={'carousel': 'attract', 'direction': 'forwards', 'item': 'last_scores_1p'}
2025-05-05 20:27:15,098 : INFO : Timer.attract_carousel_timer : Starting Timer.
2025-05-05 20:27:15,098 : INFO : EventManager : Event: ======'timer_attract_carousel_timer_started'====== Args={'ticks': 0, 'ticks_remaining': 1}
2025-05-05 20:27:15,098 : INFO : EventManager : Event: ======'timer_attract_carousel_timer_tick'====== Args={'ticks': 0, 'ticks_remaining': 1}
2025-05-05 20:27:20,083 : INFO : Timer.attract_carousel_timer : Timer Complete
2025-05-05 20:27:20,083 : INFO : Timer.attract_carousel_timer : Stopping Timer
2025-05-05 20:27:20,083 : INFO : EventManager : Event: ======'timer_attract_carousel_timer_stopped'====== Args={'ticks': 1, 'ticks_remaining': 1}
2025-05-05 20:27:20,083 : INFO : EventManager : Event: ======'timer_attract_carousel_timer_complete'====== Args={'ticks': 1, 'ticks_remaining': 1}
2025-05-05 20:27:20,083 : INFO : EventManager : Event: ======'item_highlighted'====== Args={'carousel': 'attract', 'direction': 'forwards', 'item': 'mpf_logo'}
2025-05-05 20:27:20,083 : INFO : Timer.attract_carousel_timer : Starting Timer.
2025-05-05 20:27:20,083 : INFO : EventManager : Event: ======'timer_attract_carousel_timer_started'====== Args={'ticks': 0, 'ticks_remaining': 1}
2025-05-05 20:27:20,083 : INFO : EventManager : Event: ======'timer_attract_carousel_timer_tick'====== Args={'ticks': 0, 'ticks_remaining': 1}
2025-05-05 20:27:25,076 : INFO : Timer.attract_carousel_timer : Timer Complete
2025-05-05 20:27:25,076 : INFO : Timer.attract_carousel_timer : Stopping Timer
2025-05-05 20:27:25,076 : INFO : EventManager : Event: ======'timer_attract_carousel_timer_stopped'====== Args={'ticks': 1, 'ticks_remaining': 1}
2025-05-05 20:27:25,076 : INFO : EventManager : Event: ======'timer_attract_carousel_timer_complete'====== Args={'ticks': 1, 'ticks_remaining': 1}
2025-05-05 20:27:25,076 : INFO : EventManager : Event: ======'item_highlighted'====== Args={'carousel': 'attract', 'direction': 'forwards', 'item': 'title'}
2025-05-05 20:27:25,076 : INFO : Timer.attract_carousel_timer : Starting Timer.
2025-05-05 20:27:25,076 : INFO : EventManager : Event: ======'timer_attract_carousel_timer_started'====== Args={'ticks': 0, 'ticks_remaining': 1}
2025-05-05 20:27:25,076 : INFO : EventManager : Event: ======'timer_attract_carousel_timer_tick'====== Args={'ticks': 0, 'ticks_remaining': 1}
2025-05-05 20:27:30,092 : INFO : Timer.attract_carousel_timer : Timer Complete
2025-05-05 20:27:30,092 : INFO : Timer.attract_carousel_timer : Stopping Timer
2025-05-05 20:27:30,092 : INFO : EventManager : Event: ======'timer_attract_carousel_timer_stopped'====== Args={'ticks': 1, 'ticks_remaining': 1}
2025-05-05 20:27:30,092 : INFO : EventManager : Event: ======'timer_attract_carousel_timer_complete'====== Args={'ticks': 1, 'ticks_remaining': 1}
2025-05-05 20:27:30,092 : INFO : EventManager : Event: ======'item_highlighted'====== Args={'carousel': 'attract', 'direction': 'forwards', 'item': 'credits'}
2025-05-05 20:27:30,092 : INFO : Timer.attract_carousel_timer : Starting Timer.
2025-05-05 20:27:30,092 : INFO : EventManager : Event: ======'timer_attract_carousel_timer_started'====== Args={'ticks': 0, 'ticks_remaining': 1}
2025-05-05 20:27:30,092 : INFO : EventManager : Event: ======'timer_attract_carousel_timer_tick'====== Args={'ticks': 0, 'ticks_remaining': 1}
2025-05-05 20:27:35,072 : INFO : Timer.attract_carousel_timer : Timer Complete
2025-05-05 20:27:35,072 : INFO : Timer.attract_carousel_timer : Stopping Timer
2025-05-05 20:27:35,072 : INFO : EventManager : Event: ======'timer_attract_carousel_timer_stopped'====== Args={'ticks': 1, 'ticks_remaining': 1}
2025-05-05 20:27:35,073 : INFO : EventManager : Event: ======'timer_attract_carousel_timer_complete'====== Args={'ticks': 1, 'ticks_remaining': 1}
2025-05-05 20:27:35,073 : INFO : EventManager : Event: ======'item_highlighted'====== Args={'carousel': 'attract', 'direction': 'forwards', 'item': 'last_scores_1p'}
2025-05-05 20:27:35,073 : INFO : Timer.attract_carousel_timer : Starting Timer.
2025-05-05 20:27:35,073 : INFO : EventManager : Event: ======'timer_attract_carousel_timer_started'====== Args={'ticks': 0, 'ticks_remaining': 1}
2025-05-05 20:27:35,073 : INFO : EventManager : Event: ======'timer_attract_carousel_timer_tick'====== Args={'ticks': 0, 'ticks_remaining': 1}
2025-05-05 20:27:40,085 : INFO : Timer.attract_carousel_timer : Timer Complete
2025-05-05 20:27:40,085 : INFO : Timer.attract_carousel_timer : Stopping Timer
2025-05-05 20:27:40,085 : INFO : EventManager : Event: ======'timer_attract_carousel_timer_stopped'====== Args={'ticks': 1, 'ticks_remaining': 1}
2025-05-05 20:27:40,086 : INFO : EventManager : Event: ======'timer_attract_carousel_timer_complete'====== Args={'ticks': 1, 'ticks_remaining': 1}
2025-05-05 20:27:40,086 : INFO : EventManager : Event: ======'item_highlighted'====== Args={'carousel': 'attract', 'direction': 'forwards', 'item': 'mpf_logo'}
2025-05-05 20:27:40,086 : INFO : Timer.attract_carousel_timer : Starting Timer.
2025-05-05 20:27:40,086 : INFO : EventManager : Event: ======'timer_attract_carousel_timer_started'====== Args={'ticks': 0, 'ticks_remaining': 1}
2025-05-05 20:27:40,086 : INFO : EventManager : Event: ======'timer_attract_carousel_timer_tick'====== Args={'ticks': 0, 'ticks_remaining': 1}
2025-05-05 20:27:45,074 : INFO : Timer.attract_carousel_timer : Timer Complete
2025-05-05 20:27:45,074 : INFO : Timer.attract_carousel_timer : Stopping Timer
2025-05-05 20:27:45,074 : INFO : EventManager : Event: ======'timer_attract_carousel_timer_stopped'====== Args={'ticks': 1, 'ticks_remaining': 1}
2025-05-05 20:27:45,074 : INFO : EventManager : Event: ======'timer_attract_carousel_timer_complete'====== Args={'ticks': 1, 'ticks_remaining': 1}
2025-05-05 20:27:45,075 : INFO : EventManager : Event: ======'item_highlighted'====== Args={'carousel': 'attract', 'direction': 'forwards', 'item': 'title'}
2025-05-05 20:27:45,075 : INFO : Timer.attract_carousel_timer : Starting Timer.
2025-05-05 20:27:45,075 : INFO : EventManager : Event: ======'timer_attract_carousel_timer_started'====== Args={'ticks': 0, 'ticks_remaining': 1}
2025-05-05 20:27:45,075 : INFO : EventManager : Event: ======'timer_attract_carousel_timer_tick'====== Args={'ticks': 0, 'ticks_remaining': 1}
2025-05-05 20:27:50,076 : INFO : Timer.attract_carousel_timer : Timer Complete
2025-05-05 20:27:50,076 : INFO : Timer.attract_carousel_timer : Stopping Timer
2025-05-05 20:27:50,076 : INFO : EventManager : Event: ======'timer_attract_carousel_timer_stopped'====== Args={'ticks': 1, 'ticks_remaining': 1}
2025-05-05 20:27:50,076 : INFO : EventManager : Event: ======'timer_attract_carousel_timer_complete'====== Args={'ticks': 1, 'ticks_remaining': 1}
2025-05-05 20:27:50,077 : INFO : EventManager : Event: ======'item_highlighted'====== Args={'carousel': 'attract', 'direction': 'forwards', 'item': 'credits'}
2025-05-05 20:27:50,077 : INFO : Timer.attract_carousel_timer : Starting Timer.
2025-05-05 20:27:50,077 : INFO : EventManager : Event: ======'timer_attract_carousel_timer_started'====== Args={'ticks': 0, 'ticks_remaining': 1}
2025-05-05 20:27:50,077 : INFO : EventManager : Event: ======'timer_attract_carousel_timer_tick'====== Args={'ticks': 0, 'ticks_remaining': 1}
2025-05-05 20:27:55,081 : INFO : Timer.attract_carousel_timer : Timer Complete
2025-05-05 20:27:55,081 : INFO : Timer.attract_carousel_timer : Stopping Timer
2025-05-05 20:27:55,081 : INFO : EventManager : Event: ======'timer_attract_carousel_timer_stopped'====== Args={'ticks': 1, 'ticks_remaining': 1}
2025-05-05 20:27:55,081 : INFO : EventManager : Event: ======'timer_attract_carousel_timer_complete'====== Args={'ticks': 1, 'ticks_remaining': 1}
2025-05-05 20:27:55,081 : INFO : EventManager : Event: ======'item_highlighted'====== Args={'carousel': 'attract', 'direction': 'forwards', 'item': 'last_scores_1p'}
2025-05-05 20:27:55,081 : INFO : Timer.attract_carousel_timer : Starting Timer.
2025-05-05 20:27:55,081 : INFO : EventManager : Event: ======'timer_attract_carousel_timer_started'====== Args={'ticks': 0, 'ticks_remaining': 1}
2025-05-05 20:27:55,082 : INFO : EventManager : Event: ======'timer_attract_carousel_timer_tick'====== Args={'ticks': 0, 'ticks_remaining': 1}
2025-05-05 20:28:00,102 : INFO : Timer.attract_carousel_timer : Timer Complete
2025-05-05 20:28:00,102 : INFO : Timer.attract_carousel_timer : Stopping Timer
2025-05-05 20:28:00,102 : INFO : EventManager : Event: ======'timer_attract_carousel_timer_stopped'====== Args={'ticks': 1, 'ticks_remaining': 1}
2025-05-05 20:28:00,102 : INFO : EventManager : Event: ======'timer_attract_carousel_timer_complete'====== Args={'ticks': 1, 'ticks_remaining': 1}
2025-05-05 20:28:00,102 : INFO : EventManager : Event: ======'item_highlighted'====== Args={'carousel': 'attract', 'direction': 'forwards', 'item': 'mpf_logo'}
2025-05-05 20:28:00,102 : INFO : Timer.attract_carousel_timer : Starting Timer.
2025-05-05 20:28:00,102 : INFO : EventManager : Event: ======'timer_attract_carousel_timer_started'====== Args={'ticks': 0, 'ticks_remaining': 1}
2025-05-05 20:28:00,102 : INFO : EventManager : Event: ======'timer_attract_carousel_timer_tick'====== Args={'ticks': 0, 'ticks_remaining': 1}
2025-05-05 20:28:05,092 : INFO : Timer.attract_carousel_timer : Timer Complete
2025-05-05 20:28:05,092 : INFO : Timer.attract_carousel_timer : Stopping Timer
2025-05-05 20:28:05,092 : INFO : EventManager : Event: ======'timer_attract_carousel_timer_stopped'====== Args={'ticks': 1, 'ticks_remaining': 1}
2025-05-05 20:28:05,093 : INFO : EventManager : Event: ======'timer_attract_carousel_timer_complete'====== Args={'ticks': 1, 'ticks_remaining': 1}
2025-05-05 20:28:05,093 : INFO : EventManager : Event: ======'item_highlighted'====== Args={'carousel': 'attract', 'direction': 'forwards', 'item': 'title'}
2025-05-05 20:28:05,093 : INFO : Timer.attract_carousel_timer : Starting Timer.
2025-05-05 20:28:05,093 : INFO : EventManager : Event: ======'timer_attract_carousel_timer_started'====== Args={'ticks': 0, 'ticks_remaining': 1}
2025-05-05 20:28:05,093 : INFO : EventManager : Event: ======'timer_attract_carousel_timer_tick'====== Args={'ticks': 0, 'ticks_remaining': 1}
2025-05-05 20:28:10,094 : INFO : Timer.attract_carousel_timer : Timer Complete
2025-05-05 20:28:10,094 : INFO : Timer.attract_carousel_timer : Stopping Timer
2025-05-05 20:28:10,094 : INFO : EventManager : Event: ======'timer_attract_carousel_timer_stopped'====== Args={'ticks': 1, 'ticks_remaining': 1}
2025-05-05 20:28:10,095 : INFO : EventManager : Event: ======'timer_attract_carousel_timer_complete'====== Args={'ticks': 1, 'ticks_remaining': 1}
2025-05-05 20:28:10,095 : INFO : EventManager : Event: ======'item_highlighted'====== Args={'carousel': 'attract', 'direction': 'forwards', 'item': 'credits'}
2025-05-05 20:28:10,095 : INFO : Timer.attract_carousel_timer : Starting Timer.
2025-05-05 20:28:10,095 : INFO : EventManager : Event: ======'timer_attract_carousel_timer_started'====== Args={'ticks': 0, 'ticks_remaining': 1}
2025-05-05 20:28:10,095 : INFO : EventManager : Event: ======'timer_attract_carousel_timer_tick'====== Args={'ticks': 0, 'ticks_remaining': 1}
2025-05-05 20:28:15,101 : INFO : Timer.attract_carousel_timer : Timer Complete
2025-05-05 20:28:15,101 : INFO : Timer.attract_carousel_timer : Stopping Timer
2025-05-05 20:28:15,101 : INFO : EventManager : Event: ======'timer_attract_carousel_timer_stopped'====== Args={'ticks': 1, 'ticks_remaining': 1}
2025-05-05 20:28:15,101 : INFO : EventManager : Event: ======'timer_attract_carousel_timer_complete'====== Args={'ticks': 1, 'ticks_remaining': 1}
2025-05-05 20:28:15,101 : INFO : EventManager : Event: ======'item_highlighted'====== Args={'carousel': 'attract', 'direction': 'forwards', 'item': 'last_scores_1p'}
2025-05-05 20:28:15,101 : INFO : Timer.attract_carousel_timer : Starting Timer.
2025-05-05 20:28:15,101 : INFO : EventManager : Event: ======'timer_attract_carousel_timer_started'====== Args={'ticks': 0, 'ticks_remaining': 1}
2025-05-05 20:28:15,102 : INFO : EventManager : Event: ======'timer_attract_carousel_timer_tick'====== Args={'ticks': 0, 'ticks_remaining': 1}
2025-05-05 20:28:20,077 : INFO : Timer.attract_carousel_timer : Timer Complete
2025-05-05 20:28:20,077 : INFO : Timer.attract_carousel_timer : Stopping Timer
2025-05-05 20:28:20,077 : INFO : EventManager : Event: ======'timer_attract_carousel_timer_stopped'====== Args={'ticks': 1, 'ticks_remaining': 1}
2025-05-05 20:28:20,077 : INFO : EventManager : Event: ======'timer_attract_carousel_timer_complete'====== Args={'ticks': 1, 'ticks_remaining': 1}
2025-05-05 20:28:20,077 : INFO : EventManager : Event: ======'item_highlighted'====== Args={'carousel': 'attract', 'direction': 'forwards', 'item': 'mpf_logo'}
2025-05-05 20:28:20,077 : INFO : Timer.attract_carousel_timer : Starting Timer.
2025-05-05 20:28:20,077 : INFO : EventManager : Event: ======'timer_attract_carousel_timer_started'====== Args={'ticks': 0, 'ticks_remaining': 1}
2025-05-05 20:28:20,077 : INFO : EventManager : Event: ======'timer_attract_carousel_timer_tick'====== Args={'ticks': 0, 'ticks_remaining': 1}
2025-05-05 20:28:21,476 : INFO : SwitchController : <<<<<<< 's_star_bumper_upper' active >>>>>>>
2025-05-05 20:28:25,082 : INFO : Timer.attract_carousel_timer : Timer Complete
2025-05-05 20:28:25,082 : INFO : Timer.attract_carousel_timer : Stopping Timer
2025-05-05 20:28:25,082 : INFO : EventManager : Event: ======'timer_attract_carousel_timer_stopped'====== Args={'ticks': 1, 'ticks_remaining': 1}
2025-05-05 20:28:25,082 : INFO : EventManager : Event: ======'timer_attract_carousel_timer_complete'====== Args={'ticks': 1, 'ticks_remaining': 1}
2025-05-05 20:28:25,082 : INFO : EventManager : Event: ======'item_highlighted'====== Args={'carousel': 'attract', 'direction': 'forwards', 'item': 'title'}
2025-05-05 20:28:25,082 : INFO : Timer.attract_carousel_timer : Starting Timer.
2025-05-05 20:28:25,082 : INFO : EventManager : Event: ======'timer_attract_carousel_timer_started'====== Args={'ticks': 0, 'ticks_remaining': 1}
2025-05-05 20:28:25,082 : INFO : EventManager : Event: ======'timer_attract_carousel_timer_tick'====== Args={'ticks': 0, 'ticks_remaining': 1}
2025-05-05 20:28:30,077 : INFO : Timer.attract_carousel_timer : Timer Complete
2025-05-05 20:28:30,077 : INFO : Timer.attract_carousel_timer : Stopping Timer
2025-05-05 20:28:30,077 : INFO : EventManager : Event: ======'timer_attract_carousel_timer_stopped'====== Args={'ticks': 1, 'ticks_remaining': 1}
2025-05-05 20:28:30,077 : INFO : EventManager : Event: ======'timer_attract_carousel_timer_complete'====== Args={'ticks': 1, 'ticks_remaining': 1}
2025-05-05 20:28:30,078 : INFO : EventManager : Event: ======'item_highlighted'====== Args={'carousel': 'attract', 'direction': 'forwards', 'item': 'credits'}
2025-05-05 20:28:30,078 : INFO : Timer.attract_carousel_timer : Starting Timer.
2025-05-05 20:28:30,078 : INFO : EventManager : Event: ======'timer_attract_carousel_timer_started'====== Args={'ticks': 0, 'ticks_remaining': 1}
2025-05-05 20:28:30,078 : INFO : EventManager : Event: ======'timer_attract_carousel_timer_tick'====== Args={'ticks': 0, 'ticks_remaining': 1}
2025-05-05 20:28:35,096 : INFO : Timer.attract_carousel_timer : Timer Complete
2025-05-05 20:28:35,096 : INFO : Timer.attract_carousel_timer : Stopping Timer
2025-05-05 20:28:35,096 : INFO : EventManager : Event: ======'timer_attract_carousel_timer_stopped'====== Args={'ticks': 1, 'ticks_remaining': 1}
2025-05-05 20:28:35,096 : INFO : EventManager : Event: ======'timer_attract_carousel_timer_complete'====== Args={'ticks': 1, 'ticks_remaining': 1}
2025-05-05 20:28:35,097 : INFO : EventManager : Event: ======'item_highlighted'====== Args={'carousel': 'attract', 'direction': 'forwards', 'item': 'last_scores_1p'}
2025-05-05 20:28:35,097 : INFO : Timer.attract_carousel_timer : Starting Timer.
2025-05-05 20:28:35,097 : INFO : EventManager : Event: ======'timer_attract_carousel_timer_started'====== Args={'ticks': 0, 'ticks_remaining': 1}
2025-05-05 20:28:35,097 : INFO : EventManager : Event: ======'timer_attract_carousel_timer_tick'====== Args={'ticks': 0, 'ticks_remaining': 1}
2025-05-05 20:28:40,091 : INFO : Timer.attract_carousel_timer : Timer Complete
2025-05-05 20:28:40,091 : INFO : Timer.attract_carousel_timer : Stopping Timer
2025-05-05 20:28:40,091 : INFO : EventManager : Event: ======'timer_attract_carousel_timer_stopped'====== Args={'ticks': 1, 'ticks_remaining': 1}
2025-05-05 20:28:40,091 : INFO : EventManager : Event: ======'timer_attract_carousel_timer_complete'====== Args={'ticks': 1, 'ticks_remaining': 1}
2025-05-05 20:28:40,091 : INFO : EventManager : Event: ======'item_highlighted'====== Args={'carousel': 'attract', 'direction': 'forwards', 'item': 'mpf_logo'}
2025-05-05 20:28:40,091 : INFO : Timer.attract_carousel_timer : Starting Timer.
2025-05-05 20:28:40,091 : INFO : EventManager : Event: ======'timer_attract_carousel_timer_started'====== Args={'ticks': 0, 'ticks_remaining': 1}
2025-05-05 20:28:40,091 : INFO : EventManager : Event: ======'timer_attract_carousel_timer_tick'====== Args={'ticks': 0, 'ticks_remaining': 1}
2025-05-05 20:28:45,080 : INFO : Timer.attract_carousel_timer : Timer Complete
2025-05-05 20:28:45,080 : INFO : Timer.attract_carousel_timer : Stopping Timer
2025-05-05 20:28:45,080 : INFO : EventManager : Event: ======'timer_attract_carousel_timer_stopped'====== Args={'ticks': 1, 'ticks_remaining': 1}
2025-05-05 20:28:45,080 : INFO : EventManager : Event: ======'timer_attract_carousel_timer_complete'====== Args={'ticks': 1, 'ticks_remaining': 1}
2025-05-05 20:28:45,081 : INFO : EventManager : Event: ======'item_highlighted'====== Args={'carousel': 'attract', 'direction': 'forwards', 'item': 'title'}
2025-05-05 20:28:45,081 : INFO : Timer.attract_carousel_timer : Starting Timer.
2025-05-05 20:28:45,081 : INFO : EventManager : Event: ======'timer_attract_carousel_timer_started'====== Args={'ticks': 0, 'ticks_remaining': 1}
2025-05-05 20:28:45,081 : INFO : EventManager : Event: ======'timer_attract_carousel_timer_tick'====== Args={'ticks': 0, 'ticks_remaining': 1}
2025-05-05 20:28:50,084 : INFO : Timer.attract_carousel_timer : Timer Complete
2025-05-05 20:28:50,084 : INFO : Timer.attract_carousel_timer : Stopping Timer
2025-05-05 20:28:50,084 : INFO : EventManager : Event: ======'timer_attract_carousel_timer_stopped'====== Args={'ticks': 1, 'ticks_remaining': 1}
2025-05-05 20:28:50,084 : INFO : EventManager : Event: ======'timer_attract_carousel_timer_complete'====== Args={'ticks': 1, 'ticks_remaining': 1}
2025-05-05 20:28:50,084 : INFO : EventManager : Event: ======'item_highlighted'====== Args={'carousel': 'attract', 'direction': 'forwards', 'item': 'credits'}
2025-05-05 20:28:50,084 : INFO : Timer.attract_carousel_timer : Starting Timer.
2025-05-05 20:28:50,084 : INFO : EventManager : Event: ======'timer_attract_carousel_timer_started'====== Args={'ticks': 0, 'ticks_remaining': 1}
2025-05-05 20:28:50,084 : INFO : EventManager : Event: ======'timer_attract_carousel_timer_tick'====== Args={'ticks': 0, 'ticks_remaining': 1}
2025-05-05 20:28:55,088 : INFO : Timer.attract_carousel_timer : Timer Complete
2025-05-05 20:28:55,088 : INFO : Timer.attract_carousel_timer : Stopping Timer
2025-05-05 20:28:55,088 : INFO : EventManager : Event: ======'timer_attract_carousel_timer_stopped'====== Args={'ticks': 1, 'ticks_remaining': 1}
2025-05-05 20:28:55,088 : INFO : EventManager : Event: ======'timer_attract_carousel_timer_complete'====== Args={'ticks': 1, 'ticks_remaining': 1}
2025-05-05 20:28:55,088 : INFO : EventManager : Event: ======'item_highlighted'====== Args={'carousel': 'attract', 'direction': 'forwards', 'item': 'last_scores_1p'}
2025-05-05 20:28:55,088 : INFO : Timer.attract_carousel_timer : Starting Timer.
2025-05-05 20:28:55,088 : INFO : EventManager : Event: ======'timer_attract_carousel_timer_started'====== Args={'ticks': 0, 'ticks_remaining': 1}
2025-05-05 20:28:55,088 : INFO : EventManager : Event: ======'timer_attract_carousel_timer_tick'====== Args={'ticks': 0, 'ticks_remaining': 1}
2025-05-05 20:29:00,078 : INFO : Timer.attract_carousel_timer : Timer Complete
2025-05-05 20:29:00,078 : INFO : Timer.attract_carousel_timer : Stopping Timer
2025-05-05 20:29:00,078 : INFO : EventManager : Event: ======'timer_attract_carousel_timer_stopped'====== Args={'ticks': 1, 'ticks_remaining': 1}
2025-05-05 20:29:00,078 : INFO : EventManager : Event: ======'timer_attract_carousel_timer_complete'====== Args={'ticks': 1, 'ticks_remaining': 1}
2025-05-05 20:29:00,078 : INFO : EventManager : Event: ======'item_highlighted'====== Args={'carousel': 'attract', 'direction': 'forwards', 'item': 'mpf_logo'}
2025-05-05 20:29:00,078 : INFO : Timer.attract_carousel_timer : Starting Timer.
2025-05-05 20:29:00,078 : INFO : EventManager : Event: ======'timer_attract_carousel_timer_started'====== Args={'ticks': 0, 'ticks_remaining': 1}
2025-05-05 20:29:00,078 : INFO : EventManager : Event: ======'timer_attract_carousel_timer_tick'====== Args={'ticks': 0, 'ticks_remaining': 1}
2025-05-05 20:29:05,099 : INFO : Timer.attract_carousel_timer : Timer Complete
2025-05-05 20:29:05,099 : INFO : Timer.attract_carousel_timer : Stopping Timer
2025-05-05 20:29:05,099 : INFO : EventManager : Event: ======'timer_attract_carousel_timer_stopped'====== Args={'ticks': 1, 'ticks_remaining': 1}
2025-05-05 20:29:05,099 : INFO : EventManager : Event: ======'timer_attract_carousel_timer_complete'====== Args={'ticks': 1, 'ticks_remaining': 1}
2025-05-05 20:29:05,099 : INFO : EventManager : Event: ======'item_highlighted'====== Args={'carousel': 'attract', 'direction': 'forwards', 'item': 'title'}
2025-05-05 20:29:05,099 : INFO : Timer.attract_carousel_timer : Starting Timer.
2025-05-05 20:29:05,099 : INFO : EventManager : Event: ======'timer_attract_carousel_timer_started'====== Args={'ticks': 0, 'ticks_remaining': 1}
2025-05-05 20:29:05,099 : INFO : EventManager : Event: ======'timer_attract_carousel_timer_tick'====== Args={'ticks': 0, 'ticks_remaining': 1}
2025-05-05 20:29:10,088 : INFO : Timer.attract_carousel_timer : Timer Complete
2025-05-05 20:29:10,088 : INFO : Timer.attract_carousel_timer : Stopping Timer
2025-05-05 20:29:10,088 : INFO : EventManager : Event: ======'timer_attract_carousel_timer_stopped'====== Args={'ticks': 1, 'ticks_remaining': 1}
2025-05-05 20:29:10,088 : INFO : EventManager : Event: ======'timer_attract_carousel_timer_complete'====== Args={'ticks': 1, 'ticks_remaining': 1}
2025-05-05 20:29:10,088 : INFO : EventManager : Event: ======'item_highlighted'====== Args={'carousel': 'attract', 'direction': 'forwards', 'item': 'credits'}
2025-05-05 20:29:10,088 : INFO : Timer.attract_carousel_timer : Starting Timer.
2025-05-05 20:29:10,088 : INFO : EventManager : Event: ======'timer_attract_carousel_timer_started'====== Args={'ticks': 0, 'ticks_remaining': 1}
2025-05-05 20:29:10,088 : INFO : EventManager : Event: ======'timer_attract_carousel_timer_tick'====== Args={'ticks': 0, 'ticks_remaining': 1}
2025-05-05 20:29:15,094 : INFO : Timer.attract_carousel_timer : Timer Complete
2025-05-05 20:29:15,094 : INFO : Timer.attract_carousel_timer : Stopping Timer
2025-05-05 20:29:15,094 : INFO : EventManager : Event: ======'timer_attract_carousel_timer_stopped'====== Args={'ticks': 1, 'ticks_remaining': 1}
2025-05-05 20:29:15,094 : INFO : EventManager : Event: ======'timer_attract_carousel_timer_complete'====== Args={'ticks': 1, 'ticks_remaining': 1}
2025-05-05 20:29:15,094 : INFO : EventManager : Event: ======'item_highlighted'====== Args={'carousel': 'attract', 'direction': 'forwards', 'item': 'last_scores_1p'}
2025-05-05 20:29:15,094 : INFO : Timer.attract_carousel_timer : Starting Timer.
2025-05-05 20:29:15,094 : INFO : EventManager : Event: ======'timer_attract_carousel_timer_started'====== Args={'ticks': 0, 'ticks_remaining': 1}
2025-05-05 20:29:15,094 : INFO : EventManager : Event: ======'timer_attract_carousel_timer_tick'====== Args={'ticks': 0, 'ticks_remaining': 1}
2025-05-05 20:29:20,100 : INFO : Timer.attract_carousel_timer : Timer Complete
2025-05-05 20:29:20,100 : INFO : Timer.attract_carousel_timer : Stopping Timer
2025-05-05 20:29:20,100 : INFO : EventManager : Event: ======'timer_attract_carousel_timer_stopped'====== Args={'ticks': 1, 'ticks_remaining': 1}
2025-05-05 20:29:20,100 : INFO : EventManager : Event: ======'timer_attract_carousel_timer_complete'====== Args={'ticks': 1, 'ticks_remaining': 1}
2025-05-05 20:29:20,100 : INFO : EventManager : Event: ======'item_highlighted'====== Args={'carousel': 'attract', 'direction': 'forwards', 'item': 'mpf_logo'}
2025-05-05 20:29:20,100 : INFO : Timer.attract_carousel_timer : Starting Timer.
2025-05-05 20:29:20,100 : INFO : EventManager : Event: ======'timer_attract_carousel_timer_started'====== Args={'ticks': 0, 'ticks_remaining': 1}
2025-05-05 20:29:20,100 : INFO : EventManager : Event: ======'timer_attract_carousel_timer_tick'====== Args={'ticks': 0, 'ticks_remaining': 1}
2025-05-05 20:29:25,085 : INFO : Timer.attract_carousel_timer : Timer Complete
2025-05-05 20:29:25,085 : INFO : Timer.attract_carousel_timer : Stopping Timer
2025-05-05 20:29:25,085 : INFO : EventManager : Event: ======'timer_attract_carousel_timer_stopped'====== Args={'ticks': 1, 'ticks_remaining': 1}
2025-05-05 20:29:25,085 : INFO : EventManager : Event: ======'timer_attract_carousel_timer_complete'====== Args={'ticks': 1, 'ticks_remaining': 1}
2025-05-05 20:29:25,086 : INFO : EventManager : Event: ======'item_highlighted'====== Args={'carousel': 'attract', 'direction': 'forwards', 'item': 'title'}
2025-05-05 20:29:25,086 : INFO : Timer.attract_carousel_timer : Starting Timer.
2025-05-05 20:29:25,086 : INFO : EventManager : Event: ======'timer_attract_carousel_timer_started'====== Args={'ticks': 0, 'ticks_remaining': 1}
2025-05-05 20:29:25,086 : INFO : EventManager : Event: ======'timer_attract_carousel_timer_tick'====== Args={'ticks': 0, 'ticks_remaining': 1}
2025-05-05 20:29:30,079 : INFO : Timer.attract_carousel_timer : Timer Complete
2025-05-05 20:29:30,079 : INFO : Timer.attract_carousel_timer : Stopping Timer
2025-05-05 20:29:30,079 : INFO : EventManager : Event: ======'timer_attract_carousel_timer_stopped'====== Args={'ticks': 1, 'ticks_remaining': 1}
2025-05-05 20:29:30,080 : INFO : EventManager : Event: ======'timer_attract_carousel_timer_complete'====== Args={'ticks': 1, 'ticks_remaining': 1}
2025-05-05 20:29:30,080 : INFO : EventManager : Event: ======'item_highlighted'====== Args={'carousel': 'attract', 'direction': 'forwards', 'item': 'credits'}
2025-05-05 20:29:30,080 : INFO : Timer.attract_carousel_timer : Starting Timer.
2025-05-05 20:29:30,080 : INFO : EventManager : Event: ======'timer_attract_carousel_timer_started'====== Args={'ticks': 0, 'ticks_remaining': 1}
2025-05-05 20:29:30,080 : INFO : EventManager : Event: ======'timer_attract_carousel_timer_tick'====== Args={'ticks': 0, 'ticks_remaining': 1}
2025-05-05 20:29:35,100 : INFO : Timer.attract_carousel_timer : Timer Complete
2025-05-05 20:29:35,100 : INFO : Timer.attract_carousel_timer : Stopping Timer
2025-05-05 20:29:35,100 : INFO : EventManager : Event: ======'timer_attract_carousel_timer_stopped'====== Args={'ticks': 1, 'ticks_remaining': 1}
2025-05-05 20:29:35,100 : INFO : EventManager : Event: ======'timer_attract_carousel_timer_complete'====== Args={'ticks': 1, 'ticks_remaining': 1}
2025-05-05 20:29:35,100 : INFO : EventManager : Event: ======'item_highlighted'====== Args={'carousel': 'attract', 'direction': 'forwards', 'item': 'last_scores_1p'}
2025-05-05 20:29:35,100 : INFO : Timer.attract_carousel_timer : Starting Timer.
2025-05-05 20:29:35,100 : INFO : EventManager : Event: ======'timer_attract_carousel_timer_started'====== Args={'ticks': 0, 'ticks_remaining': 1}
2025-05-05 20:29:35,100 : INFO : EventManager : Event: ======'timer_attract_carousel_timer_tick'====== Args={'ticks': 0, 'ticks_remaining': 1}
2025-05-05 20:29:40,071 : INFO : Timer.attract_carousel_timer : Timer Complete
2025-05-05 20:29:40,071 : INFO : Timer.attract_carousel_timer : Stopping Timer
2025-05-05 20:29:40,071 : INFO : EventManager : Event: ======'timer_attract_carousel_timer_stopped'====== Args={'ticks': 1, 'ticks_remaining': 1}
2025-05-05 20:29:40,071 : INFO : EventManager : Event: ======'timer_attract_carousel_timer_complete'====== Args={'ticks': 1, 'ticks_remaining': 1}
2025-05-05 20:29:40,071 : INFO : EventManager : Event: ======'item_highlighted'====== Args={'carousel': 'attract', 'direction': 'forwards', 'item': 'mpf_logo'}
2025-05-05 20:29:40,071 : INFO : Timer.attract_carousel_timer : Starting Timer.
2025-05-05 20:29:40,071 : INFO : EventManager : Event: ======'timer_attract_carousel_timer_started'====== Args={'ticks': 0, 'ticks_remaining': 1}
2025-05-05 20:29:40,071 : INFO : EventManager : Event: ======'timer_attract_carousel_timer_tick'====== Args={'ticks': 0, 'ticks_remaining': 1}
2025-05-05 20:29:45,075 : INFO : Timer.attract_carousel_timer : Timer Complete
2025-05-05 20:29:45,075 : INFO : Timer.attract_carousel_timer : Stopping Timer
2025-05-05 20:29:45,075 : INFO : EventManager : Event: ======'timer_attract_carousel_timer_stopped'====== Args={'ticks': 1, 'ticks_remaining': 1}
2025-05-05 20:29:45,075 : INFO : EventManager : Event: ======'timer_attract_carousel_timer_complete'====== Args={'ticks': 1, 'ticks_remaining': 1}
2025-05-05 20:29:45,075 : INFO : EventManager : Event: ======'item_highlighted'====== Args={'carousel': 'attract', 'direction': 'forwards', 'item': 'title'}
2025-05-05 20:29:45,075 : INFO : Timer.attract_carousel_timer : Starting Timer.
2025-05-05 20:29:45,075 : INFO : EventManager : Event: ======'timer_attract_carousel_timer_started'====== Args={'ticks': 0, 'ticks_remaining': 1}
2025-05-05 20:29:45,075 : INFO : EventManager : Event: ======'timer_attract_carousel_timer_tick'====== Args={'ticks': 0, 'ticks_remaining': 1}
2025-05-05 20:29:50,084 : INFO : Timer.attract_carousel_timer : Timer Complete
2025-05-05 20:29:50,084 : INFO : Timer.attract_carousel_timer : Stopping Timer
2025-05-05 20:29:50,084 : INFO : EventManager : Event: ======'timer_attract_carousel_timer_stopped'====== Args={'ticks': 1, 'ticks_remaining': 1}
2025-05-05 20:29:50,084 : INFO : EventManager : Event: ======'timer_attract_carousel_timer_complete'====== Args={'ticks': 1, 'ticks_remaining': 1}
2025-05-05 20:29:50,085 : INFO : EventManager : Event: ======'item_highlighted'====== Args={'carousel': 'attract', 'direction': 'forwards', 'item': 'credits'}
2025-05-05 20:29:50,085 : INFO : Timer.attract_carousel_timer : Starting Timer.
2025-05-05 20:29:50,085 : INFO : EventManager : Event: ======'timer_attract_carousel_timer_started'====== Args={'ticks': 0, 'ticks_remaining': 1}
2025-05-05 20:29:50,085 : INFO : EventManager : Event: ======'timer_attract_carousel_timer_tick'====== Args={'ticks': 0, 'ticks_remaining': 1}
2025-05-05 20:29:55,093 : INFO : Timer.attract_carousel_timer : Timer Complete
2025-05-05 20:29:55,093 : INFO : Timer.attract_carousel_timer : Stopping Timer
2025-05-05 20:29:55,093 : INFO : EventManager : Event: ======'timer_attract_carousel_timer_stopped'====== Args={'ticks': 1, 'ticks_remaining': 1}
2025-05-05 20:29:55,093 : INFO : EventManager : Event: ======'timer_attract_carousel_timer_complete'====== Args={'ticks': 1, 'ticks_remaining': 1}
2025-05-05 20:29:55,094 : INFO : EventManager : Event: ======'item_highlighted'====== Args={'carousel': 'attract', 'direction': 'forwards', 'item': 'last_scores_1p'}
2025-05-05 20:29:55,094 : INFO : Timer.attract_carousel_timer : Starting Timer.
2025-05-05 20:29:55,094 : INFO : EventManager : Event: ======'timer_attract_carousel_timer_started'====== Args={'ticks': 0, 'ticks_remaining': 1}
2025-05-05 20:29:55,094 : INFO : EventManager : Event: ======'timer_attract_carousel_timer_tick'====== Args={'ticks': 0, 'ticks_remaining': 1}
2025-05-05 20:30:00,085 : INFO : Timer.attract_carousel_timer : Timer Complete
2025-05-05 20:30:00,085 : INFO : Timer.attract_carousel_timer : Stopping Timer
2025-05-05 20:30:00,085 : INFO : EventManager : Event: ======'timer_attract_carousel_timer_stopped'====== Args={'ticks': 1, 'ticks_remaining': 1}
2025-05-05 20:30:00,085 : INFO : EventManager : Event: ======'timer_attract_carousel_timer_complete'====== Args={'ticks': 1, 'ticks_remaining': 1}
2025-05-05 20:30:00,085 : INFO : EventManager : Event: ======'item_highlighted'====== Args={'carousel': 'attract', 'direction': 'forwards', 'item': 'mpf_logo'}
2025-05-05 20:30:00,085 : INFO : Timer.attract_carousel_timer : Starting Timer.
2025-05-05 20:30:00,085 : INFO : EventManager : Event: ======'timer_attract_carousel_timer_started'====== Args={'ticks': 0, 'ticks_remaining': 1}
2025-05-05 20:30:00,085 : INFO : EventManager : Event: ======'timer_attract_carousel_timer_tick'====== Args={'ticks': 0, 'ticks_remaining': 1}
2025-05-05 20:30:01,398 : INFO : SwitchController : <<<<<<< 's_star_bumper_upper' inactive >>>>>>>
2025-05-05 20:30:05,073 : INFO : Timer.attract_carousel_timer : Timer Complete
2025-05-05 20:30:05,073 : INFO : Timer.attract_carousel_timer : Stopping Timer
2025-05-05 20:30:05,073 : INFO : EventManager : Event: ======'timer_attract_carousel_timer_stopped'====== Args={'ticks': 1, 'ticks_remaining': 1}
2025-05-05 20:30:05,073 : INFO : EventManager : Event: ======'timer_attract_carousel_timer_complete'====== Args={'ticks': 1, 'ticks_remaining': 1}
2025-05-05 20:30:05,073 : INFO : EventManager : Event: ======'item_highlighted'====== Args={'carousel': 'attract', 'direction': 'forwards', 'item': 'title'}
2025-05-05 20:30:05,073 : INFO : Timer.attract_carousel_timer : Starting Timer.
2025-05-05 20:30:05,073 : INFO : EventManager : Event: ======'timer_attract_carousel_timer_started'====== Args={'ticks': 0, 'ticks_remaining': 1}
2025-05-05 20:30:05,073 : INFO : EventManager : Event: ======'timer_attract_carousel_timer_tick'====== Args={'ticks': 0, 'ticks_remaining': 1}
2025-05-05 20:30:10,080 : INFO : Timer.attract_carousel_timer : Timer Complete
2025-05-05 20:30:10,080 : INFO : Timer.attract_carousel_timer : Stopping Timer
2025-05-05 20:30:10,080 : INFO : EventManager : Event: ======'timer_attract_carousel_timer_stopped'====== Args={'ticks': 1, 'ticks_remaining': 1}
2025-05-05 20:30:10,081 : INFO : EventManager : Event: ======'timer_attract_carousel_timer_complete'====== Args={'ticks': 1, 'ticks_remaining': 1}
2025-05-05 20:30:10,081 : INFO : EventManager : Event: ======'item_highlighted'====== Args={'carousel': 'attract', 'direction': 'forwards', 'item': 'credits'}
2025-05-05 20:30:10,081 : INFO : Timer.attract_carousel_timer : Starting Timer.
2025-05-05 20:30:10,081 : INFO : EventManager : Event: ======'timer_attract_carousel_timer_started'====== Args={'ticks': 0, 'ticks_remaining': 1}
2025-05-05 20:30:10,081 : INFO : EventManager : Event: ======'timer_attract_carousel_timer_tick'====== Args={'ticks': 0, 'ticks_remaining': 1}
2025-05-05 20:30:12,404 : INFO : SwitchController : <<<<<<< 's_middle_bash' active >>>>>>>
2025-05-05 20:30:12,544 : INFO : SwitchController : <<<<<<< 's_middle_bash' inactive >>>>>>>
2025-05-05 20:30:12,851 : INFO : SwitchController : <<<<<<< 's_middle_bash' active >>>>>>>
2025-05-05 20:30:12,934 : INFO : SwitchController : <<<<<<< 's_middle_bash' inactive >>>>>>>
2025-05-05 20:30:13,106 : INFO : SwitchController : <<<<<<< 's_middle_bash' active >>>>>>>
2025-05-05 20:30:13,197 : INFO : SwitchController : <<<<<<< 's_middle_bash' inactive >>>>>>>
2025-05-05 20:30:15,085 : INFO : Timer.attract_carousel_timer : Timer Complete
2025-05-05 20:30:15,085 : INFO : Timer.attract_carousel_timer : Stopping Timer
2025-05-05 20:30:15,085 : INFO : EventManager : Event: ======'timer_attract_carousel_timer_stopped'====== Args={'ticks': 1, 'ticks_remaining': 1}
2025-05-05 20:30:15,085 : INFO : EventManager : Event: ======'timer_attract_carousel_timer_complete'====== Args={'ticks': 1, 'ticks_remaining': 1}
2025-05-05 20:30:15,085 : INFO : EventManager : Event: ======'item_highlighted'====== Args={'carousel': 'attract', 'direction': 'forwards', 'item': 'last_scores_1p'}
2025-05-05 20:30:15,086 : INFO : Timer.attract_carousel_timer : Starting Timer.
2025-05-05 20:30:15,086 : INFO : EventManager : Event: ======'timer_attract_carousel_timer_started'====== Args={'ticks': 0, 'ticks_remaining': 1}
2025-05-05 20:30:15,086 : INFO : EventManager : Event: ======'timer_attract_carousel_timer_tick'====== Args={'ticks': 0, 'ticks_remaining': 1}
2025-05-05 20:30:20,094 : INFO : Timer.attract_carousel_timer : Timer Complete
2025-05-05 20:30:20,095 : INFO : Timer.attract_carousel_timer : Stopping Timer
2025-05-05 20:30:20,095 : INFO : EventManager : Event: ======'timer_attract_carousel_timer_stopped'====== Args={'ticks': 1, 'ticks_remaining': 1}
2025-05-05 20:30:20,095 : INFO : EventManager : Event: ======'timer_attract_carousel_timer_complete'====== Args={'ticks': 1, 'ticks_remaining': 1}
2025-05-05 20:30:20,095 : INFO : EventManager : Event: ======'item_highlighted'====== Args={'carousel': 'attract', 'direction': 'forwards', 'item': 'mpf_logo'}
2025-05-05 20:30:20,095 : INFO : Timer.attract_carousel_timer : Starting Timer.
2025-05-05 20:30:20,095 : INFO : EventManager : Event: ======'timer_attract_carousel_timer_started'====== Args={'ticks': 0, 'ticks_remaining': 1}
2025-05-05 20:30:20,095 : INFO : EventManager : Event: ======'timer_attract_carousel_timer_tick'====== Args={'ticks': 0, 'ticks_remaining': 1}
2025-05-05 20:30:25,083 : INFO : Timer.attract_carousel_timer : Timer Complete
2025-05-05 20:30:25,083 : INFO : Timer.attract_carousel_timer : Stopping Timer
2025-05-05 20:30:25,083 : INFO : EventManager : Event: ======'timer_attract_carousel_timer_stopped'====== Args={'ticks': 1, 'ticks_remaining': 1}
2025-05-05 20:30:25,084 : INFO : EventManager : Event: ======'timer_attract_carousel_timer_complete'====== Args={'ticks': 1, 'ticks_remaining': 1}
2025-05-05 20:30:25,084 : INFO : EventManager : Event: ======'item_highlighted'====== Args={'carousel': 'attract', 'direction': 'forwards', 'item': 'title'}
2025-05-05 20:30:25,084 : INFO : Timer.attract_carousel_timer : Starting Timer.
2025-05-05 20:30:25,084 : INFO : EventManager : Event: ======'timer_attract_carousel_timer_started'====== Args={'ticks': 0, 'ticks_remaining': 1}
2025-05-05 20:30:25,084 : INFO : EventManager : Event: ======'timer_attract_carousel_timer_tick'====== Args={'ticks': 0, 'ticks_remaining': 1}
2025-05-05 20:30:30,087 : INFO : Timer.attract_carousel_timer : Timer Complete
2025-05-05 20:30:30,087 : INFO : Timer.attract_carousel_timer : Stopping Timer
2025-05-05 20:30:30,087 : INFO : EventManager : Event: ======'timer_attract_carousel_timer_stopped'====== Args={'ticks': 1, 'ticks_remaining': 1}
2025-05-05 20:30:30,087 : INFO : EventManager : Event: ======'timer_attract_carousel_timer_complete'====== Args={'ticks': 1, 'ticks_remaining': 1}
2025-05-05 20:30:30,088 : INFO : EventManager : Event: ======'item_highlighted'====== Args={'carousel': 'attract', 'direction': 'forwards', 'item': 'credits'}
2025-05-05 20:30:30,088 : INFO : Timer.attract_carousel_timer : Starting Timer.
2025-05-05 20:30:30,088 : INFO : EventManager : Event: ======'timer_attract_carousel_timer_started'====== Args={'ticks': 0, 'ticks_remaining': 1}
2025-05-05 20:30:30,088 : INFO : EventManager : Event: ======'timer_attract_carousel_timer_tick'====== Args={'ticks': 0, 'ticks_remaining': 1}
2025-05-05 20:30:35,094 : INFO : Timer.attract_carousel_timer : Timer Complete
2025-05-05 20:30:35,094 : INFO : Timer.attract_carousel_timer : Stopping Timer
2025-05-05 20:30:35,094 : INFO : EventManager : Event: ======'timer_attract_carousel_timer_stopped'====== Args={'ticks': 1, 'ticks_remaining': 1}
2025-05-05 20:30:35,094 : INFO : EventManager : Event: ======'timer_attract_carousel_timer_complete'====== Args={'ticks': 1, 'ticks_remaining': 1}
2025-05-05 20:30:35,094 : INFO : EventManager : Event: ======'item_highlighted'====== Args={'carousel': 'attract', 'direction': 'forwards', 'item': 'last_scores_1p'}
2025-05-05 20:30:35,095 : INFO : Timer.attract_carousel_timer : Starting Timer.
2025-05-05 20:30:35,095 : INFO : EventManager : Event: ======'timer_attract_carousel_timer_started'====== Args={'ticks': 0, 'ticks_remaining': 1}
2025-05-05 20:30:35,095 : INFO : EventManager : Event: ======'timer_attract_carousel_timer_tick'====== Args={'ticks': 0, 'ticks_remaining': 1}
2025-05-05 20:30:40,083 : INFO : Timer.attract_carousel_timer : Timer Complete
2025-05-05 20:30:40,083 : INFO : Timer.attract_carousel_timer : Stopping Timer
2025-05-05 20:30:40,083 : INFO : EventManager : Event: ======'timer_attract_carousel_timer_stopped'====== Args={'ticks': 1, 'ticks_remaining': 1}
2025-05-05 20:30:40,083 : INFO : EventManager : Event: ======'timer_attract_carousel_timer_complete'====== Args={'ticks': 1, 'ticks_remaining': 1}
2025-05-05 20:30:40,083 : INFO : EventManager : Event: ======'item_highlighted'====== Args={'carousel': 'attract', 'direction': 'forwards', 'item': 'mpf_logo'}
2025-05-05 20:30:40,083 : INFO : Timer.attract_carousel_timer : Starting Timer.
2025-05-05 20:30:40,083 : INFO : EventManager : Event: ======'timer_attract_carousel_timer_started'====== Args={'ticks': 0, 'ticks_remaining': 1}
2025-05-05 20:30:40,083 : INFO : EventManager : Event: ======'timer_attract_carousel_timer_tick'====== Args={'ticks': 0, 'ticks_remaining': 1}
2025-05-05 20:30:45,072 : INFO : Timer.attract_carousel_timer : Timer Complete
2025-05-05 20:30:45,072 : INFO : Timer.attract_carousel_timer : Stopping Timer
2025-05-05 20:30:45,072 : INFO : EventManager : Event: ======'timer_attract_carousel_timer_stopped'====== Args={'ticks': 1, 'ticks_remaining': 1}
2025-05-05 20:30:45,072 : INFO : EventManager : Event: ======'timer_attract_carousel_timer_complete'====== Args={'ticks': 1, 'ticks_remaining': 1}
2025-05-05 20:30:45,072 : INFO : EventManager : Event: ======'item_highlighted'====== Args={'carousel': 'attract', 'direction': 'forwards', 'item': 'title'}
2025-05-05 20:30:45,073 : INFO : Timer.attract_carousel_timer : Starting Timer.
2025-05-05 20:30:45,073 : INFO : EventManager : Event: ======'timer_attract_carousel_timer_started'====== Args={'ticks': 0, 'ticks_remaining': 1}
2025-05-05 20:30:45,073 : INFO : EventManager : Event: ======'timer_attract_carousel_timer_tick'====== Args={'ticks': 0, 'ticks_remaining': 1}
2025-05-05 20:30:50,076 : INFO : Timer.attract_carousel_timer : Timer Complete
2025-05-05 20:30:50,076 : INFO : Timer.attract_carousel_timer : Stopping Timer
2025-05-05 20:30:50,076 : INFO : EventManager : Event: ======'timer_attract_carousel_timer_stopped'====== Args={'ticks': 1, 'ticks_remaining': 1}
2025-05-05 20:30:50,076 : INFO : EventManager : Event: ======'timer_attract_carousel_timer_complete'====== Args={'ticks': 1, 'ticks_remaining': 1}
2025-05-05 20:30:50,077 : INFO : EventManager : Event: ======'item_highlighted'====== Args={'carousel': 'attract', 'direction': 'forwards', 'item': 'credits'}
2025-05-05 20:30:50,077 : INFO : Timer.attract_carousel_timer : Starting Timer.
2025-05-05 20:30:50,077 : INFO : EventManager : Event: ======'timer_attract_carousel_timer_started'====== Args={'ticks': 0, 'ticks_remaining': 1}
2025-05-05 20:30:50,077 : INFO : EventManager : Event: ======'timer_attract_carousel_timer_tick'====== Args={'ticks': 0, 'ticks_remaining': 1}
2025-05-05 20:30:55,098 : INFO : Timer.attract_carousel_timer : Timer Complete
2025-05-05 20:30:55,098 : INFO : Timer.attract_carousel_timer : Stopping Timer
2025-05-05 20:30:55,098 : INFO : EventManager : Event: ======'timer_attract_carousel_timer_stopped'====== Args={'ticks': 1, 'ticks_remaining': 1}
2025-05-05 20:30:55,098 : INFO : EventManager : Event: ======'timer_attract_carousel_timer_complete'====== Args={'ticks': 1, 'ticks_remaining': 1}
2025-05-05 20:30:55,098 : INFO : EventManager : Event: ======'item_highlighted'====== Args={'carousel': 'attract', 'direction': 'forwards', 'item': 'last_scores_1p'}
2025-05-05 20:30:55,098 : INFO : Timer.attract_carousel_timer : Starting Timer.
2025-05-05 20:30:55,098 : INFO : EventManager : Event: ======'timer_attract_carousel_timer_started'====== Args={'ticks': 0, 'ticks_remaining': 1}
2025-05-05 20:30:55,099 : INFO : EventManager : Event: ======'timer_attract_carousel_timer_tick'====== Args={'ticks': 0, 'ticks_remaining': 1}
2025-05-05 20:30:57,997 : INFO : SwitchController : <<<<<<< 's_scoop' active >>>>>>>
2025-05-05 20:30:58,130 : INFO : SwitchController : <<<<<<< 's_scoop' inactive >>>>>>>
2025-05-05 20:30:59,066 : INFO : SwitchController : <<<<<<< 's_scoop' active >>>>>>>
2025-05-05 20:30:59,239 : INFO : SwitchController : <<<<<<< 's_scoop' inactive >>>>>>>
2025-05-05 20:31:00,083 : INFO : Timer.attract_carousel_timer : Timer Complete
2025-05-05 20:31:00,083 : INFO : Timer.attract_carousel_timer : Stopping Timer
2025-05-05 20:31:00,083 : INFO : EventManager : Event: ======'timer_attract_carousel_timer_stopped'====== Args={'ticks': 1, 'ticks_remaining': 1}
2025-05-05 20:31:00,083 : INFO : EventManager : Event: ======'timer_attract_carousel_timer_complete'====== Args={'ticks': 1, 'ticks_remaining': 1}
2025-05-05 20:31:00,083 : INFO : EventManager : Event: ======'item_highlighted'====== Args={'carousel': 'attract', 'direction': 'forwards', 'item': 'mpf_logo'}
2025-05-05 20:31:00,083 : INFO : Timer.attract_carousel_timer : Starting Timer.
2025-05-05 20:31:00,083 : INFO : EventManager : Event: ======'timer_attract_carousel_timer_started'====== Args={'ticks': 0, 'ticks_remaining': 1}
2025-05-05 20:31:00,083 : INFO : EventManager : Event: ======'timer_attract_carousel_timer_tick'====== Args={'ticks': 0, 'ticks_remaining': 1}
2025-05-05 20:31:05,086 : INFO : Timer.attract_carousel_timer : Timer Complete
2025-05-05 20:31:05,086 : INFO : Timer.attract_carousel_timer : Stopping Timer
2025-05-05 20:31:05,086 : INFO : EventManager : Event: ======'timer_attract_carousel_timer_stopped'====== Args={'ticks': 1, 'ticks_remaining': 1}
2025-05-05 20:31:05,086 : INFO : EventManager : Event: ======'timer_attract_carousel_timer_complete'====== Args={'ticks': 1, 'ticks_remaining': 1}
2025-05-05 20:31:05,086 : INFO : EventManager : Event: ======'item_highlighted'====== Args={'carousel': 'attract', 'direction': 'forwards', 'item': 'title'}
2025-05-05 20:31:05,086 : INFO : Timer.attract_carousel_timer : Starting Timer.
2025-05-05 20:31:05,086 : INFO : EventManager : Event: ======'timer_attract_carousel_timer_started'====== Args={'ticks': 0, 'ticks_remaining': 1}
2025-05-05 20:31:05,086 : INFO : EventManager : Event: ======'timer_attract_carousel_timer_tick'====== Args={'ticks': 0, 'ticks_remaining': 1}
2025-05-05 20:31:10,077 : INFO : Timer.attract_carousel_timer : Timer Complete
2025-05-05 20:31:10,077 : INFO : Timer.attract_carousel_timer : Stopping Timer
2025-05-05 20:31:10,077 : INFO : EventManager : Event: ======'timer_attract_carousel_timer_stopped'====== Args={'ticks': 1, 'ticks_remaining': 1}
2025-05-05 20:31:10,077 : INFO : EventManager : Event: ======'timer_attract_carousel_timer_complete'====== Args={'ticks': 1, 'ticks_remaining': 1}
2025-05-05 20:31:10,078 : INFO : EventManager : Event: ======'item_highlighted'====== Args={'carousel': 'attract', 'direction': 'forwards', 'item': 'credits'}
2025-05-05 20:31:10,078 : INFO : Timer.attract_carousel_timer : Starting Timer.
2025-05-05 20:31:10,078 : INFO : EventManager : Event: ======'timer_attract_carousel_timer_started'====== Args={'ticks': 0, 'ticks_remaining': 1}
2025-05-05 20:31:10,078 : INFO : EventManager : Event: ======'timer_attract_carousel_timer_tick'====== Args={'ticks': 0, 'ticks_remaining': 1}
2025-05-05 20:31:15,087 : INFO : Timer.attract_carousel_timer : Timer Complete
2025-05-05 20:31:15,088 : INFO : Timer.attract_carousel_timer : Stopping Timer
2025-05-05 20:31:15,088 : INFO : EventManager : Event: ======'timer_attract_carousel_timer_stopped'====== Args={'ticks': 1, 'ticks_remaining': 1}
2025-05-05 20:31:15,088 : INFO : EventManager : Event: ======'timer_attract_carousel_timer_complete'====== Args={'ticks': 1, 'ticks_remaining': 1}
2025-05-05 20:31:15,088 : INFO : EventManager : Event: ======'item_highlighted'====== Args={'carousel': 'attract', 'direction': 'forwards', 'item': 'last_scores_1p'}
2025-05-05 20:31:15,088 : INFO : Timer.attract_carousel_timer : Starting Timer.
2025-05-05 20:31:15,088 : INFO : EventManager : Event: ======'timer_attract_carousel_timer_started'====== Args={'ticks': 0, 'ticks_remaining': 1}
2025-05-05 20:31:15,088 : INFO : EventManager : Event: ======'timer_attract_carousel_timer_tick'====== Args={'ticks': 0, 'ticks_remaining': 1}
2025-05-05 20:31:20,076 : INFO : Timer.attract_carousel_timer : Timer Complete
2025-05-05 20:31:20,076 : INFO : Timer.attract_carousel_timer : Stopping Timer
2025-05-05 20:31:20,076 : INFO : EventManager : Event: ======'timer_attract_carousel_timer_stopped'====== Args={'ticks': 1, 'ticks_remaining': 1}
2025-05-05 20:31:20,076 : INFO : EventManager : Event: ======'timer_attract_carousel_timer_complete'====== Args={'ticks': 1, 'ticks_remaining': 1}
2025-05-05 20:31:20,076 : INFO : EventManager : Event: ======'item_highlighted'====== Args={'carousel': 'attract', 'direction': 'forwards', 'item': 'mpf_logo'}
2025-05-05 20:31:20,076 : INFO : Timer.attract_carousel_timer : Starting Timer.
2025-05-05 20:31:20,076 : INFO : EventManager : Event: ======'timer_attract_carousel_timer_started'====== Args={'ticks': 0, 'ticks_remaining': 1}
2025-05-05 20:31:20,077 : INFO : EventManager : Event: ======'timer_attract_carousel_timer_tick'====== Args={'ticks': 0, 'ticks_remaining': 1}
2025-05-05 20:31:25,086 : INFO : Timer.attract_carousel_timer : Timer Complete
2025-05-05 20:31:25,086 : INFO : Timer.attract_carousel_timer : Stopping Timer
2025-05-05 20:31:25,086 : INFO : EventManager : Event: ======'timer_attract_carousel_timer_stopped'====== Args={'ticks': 1, 'ticks_remaining': 1}
2025-05-05 20:31:25,087 : INFO : EventManager : Event: ======'timer_attract_carousel_timer_complete'====== Args={'ticks': 1, 'ticks_remaining': 1}
2025-05-05 20:31:25,087 : INFO : EventManager : Event: ======'item_highlighted'====== Args={'carousel': 'attract', 'direction': 'forwards', 'item': 'title'}
2025-05-05 20:31:25,087 : INFO : Timer.attract_carousel_timer : Starting Timer.
2025-05-05 20:31:25,087 : INFO : EventManager : Event: ======'timer_attract_carousel_timer_started'====== Args={'ticks': 0, 'ticks_remaining': 1}
2025-05-05 20:31:25,087 : INFO : EventManager : Event: ======'timer_attract_carousel_timer_tick'====== Args={'ticks': 0, 'ticks_remaining': 1}
2025-05-05 20:31:30,091 : INFO : Timer.attract_carousel_timer : Timer Complete
2025-05-05 20:31:30,091 : INFO : Timer.attract_carousel_timer : Stopping Timer
2025-05-05 20:31:30,092 : INFO : EventManager : Event: ======'timer_attract_carousel_timer_stopped'====== Args={'ticks': 1, 'ticks_remaining': 1}
2025-05-05 20:31:30,092 : INFO : EventManager : Event: ======'timer_attract_carousel_timer_complete'====== Args={'ticks': 1, 'ticks_remaining': 1}
2025-05-05 20:31:30,092 : INFO : EventManager : Event: ======'item_highlighted'====== Args={'carousel': 'attract', 'direction': 'forwards', 'item': 'credits'}
2025-05-05 20:31:30,092 : INFO : Timer.attract_carousel_timer : Starting Timer.
2025-05-05 20:31:30,092 : INFO : EventManager : Event: ======'timer_attract_carousel_timer_started'====== Args={'ticks': 0, 'ticks_remaining': 1}
2025-05-05 20:31:30,092 : INFO : EventManager : Event: ======'timer_attract_carousel_timer_tick'====== Args={'ticks': 0, 'ticks_remaining': 1}
2025-05-05 20:31:35,085 : INFO : Timer.attract_carousel_timer : Timer Complete
2025-05-05 20:31:35,085 : INFO : Timer.attract_carousel_timer : Stopping Timer
2025-05-05 20:31:35,085 : INFO : EventManager : Event: ======'timer_attract_carousel_timer_stopped'====== Args={'ticks': 1, 'ticks_remaining': 1}
2025-05-05 20:31:35,085 : INFO : EventManager : Event: ======'timer_attract_carousel_timer_complete'====== Args={'ticks': 1, 'ticks_remaining': 1}
2025-05-05 20:31:35,085 : INFO : EventManager : Event: ======'item_highlighted'====== Args={'carousel': 'attract', 'direction': 'forwards', 'item': 'last_scores_1p'}
2025-05-05 20:31:35,085 : INFO : Timer.attract_carousel_timer : Starting Timer.
2025-05-05 20:31:35,085 : INFO : EventManager : Event: ======'timer_attract_carousel_timer_started'====== Args={'ticks': 0, 'ticks_remaining': 1}
2025-05-05 20:31:35,085 : INFO : EventManager : Event: ======'timer_attract_carousel_timer_tick'====== Args={'ticks': 0, 'ticks_remaining': 1}
2025-05-05 20:31:40,085 : INFO : Timer.attract_carousel_timer : Timer Complete
2025-05-05 20:31:40,085 : INFO : Timer.attract_carousel_timer : Stopping Timer
2025-05-05 20:31:40,085 : INFO : EventManager : Event: ======'timer_attract_carousel_timer_stopped'====== Args={'ticks': 1, 'ticks_remaining': 1}
2025-05-05 20:31:40,086 : INFO : EventManager : Event: ======'timer_attract_carousel_timer_complete'====== Args={'ticks': 1, 'ticks_remaining': 1}
2025-05-05 20:31:40,086 : INFO : EventManager : Event: ======'item_highlighted'====== Args={'carousel': 'attract', 'direction': 'forwards', 'item': 'mpf_logo'}
2025-05-05 20:31:40,086 : INFO : Timer.attract_carousel_timer : Starting Timer.
2025-05-05 20:31:40,086 : INFO : EventManager : Event: ======'timer_attract_carousel_timer_started'====== Args={'ticks': 0, 'ticks_remaining': 1}
2025-05-05 20:31:40,086 : INFO : EventManager : Event: ======'timer_attract_carousel_timer_tick'====== Args={'ticks': 0, 'ticks_remaining': 1}
2025-05-05 20:31:45,077 : INFO : Timer.attract_carousel_timer : Timer Complete
2025-05-05 20:31:45,077 : INFO : Timer.attract_carousel_timer : Stopping Timer
2025-05-05 20:31:45,077 : INFO : EventManager : Event: ======'timer_attract_carousel_timer_stopped'====== Args={'ticks': 1, 'ticks_remaining': 1}
2025-05-05 20:31:45,077 : INFO : EventManager : Event: ======'timer_attract_carousel_timer_complete'====== Args={'ticks': 1, 'ticks_remaining': 1}
2025-05-05 20:31:45,078 : INFO : EventManager : Event: ======'item_highlighted'====== Args={'carousel': 'attract', 'direction': 'forwards', 'item': 'title'}
2025-05-05 20:31:45,078 : INFO : Timer.attract_carousel_timer : Starting Timer.
2025-05-05 20:31:45,078 : INFO : EventManager : Event: ======'timer_attract_carousel_timer_started'====== Args={'ticks': 0, 'ticks_remaining': 1}
2025-05-05 20:31:45,078 : INFO : EventManager : Event: ======'timer_attract_carousel_timer_tick'====== Args={'ticks': 0, 'ticks_remaining': 1}
2025-05-05 20:31:50,078 : INFO : Timer.attract_carousel_timer : Timer Complete
2025-05-05 20:31:50,078 : INFO : Timer.attract_carousel_timer : Stopping Timer
2025-05-05 20:31:50,078 : INFO : EventManager : Event: ======'timer_attract_carousel_timer_stopped'====== Args={'ticks': 1, 'ticks_remaining': 1}
2025-05-05 20:31:50,078 : INFO : EventManager : Event: ======'timer_attract_carousel_timer_complete'====== Args={'ticks': 1, 'ticks_remaining': 1}
2025-05-05 20:31:50,079 : INFO : EventManager : Event: ======'item_highlighted'====== Args={'carousel': 'attract', 'direction': 'forwards', 'item': 'credits'}
2025-05-05 20:31:50,079 : INFO : Timer.attract_carousel_timer : Starting Timer.
2025-05-05 20:31:50,079 : INFO : EventManager : Event: ======'timer_attract_carousel_timer_started'====== Args={'ticks': 0, 'ticks_remaining': 1}
2025-05-05 20:31:50,079 : INFO : EventManager : Event: ======'timer_attract_carousel_timer_tick'====== Args={'ticks': 0, 'ticks_remaining': 1}
2025-05-05 20:31:55,073 : INFO : Timer.attract_carousel_timer : Timer Complete
2025-05-05 20:31:55,073 : INFO : Timer.attract_carousel_timer : Stopping Timer
2025-05-05 20:31:55,073 : INFO : EventManager : Event: ======'timer_attract_carousel_timer_stopped'====== Args={'ticks': 1, 'ticks_remaining': 1}
2025-05-05 20:31:55,073 : INFO : EventManager : Event: ======'timer_attract_carousel_timer_complete'====== Args={'ticks': 1, 'ticks_remaining': 1}
2025-05-05 20:31:55,074 : INFO : EventManager : Event: ======'item_highlighted'====== Args={'carousel': 'attract', 'direction': 'forwards', 'item': 'last_scores_1p'}
2025-05-05 20:31:55,074 : INFO : Timer.attract_carousel_timer : Starting Timer.
2025-05-05 20:31:55,074 : INFO : EventManager : Event: ======'timer_attract_carousel_timer_started'====== Args={'ticks': 0, 'ticks_remaining': 1}
2025-05-05 20:31:55,074 : INFO : EventManager : Event: ======'timer_attract_carousel_timer_tick'====== Args={'ticks': 0, 'ticks_remaining': 1}
2025-05-05 20:32:00,072 : INFO : Timer.attract_carousel_timer : Timer Complete
2025-05-05 20:32:00,072 : INFO : Timer.attract_carousel_timer : Stopping Timer
2025-05-05 20:32:00,072 : INFO : EventManager : Event: ======'timer_attract_carousel_timer_stopped'====== Args={'ticks': 1, 'ticks_remaining': 1}
2025-05-05 20:32:00,072 : INFO : EventManager : Event: ======'timer_attract_carousel_timer_complete'====== Args={'ticks': 1, 'ticks_remaining': 1}
2025-05-05 20:32:00,073 : INFO : EventManager : Event: ======'item_highlighted'====== Args={'carousel': 'attract', 'direction': 'forwards', 'item': 'mpf_logo'}
2025-05-05 20:32:00,073 : INFO : Timer.attract_carousel_timer : Starting Timer.
2025-05-05 20:32:00,073 : INFO : EventManager : Event: ======'timer_attract_carousel_timer_started'====== Args={'ticks': 0, 'ticks_remaining': 1}
2025-05-05 20:32:00,073 : INFO : EventManager : Event: ======'timer_attract_carousel_timer_tick'====== Args={'ticks': 0, 'ticks_remaining': 1}
2025-05-05 20:32:05,096 : INFO : Timer.attract_carousel_timer : Timer Complete
2025-05-05 20:32:05,096 : INFO : Timer.attract_carousel_timer : Stopping Timer
2025-05-05 20:32:05,096 : INFO : EventManager : Event: ======'timer_attract_carousel_timer_stopped'====== Args={'ticks': 1, 'ticks_remaining': 1}
2025-05-05 20:32:05,096 : INFO : EventManager : Event: ======'timer_attract_carousel_timer_complete'====== Args={'ticks': 1, 'ticks_remaining': 1}
2025-05-05 20:32:05,096 : INFO : EventManager : Event: ======'item_highlighted'====== Args={'carousel': 'attract', 'direction': 'forwards', 'item': 'title'}
2025-05-05 20:32:05,096 : INFO : Timer.attract_carousel_timer : Starting Timer.
2025-05-05 20:32:05,096 : INFO : EventManager : Event: ======'timer_attract_carousel_timer_started'====== Args={'ticks': 0, 'ticks_remaining': 1}
2025-05-05 20:32:05,096 : INFO : EventManager : Event: ======'timer_attract_carousel_timer_tick'====== Args={'ticks': 0, 'ticks_remaining': 1}
2025-05-05 20:32:10,082 : INFO : Timer.attract_carousel_timer : Timer Complete
2025-05-05 20:32:10,082 : INFO : Timer.attract_carousel_timer : Stopping Timer
2025-05-05 20:32:10,082 : INFO : EventManager : Event: ======'timer_attract_carousel_timer_stopped'====== Args={'ticks': 1, 'ticks_remaining': 1}
2025-05-05 20:32:10,082 : INFO : EventManager : Event: ======'timer_attract_carousel_timer_complete'====== Args={'ticks': 1, 'ticks_remaining': 1}
2025-05-05 20:32:10,083 : INFO : EventManager : Event: ======'item_highlighted'====== Args={'carousel': 'attract', 'direction': 'forwards', 'item': 'credits'}
2025-05-05 20:32:10,083 : INFO : Timer.attract_carousel_timer : Starting Timer.
2025-05-05 20:32:10,083 : INFO : EventManager : Event: ======'timer_attract_carousel_timer_started'====== Args={'ticks': 0, 'ticks_remaining': 1}
2025-05-05 20:32:10,083 : INFO : EventManager : Event: ======'timer_attract_carousel_timer_tick'====== Args={'ticks': 0, 'ticks_remaining': 1}
2025-05-05 20:32:15,090 : INFO : Timer.attract_carousel_timer : Timer Complete
2025-05-05 20:32:15,090 : INFO : Timer.attract_carousel_timer : Stopping Timer
2025-05-05 20:32:15,090 : INFO : EventManager : Event: ======'timer_attract_carousel_timer_stopped'====== Args={'ticks': 1, 'ticks_remaining': 1}
2025-05-05 20:32:15,090 : INFO : EventManager : Event: ======'timer_attract_carousel_timer_complete'====== Args={'ticks': 1, 'ticks_remaining': 1}
2025-05-05 20:32:15,090 : INFO : EventManager : Event: ======'item_highlighted'====== Args={'carousel': 'attract', 'direction': 'forwards', 'item': 'last_scores_1p'}
2025-05-05 20:32:15,090 : INFO : Timer.attract_carousel_timer : Starting Timer.
2025-05-05 20:32:15,090 : INFO : EventManager : Event: ======'timer_attract_carousel_timer_started'====== Args={'ticks': 0, 'ticks_remaining': 1}
2025-05-05 20:32:15,090 : INFO : EventManager : Event: ======'timer_attract_carousel_timer_tick'====== Args={'ticks': 0, 'ticks_remaining': 1}
2025-05-05 20:32:20,094 : INFO : Timer.attract_carousel_timer : Timer Complete
2025-05-05 20:32:20,094 : INFO : Timer.attract_carousel_timer : Stopping Timer
2025-05-05 20:32:20,094 : INFO : EventManager : Event: ======'timer_attract_carousel_timer_stopped'====== Args={'ticks': 1, 'ticks_remaining': 1}
2025-05-05 20:32:20,094 : INFO : EventManager : Event: ======'timer_attract_carousel_timer_complete'====== Args={'ticks': 1, 'ticks_remaining': 1}
2025-05-05 20:32:20,094 : INFO : EventManager : Event: ======'item_highlighted'====== Args={'carousel': 'attract', 'direction': 'forwards', 'item': 'mpf_logo'}
2025-05-05 20:32:20,094 : INFO : Timer.attract_carousel_timer : Starting Timer.
2025-05-05 20:32:20,094 : INFO : EventManager : Event: ======'timer_attract_carousel_timer_started'====== Args={'ticks': 0, 'ticks_remaining': 1}
2025-05-05 20:32:20,094 : INFO : EventManager : Event: ======'timer_attract_carousel_timer_tick'====== Args={'ticks': 0, 'ticks_remaining': 1}
2025-05-05 20:32:25,086 : INFO : Timer.attract_carousel_timer : Timer Complete
2025-05-05 20:32:25,086 : INFO : Timer.attract_carousel_timer : Stopping Timer
2025-05-05 20:32:25,086 : INFO : EventManager : Event: ======'timer_attract_carousel_timer_stopped'====== Args={'ticks': 1, 'ticks_remaining': 1}
2025-05-05 20:32:25,086 : INFO : EventManager : Event: ======'timer_attract_carousel_timer_complete'====== Args={'ticks': 1, 'ticks_remaining': 1}
2025-05-05 20:32:25,086 : INFO : EventManager : Event: ======'item_highlighted'====== Args={'carousel': 'attract', 'direction': 'forwards', 'item': 'title'}
2025-05-05 20:32:25,086 : INFO : Timer.attract_carousel_timer : Starting Timer.
2025-05-05 20:32:25,086 : INFO : EventManager : Event: ======'timer_attract_carousel_timer_started'====== Args={'ticks': 0, 'ticks_remaining': 1}
2025-05-05 20:32:25,086 : INFO : EventManager : Event: ======'timer_attract_carousel_timer_tick'====== Args={'ticks': 0, 'ticks_remaining': 1}
2025-05-05 20:32:30,087 : INFO : Timer.attract_carousel_timer : Timer Complete
2025-05-05 20:32:30,087 : INFO : Timer.attract_carousel_timer : Stopping Timer
2025-05-05 20:32:30,087 : INFO : EventManager : Event: ======'timer_attract_carousel_timer_stopped'====== Args={'ticks': 1, 'ticks_remaining': 1}
2025-05-05 20:32:30,088 : INFO : EventManager : Event: ======'timer_attract_carousel_timer_complete'====== Args={'ticks': 1, 'ticks_remaining': 1}
2025-05-05 20:32:30,088 : INFO : EventManager : Event: ======'item_highlighted'====== Args={'carousel': 'attract', 'direction': 'forwards', 'item': 'credits'}
2025-05-05 20:32:30,088 : INFO : Timer.attract_carousel_timer : Starting Timer.
2025-05-05 20:32:30,088 : INFO : EventManager : Event: ======'timer_attract_carousel_timer_started'====== Args={'ticks': 0, 'ticks_remaining': 1}
2025-05-05 20:32:30,088 : INFO : EventManager : Event: ======'timer_attract_carousel_timer_tick'====== Args={'ticks': 0, 'ticks_remaining': 1}
2025-05-05 20:32:35,089 : INFO : Timer.attract_carousel_timer : Timer Complete
2025-05-05 20:32:35,089 : INFO : Timer.attract_carousel_timer : Stopping Timer
2025-05-05 20:32:35,090 : INFO : EventManager : Event: ======'timer_attract_carousel_timer_stopped'====== Args={'ticks': 1, 'ticks_remaining': 1}
2025-05-05 20:32:35,090 : INFO : EventManager : Event: ======'timer_attract_carousel_timer_complete'====== Args={'ticks': 1, 'ticks_remaining': 1}
2025-05-05 20:32:35,090 : INFO : EventManager : Event: ======'item_highlighted'====== Args={'carousel': 'attract', 'direction': 'forwards', 'item': 'last_scores_1p'}
2025-05-05 20:32:35,090 : INFO : Timer.attract_carousel_timer : Starting Timer.
2025-05-05 20:32:35,090 : INFO : EventManager : Event: ======'timer_attract_carousel_timer_started'====== Args={'ticks': 0, 'ticks_remaining': 1}
2025-05-05 20:32:35,090 : INFO : EventManager : Event: ======'timer_attract_carousel_timer_tick'====== Args={'ticks': 0, 'ticks_remaining': 1}
2025-05-05 20:32:40,081 : INFO : Timer.attract_carousel_timer : Timer Complete
2025-05-05 20:32:40,081 : INFO : Timer.attract_carousel_timer : Stopping Timer
2025-05-05 20:32:40,081 : INFO : EventManager : Event: ======'timer_attract_carousel_timer_stopped'====== Args={'ticks': 1, 'ticks_remaining': 1}
2025-05-05 20:32:40,081 : INFO : EventManager : Event: ======'timer_attract_carousel_timer_complete'====== Args={'ticks': 1, 'ticks_remaining': 1}
2025-05-05 20:32:40,081 : INFO : EventManager : Event: ======'item_highlighted'====== Args={'carousel': 'attract', 'direction': 'forwards', 'item': 'mpf_logo'}
2025-05-05 20:32:40,081 : INFO : Timer.attract_carousel_timer : Starting Timer.
2025-05-05 20:32:40,081 : INFO : EventManager : Event: ======'timer_attract_carousel_timer_started'====== Args={'ticks': 0, 'ticks_remaining': 1}
2025-05-05 20:32:40,081 : INFO : EventManager : Event: ======'timer_attract_carousel_timer_tick'====== Args={'ticks': 0, 'ticks_remaining': 1}
2025-05-05 20:32:45,098 : INFO : Timer.attract_carousel_timer : Timer Complete
2025-05-05 20:32:45,098 : INFO : Timer.attract_carousel_timer : Stopping Timer
2025-05-05 20:32:45,098 : INFO : EventManager : Event: ======'timer_attract_carousel_timer_stopped'====== Args={'ticks': 1, 'ticks_remaining': 1}
2025-05-05 20:32:45,098 : INFO : EventManager : Event: ======'timer_attract_carousel_timer_complete'====== Args={'ticks': 1, 'ticks_remaining': 1}
2025-05-05 20:32:45,099 : INFO : EventManager : Event: ======'item_highlighted'====== Args={'carousel': 'attract', 'direction': 'forwards', 'item': 'title'}
2025-05-05 20:32:45,099 : INFO : Timer.attract_carousel_timer : Starting Timer.
2025-05-05 20:32:45,099 : INFO : EventManager : Event: ======'timer_attract_carousel_timer_started'====== Args={'ticks': 0, 'ticks_remaining': 1}
2025-05-05 20:32:45,099 : INFO : EventManager : Event: ======'timer_attract_carousel_timer_tick'====== Args={'ticks': 0, 'ticks_remaining': 1}
2025-05-05 20:32:50,098 : INFO : Timer.attract_carousel_timer : Timer Complete
2025-05-05 20:32:50,098 : INFO : Timer.attract_carousel_timer : Stopping Timer
2025-05-05 20:32:50,098 : INFO : EventManager : Event: ======'timer_attract_carousel_timer_stopped'====== Args={'ticks': 1, 'ticks_remaining': 1}
2025-05-05 20:32:50,098 : INFO : EventManager : Event: ======'timer_attract_carousel_timer_complete'====== Args={'ticks': 1, 'ticks_remaining': 1}
2025-05-05 20:32:50,099 : INFO : EventManager : Event: ======'item_highlighted'====== Args={'carousel': 'attract', 'direction': 'forwards', 'item': 'credits'}
2025-05-05 20:32:50,099 : INFO : Timer.attract_carousel_timer : Starting Timer.
2025-05-05 20:32:50,099 : INFO : EventManager : Event: ======'timer_attract_carousel_timer_started'====== Args={'ticks': 0, 'ticks_remaining': 1}
2025-05-05 20:32:50,099 : INFO : EventManager : Event: ======'timer_attract_carousel_timer_tick'====== Args={'ticks': 0, 'ticks_remaining': 1}
2025-05-05 20:32:55,100 : INFO : Timer.attract_carousel_timer : Timer Complete
2025-05-05 20:32:55,100 : INFO : Timer.attract_carousel_timer : Stopping Timer
2025-05-05 20:32:55,100 : INFO : EventManager : Event: ======'timer_attract_carousel_timer_stopped'====== Args={'ticks': 1, 'ticks_remaining': 1}
2025-05-05 20:32:55,100 : INFO : EventManager : Event: ======'timer_attract_carousel_timer_complete'====== Args={'ticks': 1, 'ticks_remaining': 1}
2025-05-05 20:32:55,100 : INFO : EventManager : Event: ======'item_highlighted'====== Args={'carousel': 'attract', 'direction': 'forwards', 'item': 'last_scores_1p'}
2025-05-05 20:32:55,100 : INFO : Timer.attract_carousel_timer : Starting Timer.
2025-05-05 20:32:55,100 : INFO : EventManager : Event: ======'timer_attract_carousel_timer_started'====== Args={'ticks': 0, 'ticks_remaining': 1}
2025-05-05 20:32:55,100 : INFO : EventManager : Event: ======'timer_attract_carousel_timer_tick'====== Args={'ticks': 0, 'ticks_remaining': 1}
2025-05-05 20:33:00,078 : INFO : Timer.attract_carousel_timer : Timer Complete
2025-05-05 20:33:00,078 : INFO : Timer.attract_carousel_timer : Stopping Timer
2025-05-05 20:33:00,078 : INFO : EventManager : Event: ======'timer_attract_carousel_timer_stopped'====== Args={'ticks': 1, 'ticks_remaining': 1}
2025-05-05 20:33:00,078 : INFO : EventManager : Event: ======'timer_attract_carousel_timer_complete'====== Args={'ticks': 1, 'ticks_remaining': 1}
2025-05-05 20:33:00,079 : INFO : EventManager : Event: ======'item_highlighted'====== Args={'carousel': 'attract', 'direction': 'forwards', 'item': 'mpf_logo'}
2025-05-05 20:33:00,079 : INFO : Timer.attract_carousel_timer : Starting Timer.
2025-05-05 20:33:00,079 : INFO : EventManager : Event: ======'timer_attract_carousel_timer_started'====== Args={'ticks': 0, 'ticks_remaining': 1}
2025-05-05 20:33:00,079 : INFO : EventManager : Event: ======'timer_attract_carousel_timer_tick'====== Args={'ticks': 0, 'ticks_remaining': 1}
2025-05-05 20:33:05,098 : INFO : Timer.attract_carousel_timer : Timer Complete
2025-05-05 20:33:05,098 : INFO : Timer.attract_carousel_timer : Stopping Timer
2025-05-05 20:33:05,099 : INFO : EventManager : Event: ======'timer_attract_carousel_timer_stopped'====== Args={'ticks': 1, 'ticks_remaining': 1}
2025-05-05 20:33:05,099 : INFO : EventManager : Event: ======'timer_attract_carousel_timer_complete'====== Args={'ticks': 1, 'ticks_remaining': 1}
2025-05-05 20:33:05,099 : INFO : EventManager : Event: ======'item_highlighted'====== Args={'carousel': 'attract', 'direction': 'forwards', 'item': 'title'}
2025-05-05 20:33:05,099 : INFO : Timer.attract_carousel_timer : Starting Timer.
2025-05-05 20:33:05,099 : INFO : EventManager : Event: ======'timer_attract_carousel_timer_started'====== Args={'ticks': 0, 'ticks_remaining': 1}
2025-05-05 20:33:05,099 : INFO : EventManager : Event: ======'timer_attract_carousel_timer_tick'====== Args={'ticks': 0, 'ticks_remaining': 1}
2025-05-05 20:33:10,077 : INFO : Timer.attract_carousel_timer : Timer Complete
2025-05-05 20:33:10,077 : INFO : Timer.attract_carousel_timer : Stopping Timer
2025-05-05 20:33:10,077 : INFO : EventManager : Event: ======'timer_attract_carousel_timer_stopped'====== Args={'ticks': 1, 'ticks_remaining': 1}
2025-05-05 20:33:10,077 : INFO : EventManager : Event: ======'timer_attract_carousel_timer_complete'====== Args={'ticks': 1, 'ticks_remaining': 1}
2025-05-05 20:33:10,077 : INFO : EventManager : Event: ======'item_highlighted'====== Args={'carousel': 'attract', 'direction': 'forwards', 'item': 'credits'}
2025-05-05 20:33:10,077 : INFO : Timer.attract_carousel_timer : Starting Timer.
2025-05-05 20:33:10,077 : INFO : EventManager : Event: ======'timer_attract_carousel_timer_started'====== Args={'ticks': 0, 'ticks_remaining': 1}
2025-05-05 20:33:10,077 : INFO : EventManager : Event: ======'timer_attract_carousel_timer_tick'====== Args={'ticks': 0, 'ticks_remaining': 1}
2025-05-05 20:33:15,092 : INFO : Timer.attract_carousel_timer : Timer Complete
2025-05-05 20:33:15,092 : INFO : Timer.attract_carousel_timer : Stopping Timer
2025-05-05 20:33:15,092 : INFO : EventManager : Event: ======'timer_attract_carousel_timer_stopped'====== Args={'ticks': 1, 'ticks_remaining': 1}
2025-05-05 20:33:15,092 : INFO : EventManager : Event: ======'timer_attract_carousel_timer_complete'====== Args={'ticks': 1, 'ticks_remaining': 1}
2025-05-05 20:33:15,093 : INFO : EventManager : Event: ======'item_highlighted'====== Args={'carousel': 'attract', 'direction': 'forwards', 'item': 'last_scores_1p'}
2025-05-05 20:33:15,093 : INFO : Timer.attract_carousel_timer : Starting Timer.
2025-05-05 20:33:15,093 : INFO : EventManager : Event: ======'timer_attract_carousel_timer_started'====== Args={'ticks': 0, 'ticks_remaining': 1}
2025-05-05 20:33:15,093 : INFO : EventManager : Event: ======'timer_attract_carousel_timer_tick'====== Args={'ticks': 0, 'ticks_remaining': 1}
2025-05-05 20:33:20,086 : INFO : Timer.attract_carousel_timer : Timer Complete
2025-05-05 20:33:20,086 : INFO : Timer.attract_carousel_timer : Stopping Timer
2025-05-05 20:33:20,087 : INFO : EventManager : Event: ======'timer_attract_carousel_timer_stopped'====== Args={'ticks': 1, 'ticks_remaining': 1}
2025-05-05 20:33:20,087 : INFO : EventManager : Event: ======'timer_attract_carousel_timer_complete'====== Args={'ticks': 1, 'ticks_remaining': 1}
2025-05-05 20:33:20,087 : INFO : EventManager : Event: ======'item_highlighted'====== Args={'carousel': 'attract', 'direction': 'forwards', 'item': 'mpf_logo'}
2025-05-05 20:33:20,087 : INFO : Timer.attract_carousel_timer : Starting Timer.
2025-05-05 20:33:20,087 : INFO : EventManager : Event: ======'timer_attract_carousel_timer_started'====== Args={'ticks': 0, 'ticks_remaining': 1}
2025-05-05 20:33:20,087 : INFO : EventManager : Event: ======'timer_attract_carousel_timer_tick'====== Args={'ticks': 0, 'ticks_remaining': 1}
2025-05-05 20:33:25,075 : INFO : Timer.attract_carousel_timer : Timer Complete
2025-05-05 20:33:25,075 : INFO : Timer.attract_carousel_timer : Stopping Timer
2025-05-05 20:33:25,075 : INFO : EventManager : Event: ======'timer_attract_carousel_timer_stopped'====== Args={'ticks': 1, 'ticks_remaining': 1}
2025-05-05 20:33:25,075 : INFO : EventManager : Event: ======'timer_attract_carousel_timer_complete'====== Args={'ticks': 1, 'ticks_remaining': 1}
2025-05-05 20:33:25,076 : INFO : EventManager : Event: ======'item_highlighted'====== Args={'carousel': 'attract', 'direction': 'forwards', 'item': 'title'}
2025-05-05 20:33:25,076 : INFO : Timer.attract_carousel_timer : Starting Timer.
2025-05-05 20:33:25,076 : INFO : EventManager : Event: ======'timer_attract_carousel_timer_started'====== Args={'ticks': 0, 'ticks_remaining': 1}
2025-05-05 20:33:25,076 : INFO : EventManager : Event: ======'timer_attract_carousel_timer_tick'====== Args={'ticks': 0, 'ticks_remaining': 1}
2025-05-05 20:33:30,098 : INFO : Timer.attract_carousel_timer : Timer Complete
2025-05-05 20:33:30,098 : INFO : Timer.attract_carousel_timer : Stopping Timer
2025-05-05 20:33:30,098 : INFO : EventManager : Event: ======'timer_attract_carousel_timer_stopped'====== Args={'ticks': 1, 'ticks_remaining': 1}
2025-05-05 20:33:30,098 : INFO : EventManager : Event: ======'timer_attract_carousel_timer_complete'====== Args={'ticks': 1, 'ticks_remaining': 1}
2025-05-05 20:33:30,099 : INFO : EventManager : Event: ======'item_highlighted'====== Args={'carousel': 'attract', 'direction': 'forwards', 'item': 'credits'}
2025-05-05 20:33:30,099 : INFO : Timer.attract_carousel_timer : Starting Timer.
2025-05-05 20:33:30,099 : INFO : EventManager : Event: ======'timer_attract_carousel_timer_started'====== Args={'ticks': 0, 'ticks_remaining': 1}
2025-05-05 20:33:30,099 : INFO : EventManager : Event: ======'timer_attract_carousel_timer_tick'====== Args={'ticks': 0, 'ticks_remaining': 1}
2025-05-05 20:33:31,933 : INFO : Machine : Shutting down...
2025-05-05 20:33:31,933 : INFO : EventManager : Event: ======'shutdown'====== Args={}
2025-05-05 20:33:31,934 : INFO : root : MPF run loop ended.
