2025-05-05 20:46:01,938 : INFO : root : Loading config.
2025-05-05 20:46:01,940 : INFO : YamlMultifileConfigLoader : Machine config file #1: config.yaml
2025-05-05 20:46:01,940 : INFO : ConfigProcessor : Loading config from cache: C:\Users\bradl\AppData\Local\Temp\f86648965732716a774abe330a35567f.mpf_cache
2025-05-05 20:46:01,941 : WARNING : ConfigProcessor : Config file in cache changed: C:\pinball\shaw_pinball\config\switches.yaml
2025-05-05 20:46:01,941 : INFO : ConfigProcessor : Loading config from file C:\pinball\mpf\Lib\site-packages\mpf\mpfconfig.yaml.
2025-05-05 20:46:01,946 : INFO : ConfigProcessor : Loading config: C:\pinball\mpf\Lib\site-packages\mpf\mpfconfig.yaml
2025-05-05 20:46:01,946 : INFO : ConfigProcessor : Loading config from file C:\pinball\shaw_pinball\config\config.yaml.
2025-05-05 20:46:01,947 : INFO : ConfigProcessor : Loading config: C:\pinball\shaw_pinball\config\config.yaml
2025-05-05 20:46:01,948 : INFO : ConfigProcessor : Loading config: C:\pinball\shaw_pinball\config\coils.yaml
2025-05-05 20:46:01,954 : INFO : ConfigProcessor : Loading config: C:\pinball\shaw_pinball\config\switches.yaml
2025-05-05 20:46:01,954 : INFO : ConfigProcessor : Loading config: C:\pinball\shaw_pinball\config\keyboard.yaml
2025-05-05 20:46:01,955 : INFO : ConfigProcessor : Config file cache created: C:\Users\bradl\AppData\Local\Temp\f86648965732716a774abe330a35567f.mpf_cache
2025-05-05 20:46:01,999 : INFO : ConfigProcessor : Loading config from cache: C:\Users\bradl\AppData\Local\Temp\d01143593fa4ea1d4f7571bb64036356.mpf_cache
2025-05-05 20:46:01,999 : INFO : ConfigProcessor : Loading config from cache: C:\Users\bradl\AppData\Local\Temp\14f8e91e6393da8cb7b325adfbe7ed92.mpf_cache
2025-05-05 20:46:01,999 : INFO : ConfigProcessor : Loading config from cache: C:\Users\bradl\AppData\Local\Temp\437cbc5b651d395d3b48baa33047334e.mpf_cache
2025-05-05 20:46:02,000 : INFO : ConfigProcessor : Loading config from cache: C:\Users\bradl\AppData\Local\Temp\d01143593fa4ea1d4f7571bb64036356.mpf_cache
2025-05-05 20:46:02,000 : INFO : ConfigProcessor : Loading config from cache: C:\Users\bradl\AppData\Local\Temp\a5d9331d5edf0819f14f654fc5b58f80.mpf_cache
2025-05-05 20:46:02,000 : INFO : Machine : Mission Pinball Framework Core Engine v0.80.0.dev7
2025-05-05 20:46:02,000 : INFO : Machine : Command line arguments: {'no_load_cache': False, 'create_config_cache': True, 'bcp': False, 'configfile': ['config.yaml'], 'force_assets_load': False, 'platform_integration_test': False, 'jsonlogging': False, 'logfile': 'logs\\2025-05-05-20-46-01-mpf-wintermute.log', 'pause': False, 'production': False, 'text_ui': True, 'loglevel': 15, 'consoleloglevel': 20, 'force_platform': 'smart_virtual', 'syslog_address': None, 'full_logfile_path': 'C:\\pinball\\shaw_pinball\\logs\\2025-05-05-20-46-01-mpf-wintermute.log'}
2025-05-05 20:46:02,000 : INFO : Machine : MPF path: C:\pinball\mpf\Lib\site-packages\mpf
2025-05-05 20:46:02,000 : INFO : Machine : Machine path: C:\pinball\shaw_pinball
2025-05-05 20:46:02,000 : INFO : Machine : Platform: win32
2025-05-05 20:46:02,000 : INFO : Machine : Python executable location: C:\pinball\mpf\Scripts\python.exe
2025-05-05 20:46:02,000 : INFO : Machine : Python version: 3.12.8 (64-bit)
2025-05-05 20:46:02,002 : INFO : Machine : Initializing MPF...
2025-05-05 20:46:02,101 : INFO : EventManager : Event: ======'machine_var_credits_string'====== Args={'value': 'FREE PLAY', 'prev_value': None, 'change': True}
2025-05-05 20:46:02,112 : INFO : EventManager : Event: ======'machine_var_master_volume'====== Args={'value': 0.5, 'prev_value': None, 'change': True}
2025-05-05 20:46:02,112 : INFO : EventManager : Event: ======'machine_var_player1_score'====== Args={'value': 8000, 'prev_value': None, 'change': True}
2025-05-05 20:46:02,112 : INFO : EventManager : Event: ======'machine_var_mpf_version'====== Args={'value': 'Mission Pinball Framework v0.80.0.dev7', 'prev_value': None, 'change': True}
2025-05-05 20:46:02,112 : INFO : EventManager : Event: ======'machine_var_mpf_extended_version'====== Args={'value': 'Mission Pinball Framework v0.80.0.dev7, Config version:6, Show version: 6, BCP version:1.1', 'prev_value': None, 'change': True}
2025-05-05 20:46:02,112 : INFO : EventManager : Event: ======'machine_var_python_version'====== Args={'value': '3.12.8', 'prev_value': None, 'change': True}
2025-05-05 20:46:02,196 : INFO : EventManager : Event: ======'machine_var_platform'====== Args={'value': 'Windows-11-10.0.26100-SP0', 'prev_value': None, 'change': True}
2025-05-05 20:46:02,196 : INFO : EventManager : Event: ======'machine_var_platform_system'====== Args={'value': 'Windows', 'prev_value': None, 'change': True}
2025-05-05 20:46:02,196 : INFO : EventManager : Event: ======'machine_var_platform_release'====== Args={'value': '11', 'prev_value': None, 'change': True}
2025-05-05 20:46:02,196 : INFO : EventManager : Event: ======'machine_var_platform_version'====== Args={'value': '10.0.26100', 'prev_value': None, 'change': True}
2025-05-05 20:46:02,196 : INFO : EventManager : Event: ======'machine_var_platform_machine'====== Args={'value': 'AMD64', 'prev_value': None, 'change': True}
2025-05-05 20:46:02,196 : INFO : EventManager : Event: ======'machine_var_log_file_path'====== Args={'value': 'C:\\pinball\\shaw_pinball\\logs\\2025-05-05-20-46-01-mpf-wintermute.log', 'prev_value': None, 'change': True}
2025-05-05 20:46:02,196 : INFO : EventManager : Event: ======'init_phase_1'====== Args={}
2025-05-05 20:46:02,205 : INFO : EventManager : Event: ======'init_phase_2'====== Args={}
2025-05-05 20:46:02,206 : INFO : SwitchController : Found active switch: ('3208-0', <Platform.SmartVirtual>) <switch.s_trough_ball_1>
2025-05-05 20:46:02,206 : INFO : SwitchController : Found active switch: ('3208-1', <Platform.SmartVirtual>) <switch.s_trough_ball_2>
2025-05-05 20:46:02,206 : INFO : SwitchController : Found active switch: ('3208-2', <Platform.SmartVirtual>) <switch.s_trough_ball_3>
2025-05-05 20:46:02,207 : INFO : ball_device.bd_trough : BCH: Initial count: 3
2025-05-05 20:46:02,207 : INFO : ball_device.bd_trough : State: idle
2025-05-05 20:46:02,207 : INFO : ball_device.bd_plunger : BCH: Initial count: 0
2025-05-05 20:46:02,207 : INFO : ball_device.bd_plunger : State: idle
2025-05-05 20:46:02,208 : INFO : ball_device.bd_scoop : BCH: Initial count: 0
2025-05-05 20:46:02,208 : INFO : ball_device.bd_scoop : State: idle
2025-05-05 20:46:02,212 : INFO : EventManager : Event: ======'init_phase_3'====== Args={}
2025-05-05 20:46:02,212 : INFO : EventManager : Event: ======'init_phase_4'====== Args={}
2025-05-05 20:46:02,213 : INFO : BallController : Initial balls found: 3
2025-05-05 20:46:02,213 : ERROR : asyncio : Exception in callback EventManager._queue_task_done(<Task finishe...iddle_left>')>)
handle: <Handle EventManager._queue_task_done(<Task finishe...iddle_left>')>)>
Traceback (most recent call last):
  File "C:\Users\bradl\AppData\Local\Programs\Python\Python312\Lib\asyncio\events.py", line 88, in _run
    self._context.run(self._callback, *self._args)
  File "C:\pinball\mpf\Lib\site-packages\mpf\core\events.py", line 795, in _queue_task_done
    future.result()
  File "C:\pinball\mpf\Lib\site-packages\mpf\core\events.py", line 708, in _run_handlers_sequential
    handler.callback(queue=queue, **merged_kwargs)
  File "C:\pinball\mpf\Lib\site-packages\mpf\devices\switch.py", line 81, in _check_duplicate_switch_numbers
    raise AssertionError(
AssertionError: Duplicate switch number 1616-6 for switch <switch.s_middle_left>
2025-05-05 20:46:02,235 : INFO : Machine : Starting the main run loop with active modes: []
2025-05-05 20:46:02,235 : WARNING : Machine : Attract mode is not active, game will not be playable. Please check your attract mode configuration.
2025-05-05 20:46:02,235 : INFO : Machine : Shutting down...
2025-05-05 20:46:02,235 : INFO : EventManager : Event: ======'shutdown'====== Args={}
2025-05-05 20:46:03,241 : ERROR : Machine : Runtime Exception
Traceback (most recent call last):
  File "C:\pinball\mpf\Lib\site-packages\mpf\core\machine.py", line 808, in _run_loop
    raise self._exception['exception']
  File "C:\Users\bradl\AppData\Local\Programs\Python\Python312\Lib\asyncio\events.py", line 88, in _run
    self._context.run(self._callback, *self._args)
  File "C:\pinball\mpf\Lib\site-packages\mpf\core\events.py", line 795, in _queue_task_done
    future.result()
  File "C:\pinball\mpf\Lib\site-packages\mpf\core\events.py", line 708, in _run_handlers_sequential
    handler.callback(queue=queue, **merged_kwargs)
  File "C:\pinball\mpf\Lib\site-packages\mpf\devices\switch.py", line 81, in _check_duplicate_switch_numbers
    raise AssertionError(
AssertionError: Duplicate switch number 1616-6 for switch <switch.s_middle_left>
2025-05-05 20:46:03,252 : INFO : root : MPF run loop ended.
