2025-05-04 16:03:23,328 : INFO : root : Loading config.
2025-05-04 16:03:23,330 : INFO : YamlMultifileConfigLoader : Machine config file #1: config.yaml
2025-05-04 16:03:23,330 : INFO : ConfigProcessor : Loading config from cache: C:\Users\bradl\AppData\Local\Temp\f86648965732716a774abe330a35567f.mpf_cache
2025-05-04 16:03:23,373 : INFO : ConfigProcessor : Loading config from cache: C:\Users\bradl\AppData\Local\Temp\d01143593fa4ea1d4f7571bb64036356.mpf_cache
2025-05-04 16:03:23,373 : INFO : ConfigProcessor : Loading config from cache: C:\Users\bradl\AppData\Local\Temp\14f8e91e6393da8cb7b325adfbe7ed92.mpf_cache
2025-05-04 16:03:23,373 : INFO : ConfigProcessor : Loading config from cache: C:\Users\bradl\AppData\Local\Temp\d01143593fa4ea1d4f7571bb64036356.mpf_cache
2025-05-04 16:03:23,374 : INFO : ConfigProcessor : Loading config from cache: C:\Users\bradl\AppData\Local\Temp\437cbc5b651d395d3b48baa33047334e.mpf_cache
2025-05-04 16:03:23,375 : INFO : Machine : Mission Pinball Framework Core Engine v0.80.0.dev7
2025-05-04 16:03:23,375 : INFO : Machine : Command line arguments: {'no_load_cache': False, 'create_config_cache': True, 'bcp': False, 'configfile': ['config.yaml'], 'force_assets_load': False, 'platform_integration_test': False, 'jsonlogging': False, 'logfile': 'logs\\2025-05-04-16-03-23-mpf-wintermute.log', 'pause': False, 'production': False, 'text_ui': False, 'loglevel': 15, 'consoleloglevel': 20, 'force_platform': 'virtual', 'syslog_address': None, 'full_logfile_path': 'C:\\pinball\\shaw_pinball\\logs\\2025-05-04-16-03-23-mpf-wintermute.log'}
2025-05-04 16:03:23,375 : INFO : Machine : MPF path: C:\pinball\mpf\Lib\site-packages\mpf
2025-05-04 16:03:23,375 : INFO : Machine : Machine path: C:\pinball\shaw_pinball
2025-05-04 16:03:23,375 : INFO : Machine : Platform: win32
2025-05-04 16:03:23,375 : INFO : Machine : Python executable location: C:\pinball\mpf\Scripts\python.exe
2025-05-04 16:03:23,375 : INFO : Machine : Python version: 3.12.8 (64-bit)
2025-05-04 16:03:23,376 : INFO : Machine : Initializing MPF...
2025-05-04 16:03:23,413 : INFO : EventManager : Event: ======'machine_var_credits_string'====== Args={'value': 'FREE PLAY', 'prev_value': None, 'change': True}
2025-05-04 16:03:23,423 : INFO : EventManager : Event: ======'machine_var_master_volume'====== Args={'value': 0.5, 'prev_value': None, 'change': True}
2025-05-04 16:03:23,423 : INFO : EventManager : Event: ======'machine_var_mpf_version'====== Args={'value': 'Mission Pinball Framework v0.80.0.dev7', 'prev_value': None, 'change': True}
2025-05-04 16:03:23,423 : INFO : EventManager : Event: ======'machine_var_mpf_extended_version'====== Args={'value': 'Mission Pinball Framework v0.80.0.dev7, Config version:6, Show version: 6, BCP version:1.1', 'prev_value': None, 'change': True}
2025-05-04 16:03:23,423 : INFO : EventManager : Event: ======'machine_var_python_version'====== Args={'value': '3.12.8', 'prev_value': None, 'change': True}
2025-05-04 16:03:23,498 : INFO : EventManager : Event: ======'machine_var_platform'====== Args={'value': 'Windows-11-10.0.26100-SP0', 'prev_value': None, 'change': True}
2025-05-04 16:03:23,498 : INFO : EventManager : Event: ======'machine_var_platform_system'====== Args={'value': 'Windows', 'prev_value': None, 'change': True}
2025-05-04 16:03:23,498 : INFO : EventManager : Event: ======'machine_var_platform_release'====== Args={'value': '11', 'prev_value': None, 'change': True}
2025-05-04 16:03:23,498 : INFO : EventManager : Event: ======'machine_var_platform_version'====== Args={'value': '10.0.26100', 'prev_value': None, 'change': True}
2025-05-04 16:03:23,498 : INFO : EventManager : Event: ======'machine_var_platform_machine'====== Args={'value': 'AMD64', 'prev_value': None, 'change': True}
2025-05-04 16:03:23,498 : INFO : EventManager : Event: ======'machine_var_log_file_path'====== Args={'value': 'C:\\pinball\\shaw_pinball\\logs\\2025-05-04-16-03-23-mpf-wintermute.log', 'prev_value': None, 'change': True}
2025-05-04 16:03:23,498 : INFO : EventManager : Event: ======'init_phase_1'====== Args={}
2025-05-04 16:03:23,504 : INFO : EventManager : Event: ======'init_phase_2'====== Args={}
2025-05-04 16:03:23,507 : INFO : EventManager : Event: ======'init_phase_3'====== Args={}
2025-05-04 16:03:23,508 : INFO : EventManager : Event: ======'init_phase_4'====== Args={}
2025-05-04 16:03:23,509 : INFO : EventManager : Event: ======'machine_var_audits_events_game_started'====== Args={'value': 0, 'prev_value': None, 'change': True}
2025-05-04 16:03:23,509 : INFO : EventManager : Event: ======'machine_var_audits_events_game_ended'====== Args={'value': 0, 'prev_value': None, 'change': True}
2025-05-04 16:03:23,509 : INFO : EventManager : Event: ======'machine_var_audits_player_score'====== Args={'value': {'top': [], 'average': 0, 'total': 0}, 'prev_value': None, 'change': True}
2025-05-04 16:03:23,509 : INFO : EventManager : Event: ======'init_phase_5'====== Args={}
2025-05-04 16:03:23,509 : INFO : EventManager : Event: ======'init_done'====== Args={}
2025-05-04 16:03:23,509 : INFO : EventManager : Event: ======'machine_reset_phase_1'====== Args={}
2025-05-04 16:03:23,510 : INFO : EventManager : Event: ======'machine_reset_phase_2'====== Args={}
2025-05-04 16:03:23,510 : INFO : EventManager : Event: ======'machine_reset_phase_3'====== Args={}
2025-05-04 16:03:23,510 : INFO : EventManager : Event: ======'reset_complete'====== Args={}
2025-05-04 16:03:23,510 : INFO : EventManager : Event: ======'mode_attract_will_start'====== Args={}
2025-05-04 16:03:23,510 : INFO : EventManager : Event: ======'mode_attract_starting'====== Args={}
2025-05-04 16:03:23,510 : INFO : Mode.attract : Started. Priority: 10
2025-05-04 16:03:23,510 : INFO : EventManager : Event: ======'modes_active_modes_changed'====== Args={}
2025-05-04 16:03:23,510 : INFO : EventManager : Event: ======'mode_attract_started'====== Args={}
2025-05-04 16:03:23,510 : INFO : EventManager : Event: ======'collecting_balls_complete'====== Args={}
2025-05-04 16:03:23,510 : INFO : Machine : Starting the main run loop with active modes: [<Mode.attract>]
2025-05-04 16:03:25,072 : INFO : Machine : Shutting down...
2025-05-04 16:03:25,072 : INFO : EventManager : Event: ======'shutdown'====== Args={}
2025-05-04 16:03:25,072 : INFO : root : MPF run loop ended.
